2024-07-01 07:57:50.440204 [INFO] starting
2024-07-01 07:57:50.597213 [INFO] GUI init
2024-07-01 07:57:50.611214 [INFO] Index bg
2024-07-01 07:57:50.628215 [INFO] Index start button
2024-07-01 07:57:50.636215 [INFO] Index settings image
2024-07-01 07:57:50.637215 [INFO] Index head text
2024-07-01 07:57:50.637215 [INFO] Index init
2024-07-01 07:57:51.719277 [INFO] MOUSEBUTTONDOWN_EVENT STARTGAME x: 403, y: 324
2024-07-01 07:57:51.719277 [INFO] start game
2024-07-01 07:57:51.745279 [INFO] GUI init
2024-07-01 07:57:51.825283 [INFO] game gui init
2024-07-01 07:57:52.447319 [INFO] MOUSEBUTTONDOWN_MASSEVENT x: 23, y: 5 MOUSEX: 664 MOUSEY: 185 TOO BIG OR SMALL
2024-07-01 07:57:52.447319 [INFO] MOUSEBUTTONDOWN_EVENT MASS-CHOOSE-BIG-EVENT x: 664, y: 185
2024-07-01 07:57:52.448319 [INFO] MASS-CHOOSE-BIG
2024-07-01 07:57:52.448319 [INFO] MASS_CHOOSE_B IS TRUE
2024-07-01 07:57:53.206362 [INFO] MOUSEBUTTONDOWN_MASSEVENT x: 20, y: 1 MOUSEX: 574 MOUSEY: 19
2024-07-01 07:57:53.207362 [INFO] DISPLAY_MASSEVENT_BIG x: 20, y: 1
2024-07-01 07:57:53.209362 [INFO] DISPLAY_MASSEVENT_BIG x: 1, y: 1
2024-07-01 07:57:53.582384 [INFO] MOUSEBUTTONDOWN_MASSEVENT x: 20, y: 2 MOUSEX: 579 MOUSEY: 66
2024-07-01 07:57:53.583384 [INFO] DISPLAY_MASSEVENT_BIG x: 20, y: 2
2024-07-01 07:57:53.586384 [INFO] DISPLAY_MASSEVENT_BIG x: 1, y: 2
2024-07-01 07:57:53.895401 [INFO] MOUSEBUTTONDOWN_MASSEVENT x: 20, y: 3 MOUSEX: 582 MOUSEY: 91
2024-07-01 07:57:53.895401 [INFO] DISPLAY_MASSEVENT_BIG x: 20, y: 3
2024-07-01 07:57:53.898402 [INFO] DISPLAY_MASSEVENT_BIG x: 1, y: 3
2024-07-01 07:57:54.222420 [INFO] MOUSEBUTTONDOWN_MASSEVENT x: 20, y: 4 MOUSEX: 581 MOUSEY: 134
2024-07-01 07:57:54.223420 [INFO] DISPLAY_MASSEVENT_BIG x: 20, y: 4
2024-07-01 07:57:54.225420 [INFO] DISPLAY_MASSEVENT_BIG x: 1, y: 4
2024-07-01 07:57:54.679446 [INFO] MOUSEBUTTONDOWN_MASSEVENT x: 20, y: 5 MOUSEX: 581 MOUSEY: 160
2024-07-01 07:57:54.679446 [INFO] DISPLAY_MASSEVENT_BIG x: 20, y: 5
2024-07-01 07:57:54.683447 [INFO] DISPLAY_MASSEVENT_BIG x: 1, y: 5
2024-07-01 07:57:54.999465 [INFO] MOUSEBUTTONDOWN_MASSEVENT x: 20, y: 5 MOUSEX: 583 MOUSEY: 192
2024-07-01 07:57:55.351485 [INFO] MOUSEBUTTONDOWN_MASSEVENT x: 20, y: 6 MOUSEX: 581 MOUSEY: 231
2024-07-01 07:57:55.351485 [INFO] DISPLAY_MASSEVENT_BIG x: 20, y: 6
2024-07-01 07:57:55.354485 [INFO] DISPLAY_MASSEVENT_BIG x: 1, y: 6
2024-07-01 07:57:55.775509 [INFO] MOUSEBUTTONDOWN_MASSEVENT x: 20, y: 7 MOUSEX: 579 MOUSEY: 271
2024-07-01 07:57:55.775509 [INFO] DISPLAY_MASSEVENT_BIG x: 20, y: 7
2024-07-01 07:57:55.778509 [INFO] DISPLAY_MASSEVENT_BIG x: 1, y: 7
2024-07-01 07:57:56.111528 [INFO] MOUSEBUTTONDOWN_MASSEVENT x: 20, y: 9 MOUSEX: 583 MOUSEY: 349
2024-07-01 07:57:56.111528 [INFO] DISPLAY_MASSEVENT_BIG x: 20, y: 9
2024-07-01 07:57:56.114528 [INFO] DISPLAY_MASSEVENT_BIG x: 1, y: 8
2024-07-01 07:57:56.479549 [INFO] MOUSEBUTTONDOWN_MASSEVENT x: 19, y: 11 MOUSEX: 556 MOUSEY: 419
2024-07-01 07:57:56.479549 [INFO] DISPLAY_MASSEVENT_BIG x: 19, y: 11
2024-07-01 07:57:56.482549 [INFO] DISPLAY_MASSEVENT_BIG x: 1, y: 9
2024-07-01 07:57:57.158588 [INFO] MOUSEBUTTONDOWN_MASSEVENT x: 20, y: 10 MOUSEX: 582 MOUSEY: 390
2024-07-01 07:57:57.159588 [INFO] DISPLAY_MASSEVENT_BIG x: 20, y: 10
2024-07-01 07:57:57.161588 [INFO] DISPLAY_MASSEVENT_BIG x: 1, y: 10
2024-07-01 07:57:57.614614 [INFO] MOUSEBUTTONDOWN_MASSEVENT x: 20, y: 8 MOUSEX: 581 MOUSEY: 304
2024-07-01 07:57:57.615614 [INFO] DISPLAY_MASSEVENT_BIG x: 20, y: 8
2024-07-01 07:57:57.617614 [INFO] DISPLAY_MASSEVENT_BIG x: 1, y: 11
2024-07-01 07:57:58.007637 [INFO] MOUSEBUTTONDOWN_MASSEVENT x: 20, y: 11 MOUSEX: 587 MOUSEY: 404
2024-07-01 07:57:58.007637 [INFO] DISPLAY_MASSEVENT_BIG x: 20, y: 11
2024-07-01 07:57:58.010637 [INFO] DISPLAY_MASSEVENT_BIG x: 1, y: 12
2024-07-01 07:57:58.334655 [INFO] MOUSEBUTTONDOWN_MASSEVENT x: 20, y: 12 MOUSEX: 581 MOUSEY: 470
2024-07-01 07:57:58.335655 [INFO] DISPLAY_MASSEVENT_BIG x: 20, y: 12
2024-07-01 07:57:58.338656 [INFO] DISPLAY_MASSEVENT_BIG x: 1, y: 13
2024-07-01 07:57:58.726678 [INFO] MOUSEBUTTONDOWN_MASSEVENT x: 20, y: 13 MOUSEX: 576 MOUSEY: 517
2024-07-01 07:57:58.727678 [INFO] DISPLAY_MASSEVENT_BIG x: 20, y: 13
2024-07-01 07:57:58.729678 [INFO] DISPLAY_MASSEVENT_BIG x: 1, y: 14
2024-07-01 07:57:59.102699 [INFO] MOUSEBUTTONDOWN_MASSEVENT x: 20, y: 15 MOUSEX: 571 MOUSEY: 561
2024-07-01 07:57:59.103699 [INFO] DISPLAY_MASSEVENT_BIG x: 20, y: 15
2024-07-01 07:57:59.105700 [INFO] DISPLAY_MASSEVENT_BIG x: 1, y: 15
2024-07-01 07:57:59.686733 [INFO] MOUSEBUTTONDOWN_MASSEVENT x: 20, y: 14 MOUSEX: 570 MOUSEY: 544
2024-07-01 07:57:59.687733 [INFO] DISPLAY_MASSEVENT_BIG x: 20, y: 14
2024-07-01 07:57:59.689733 [INFO] DISPLAY_MASSEVENT_BIG x: 2, y: 1
2024-07-01 07:58:00.054754 [INFO] MOUSEBUTTONDOWN_MASSEVENT x: 19, y: 15 MOUSEX: 552 MOUSEY: 566
2024-07-01 07:58:00.055754 [INFO] DISPLAY_MASSEVENT_BIG x: 19, y: 15
2024-07-01 07:58:00.058754 [INFO] DISPLAY_MASSEVENT_BIG x: 2, y: 2
2024-07-01 07:58:00.342770 [INFO] MOUSEBUTTONDOWN_MASSEVENT x: 19, y: 14 MOUSEX: 548 MOUSEY: 543
2024-07-01 07:58:00.343770 [INFO] DISPLAY_MASSEVENT_BIG x: 19, y: 14
2024-07-01 07:58:00.345770 [INFO] DISPLAY_MASSEVENT_BIG x: 2, y: 3
2024-07-01 07:58:00.774795 [INFO] MOUSEBUTTONDOWN_MASSEVENT x: 19, y: 13 MOUSEX: 545 MOUSEY: 496
2024-07-01 07:58:00.775795 [INFO] DISPLAY_MASSEVENT_BIG x: 19, y: 13
2024-07-01 07:58:00.778795 [INFO] DISPLAY_MASSEVENT_BIG x: 2, y: 4
2024-07-01 07:58:01.134816 [INFO] MOUSEBUTTONDOWN_MASSEVENT x: 19, y: 12 MOUSEX: 551 MOUSEY: 462
2024-07-01 07:58:01.135816 [INFO] DISPLAY_MASSEVENT_BIG x: 19, y: 12
2024-07-01 07:58:01.137816 [INFO] DISPLAY_MASSEVENT_BIG x: 2, y: 5
2024-07-01 07:58:01.630844 [INFO] MOUSEBUTTONDOWN_MASSEVENT x: 19, y: 10 MOUSEX: 547 MOUSEY: 396
2024-07-01 07:58:01.902859 [INFO] MOUSEBUTTONDOWN_MASSEVENT x: 19, y: 10 MOUSEX: 554 MOUSEY: 360
2024-07-01 07:58:02.750908 [INFO] MOUSEBUTTONDOWN_MASSEVENT x: 24, y: 1 MOUSEX: 718 MOUSEY: 37 TOO BIG OR SMALL
2024-07-01 07:58:02.751908 [INFO] MOUSEBUTTONDOWN_EVENT MASS-CHOOSE-EVENT x: 718, y: 37
2024-07-01 07:58:02.751908 [INFO] MASS-CHOOSE-SMALL
2024-07-01 07:58:02.751908 [INFO] MASS_CHOOSE_S IS TRUE
2024-07-01 07:58:02.751908 [INFO] MASS_CHOOSE_B IS FALSE
2024-07-01 07:58:03.838970 [INFO] MOUSEBUTTONDOWN_MASSEVENT x: 19, y: 10 MOUSEX: 549 MOUSEY: 385
2024-07-01 07:58:03.839970 [INFO] DISPLAY_MASSEVENT_SMALL x: 19, y: 10
2024-07-01 07:58:03.842970 [INFO] DISPLAY_MASSEVENT_SMALL x: 2, y: 6
2024-07-01 07:58:04.567012 [INFO] MOUSEBUTTONDOWN_MASSEVENT x: 19, y: 9 MOUSEX: 549 MOUSEY: 351
2024-07-01 07:58:04.567012 [INFO] DISPLAY_MASSEVENT_SMALL x: 19, y: 9
2024-07-01 07:58:04.571012 [INFO] DISPLAY_MASSEVENT_SMALL x: 2, y: 7
2024-07-01 07:58:05.111043 [INFO] MOUSEBUTTONDOWN_MASSEVENT x: 19, y: 8 MOUSEX: 553 MOUSEY: 303
2024-07-01 07:58:05.111043 [INFO] DISPLAY_MASSEVENT_SMALL x: 19, y: 8
2024-07-01 07:58:05.114043 [INFO] DISPLAY_MASSEVENT_SMALL x: 2, y: 8
2024-07-01 07:58:05.479064 [INFO] MOUSEBUTTONDOWN_MASSEVENT x: 19, y: 7 MOUSEX: 558 MOUSEY: 260
2024-07-01 07:58:05.480064 [INFO] DISPLAY_MASSEVENT_SMALL x: 19, y: 7
2024-07-01 07:58:05.483064 [INFO] DISPLAY_MASSEVENT_SMALL x: 2, y: 9
2024-07-01 07:58:05.799082 [INFO] MOUSEBUTTONDOWN_MASSEVENT x: 19, y: 6 MOUSEX: 556 MOUSEY: 221
2024-07-01 07:58:05.800082 [INFO] DISPLAY_MASSEVENT_SMALL x: 19, y: 6
2024-07-01 07:58:05.802083 [INFO] DISPLAY_MASSEVENT_SMALL x: 2, y: 10
2024-07-01 07:58:06.207106 [INFO] MOUSEBUTTONDOWN_MASSEVENT x: 19, y: 5 MOUSEX: 555 MOUSEY: 189
2024-07-01 07:58:06.208106 [INFO] DISPLAY_MASSEVENT_SMALL x: 19, y: 5
2024-07-01 07:58:06.210106 [INFO] DISPLAY_MASSEVENT_SMALL x: 2, y: 11
2024-07-01 07:58:06.527124 [INFO] MOUSEBUTTONDOWN_MASSEVENT x: 19, y: 4 MOUSEX: 558 MOUSEY: 153
2024-07-01 07:58:06.527124 [INFO] DISPLAY_MASSEVENT_SMALL x: 19, y: 4
2024-07-01 07:58:06.530124 [INFO] DISPLAY_MASSEVENT_SMALL x: 2, y: 12
2024-07-01 07:58:06.999151 [INFO] MOUSEBUTTONDOWN_MASSEVENT x: 19, y: 3 MOUSEX: 556 MOUSEY: 110
2024-07-01 07:58:06.999151 [INFO] DISPLAY_MASSEVENT_SMALL x: 19, y: 3
2024-07-01 07:58:07.002151 [INFO] DISPLAY_MASSEVENT_SMALL x: 2, y: 13
2024-07-01 07:58:07.351171 [INFO] MOUSEBUTTONDOWN_MASSEVENT x: 19, y: 2 MOUSEX: 549 MOUSEY: 55
2024-07-01 07:58:07.352171 [INFO] DISPLAY_MASSEVENT_SMALL x: 19, y: 2
2024-07-01 07:58:07.355171 [INFO] DISPLAY_MASSEVENT_SMALL x: 2, y: 14
2024-07-01 07:58:07.855200 [INFO] MOUSEBUTTONDOWN_MASSEVENT x: 19, y: 1 MOUSEX: 556 MOUSEY: 16
2024-07-01 07:58:07.855200 [INFO] DISPLAY_MASSEVENT_SMALL x: 19, y: 1
2024-07-01 07:58:07.858200 [INFO] DISPLAY_MASSEVENT_SMALL x: 2, y: 15
2024-07-01 07:58:08.175218 [INFO] MOUSEBUTTONDOWN_MASSEVENT x: 18, y: 1 MOUSEX: 519 MOUSEY: 21
2024-07-01 07:58:08.175218 [INFO] DISPLAY_MASSEVENT_SMALL x: 18, y: 1
2024-07-01 07:58:08.179218 [INFO] DISPLAY_MASSEVENT_SMALL x: 3, y: 1
2024-07-01 07:58:08.447234 [INFO] MOUSEBUTTONDOWN_MASSEVENT x: 18, y: 2 MOUSEX: 530 MOUSEY: 48
2024-07-01 07:58:08.447234 [INFO] DISPLAY_MASSEVENT_SMALL x: 18, y: 2
2024-07-01 07:58:08.450234 [INFO] DISPLAY_MASSEVENT_SMALL x: 3, y: 2
2024-07-01 07:58:08.798254 [INFO] MOUSEBUTTONDOWN_MASSEVENT x: 18, y: 3 MOUSEX: 525 MOUSEY: 88
2024-07-01 07:58:08.799254 [INFO] DISPLAY_MASSEVENT_SMALL x: 18, y: 3
2024-07-01 07:58:08.802254 [INFO] DISPLAY_MASSEVENT_SMALL x: 3, y: 3
2024-07-01 07:58:09.127273 [INFO] MOUSEBUTTONDOWN_MASSEVENT x: 18, y: 4 MOUSEX: 524 MOUSEY: 136
2024-07-01 07:58:09.127273 [INFO] DISPLAY_MASSEVENT_SMALL x: 18, y: 4
2024-07-01 07:58:09.130273 [INFO] DISPLAY_MASSEVENT_SMALL x: 3, y: 4
2024-07-01 07:58:09.463292 [INFO] MOUSEBUTTONDOWN_MASSEVENT x: 18, y: 5 MOUSEX: 523 MOUSEY: 169
2024-07-01 07:58:09.463292 [INFO] DISPLAY_MASSEVENT_SMALL x: 18, y: 5
2024-07-01 07:58:09.466292 [INFO] DISPLAY_MASSEVENT_SMALL x: 3, y: 5
2024-07-01 07:58:09.799311 [INFO] MOUSEBUTTONDOWN_MASSEVENT x: 18, y: 6 MOUSEX: 523 MOUSEY: 228
2024-07-01 07:58:09.799311 [INFO] DISPLAY_MASSEVENT_SMALL x: 18, y: 6
2024-07-01 07:58:09.802311 [INFO] DISPLAY_MASSEVENT_SMALL x: 3, y: 6
2024-07-01 07:58:10.134330 [INFO] MOUSEBUTTONDOWN_MASSEVENT x: 18, y: 9 MOUSEX: 521 MOUSEY: 349
2024-07-01 07:58:10.135330 [INFO] DISPLAY_MASSEVENT_SMALL x: 18, y: 9
2024-07-01 07:58:10.138331 [INFO] DISPLAY_MASSEVENT_SMALL x: 3, y: 7
2024-07-01 07:58:10.767367 [INFO] MOUSEBUTTONDOWN_MASSEVENT x: 18, y: 8 MOUSEX: 520 MOUSEY: 294
2024-07-01 07:58:10.767367 [INFO] DISPLAY_MASSEVENT_SMALL x: 18, y: 8
2024-07-01 07:58:10.771367 [INFO] DISPLAY_MASSEVENT_SMALL x: 3, y: 8
2024-07-01 07:58:11.119387 [INFO] MOUSEBUTTONDOWN_MASSEVENT x: 18, y: 7 MOUSEX: 519 MOUSEY: 262
2024-07-01 07:58:11.119387 [INFO] DISPLAY_MASSEVENT_SMALL x: 18, y: 7
2024-07-01 07:58:11.122387 [INFO] DISPLAY_MASSEVENT_SMALL x: 3, y: 9
2024-07-01 07:58:11.726421 [INFO] MOUSEBUTTONDOWN_MASSEVENT x: 18, y: 10 MOUSEX: 526 MOUSEY: 381
2024-07-01 07:58:11.727421 [INFO] DISPLAY_MASSEVENT_SMALL x: 18, y: 10
2024-07-01 07:58:11.730422 [INFO] DISPLAY_MASSEVENT_SMALL x: 3, y: 10
2024-07-01 07:58:12.734479 [INFO] MOUSEBUTTONDOWN_MASSEVENT x: 14, y: 9 MOUSEX: 411 MOUSEY: 329
2024-07-01 07:58:12.737479 [INFO] MOUSEBUTTONDOWN_EVENT BACK-EVENT x: 411, y: 329
2024-07-01 07:58:12.738479 [INFO] back yes
2024-07-01 07:58:12.762481 [INFO] GUI init
2024-07-01 07:58:12.769481 [INFO] Index bg
2024-07-01 07:58:12.773481 [INFO] Index start button
2024-07-01 07:58:12.774481 [INFO] Index settings image
2024-07-01 07:58:12.774481 [INFO] Index head text
2024-07-01 07:58:12.775481 [INFO] Index init
2024-07-01 07:58:14.575584 [INFO] Index quit
2024-07-01 07:58:14.630587 [INFO] exiting
2024-07-01 08:00:18.655723 [INFO] starting
2024-07-01 08:00:18.813732 [INFO] GUI init
2024-07-01 08:00:18.820733 [INFO] Index bg
2024-07-01 08:00:18.839734 [INFO] Index start button
2024-07-01 08:00:18.839734 [INFO] Index settings image
2024-07-01 08:00:18.840734 [INFO] Index head text
2024-07-01 08:00:18.840734 [INFO] Index init
2024-07-01 08:00:20.853849 [INFO] Index quit
2024-07-01 08:00:20.905852 [INFO] exiting
2024-07-01 08:02:11.629191 [INFO] starting
2024-07-01 08:02:11.781199 [INFO] GUI init
2024-07-01 08:02:11.787200 [INFO] Index bg
2024-07-01 08:02:11.805201 [INFO] Index start button
2024-07-01 08:02:11.806201 [INFO] Index settings image
2024-07-01 08:02:11.807201 [INFO] Index head text
2024-07-01 08:02:11.807201 [INFO] Index init
2024-07-01 08:02:12.629248 [INFO] Index quit
2024-07-01 08:02:12.690251 [INFO] exiting
2024-07-01 08:02:16.449470 [INFO] starting
2024-07-01 08:02:16.614479 [INFO] GUI init
2024-07-01 08:02:16.622480 [INFO] Index bg
2024-07-01 08:02:16.639481 [INFO] Index start button
2024-07-01 08:02:16.640481 [INFO] Index settings image
2024-07-01 08:02:16.640481 [INFO] Index head text
2024-07-01 08:02:16.641481 [INFO] Index init
2024-07-01 08:02:21.188741 [INFO] MOUSEBUTTONDOWN_EVENT SETTINGS x: 28, y: 33
2024-07-01 08:02:25.148967 [INFO] Index quit
2024-07-01 08:02:25.193970 [INFO] exiting
2024-07-01 08:02:27.769117 [INFO] starting
2024-07-01 08:02:27.913126 [INFO] GUI init
2024-07-01 08:02:27.920126 [INFO] Index bg
2024-07-01 08:02:27.937127 [INFO] Index start button
2024-07-01 08:02:27.938127 [INFO] Index settings image
2024-07-01 08:02:27.939127 [INFO] Index head text
2024-07-01 08:02:27.939127 [INFO] Index init
2024-07-01 08:02:35.828578 [INFO] MOUSEBUTTONDOWN_EVENT STARTGAME x: 417, y: 330
2024-07-01 08:02:35.829578 [INFO] start game
2024-07-01 08:02:35.852580 [INFO] GUI init
2024-07-01 08:02:35.864580 [INFO] game gui init
2024-07-01 08:02:36.620624 [INFO] MOUSEBUTTONDOWN_MASSEVENT x: 24, y: 5 MOUSEX: 705 MOUSEY: 193 TOO BIG OR SMALL
2024-07-01 08:02:36.621624 [INFO] MOUSEBUTTONDOWN_EVENT MASS-CHOOSE-BIG-EVENT x: 705, y: 193
2024-07-01 08:02:36.621624 [INFO] MASS-CHOOSE-BIG
2024-07-01 08:02:36.621624 [INFO] MASS_CHOOSE_B IS TRUE
2024-07-01 08:02:37.645682 [INFO] MOUSEBUTTONDOWN_MASSEVENT x: 20, y: 1 MOUSEX: 583 MOUSEY: 21
2024-07-01 08:02:37.646682 [INFO] DISPLAY_MASSEVENT_BIG x: 20, y: 1
2024-07-01 08:02:37.649682 [INFO] DISPLAY_MASSEVENT_BIG x: 1, y: 1
2024-07-01 08:02:38.276718 [INFO] MOUSEBUTTONDOWN_MASSEVENT x: 20, y: 3 MOUSEX: 580 MOUSEY: 98
2024-07-01 08:02:38.277718 [INFO] DISPLAY_MASSEVENT_BIG x: 20, y: 3
2024-07-01 08:02:38.281719 [INFO] DISPLAY_MASSEVENT_BIG x: 1, y: 2
2024-07-01 08:02:38.468729 [INFO] MOUSEBUTTONDOWN_MASSEVENT x: 19, y: 4 MOUSEX: 561 MOUSEY: 131
2024-07-01 08:02:38.469729 [INFO] DISPLAY_MASSEVENT_BIG x: 19, y: 4
2024-07-01 08:02:38.472730 [INFO] DISPLAY_MASSEVENT_BIG x: 1, y: 3
2024-07-01 08:02:38.660740 [INFO] MOUSEBUTTONDOWN_MASSEVENT x: 18, y: 5 MOUSEX: 515 MOUSEY: 180
2024-07-01 08:02:38.661740 [INFO] DISPLAY_MASSEVENT_BIG x: 18, y: 5
2024-07-01 08:02:38.664741 [INFO] DISPLAY_MASSEVENT_BIG x: 1, y: 4
2024-07-01 08:02:38.956757 [INFO] MOUSEBUTTONDOWN_MASSEVENT x: 15, y: 2 MOUSEX: 445 MOUSEY: 62
2024-07-01 08:02:38.957757 [INFO] DISPLAY_MASSEVENT_BIG x: 15, y: 2
2024-07-01 08:02:38.960757 [INFO] DISPLAY_MASSEVENT_BIG x: 1, y: 5
2024-07-01 08:02:39.180770 [INFO] MOUSEBUTTONDOWN_MASSEVENT x: 15, y: 2 MOUSEX: 441 MOUSEY: 64
2024-07-01 08:02:39.404783 [INFO] MOUSEBUTTONDOWN_MASSEVENT x: 14, y: 5 MOUSEX: 405 MOUSEY: 188
2024-07-01 08:02:39.405783 [INFO] DISPLAY_MASSEVENT_BIG x: 14, y: 5
2024-07-01 08:02:39.407783 [INFO] DISPLAY_MASSEVENT_BIG x: 1, y: 6
2024-07-01 08:02:39.604794 [INFO] MOUSEBUTTONDOWN_MASSEVENT x: 15, y: 7 MOUSEX: 426 MOUSEY: 250
2024-07-01 08:02:39.605794 [INFO] DISPLAY_MASSEVENT_BIG x: 15, y: 7
2024-07-01 08:02:39.608795 [INFO] DISPLAY_MASSEVENT_BIG x: 1, y: 7
2024-07-01 08:02:39.828807 [INFO] MOUSEBUTTONDOWN_MASSEVENT x: 16, y: 9 MOUSEX: 464 MOUSEY: 321
2024-07-01 08:02:39.828807 [INFO] DISPLAY_MASSEVENT_BIG x: 16, y: 9
2024-07-01 08:02:39.831807 [INFO] DISPLAY_MASSEVENT_BIG x: 1, y: 8
2024-07-01 08:02:40.085822 [INFO] MOUSEBUTTONDOWN_MASSEVENT x: 17, y: 10 MOUSEX: 490 MOUSEY: 392
2024-07-01 08:02:40.085822 [INFO] DISPLAY_MASSEVENT_BIG x: 17, y: 10
2024-07-01 08:02:40.088822 [INFO] DISPLAY_MASSEVENT_BIG x: 1, y: 9
2024-07-01 08:02:40.356837 [INFO] MOUSEBUTTONDOWN_MASSEVENT x: 17, y: 8 MOUSEX: 498 MOUSEY: 316
2024-07-01 08:02:40.357837 [INFO] DISPLAY_MASSEVENT_BIG x: 17, y: 8
2024-07-01 08:02:40.360838 [INFO] DISPLAY_MASSEVENT_BIG x: 1, y: 10
2024-07-01 08:02:40.708857 [INFO] MOUSEBUTTONDOWN_MASSEVENT x: 16, y: 7 MOUSEX: 467 MOUSEY: 246
2024-07-01 08:02:40.709858 [INFO] DISPLAY_MASSEVENT_BIG x: 16, y: 7
2024-07-01 08:02:40.712858 [INFO] DISPLAY_MASSEVENT_BIG x: 1, y: 11
2024-07-01 08:02:40.908869 [INFO] MOUSEBUTTONDOWN_MASSEVENT x: 16, y: 5 MOUSEX: 456 MOUSEY: 178
2024-07-01 08:02:40.909869 [INFO] DISPLAY_MASSEVENT_BIG x: 16, y: 5
2024-07-01 08:02:40.912869 [INFO] DISPLAY_MASSEVENT_BIG x: 1, y: 12
2024-07-01 08:02:41.132882 [INFO] MOUSEBUTTONDOWN_MASSEVENT x: 16, y: 4 MOUSEX: 460 MOUSEY: 145
2024-07-01 08:02:41.132882 [INFO] DISPLAY_MASSEVENT_BIG x: 16, y: 4
2024-07-01 08:02:41.135882 [INFO] DISPLAY_MASSEVENT_BIG x: 1, y: 13
2024-07-01 08:02:41.308892 [INFO] MOUSEBUTTONDOWN_MASSEVENT x: 17, y: 3 MOUSEX: 505 MOUSEY: 80
2024-07-01 08:02:41.309892 [INFO] DISPLAY_MASSEVENT_BIG x: 17, y: 3
2024-07-01 08:02:41.311892 [INFO] DISPLAY_MASSEVENT_BIG x: 1, y: 14
2024-07-01 08:02:41.508903 [INFO] MOUSEBUTTONDOWN_MASSEVENT x: 18, y: 2 MOUSEX: 525 MOUSEY: 73
2024-07-01 08:02:41.509903 [INFO] DISPLAY_MASSEVENT_BIG x: 18, y: 2
2024-07-01 08:02:41.511903 [INFO] DISPLAY_MASSEVENT_BIG x: 1, y: 15
2024-07-01 08:02:41.741917 [INFO] MOUSEBUTTONDOWN_MASSEVENT x: 18, y: 3 MOUSEX: 522 MOUSEY: 119
2024-07-01 08:02:41.741917 [INFO] DISPLAY_MASSEVENT_BIG x: 18, y: 3
2024-07-01 08:02:41.744917 [INFO] DISPLAY_MASSEVENT_BIG x: 2, y: 1
2024-07-01 08:02:41.956929 [INFO] MOUSEBUTTONDOWN_MASSEVENT x: 17, y: 5 MOUSEX: 484 MOUSEY: 189
2024-07-01 08:02:41.956929 [INFO] DISPLAY_MASSEVENT_BIG x: 17, y: 5
2024-07-01 08:02:41.959929 [INFO] DISPLAY_MASSEVENT_BIG x: 2, y: 2
2024-07-01 08:02:42.173941 [INFO] MOUSEBUTTONDOWN_MASSEVENT x: 16, y: 6 MOUSEX: 474 MOUSEY: 225
2024-07-01 08:02:42.173941 [INFO] DISPLAY_MASSEVENT_BIG x: 16, y: 6
2024-07-01 08:02:42.176941 [INFO] DISPLAY_MASSEVENT_BIG x: 2, y: 3
2024-07-01 08:02:42.500960 [INFO] MOUSEBUTTONDOWN_MASSEVENT x: 18, y: 8 MOUSEX: 520 MOUSEY: 298
2024-07-01 08:02:42.501960 [INFO] DISPLAY_MASSEVENT_BIG x: 18, y: 8
2024-07-01 08:02:42.503960 [INFO] DISPLAY_MASSEVENT_BIG x: 2, y: 4
2024-07-01 08:02:42.724973 [INFO] MOUSEBUTTONDOWN_MASSEVENT x: 18, y: 9 MOUSEX: 522 MOUSEY: 348
2024-07-01 08:02:42.725973 [INFO] DISPLAY_MASSEVENT_BIG x: 18, y: 9
2024-07-01 08:02:42.728973 [INFO] DISPLAY_MASSEVENT_BIG x: 2, y: 5
2024-07-01 08:02:42.972987 [INFO] MOUSEBUTTONDOWN_MASSEVENT x: 16, y: 12 MOUSEX: 475 MOUSEY: 455
2024-07-01 08:02:43.180999 [INFO] MOUSEBUTTONDOWN_MASSEVENT x: 15, y: 12 MOUSEX: 441 MOUSEY: 468
2024-07-01 08:02:43.405012 [INFO] MOUSEBUTTONDOWN_MASSEVENT x: 13, y: 10 MOUSEX: 380 MOUSEY: 381
2024-07-01 08:02:43.958043 [INFO] MOUSEBUTTONDOWN_MASSEVENT x: 23, y: 2 MOUSEX: 689 MOUSEY: 48 TOO BIG OR SMALL
2024-07-01 08:02:43.958043 [INFO] MOUSEBUTTONDOWN_EVENT MASS-CHOOSE-EVENT x: 689, y: 48
2024-07-01 08:02:43.958043 [INFO] MASS-CHOOSE-SMALL
2024-07-01 08:02:43.959043 [INFO] MASS_CHOOSE_S IS TRUE
2024-07-01 08:02:43.960043 [INFO] MASS_CHOOSE_B IS FALSE
2024-07-01 08:02:44.685085 [INFO] MOUSEBUTTONDOWN_MASSEVENT x: 14, y: 10 MOUSEX: 393 MOUSEY: 360
2024-07-01 08:02:44.685085 [INFO] DISPLAY_MASSEVENT_SMALL x: 14, y: 10
2024-07-01 08:02:44.688085 [INFO] DISPLAY_MASSEVENT_SMALL x: 2, y: 6
2024-07-01 08:02:44.901097 [INFO] MOUSEBUTTONDOWN_MASSEVENT x: 13, y: 11 MOUSEX: 387 MOUSEY: 411
2024-07-01 08:02:44.901097 [INFO] DISPLAY_MASSEVENT_SMALL x: 13, y: 11
2024-07-01 08:02:44.904097 [INFO] DISPLAY_MASSEVENT_SMALL x: 2, y: 7
2024-07-01 08:02:44.973101 [INFO] MOUSEBUTTONDOWN_MASSEVENT x: 13, y: 11 MOUSEX: 387 MOUSEY: 427
2024-07-01 08:02:45.205115 [INFO] MOUSEBUTTONDOWN_MASSEVENT x: 13, y: 11 MOUSEX: 387 MOUSEY: 427
2024-07-01 08:02:45.597137 [INFO] MOUSEBUTTONDOWN_MASSEVENT x: 14, y: 11 MOUSEX: 412 MOUSEY: 403
2024-07-01 08:02:45.597137 [INFO] DISPLAY_MASSEVENT_SMALL x: 14, y: 11
2024-07-01 08:02:45.600137 [INFO] DISPLAY_MASSEVENT_SMALL x: 2, y: 8
2024-07-01 08:02:45.925156 [INFO] MOUSEBUTTONDOWN_MASSEVENT x: 14, y: 9 MOUSEX: 396 MOUSEY: 329
2024-07-01 08:02:45.925156 [INFO] DISPLAY_MASSEVENT_SMALL x: 14, y: 9
2024-07-01 08:02:45.929156 [INFO] DISPLAY_MASSEVENT_SMALL x: 2, y: 9
2024-07-01 08:02:46.229173 [INFO] MOUSEBUTTONDOWN_MASSEVENT x: 13, y: 7 MOUSEX: 370 MOUSEY: 247
2024-07-01 08:02:46.230173 [INFO] DISPLAY_MASSEVENT_SMALL x: 13, y: 7
2024-07-01 08:02:46.233173 [INFO] DISPLAY_MASSEVENT_SMALL x: 2, y: 10
2024-07-01 08:02:46.461186 [INFO] MOUSEBUTTONDOWN_MASSEVENT x: 13, y: 6 MOUSEX: 364 MOUSEY: 213
2024-07-01 08:02:46.461186 [INFO] DISPLAY_MASSEVENT_SMALL x: 13, y: 6
2024-07-01 08:02:46.464187 [INFO] DISPLAY_MASSEVENT_SMALL x: 2, y: 11
2024-07-01 08:02:46.653197 [INFO] MOUSEBUTTONDOWN_MASSEVENT x: 13, y: 4 MOUSEX: 364 MOUSEY: 141
2024-07-01 08:02:46.654198 [INFO] DISPLAY_MASSEVENT_SMALL x: 13, y: 4
2024-07-01 08:02:46.656198 [INFO] DISPLAY_MASSEVENT_SMALL x: 2, y: 12
2024-07-01 08:02:46.845208 [INFO] MOUSEBUTTONDOWN_MASSEVENT x: 13, y: 3 MOUSEX: 365 MOUSEY: 87
2024-07-01 08:02:46.846208 [INFO] DISPLAY_MASSEVENT_SMALL x: 13, y: 3
2024-07-01 08:02:46.849209 [INFO] DISPLAY_MASSEVENT_SMALL x: 2, y: 13
2024-07-01 08:02:47.077222 [INFO] MOUSEBUTTONDOWN_MASSEVENT x: 13, y: 1 MOUSEX: 370 MOUSEY: 33
2024-07-01 08:02:47.078222 [INFO] DISPLAY_MASSEVENT_SMALL x: 13, y: 1
2024-07-01 08:02:47.081222 [INFO] DISPLAY_MASSEVENT_SMALL x: 2, y: 14
2024-07-01 08:02:47.469244 [INFO] MOUSEBUTTONDOWN_MASSEVENT x: 13, y: 2 MOUSEX: 385 MOUSEY: 57
2024-07-01 08:02:47.470244 [INFO] DISPLAY_MASSEVENT_SMALL x: 13, y: 2
2024-07-01 08:02:47.473244 [INFO] DISPLAY_MASSEVENT_SMALL x: 2, y: 15
2024-07-01 08:02:47.725259 [INFO] MOUSEBUTTONDOWN_MASSEVENT x: 14, y: 4 MOUSEX: 412 MOUSEY: 141
2024-07-01 08:02:47.725259 [INFO] DISPLAY_MASSEVENT_SMALL x: 14, y: 4
2024-07-01 08:02:47.728259 [INFO] DISPLAY_MASSEVENT_SMALL x: 3, y: 1
2024-07-01 08:02:48.461301 [INFO] MOUSEBUTTONDOWN_MASSEVENT x: 15, y: 10 MOUSEX: 436 MOUSEY: 362
2024-07-01 08:02:48.461301 [INFO] DISPLAY_MASSEVENT_SMALL x: 15, y: 10
2024-07-01 08:02:48.464301 [INFO] DISPLAY_MASSEVENT_SMALL x: 3, y: 2
2024-07-01 08:02:48.988331 [INFO] MOUSEBUTTONDOWN_MASSEVENT x: 15, y: 11 MOUSEX: 449 MOUSEY: 433
2024-07-01 08:02:48.989331 [INFO] DISPLAY_MASSEVENT_SMALL x: 15, y: 11
2024-07-01 08:02:48.992331 [INFO] DISPLAY_MASSEVENT_SMALL x: 3, y: 3
2024-07-01 08:02:49.421356 [INFO] MOUSEBUTTONDOWN_MASSEVENT x: 17, y: 13 MOUSEX: 507 MOUSEY: 511
2024-07-01 08:02:49.422356 [INFO] DISPLAY_MASSEVENT_SMALL x: 17, y: 13
2024-07-01 08:02:49.424356 [INFO] DISPLAY_MASSEVENT_SMALL x: 3, y: 4
2024-07-01 08:02:49.773376 [INFO] MOUSEBUTTONDOWN_MASSEVENT x: 15, y: 14 MOUSEX: 446 MOUSEY: 535
2024-07-01 08:02:49.773376 [INFO] DISPLAY_MASSEVENT_SMALL x: 15, y: 14
2024-07-01 08:02:49.776376 [INFO] DISPLAY_MASSEVENT_SMALL x: 3, y: 5
2024-07-01 08:02:50.140397 [INFO] MOUSEBUTTONDOWN_MASSEVENT x: 14, y: 13 MOUSEX: 406 MOUSEY: 493
2024-07-01 08:02:50.141397 [INFO] DISPLAY_MASSEVENT_SMALL x: 14, y: 13
2024-07-01 08:02:50.144397 [INFO] DISPLAY_MASSEVENT_SMALL x: 3, y: 6
2024-07-01 08:02:50.677428 [INFO] MOUSEBUTTONDOWN_MASSEVENT x: 12, y: 13 MOUSEX: 348 MOUSEY: 501
2024-07-01 08:02:50.677428 [INFO] DISPLAY_MASSEVENT_SMALL x: 12, y: 13
2024-07-01 08:02:50.680428 [INFO] DISPLAY_MASSEVENT_SMALL x: 3, y: 7
2024-07-01 08:02:51.069450 [INFO] MOUSEBUTTONDOWN_MASSEVENT x: 12, y: 12 MOUSEX: 335 MOUSEY: 449
2024-07-01 08:02:51.069450 [INFO] DISPLAY_MASSEVENT_SMALL x: 12, y: 12
2024-07-01 08:02:51.072450 [INFO] DISPLAY_MASSEVENT_SMALL x: 3, y: 8
2024-07-01 08:02:51.428471 [INFO] MOUSEBUTTONDOWN_MASSEVENT x: 12, y: 11 MOUSEX: 338 MOUSEY: 411
2024-07-01 08:02:51.429471 [INFO] DISPLAY_MASSEVENT_SMALL x: 12, y: 11
2024-07-01 08:02:51.431471 [INFO] DISPLAY_MASSEVENT_SMALL x: 3, y: 9
2024-07-01 08:02:51.821493 [INFO] MOUSEBUTTONDOWN_MASSEVENT x: 12, y: 10 MOUSEX: 344 MOUSEY: 369
2024-07-01 08:02:51.821493 [INFO] DISPLAY_MASSEVENT_SMALL x: 12, y: 10
2024-07-01 08:02:51.824493 [INFO] DISPLAY_MASSEVENT_SMALL x: 3, y: 10
2024-07-01 08:02:56.908784 [INFO] MOUSEBUTTONDOWN_MASSEVENT x: 8, y: 3 MOUSEX: 233 MOUSEY: 104 TOO BIG OR SMALL
2024-07-01 08:03:03.389155 [INFO] MOUSEBUTTONDOWN_MASSEVENT x: 13, y: 8 MOUSEX: 383 MOUSEY: 317
2024-07-01 08:03:03.392155 [INFO] MOUSEBUTTONDOWN_EVENT BACK-EVENT x: 383, y: 317
2024-07-01 08:03:03.393155 [INFO] back yes
2024-07-01 08:03:03.418156 [INFO] GUI init
2024-07-01 08:03:03.425157 [INFO] Index bg
2024-07-01 08:03:03.428157 [INFO] Index start button
2024-07-01 08:03:03.429157 [INFO] Index settings image
2024-07-01 08:03:03.429157 [INFO] Index head text
2024-07-01 08:03:03.430157 [INFO] Index init
2024-07-01 08:03:04.437215 [INFO] MOUSEBUTTONDOWN_EVENT STARTGAME x: 388, y: 327
2024-07-01 08:03:04.438215 [INFO] start game
2024-07-01 08:03:04.462216 [INFO] GUI init
2024-07-01 08:03:04.475217 [INFO] game gui init
2024-07-01 08:03:05.389269 [INFO] MOUSEBUTTONDOWN_MASSEVENT x: 23, y: 4 MOUSEX: 675 MOUSEY: 128 TOO BIG OR SMALL
2024-07-01 08:03:05.717288 [INFO] MOUSEBUTTONDOWN_MASSEVENT x: 23, y: 4 MOUSEX: 678 MOUSEY: 141 TOO BIG OR SMALL
2024-07-01 08:03:05.717288 [INFO] MOUSEBUTTONDOWN_EVENT MASS-CHOOSE-BIG-EVENT x: 678, y: 141
2024-07-01 08:03:05.717288 [INFO] MASS-CHOOSE-BIG
2024-07-01 08:03:05.718288 [INFO] MASS_CHOOSE_B IS TRUE
2024-07-01 08:03:06.125311 [INFO] MOUSEBUTTONDOWN_MASSEVENT x: 18, y: 5 MOUSEX: 518 MOUSEY: 189
2024-07-01 08:03:06.126311 [INFO] DISPLAY_MASSEVENT_BIG x: 18, y: 5
2024-07-01 08:03:06.129311 [INFO] DISPLAY_MASSEVENT_BIG x: 1, y: 1
2024-07-01 08:03:06.373325 [INFO] MOUSEBUTTONDOWN_MASSEVENT x: 15, y: 9 MOUSEX: 420 MOUSEY: 327
2024-07-01 08:03:06.373325 [INFO] DISPLAY_MASSEVENT_BIG x: 15, y: 9
2024-07-01 08:03:06.377326 [INFO] DISPLAY_MASSEVENT_BIG x: 1, y: 2
2024-07-01 08:03:06.629340 [INFO] MOUSEBUTTONDOWN_MASSEVENT x: 12, y: 11 MOUSEX: 358 MOUSEY: 407
2024-07-01 08:03:06.629340 [INFO] DISPLAY_MASSEVENT_BIG x: 12, y: 11
2024-07-01 08:03:06.632340 [INFO] DISPLAY_MASSEVENT_BIG x: 1, y: 3
2024-07-01 08:03:07.445387 [INFO] MOUSEBUTTONDOWN_MASSEVENT x: 7, y: 9 MOUSEX: 185 MOUSEY: 333 TOO BIG OR SMALL
2024-07-01 08:03:09.772520 [INFO] MOUSEBUTTONDOWN_MASSEVENT x: 15, y: 2 MOUSEX: 442 MOUSEY: 66
2024-07-01 08:03:09.773520 [INFO] DISPLAY_MASSEVENT_BIG x: 15, y: 2
2024-07-01 08:03:09.776520 [INFO] DISPLAY_MASSEVENT_BIG x: 1, y: 4
2024-07-01 08:03:10.500561 [INFO] MOUSEBUTTONDOWN_MASSEVENT x: 15, y: 3 MOUSEX: 421 MOUSEY: 106
2024-07-01 08:03:10.501561 [INFO] DISPLAY_MASSEVENT_BIG x: 15, y: 3
2024-07-01 08:03:10.504562 [INFO] DISPLAY_MASSEVENT_BIG x: 1, y: 5
2024-07-01 08:03:10.780577 [INFO] MOUSEBUTTONDOWN_MASSEVENT x: 14, y: 6 MOUSEX: 419 MOUSEY: 217
2024-07-01 08:03:10.781578 [INFO] DISPLAY_MASSEVENT_BIG x: 14, y: 6
2024-07-01 08:03:10.784578 [INFO] DISPLAY_MASSEVENT_BIG x: 1, y: 6
2024-07-01 08:03:11.028592 [INFO] MOUSEBUTTONDOWN_MASSEVENT x: 14, y: 8 MOUSEX: 418 MOUSEY: 288
2024-07-01 08:03:11.028592 [INFO] DISPLAY_MASSEVENT_BIG x: 14, y: 8
2024-07-01 08:03:11.031592 [INFO] DISPLAY_MASSEVENT_BIG x: 1, y: 7
2024-07-01 08:03:11.508619 [INFO] MOUSEBUTTONDOWN_MASSEVENT x: 15, y: 6 MOUSEX: 436 MOUSEY: 208
2024-07-01 08:03:11.508619 [INFO] DISPLAY_MASSEVENT_BIG x: 15, y: 6
2024-07-01 08:03:11.511619 [INFO] DISPLAY_MASSEVENT_BIG x: 1, y: 8
2024-07-01 08:03:11.732632 [INFO] MOUSEBUTTONDOWN_MASSEVENT x: 15, y: 6 MOUSEX: 437 MOUSEY: 208
2024-07-01 08:03:12.420671 [INFO] MOUSEBUTTONDOWN_MASSEVENT x: 15, y: 8 MOUSEX: 440 MOUSEY: 295
2024-07-01 08:03:12.421671 [INFO] DISPLAY_MASSEVENT_BIG x: 15, y: 8
2024-07-01 08:03:12.424671 [INFO] DISPLAY_MASSEVENT_BIG x: 1, y: 9
2024-07-01 08:03:12.652685 [INFO] MOUSEBUTTONDOWN_MASSEVENT x: 15, y: 9 MOUSEX: 440 MOUSEY: 321
2024-07-01 08:03:13.124712 [INFO] MOUSEBUTTONDOWN_MASSEVENT x: 15, y: 12 MOUSEX: 446 MOUSEY: 471
2024-07-01 08:03:13.124712 [INFO] DISPLAY_MASSEVENT_BIG x: 15, y: 12
2024-07-01 08:03:13.127712 [INFO] DISPLAY_MASSEVENT_BIG x: 1, y: 10
2024-07-01 08:03:13.364725 [INFO] MOUSEBUTTONDOWN_MASSEVENT x: 15, y: 12 MOUSEX: 446 MOUSEY: 474
2024-07-01 08:03:13.636741 [INFO] MOUSEBUTTONDOWN_MASSEVENT x: 15, y: 14 MOUSEX: 443 MOUSEY: 528
2024-07-01 08:03:13.636741 [INFO] DISPLAY_MASSEVENT_BIG x: 15, y: 14
2024-07-01 08:03:13.640741 [INFO] DISPLAY_MASSEVENT_BIG x: 1, y: 11
2024-07-01 08:03:14.533792 [INFO] MOUSEBUTTONDOWN_MASSEVENT x: 13, y: 14 MOUSEX: 384 MOUSEY: 548
2024-07-01 08:03:14.533792 [INFO] DISPLAY_MASSEVENT_BIG x: 13, y: 14
2024-07-01 08:03:14.536792 [INFO] DISPLAY_MASSEVENT_BIG x: 1, y: 12
2024-07-01 08:03:15.140827 [INFO] MOUSEBUTTONDOWN_MASSEVENT x: 13, y: 13 MOUSEX: 386 MOUSEY: 513
2024-07-01 08:03:15.141827 [INFO] DISPLAY_MASSEVENT_BIG x: 13, y: 13
2024-07-01 08:03:15.144827 [INFO] DISPLAY_MASSEVENT_BIG x: 1, y: 13
2024-07-01 08:03:15.668857 [INFO] MOUSEBUTTONDOWN_MASSEVENT x: 13, y: 12 MOUSEX: 387 MOUSEY: 475
2024-07-01 08:03:15.668857 [INFO] DISPLAY_MASSEVENT_BIG x: 13, y: 12
2024-07-01 08:03:15.671857 [INFO] DISPLAY_MASSEVENT_BIG x: 1, y: 14
2024-07-01 08:03:16.196887 [INFO] MOUSEBUTTONDOWN_MASSEVENT x: 14, y: 12 MOUSEX: 391 MOUSEY: 450
2024-07-01 08:03:16.197887 [INFO] DISPLAY_MASSEVENT_BIG x: 14, y: 12
2024-07-01 08:03:16.200887 [INFO] DISPLAY_MASSEVENT_BIG x: 1, y: 15
2024-07-01 08:03:16.628912 [INFO] MOUSEBUTTONDOWN_MASSEVENT x: 14, y: 11 MOUSEX: 405 MOUSEY: 410
2024-07-01 08:03:16.629912 [INFO] DISPLAY_MASSEVENT_BIG x: 14, y: 11
2024-07-01 08:03:16.632912 [INFO] DISPLAY_MASSEVENT_BIG x: 2, y: 1
2024-07-01 08:03:17.116940 [INFO] MOUSEBUTTONDOWN_MASSEVENT x: 15, y: 10 MOUSEX: 423 MOUSEY: 375
2024-07-01 08:03:17.117940 [INFO] DISPLAY_MASSEVENT_BIG x: 15, y: 10
2024-07-01 08:03:17.120940 [INFO] DISPLAY_MASSEVENT_BIG x: 2, y: 2
2024-07-01 08:03:17.700973 [INFO] MOUSEBUTTONDOWN_MASSEVENT x: 15, y: 10 MOUSEX: 449 MOUSEY: 370
2024-07-01 08:03:18.325009 [INFO] MOUSEBUTTONDOWN_MASSEVENT x: 16, y: 10 MOUSEX: 464 MOUSEY: 371
2024-07-01 08:03:18.325009 [INFO] DISPLAY_MASSEVENT_BIG x: 16, y: 10
2024-07-01 08:03:18.329009 [INFO] DISPLAY_MASSEVENT_BIG x: 2, y: 3
2024-07-01 08:03:18.837038 [INFO] MOUSEBUTTONDOWN_MASSEVENT x: 17, y: 12 MOUSEX: 480 MOUSEY: 456
2024-07-01 08:03:18.837038 [INFO] DISPLAY_MASSEVENT_BIG x: 17, y: 12
2024-07-01 08:03:18.840038 [INFO] DISPLAY_MASSEVENT_BIG x: 2, y: 4
2024-07-01 08:03:19.621083 [INFO] MOUSEBUTTONDOWN_MASSEVENT x: 18, y: 15 MOUSEX: 523 MOUSEY: 585
2024-07-01 08:03:19.621083 [INFO] DISPLAY_MASSEVENT_BIG x: 18, y: 15
2024-07-01 08:03:19.624083 [INFO] DISPLAY_MASSEVENT_BIG x: 2, y: 5
2024-07-01 08:03:20.421129 [INFO] MOUSEBUTTONDOWN_MASSEVENT x: 19, y: 14 MOUSEX: 545 MOUSEY: 526
2024-07-01 08:03:21.133170 [INFO] MOUSEBUTTONDOWN_MASSEVENT x: 19, y: 14 MOUSEX: 545 MOUSEY: 526
2024-07-01 08:03:22.716260 [INFO] MOUSEBUTTONDOWN_MASSEVENT x: 24, y: 2 MOUSEX: 711 MOUSEY: 45 TOO BIG OR SMALL
2024-07-01 08:03:22.717260 [INFO] MOUSEBUTTONDOWN_EVENT MASS-CHOOSE-EVENT x: 711, y: 45
2024-07-01 08:03:22.717260 [INFO] MASS-CHOOSE-SMALL
2024-07-01 08:03:22.717260 [INFO] MASS_CHOOSE_S IS TRUE
2024-07-01 08:03:22.718260 [INFO] MASS_CHOOSE_B IS FALSE
2024-07-01 08:03:23.757320 [INFO] MOUSEBUTTONDOWN_MASSEVENT x: 20, y: 1 MOUSEX: 597 MOUSEY: 0
2024-07-01 08:03:23.757320 [INFO] DISPLAY_MASSEVENT_SMALL x: 20, y: 1
2024-07-01 08:03:23.760320 [INFO] DISPLAY_MASSEVENT_SMALL x: 2, y: 6
2024-07-01 08:03:24.005334 [INFO] MOUSEBUTTONDOWN_MASSEVENT x: 20, y: 1 MOUSEX: 595 MOUSEY: 11
2024-07-01 08:03:24.221346 [INFO] MOUSEBUTTONDOWN_MASSEVENT x: 20, y: 2 MOUSEX: 591 MOUSEY: 42
2024-07-01 08:03:24.221346 [INFO] DISPLAY_MASSEVENT_SMALL x: 20, y: 2
2024-07-01 08:03:24.224346 [INFO] DISPLAY_MASSEVENT_SMALL x: 2, y: 7
2024-07-01 08:03:24.413357 [INFO] MOUSEBUTTONDOWN_MASSEVENT x: 20, y: 2 MOUSEX: 586 MOUSEY: 58
2024-07-01 08:03:24.724375 [INFO] MOUSEBUTTONDOWN_MASSEVENT x: 20, y: 2 MOUSEX: 584 MOUSEY: 76
2024-07-01 08:03:24.909386 [INFO] MOUSEBUTTONDOWN_MASSEVENT x: 20, y: 3 MOUSEX: 585 MOUSEY: 113
2024-07-01 08:03:24.909386 [INFO] DISPLAY_MASSEVENT_SMALL x: 20, y: 3
2024-07-01 08:03:24.912386 [INFO] DISPLAY_MASSEVENT_SMALL x: 2, y: 8
2024-07-01 08:03:25.116397 [INFO] MOUSEBUTTONDOWN_MASSEVENT x: 20, y: 4 MOUSEX: 590 MOUSEY: 151
2024-07-01 08:03:25.117397 [INFO] DISPLAY_MASSEVENT_SMALL x: 20, y: 4
2024-07-01 08:03:25.120398 [INFO] DISPLAY_MASSEVENT_SMALL x: 2, y: 9
2024-07-01 08:03:25.340410 [INFO] MOUSEBUTTONDOWN_MASSEVENT x: 20, y: 7 MOUSEX: 590 MOUSEY: 240
2024-07-01 08:03:25.341410 [INFO] DISPLAY_MASSEVENT_SMALL x: 20, y: 7
2024-07-01 08:03:25.344410 [INFO] DISPLAY_MASSEVENT_SMALL x: 2, y: 10
2024-07-01 08:03:25.540422 [INFO] MOUSEBUTTONDOWN_MASSEVENT x: 20, y: 8 MOUSEX: 590 MOUSEY: 289
2024-07-01 08:03:25.540422 [INFO] DISPLAY_MASSEVENT_SMALL x: 20, y: 8
2024-07-01 08:03:25.544422 [INFO] DISPLAY_MASSEVENT_SMALL x: 2, y: 11
2024-07-01 08:03:25.756434 [INFO] MOUSEBUTTONDOWN_MASSEVENT x: 20, y: 10 MOUSEX: 592 MOUSEY: 375
2024-07-01 08:03:25.757434 [INFO] DISPLAY_MASSEVENT_SMALL x: 20, y: 10
2024-07-01 08:03:25.760434 [INFO] DISPLAY_MASSEVENT_SMALL x: 2, y: 12
2024-07-01 08:03:25.948445 [INFO] MOUSEBUTTONDOWN_MASSEVENT x: 21, y: 12 MOUSEX: 601 MOUSEY: 448 TOO BIG OR SMALL
2024-07-01 08:03:26.660486 [INFO] MOUSEBUTTONDOWN_MASSEVENT x: 20, y: 15 MOUSEX: 571 MOUSEY: 568
2024-07-01 08:03:26.661486 [INFO] DISPLAY_MASSEVENT_SMALL x: 20, y: 15
2024-07-01 08:03:26.664486 [INFO] DISPLAY_MASSEVENT_SMALL x: 2, y: 13
2024-07-01 08:03:26.868498 [INFO] MOUSEBUTTONDOWN_MASSEVENT x: 19, y: 15 MOUSEX: 566 MOUSEY: 586
2024-07-01 08:03:26.869498 [INFO] DISPLAY_MASSEVENT_SMALL x: 19, y: 15
2024-07-01 08:03:26.872498 [INFO] DISPLAY_MASSEVENT_SMALL x: 2, y: 14
2024-07-01 08:03:27.317523 [INFO] MOUSEBUTTONDOWN_MASSEVENT x: 19, y: 14 MOUSEX: 567 MOUSEY: 545
2024-07-01 08:03:27.317523 [INFO] DISPLAY_MASSEVENT_SMALL x: 19, y: 14
2024-07-01 08:03:27.321524 [INFO] DISPLAY_MASSEVENT_SMALL x: 2, y: 15
2024-07-01 08:03:27.596539 [INFO] MOUSEBUTTONDOWN_MASSEVENT x: 19, y: 13 MOUSEX: 545 MOUSEY: 518
2024-07-01 08:03:27.597539 [INFO] DISPLAY_MASSEVENT_SMALL x: 19, y: 13
2024-07-01 08:03:27.600540 [INFO] DISPLAY_MASSEVENT_SMALL x: 3, y: 1
2024-07-01 08:03:28.564595 [INFO] MOUSEBUTTONDOWN_MASSEVENT x: 19, y: 11 MOUSEX: 561 MOUSEY: 422
2024-07-01 08:03:28.565595 [INFO] DISPLAY_MASSEVENT_SMALL x: 19, y: 11
2024-07-01 08:03:28.568595 [INFO] DISPLAY_MASSEVENT_SMALL x: 3, y: 2
2024-07-01 08:03:28.796608 [INFO] MOUSEBUTTONDOWN_MASSEVENT x: 19, y: 10 MOUSEX: 564 MOUSEY: 384
2024-07-01 08:03:28.796608 [INFO] DISPLAY_MASSEVENT_SMALL x: 19, y: 10
2024-07-01 08:03:28.800608 [INFO] DISPLAY_MASSEVENT_SMALL x: 3, y: 3
2024-07-01 08:03:29.012620 [INFO] MOUSEBUTTONDOWN_MASSEVENT x: 20, y: 8 MOUSEX: 570 MOUSEY: 314
2024-07-01 08:03:29.364640 [INFO] MOUSEBUTTONDOWN_MASSEVENT x: 20, y: 5 MOUSEX: 575 MOUSEY: 186
2024-07-01 08:03:29.364640 [INFO] DISPLAY_MASSEVENT_SMALL x: 20, y: 5
2024-07-01 08:03:29.367641 [INFO] DISPLAY_MASSEVENT_SMALL x: 3, y: 4
2024-07-01 08:03:29.828667 [INFO] MOUSEBUTTONDOWN_MASSEVENT x: 19, y: 2 MOUSEX: 561 MOUSEY: 65
2024-07-01 08:03:29.829667 [INFO] DISPLAY_MASSEVENT_SMALL x: 19, y: 2
2024-07-01 08:03:29.832667 [INFO] DISPLAY_MASSEVENT_SMALL x: 3, y: 5
2024-07-01 08:03:30.116683 [INFO] MOUSEBUTTONDOWN_MASSEVENT x: 18, y: 1 MOUSEX: 538 MOUSEY: 37
2024-07-01 08:03:30.116683 [INFO] DISPLAY_MASSEVENT_SMALL x: 18, y: 1
2024-07-01 08:03:30.120684 [INFO] DISPLAY_MASSEVENT_SMALL x: 3, y: 6
2024-07-01 08:03:30.316695 [INFO] MOUSEBUTTONDOWN_MASSEVENT x: 17, y: 2 MOUSEX: 483 MOUSEY: 57
2024-07-01 08:03:30.316695 [INFO] DISPLAY_MASSEVENT_SMALL x: 17, y: 2
2024-07-01 08:03:30.320695 [INFO] DISPLAY_MASSEVENT_SMALL x: 3, y: 7
2024-07-01 08:03:30.532707 [INFO] MOUSEBUTTONDOWN_MASSEVENT x: 16, y: 3 MOUSEX: 451 MOUSEY: 110
2024-07-01 08:03:30.533707 [INFO] DISPLAY_MASSEVENT_SMALL x: 16, y: 3
2024-07-01 08:03:30.536707 [INFO] DISPLAY_MASSEVENT_SMALL x: 3, y: 8
2024-07-01 08:03:30.860726 [INFO] MOUSEBUTTONDOWN_MASSEVENT x: 12, y: 6 MOUSEX: 350 MOUSEY: 201
2024-07-01 08:03:30.861726 [INFO] DISPLAY_MASSEVENT_SMALL x: 12, y: 6
2024-07-01 08:03:30.864726 [INFO] DISPLAY_MASSEVENT_SMALL x: 3, y: 9
2024-07-01 08:03:31.332753 [INFO] MOUSEBUTTONDOWN_MASSEVENT x: 13, y: 2 MOUSEX: 360 MOUSEY: 69
2024-07-01 08:03:31.333753 [INFO] DISPLAY_MASSEVENT_SMALL x: 13, y: 2
2024-07-01 08:03:31.336753 [INFO] DISPLAY_MASSEVENT_SMALL x: 3, y: 10
2024-07-01 08:03:32.967846 [INFO] MOUSEBUTTONDOWN_MASSEVENT x: 15, y: 9 MOUSEX: 423 MOUSEY: 332
2024-07-01 08:03:32.970847 [INFO] MOUSEBUTTONDOWN_EVENT BACK-EVENT x: 423, y: 332
2024-07-01 08:03:32.971847 [INFO] back yes
2024-07-01 08:03:32.995848 [INFO] GUI init
2024-07-01 08:03:33.001848 [INFO] Index bg
2024-07-01 08:03:33.004849 [INFO] Index start button
2024-07-01 08:03:33.005849 [INFO] Index settings image
2024-07-01 08:03:33.006849 [INFO] Index head text
2024-07-01 08:03:33.006849 [INFO] Index init
2024-07-01 08:03:37.092082 [INFO] Index quit
2024-07-01 08:03:37.139085 [INFO] exiting
2024-07-01 08:05:39.743098 [INFO] starting
2024-07-01 08:05:39.877105 [INFO] GUI init
2024-07-01 08:05:39.884106 [INFO] Index bg
2024-07-01 08:05:39.902107 [INFO] Index start button
2024-07-01 08:05:39.903107 [INFO] Index settings image
2024-07-01 08:05:39.903107 [INFO] Index head text
2024-07-01 08:05:39.903107 [INFO] Index init
2024-07-01 08:05:40.644149 [INFO] MOUSEBUTTONDOWN_EVENT STARTGAME x: 384, y: 328
2024-07-01 08:05:40.645149 [INFO] start game
2024-07-01 08:05:40.669151 [INFO] GUI init
2024-07-01 08:05:40.681151 [INFO] game gui init
2024-07-01 08:05:41.396192 [INFO] MOUSEBUTTONDOWN_MASSEVENT x: 24, y: 2 MOUSEX: 718 MOUSEY: 68 TOO BIG OR SMALL
2024-07-01 08:05:41.397192 [INFO] MOUSEBUTTONDOWN_EVENT MASS-CHOOSE-EVENT x: 718, y: 68
2024-07-01 08:05:41.397192 [INFO] MASS-CHOOSE-SMALL
2024-07-01 08:05:41.397192 [INFO] MASS_CHOOSE_S IS TRUE
2024-07-01 08:05:42.164236 [INFO] MOUSEBUTTONDOWN_MASSEVENT x: 20, y: 1 MOUSEX: 583 MOUSEY: 13
2024-07-01 08:05:42.164236 [INFO] DISPLAY_MASSEVENT_SMALL x: 20, y: 1
2024-07-01 08:05:42.167236 [INFO] DISPLAY_MASSEVENT_BIG x: 1, y: 1
2024-07-01 08:05:42.507256 [INFO] MOUSEBUTTONDOWN_MASSEVENT x: 20, y: 2 MOUSEX: 585 MOUSEY: 57
2024-07-01 08:05:42.508256 [INFO] DISPLAY_MASSEVENT_SMALL x: 20, y: 2
2024-07-01 08:05:42.510256 [INFO] DISPLAY_MASSEVENT_BIG x: 1, y: 2
2024-07-01 08:05:42.812273 [INFO] MOUSEBUTTONDOWN_MASSEVENT x: 20, y: 3 MOUSEX: 584 MOUSEY: 95
2024-07-01 08:05:42.812273 [INFO] DISPLAY_MASSEVENT_SMALL x: 20, y: 3
2024-07-01 08:05:42.816273 [INFO] DISPLAY_MASSEVENT_BIG x: 1, y: 3
2024-07-01 08:05:43.131291 [INFO] MOUSEBUTTONDOWN_MASSEVENT x: 20, y: 4 MOUSEX: 584 MOUSEY: 122
2024-07-01 08:05:43.132291 [INFO] DISPLAY_MASSEVENT_SMALL x: 20, y: 4
2024-07-01 08:05:43.135292 [INFO] DISPLAY_MASSEVENT_BIG x: 1, y: 4
2024-07-01 08:05:43.492312 [INFO] MOUSEBUTTONDOWN_MASSEVENT x: 20, y: 4 MOUSEX: 585 MOUSEY: 149
2024-07-01 08:05:44.451367 [INFO] MOUSEBUTTONDOWN_MASSEVENT x: 20, y: 5 MOUSEX: 582 MOUSEY: 161
2024-07-01 08:05:44.452367 [INFO] DISPLAY_MASSEVENT_SMALL x: 20, y: 5
2024-07-01 08:05:44.455367 [INFO] DISPLAY_MASSEVENT_BIG x: 1, y: 5
2024-07-01 08:05:44.883392 [INFO] MOUSEBUTTONDOWN_MASSEVENT x: 20, y: 5 MOUSEX: 582 MOUSEY: 196
2024-07-01 08:05:45.179409 [INFO] MOUSEBUTTONDOWN_MASSEVENT x: 20, y: 6 MOUSEX: 582 MOUSEY: 234
2024-07-01 08:05:45.180409 [INFO] DISPLAY_MASSEVENT_SMALL x: 20, y: 6
2024-07-01 08:05:45.183409 [INFO] DISPLAY_MASSEVENT_BIG x: 1, y: 6
2024-07-01 08:05:45.547430 [INFO] MOUSEBUTTONDOWN_MASSEVENT x: 20, y: 7 MOUSEX: 582 MOUSEY: 250
2024-07-01 08:05:45.548430 [INFO] DISPLAY_MASSEVENT_SMALL x: 20, y: 7
2024-07-01 08:05:45.551430 [INFO] DISPLAY_MASSEVENT_BIG x: 1, y: 7
2024-07-01 08:05:45.923451 [INFO] MOUSEBUTTONDOWN_MASSEVENT x: 20, y: 8 MOUSEX: 582 MOUSEY: 290
2024-07-01 08:05:45.924451 [INFO] DISPLAY_MASSEVENT_SMALL x: 20, y: 8
2024-07-01 08:05:45.927451 [INFO] DISPLAY_MASSEVENT_BIG x: 1, y: 8
2024-07-01 08:05:46.244469 [INFO] MOUSEBUTTONDOWN_MASSEVENT x: 20, y: 9 MOUSEX: 583 MOUSEY: 348
2024-07-01 08:05:46.244469 [INFO] DISPLAY_MASSEVENT_SMALL x: 20, y: 9
2024-07-01 08:05:46.247470 [INFO] DISPLAY_MASSEVENT_BIG x: 1, y: 9
2024-07-01 08:05:46.595490 [INFO] MOUSEBUTTONDOWN_MASSEVENT x: 20, y: 10 MOUSEX: 584 MOUSEY: 373
2024-07-01 08:05:46.596490 [INFO] DISPLAY_MASSEVENT_SMALL x: 20, y: 10
2024-07-01 08:05:46.598490 [INFO] DISPLAY_MASSEVENT_BIG x: 1, y: 10
2024-07-01 08:05:46.987512 [INFO] MOUSEBUTTONDOWN_MASSEVENT x: 20, y: 11 MOUSEX: 583 MOUSEY: 406
2024-07-01 08:05:46.988512 [INFO] DISPLAY_MASSEVENT_SMALL x: 20, y: 11
2024-07-01 08:05:46.991512 [INFO] DISPLAY_MASSEVENT_BIG x: 1, y: 11
2024-07-01 08:05:47.411536 [INFO] MOUSEBUTTONDOWN_MASSEVENT x: 20, y: 12 MOUSEX: 585 MOUSEY: 451
2024-07-01 08:05:47.411536 [INFO] DISPLAY_MASSEVENT_SMALL x: 20, y: 12
2024-07-01 08:05:47.415536 [INFO] DISPLAY_MASSEVENT_BIG x: 1, y: 12
2024-07-01 08:05:47.771557 [INFO] MOUSEBUTTONDOWN_MASSEVENT x: 20, y: 13 MOUSEX: 585 MOUSEY: 509
2024-07-01 08:05:47.772557 [INFO] DISPLAY_MASSEVENT_SMALL x: 20, y: 13
2024-07-01 08:05:47.775557 [INFO] DISPLAY_MASSEVENT_BIG x: 1, y: 13
2024-07-01 08:05:48.339589 [INFO] MOUSEBUTTONDOWN_MASSEVENT x: 20, y: 14 MOUSEX: 586 MOUSEY: 545
2024-07-01 08:05:48.340589 [INFO] DISPLAY_MASSEVENT_SMALL x: 20, y: 14
2024-07-01 08:05:48.343590 [INFO] DISPLAY_MASSEVENT_BIG x: 1, y: 14
2024-07-01 08:05:48.739612 [INFO] MOUSEBUTTONDOWN_MASSEVENT x: 20, y: 15 MOUSEX: 574 MOUSEY: 579
2024-07-01 08:05:48.739612 [INFO] DISPLAY_MASSEVENT_SMALL x: 20, y: 15
2024-07-01 08:05:48.742612 [INFO] DISPLAY_MASSEVENT_BIG x: 1, y: 15
2024-07-01 08:05:49.259642 [INFO] MOUSEBUTTONDOWN_MASSEVENT x: 19, y: 15 MOUSEX: 550 MOUSEY: 580
2024-07-01 08:05:49.259642 [INFO] DISPLAY_MASSEVENT_SMALL x: 19, y: 15
2024-07-01 08:05:49.263642 [INFO] DISPLAY_MASSEVENT_BIG x: 2, y: 1
2024-07-01 08:05:49.587661 [INFO] MOUSEBUTTONDOWN_MASSEVENT x: 19, y: 14 MOUSEX: 549 MOUSEY: 557
2024-07-01 08:05:49.588661 [INFO] DISPLAY_MASSEVENT_SMALL x: 19, y: 14
2024-07-01 08:05:49.591661 [INFO] DISPLAY_MASSEVENT_BIG x: 2, y: 2
2024-07-01 08:05:49.996684 [INFO] MOUSEBUTTONDOWN_MASSEVENT x: 19, y: 13 MOUSEX: 549 MOUSEY: 518
2024-07-01 08:05:49.997684 [INFO] DISPLAY_MASSEVENT_SMALL x: 19, y: 13
2024-07-01 08:05:50.000684 [INFO] DISPLAY_MASSEVENT_BIG x: 2, y: 3
2024-07-01 08:05:50.387706 [INFO] MOUSEBUTTONDOWN_MASSEVENT x: 19, y: 13 MOUSEX: 549 MOUSEY: 481
2024-07-01 08:05:51.595776 [INFO] MOUSEBUTTONDOWN_MASSEVENT x: 23, y: 5 MOUSEX: 676 MOUSEY: 187 TOO BIG OR SMALL
2024-07-01 08:05:51.596776 [INFO] MOUSEBUTTONDOWN_EVENT MASS-CHOOSE-BIG-EVENT x: 676, y: 187
2024-07-01 08:05:51.596776 [INFO] MASS-CHOOSE-BIG
2024-07-01 08:05:51.596776 [INFO] MASS_CHOOSE_B IS TRUE
2024-07-01 08:05:51.597776 [INFO] MASS_CHOOSE_S IS FALSE
2024-07-01 08:05:52.387821 [INFO] MOUSEBUTTONDOWN_MASSEVENT x: 19, y: 12 MOUSEX: 552 MOUSEY: 450
2024-07-01 08:05:52.387821 [INFO] DISPLAY_MASSEVENT_BIG x: 19, y: 12
2024-07-01 08:05:52.390821 [INFO] DISPLAY_MASSEVENT_BIG x: 2, y: 4
2024-07-01 08:05:52.683838 [INFO] MOUSEBUTTONDOWN_MASSEVENT x: 19, y: 11 MOUSEX: 552 MOUSEY: 401
2024-07-01 08:05:52.684838 [INFO] DISPLAY_MASSEVENT_BIG x: 19, y: 11
2024-07-01 08:05:52.688838 [INFO] DISPLAY_MASSEVENT_BIG x: 2, y: 5
2024-07-01 08:05:53.107862 [INFO] MOUSEBUTTONDOWN_MASSEVENT x: 19, y: 10 MOUSEX: 552 MOUSEY: 380
2024-07-01 08:05:53.108862 [INFO] DISPLAY_MASSEVENT_BIG x: 19, y: 10
2024-07-01 08:05:53.111862 [INFO] DISPLAY_MASSEVENT_SMALL x: 2, y: 6
2024-07-01 08:05:53.419880 [INFO] MOUSEBUTTONDOWN_MASSEVENT x: 19, y: 9 MOUSEX: 552 MOUSEY: 344
2024-07-01 08:05:53.420880 [INFO] DISPLAY_MASSEVENT_BIG x: 19, y: 9
2024-07-01 08:05:53.423880 [INFO] DISPLAY_MASSEVENT_SMALL x: 2, y: 7
2024-07-01 08:05:53.723897 [INFO] MOUSEBUTTONDOWN_MASSEVENT x: 19, y: 9 MOUSEX: 552 MOUSEY: 329
2024-07-01 08:05:54.027915 [INFO] MOUSEBUTTONDOWN_MASSEVENT x: 19, y: 8 MOUSEX: 551 MOUSEY: 298
2024-07-01 08:05:54.028915 [INFO] DISPLAY_MASSEVENT_BIG x: 19, y: 8
2024-07-01 08:05:54.030915 [INFO] DISPLAY_MASSEVENT_SMALL x: 2, y: 8
2024-07-01 08:05:54.467940 [INFO] MOUSEBUTTONDOWN_MASSEVENT x: 19, y: 7 MOUSEX: 552 MOUSEY: 267
2024-07-01 08:05:54.468940 [INFO] DISPLAY_MASSEVENT_BIG x: 19, y: 7
2024-07-01 08:05:54.471940 [INFO] DISPLAY_MASSEVENT_SMALL x: 2, y: 9
2024-07-01 08:05:54.843961 [INFO] MOUSEBUTTONDOWN_MASSEVENT x: 19, y: 6 MOUSEX: 554 MOUSEY: 226
2024-07-01 08:05:54.843961 [INFO] DISPLAY_MASSEVENT_BIG x: 19, y: 6
2024-07-01 08:05:54.846962 [INFO] DISPLAY_MASSEVENT_SMALL x: 2, y: 10
2024-07-01 08:05:55.291987 [INFO] MOUSEBUTTONDOWN_MASSEVENT x: 19, y: 5 MOUSEX: 564 MOUSEY: 179
2024-07-01 08:05:55.292987 [INFO] DISPLAY_MASSEVENT_BIG x: 19, y: 5
2024-07-01 08:05:55.295987 [INFO] DISPLAY_MASSEVENT_SMALL x: 2, y: 11
2024-07-01 08:05:55.860019 [INFO] MOUSEBUTTONDOWN_MASSEVENT x: 19, y: 4 MOUSEX: 559 MOUSEY: 146
2024-07-01 08:05:55.861020 [INFO] DISPLAY_MASSEVENT_BIG x: 19, y: 4
2024-07-01 08:05:55.864020 [INFO] DISPLAY_MASSEVENT_SMALL x: 2, y: 12
2024-07-01 08:05:56.276043 [INFO] MOUSEBUTTONDOWN_MASSEVENT x: 19, y: 3 MOUSEX: 554 MOUSEY: 99
2024-07-01 08:05:56.277043 [INFO] DISPLAY_MASSEVENT_BIG x: 19, y: 3
2024-07-01 08:05:56.280043 [INFO] DISPLAY_MASSEVENT_SMALL x: 2, y: 13
2024-07-01 08:05:56.588061 [INFO] MOUSEBUTTONDOWN_MASSEVENT x: 19, y: 2 MOUSEX: 556 MOUSEY: 58
2024-07-01 08:05:56.588061 [INFO] DISPLAY_MASSEVENT_BIG x: 19, y: 2
2024-07-01 08:05:56.592061 [INFO] DISPLAY_MASSEVENT_SMALL x: 2, y: 14
2024-07-01 08:05:57.139093 [INFO] MOUSEBUTTONDOWN_MASSEVENT x: 19, y: 1 MOUSEX: 553 MOUSEY: 37
2024-07-01 08:05:57.140093 [INFO] DISPLAY_MASSEVENT_BIG x: 19, y: 1
2024-07-01 08:05:57.143093 [INFO] DISPLAY_MASSEVENT_SMALL x: 2, y: 15
2024-07-01 08:05:57.931138 [INFO] MOUSEBUTTONDOWN_MASSEVENT x: 18, y: 1 MOUSEX: 524 MOUSEY: 10
2024-07-01 08:05:57.932138 [INFO] DISPLAY_MASSEVENT_BIG x: 18, y: 1
2024-07-01 08:05:57.935138 [INFO] DISPLAY_MASSEVENT_SMALL x: 3, y: 1
2024-07-01 08:05:58.228155 [INFO] MOUSEBUTTONDOWN_MASSEVENT x: 18, y: 2 MOUSEX: 525 MOUSEY: 54
2024-07-01 08:05:58.228155 [INFO] DISPLAY_MASSEVENT_BIG x: 18, y: 2
2024-07-01 08:05:58.232155 [INFO] DISPLAY_MASSEVENT_SMALL x: 3, y: 2
2024-07-01 08:05:58.627178 [INFO] MOUSEBUTTONDOWN_MASSEVENT x: 18, y: 3 MOUSEX: 525 MOUSEY: 85
2024-07-01 08:05:58.628178 [INFO] DISPLAY_MASSEVENT_BIG x: 18, y: 3
2024-07-01 08:05:58.631178 [INFO] DISPLAY_MASSEVENT_SMALL x: 3, y: 3
2024-07-01 08:05:58.956197 [INFO] MOUSEBUTTONDOWN_MASSEVENT x: 18, y: 3 MOUSEX: 523 MOUSEY: 111
2024-07-01 08:05:59.259214 [INFO] MOUSEBUTTONDOWN_MASSEVENT x: 18, y: 4 MOUSEX: 523 MOUSEY: 145
2024-07-01 08:05:59.260214 [INFO] DISPLAY_MASSEVENT_BIG x: 18, y: 4
2024-07-01 08:05:59.263214 [INFO] DISPLAY_MASSEVENT_SMALL x: 3, y: 4
2024-07-01 08:05:59.636235 [INFO] MOUSEBUTTONDOWN_MASSEVENT x: 18, y: 5 MOUSEX: 523 MOUSEY: 187
2024-07-01 08:05:59.636235 [INFO] DISPLAY_MASSEVENT_BIG x: 18, y: 5
2024-07-01 08:05:59.640236 [INFO] DISPLAY_MASSEVENT_SMALL x: 3, y: 5
2024-07-01 08:05:59.971255 [INFO] MOUSEBUTTONDOWN_MASSEVENT x: 18, y: 6 MOUSEX: 523 MOUSEY: 228
2024-07-01 08:05:59.972255 [INFO] DISPLAY_MASSEVENT_BIG x: 18, y: 6
2024-07-01 08:05:59.975255 [INFO] DISPLAY_MASSEVENT_SMALL x: 3, y: 6
2024-07-01 08:06:00.300273 [INFO] MOUSEBUTTONDOWN_MASSEVENT x: 18, y: 7 MOUSEX: 528 MOUSEY: 267
2024-07-01 08:06:00.300273 [INFO] DISPLAY_MASSEVENT_BIG x: 18, y: 7
2024-07-01 08:06:00.304274 [INFO] DISPLAY_MASSEVENT_SMALL x: 3, y: 7
2024-07-01 08:06:00.667294 [INFO] MOUSEBUTTONDOWN_MASSEVENT x: 18, y: 8 MOUSEX: 526 MOUSEY: 299
2024-07-01 08:06:00.668294 [INFO] DISPLAY_MASSEVENT_BIG x: 18, y: 8
2024-07-01 08:06:00.671295 [INFO] DISPLAY_MASSEVENT_SMALL x: 3, y: 8
2024-07-01 08:06:01.044316 [INFO] MOUSEBUTTONDOWN_MASSEVENT x: 18, y: 9 MOUSEX: 524 MOUSEY: 327
2024-07-01 08:06:01.387336 [INFO] MOUSEBUTTONDOWN_MASSEVENT x: 18, y: 9 MOUSEX: 522 MOUSEY: 358
2024-07-01 08:06:02.059374 [INFO] MOUSEBUTTONDOWN_MASSEVENT x: 18, y: 10 MOUSEX: 522 MOUSEY: 386
2024-07-01 08:06:02.547402 [INFO] MOUSEBUTTONDOWN_MASSEVENT x: 17, y: 10 MOUSEX: 491 MOUSEY: 373
2024-07-01 08:06:02.763414 [INFO] MOUSEBUTTONDOWN_MASSEVENT x: 17, y: 10 MOUSEX: 491 MOUSEY: 373
2024-07-01 08:06:02.987427 [INFO] MOUSEBUTTONDOWN_MASSEVENT x: 17, y: 10 MOUSEX: 484 MOUSEY: 368
2024-07-01 08:06:03.195439 [INFO] MOUSEBUTTONDOWN_MASSEVENT x: 17, y: 10 MOUSEX: 484 MOUSEY: 368
2024-07-01 08:06:03.419452 [INFO] MOUSEBUTTONDOWN_MASSEVENT x: 17, y: 10 MOUSEX: 484 MOUSEY: 366
2024-07-01 08:06:14.564089 [INFO] MOUSEBUTTONDOWN_MASSEVENT x: 17, y: 9 MOUSEX: 504 MOUSEY: 337
2024-07-01 08:06:16.347191 [INFO] MOUSEBUTTONDOWN_MASSEVENT x: 24, y: 2 MOUSEX: 700 MOUSEY: 46 TOO BIG OR SMALL
2024-07-01 08:06:16.348191 [INFO] MOUSEBUTTONDOWN_EVENT MASS-CHOOSE-EVENT x: 700, y: 46
2024-07-01 08:06:16.348191 [INFO] MASS-CHOOSE-SMALL
2024-07-01 08:06:16.348191 [INFO] MASS_CHOOSE_S IS TRUE
2024-07-01 08:06:16.349191 [INFO] MASS_CHOOSE_B IS FALSE
2024-07-01 08:06:16.891222 [INFO] MOUSEBUTTONDOWN_MASSEVENT x: 17, y: 9 MOUSEX: 507 MOUSEY: 324
2024-07-01 08:06:16.892222 [INFO] DISPLAY_MASSEVENT_SMALL x: 17, y: 9
2024-07-01 08:06:16.895223 [INFO] DISPLAY_MASSEVENT_SMALL x: 3, y: 9
2024-07-01 08:06:17.171238 [INFO] MOUSEBUTTONDOWN_MASSEVENT x: 18, y: 9 MOUSEX: 512 MOUSEY: 331
2024-07-01 08:06:17.172238 [INFO] DISPLAY_MASSEVENT_SMALL x: 18, y: 9
2024-07-01 08:06:17.175239 [INFO] DISPLAY_MASSEVENT_SMALL x: 3, y: 10
2024-07-01 08:06:21.172467 [INFO] MOUSEBUTTONDOWN_MASSEVENT x: 13, y: 8 MOUSEX: 372 MOUSEY: 311
2024-07-01 08:06:21.175467 [INFO] MOUSEBUTTONDOWN_EVENT BACK-EVENT x: 372, y: 311
2024-07-01 08:06:21.175467 [INFO] back yes
2024-07-01 08:06:21.198469 [INFO] GUI init
2024-07-01 08:06:21.205469 [INFO] Index bg
2024-07-01 08:06:21.208469 [INFO] Index start button
2024-07-01 08:06:21.209469 [INFO] Index settings image
2024-07-01 08:06:21.209469 [INFO] Index head text
2024-07-01 08:06:21.210469 [INFO] Index init
2024-07-01 08:06:22.987571 [INFO] Index quit
2024-07-01 08:06:23.042574 [INFO] exiting
