2024-06-16 20:18:43.663247 [INFO] starting
2024-06-16 20:18:48.535526 [INFO] exiting
2024-06-16 20:23:34.404876 [INFO] starting
2024-06-16 20:23:34.599888 [INFO] Index bg
2024-06-16 20:23:34.629889 [INFO] Index start button
2024-06-16 20:23:34.630889 [INFO] Index settings image
2024-06-16 20:23:34.631889 [INFO] Index head text
2024-06-16 20:23:34.632889 [INFO] Index init
2024-06-16 20:23:39.240153 [INFO] MOUSEBUTTONDOWN_EVENT x: 375, y: 337
2024-06-16 20:23:40.200208 [INFO] MOUSEBUTTONDOWN_EVENT x: 375, y: 337
2024-06-16 20:23:40.368217 [INFO] MOUSEBUTTONDOWN_EVENT x: 375, y: 337
2024-06-16 20:23:40.519226 [INFO] MOUSEBUTTONDOWN_EVENT x: 375, y: 337
2024-06-16 20:23:40.664234 [INFO] MOUSEBUTTONDOWN_EVENT x: 375, y: 337
2024-06-16 20:23:40.832244 [INFO] MOUSEBUTTONDOWN_EVENT x: 375, y: 337
2024-06-16 20:23:41.743296 [INFO] Index quit
2024-06-16 20:23:41.792299 [INFO] exiting
2024-06-16 20:25:41.078122 [INFO] starting
2024-06-16 20:25:41.228130 [INFO] Index bg
2024-06-16 20:25:41.258132 [INFO] Index start button
2024-06-16 20:25:41.258132 [INFO] Index settings image
2024-06-16 20:25:41.259132 [INFO] Index head text
2024-06-16 20:25:41.259132 [INFO] Index init
2024-06-16 20:25:42.703215 [INFO] MOUSEBUTTONDOWN_EVENT SETTINGS x: 35, y: 22
2024-06-16 20:25:43.951286 [INFO] MOUSEBUTTONDOWN_EVENT SETTINGS x: 75, y: 22
2024-06-16 20:25:45.742388 [INFO] MOUSEBUTTONDOWN_EVENT SETTINGS x: 51, y: 82
2024-06-16 20:25:45.967401 [INFO] MOUSEBUTTONDOWN_EVENT SETTINGS x: 50, y: 81
2024-06-16 20:25:46.263418 [INFO] MOUSEBUTTONDOWN_EVENT SETTINGS x: 25, y: 68
2024-06-16 20:25:46.454429 [INFO] MOUSEBUTTONDOWN_EVENT SETTINGS x: 25, y: 68
2024-06-16 20:25:46.822450 [INFO] MOUSEBUTTONDOWN_EVENT SETTINGS x: 37, y: 45
2024-06-16 20:25:47.015461 [INFO] MOUSEBUTTONDOWN_EVENT SETTINGS x: 37, y: 45
2024-06-16 20:25:47.198472 [INFO] MOUSEBUTTONDOWN_EVENT SETTINGS x: 37, y: 45
2024-06-16 20:25:49.198586 [INFO] Index quit
2024-06-16 20:25:49.234588 [INFO] exiting
2024-06-16 20:26:00.286220 [INFO] starting
2024-06-16 20:26:00.457230 [INFO] Index bg
2024-06-16 20:26:00.484232 [INFO] Index start button
2024-06-16 20:26:00.485232 [INFO] Index settings image
2024-06-16 20:26:00.486232 [INFO] Index head text
2024-06-16 20:26:00.486232 [INFO] Index init
2024-06-16 20:26:01.278277 [INFO] MOUSEBUTTONDOWN_EVENT SETTINGS x: 25, y: 29
2024-06-16 20:26:01.447287 [INFO] MOUSEBUTTONDOWN_EVENT SETTINGS x: 25, y: 29
2024-06-16 20:26:01.758304 [INFO] MOUSEBUTTONDOWN_EVENT SETTINGS x: 47, y: 36
2024-06-16 20:26:01.934315 [INFO] MOUSEBUTTONDOWN_EVENT SETTINGS x: 47, y: 36
2024-06-16 20:26:02.286335 [INFO] MOUSEBUTTONDOWN_EVENT SETTINGS x: 36, y: 37
2024-06-16 20:26:02.446344 [INFO] MOUSEBUTTONDOWN_EVENT SETTINGS x: 36, y: 37
2024-06-16 20:26:06.510576 [INFO] MOUSEBUTTONDOWN_EVENT SETTINGS x: 34, y: 44
2024-06-16 20:26:06.710588 [INFO] MOUSEBUTTONDOWN_EVENT SETTINGS x: 33, y: 42
2024-06-16 20:26:06.950601 [INFO] MOUSEBUTTONDOWN_EVENT SETTINGS x: 26, y: 28
2024-06-16 20:26:07.150613 [INFO] MOUSEBUTTONDOWN_EVENT SETTINGS x: 26, y: 28
2024-06-16 20:26:07.366625 [INFO] MOUSEBUTTONDOWN_EVENT SETTINGS x: 35, y: 23
2024-06-16 20:26:07.622640 [INFO] MOUSEBUTTONDOWN_EVENT SETTINGS x: 28, y: 20
2024-06-16 20:26:07.806650 [INFO] MOUSEBUTTONDOWN_EVENT SETTINGS x: 27, y: 20
2024-06-16 20:26:09.118725 [INFO] Index quit
2024-06-16 20:26:09.162728 [INFO] exiting
