2024-06-17 20:21:22.457127 [INFO] starting
2024-06-17 20:21:22.785145 [INFO] Index bg
2024-06-17 20:21:22.933154 [INFO] Index start button
2024-06-17 20:21:22.983157 [INFO] Index settings image
2024-06-17 20:21:22.984157 [INFO] Index head text
2024-06-17 20:21:22.984157 [INFO] Index init
2024-06-17 20:21:27.076391 [INFO] MOUSEBUTTONDOWN_EVENT STARTGAME x: 472, y: 311
2024-06-17 20:21:30.599592 [INFO] MOUSEBUTTONDOWN_EVENT SETTINGS x: 24, y: 33
2024-06-17 20:21:30.831606 [INFO] MOUSEBUTTONDOWN_EVENT SETTINGS x: 20, y: 28
2024-06-17 20:21:31.535646 [INFO] MOUSEBUTTONDOWN_EVENT SETTINGS x: 20, y: 28
2024-06-17 20:21:31.710656 [INFO] MOUSEBUTTONDOWN_EVENT SETTINGS x: 20, y: 28
2024-06-17 20:21:31.918668 [INFO] MOUSEBUTTONDOWN_EVENT SETTINGS x: 20, y: 28
2024-06-17 20:21:33.863779 [INFO] MOUSEBUTTONDOWN_EVENT STARTGAME x: 345, y: 343
2024-06-17 20:21:36.238915 [INFO] MOUSEBUTTONDOWN_EVENT STARTGAME x: 362, y: 316
2024-06-17 20:21:36.982958 [INFO] MOUSEBUTTONDOWN_EVENT STARTGAME x: 355, y: 324
2024-06-17 20:21:37.158968 [INFO] MOUSEBUTTONDOWN_EVENT STARTGAME x: 358, y: 326
2024-06-17 20:21:37.414982 [INFO] MOUSEBUTTONDOWN_EVENT STARTGAME x: 358, y: 327
2024-06-17 20:21:38.535046 [INFO] MOUSEBUTTONDOWN_EVENT STARTGAME x: 350, y: 356
2024-06-17 20:21:38.711056 [INFO] MOUSEBUTTONDOWN_EVENT STARTGAME x: 351, y: 356
2024-06-17 20:21:38.871066 [INFO] MOUSEBUTTONDOWN_EVENT STARTGAME x: 351, y: 356
2024-06-17 20:21:40.207142 [INFO] Index quit
2024-06-17 20:21:40.259145 [INFO] exiting
2024-06-17 20:25:15.468454 [INFO] starting
2024-06-17 20:25:15.597462 [INFO] GUI init
2024-06-17 20:25:15.608462 [INFO] Index bg
2024-06-17 20:25:15.627463 [INFO] Index start button
2024-06-17 20:25:15.628463 [INFO] Index settings image
2024-06-17 20:25:15.628463 [INFO] Index head text
2024-06-17 20:25:15.629463 [INFO] Index init
2024-06-17 20:25:18.805645 [INFO] Index quit
2024-06-17 20:25:18.852648 [INFO] exiting
2024-06-17 20:25:54.211670 [INFO] starting
2024-06-17 20:25:54.343678 [INFO] GUI init
2024-06-17 20:25:54.351678 [INFO] Index bg
2024-06-17 20:25:54.373679 [INFO] Index start button
2024-06-17 20:25:54.374679 [INFO] Index settings image
2024-06-17 20:25:54.374679 [INFO] Index head text
2024-06-17 20:25:54.375680 [INFO] Index init
2024-06-17 20:25:56.581806 [INFO] Index quit
2024-06-17 20:25:56.649810 [INFO] exiting
2024-06-17 20:26:05.174297 [INFO] starting
2024-06-17 20:26:05.319305 [INFO] GUI init
2024-06-17 20:26:05.326306 [INFO] Index bg
2024-06-17 20:26:05.344307 [INFO] Index start button
2024-06-17 20:26:05.345307 [INFO] Index settings image
2024-06-17 20:26:05.346307 [INFO] Index head text
2024-06-17 20:26:05.346307 [INFO] Index init
2024-06-17 20:26:08.173469 [INFO] MOUSEBUTTONDOWN_EVENT STARTGAME x: 409, y: 320
2024-06-17 20:26:09.436541 [INFO] MOUSEBUTTONDOWN_EVENT SETTINGS x: 31, y: 28
2024-06-17 20:26:13.093750 [INFO] Index quit
2024-06-17 20:26:13.144753 [INFO] exiting
2024-06-17 20:27:08.882941 [INFO] starting
2024-06-17 20:27:08.999948 [INFO] GUI init
2024-06-17 20:27:09.008948 [INFO] Index bg
2024-06-17 20:27:09.026949 [INFO] Index start button
2024-06-17 20:27:09.026949 [INFO] Index settings image
2024-06-17 20:27:09.027949 [INFO] Index head text
2024-06-17 20:27:09.027949 [INFO] Index init
2024-06-17 20:27:11.589096 [INFO] Index quit
2024-06-17 20:27:11.648099 [INFO] exiting
2024-06-17 20:27:34.135385 [INFO] starting
2024-06-17 20:27:34.256392 [INFO] GUI init
2024-06-17 20:27:34.266393 [INFO] Index bg
2024-06-17 20:27:34.283394 [INFO] Index start button
2024-06-17 20:27:34.284394 [INFO] Index settings image
2024-06-17 20:27:34.284394 [INFO] Index head text
2024-06-17 20:27:34.285394 [INFO] Index init
2024-06-17 20:27:36.012493 [INFO] Index quit
2024-06-17 20:27:36.069496 [INFO] exiting
2024-06-17 20:27:59.189819 [INFO] starting
2024-06-17 20:27:59.377829 [INFO] GUI init
2024-06-17 20:27:59.384830 [INFO] Index bg
2024-06-17 20:27:59.403831 [INFO] Index start button
2024-06-17 20:27:59.404831 [INFO] Index settings image
2024-06-17 20:27:59.405831 [INFO] Index head text
2024-06-17 20:27:59.405831 [INFO] Index init
2024-06-17 20:28:04.252108 [INFO] Index quit
2024-06-17 20:28:04.304111 [INFO] exiting
