2024-06-18 19:37:43.025101 [INFO] starting
2024-06-18 19:37:43.294116 [INFO] GUI init
2024-06-18 19:37:43.334119 [INFO] Index bg
2024-06-18 19:37:43.463126 [INFO] Index start button
2024-06-18 19:37:43.509129 [INFO] Index settings image
2024-06-18 19:37:43.510129 [INFO] Index head text
2024-06-18 19:37:43.510129 [INFO] Index init
2024-06-18 19:37:46.786316 [INFO] MOUSEBUTTONDOWN_EVENT STARTGAME x: 368, y: 336
2024-06-18 19:37:47.528359 [INFO] MOUSEBUTTONDOWN_EVENT STARTGAME x: 360, y: 342
2024-06-18 19:37:47.856377 [INFO] MOUSEBUTTONDOWN_EVENT STARTGAME x: 360, y: 342
2024-06-18 19:37:48.816432 [INFO] MOUSEBUTTONDOWN_EVENT SETTINGS x: 30, y: 31
2024-06-18 19:37:49.000443 [INFO] MOUSEBUTTONDOWN_EVENT SETTINGS x: 30, y: 31
2024-06-18 19:37:49.216455 [INFO] MOUSEBUTTONDOWN_EVENT SETTINGS x: 30, y: 31
2024-06-18 19:37:50.640537 [INFO] Index quit
2024-06-18 19:37:50.741542 [INFO] exiting
2024-06-18 19:42:14.254615 [INFO] starting
2024-06-18 19:42:14.373621 [INFO] GUI init
2024-06-18 19:42:14.382622 [INFO] Index bg
2024-06-18 19:42:14.401623 [INFO] Index start button
2024-06-18 19:42:14.402623 [INFO] Index settings image
2024-06-18 19:42:14.402623 [INFO] Index head text
2024-06-18 19:42:14.403623 [INFO] Index init
2024-06-18 19:42:58.855166 [INFO] starting
2024-06-18 19:42:58.974172 [INFO] GUI init
2024-06-18 19:42:58.983173 [INFO] Index bg
2024-06-18 19:42:59.001174 [INFO] Index start button
2024-06-18 19:42:59.002174 [INFO] Index settings image
2024-06-18 19:42:59.002174 [INFO] Index head text
2024-06-18 19:42:59.003174 [INFO] Index init
2024-06-18 19:42:59.630210 [INFO] MOUSEBUTTONDOWN_EVENT STARTGAME x: 413, y: 329
2024-06-18 19:42:59.632210 [INFO] GUI init
2024-06-18 19:43:04.198471 [INFO] Index quit
2024-06-18 19:43:04.241474 [INFO] exiting
2024-06-18 19:52:05.269419 [INFO] starting
2024-06-18 19:52:05.406426 [INFO] GUI init
2024-06-18 19:52:05.412427 [INFO] Index bg
2024-06-18 19:52:05.431428 [INFO] Index start button
2024-06-18 19:52:05.432428 [INFO] Index settings image
2024-06-18 19:52:05.432428 [INFO] Index head text
2024-06-18 19:52:05.432428 [INFO] Index init
2024-06-18 19:52:23.456459 [INFO] starting
2024-06-18 19:52:23.589466 [INFO] GUI init
2024-06-18 19:52:23.596467 [INFO] Index bg
2024-06-18 19:52:23.613468 [INFO] Index start button
2024-06-18 19:52:23.614468 [INFO] Index settings image
2024-06-18 19:52:23.614468 [INFO] Index head text
2024-06-18 19:52:23.614468 [INFO] Index init
2024-06-18 19:52:25.250562 [INFO] MOUSEBUTTONDOWN_EVENT STARTGAME x: 360, y: 333
2024-06-18 19:52:25.252562 [INFO] GUI init
2024-06-18 19:52:27.225674 [INFO] Index quit
2024-06-18 19:52:27.263677 [INFO] exiting
2024-06-18 19:55:39.659681 [INFO] starting
2024-06-18 19:55:39.810690 [INFO] GUI init
2024-06-18 19:55:39.820690 [INFO] Index bg
2024-06-18 19:55:39.844692 [INFO] Index start button
2024-06-18 19:55:39.844692 [INFO] Index settings image
2024-06-18 19:55:39.845692 [INFO] Index head text
2024-06-18 19:55:39.845692 [INFO] Index init
2024-06-18 19:55:40.976756 [INFO] MOUSEBUTTONDOWN_EVENT STARTGAME x: 464, y: 346
2024-06-18 19:55:40.979757 [INFO] GUI init
2024-06-18 19:55:42.641852 [INFO] Index quit
2024-06-18 19:55:42.678854 [INFO] exiting
2024-06-18 19:55:56.249630 [INFO] starting
2024-06-18 19:55:56.383638 [INFO] GUI init
2024-06-18 19:55:56.394638 [INFO] Index bg
2024-06-18 19:55:56.415639 [INFO] Index start button
2024-06-18 19:55:56.416640 [INFO] Index settings image
2024-06-18 19:55:56.417640 [INFO] Index head text
2024-06-18 19:55:56.417640 [INFO] Index init
2024-06-18 19:55:57.176683 [INFO] MOUSEBUTTONDOWN_EVENT STARTGAME x: 410, y: 319
2024-06-18 19:55:57.179683 [INFO] GUI init
2024-06-18 19:55:59.783832 [INFO] Index quit
2024-06-18 19:55:59.820834 [INFO] exiting
2024-06-18 19:56:09.793405 [INFO] starting
2024-06-18 19:56:09.961414 [INFO] GUI init
2024-06-18 19:56:09.969415 [INFO] Index bg
2024-06-18 19:56:09.994416 [INFO] Index start button
2024-06-18 19:56:09.995416 [INFO] Index settings image
2024-06-18 19:56:09.996416 [INFO] Index head text
2024-06-18 19:56:09.996416 [INFO] Index init
2024-06-18 19:56:11.808520 [INFO] MOUSEBUTTONDOWN_EVENT STARTGAME x: 358, y: 314
2024-06-18 19:56:11.811520 [INFO] GUI init
2024-06-18 19:56:13.640625 [INFO] Index quit
2024-06-18 19:56:13.680627 [INFO] exiting
2024-06-18 19:57:16.466218 [INFO] starting
2024-06-18 19:57:16.625227 [INFO] GUI init
2024-06-18 19:57:16.635228 [INFO] Index bg
2024-06-18 19:57:16.654229 [INFO] Index start button
2024-06-18 19:57:16.655229 [INFO] Index settings image
2024-06-18 19:57:16.655229 [INFO] Index head text
2024-06-18 19:57:16.656229 [INFO] Index init
2024-06-18 19:57:18.080310 [INFO] MOUSEBUTTONDOWN_EVENT STARTGAME x: 440, y: 321
2024-06-18 19:57:18.083311 [INFO] GUI init
2024-06-18 19:57:23.863641 [INFO] Index quit
2024-06-18 19:57:23.897643 [INFO] exiting
2024-06-18 19:57:45.006851 [INFO] starting
2024-06-18 19:57:45.150859 [INFO] GUI init
2024-06-18 19:57:45.157859 [INFO] Index bg
2024-06-18 19:57:45.178860 [INFO] Index start button
2024-06-18 19:57:45.179860 [INFO] Index settings image
2024-06-18 19:57:45.179860 [INFO] Index head text
2024-06-18 19:57:45.179860 [INFO] Index init
2024-06-18 19:57:45.777895 [INFO] MOUSEBUTTONDOWN_EVENT STARTGAME x: 455, y: 328
2024-06-18 19:57:45.779895 [INFO] GUI init
2024-06-18 19:57:49.215091 [INFO] Index quit
2024-06-18 19:57:49.259094 [INFO] exiting
2024-06-18 20:00:32.950456 [INFO] starting
2024-06-18 20:00:33.086464 [INFO] GUI init
2024-06-18 20:00:33.093465 [INFO] Index bg
2024-06-18 20:00:33.112466 [INFO] Index start button
2024-06-18 20:00:33.112466 [INFO] Index settings image
2024-06-18 20:00:33.113466 [INFO] Index head text
2024-06-18 20:00:33.113466 [INFO] Index init
2024-06-18 20:00:34.015517 [INFO] MOUSEBUTTONDOWN_EVENT STARTGAME x: 427, y: 334
2024-06-18 20:00:34.018517 [INFO] GUI init
2024-06-18 20:00:45.822193 [INFO] Index quit
2024-06-18 20:00:45.857195 [INFO] exiting
2024-06-18 20:03:02.129989 [INFO] starting
2024-06-18 20:03:02.286998 [INFO] GUI init
2024-06-18 20:03:02.293998 [INFO] Index bg
2024-06-18 20:03:02.316000 [INFO] Index start button
2024-06-18 20:03:02.317000 [INFO] Index settings image
2024-06-18 20:03:02.317000 [INFO] Index head text
2024-06-18 20:03:02.317000 [INFO] Index init
2024-06-18 20:03:02.806028 [INFO] MOUSEBUTTONDOWN_EVENT STARTGAME x: 357, y: 356
2024-06-18 20:03:02.806028 [INFO] start game
2024-06-18 20:03:02.808028 [INFO] GUI init
2024-06-18 20:03:02.814028 [INFO] game gui init
2024-06-18 20:03:08.189335 [INFO] game quit
2024-06-18 20:03:08.229338 [INFO] exiting
2024-06-18 20:03:24.628276 [INFO] starting
2024-06-18 20:03:24.769284 [INFO] GUI init
2024-06-18 20:03:24.775284 [INFO] Index bg
2024-06-18 20:03:24.799286 [INFO] Index start button
2024-06-18 20:03:24.800286 [INFO] Index settings image
2024-06-18 20:03:24.801286 [INFO] Index head text
2024-06-18 20:03:24.801286 [INFO] Index init
2024-06-18 20:03:25.389319 [INFO] MOUSEBUTTONDOWN_EVENT STARTGAME x: 391, y: 308
2024-06-18 20:03:25.390319 [INFO] start game
2024-06-18 20:03:25.393320 [INFO] GUI init
2024-06-18 20:03:25.443322 [INFO] game gui init
2024-06-18 20:03:31.836688 [INFO] game quit
2024-06-18 20:03:31.896691 [INFO] exiting
2024-06-18 20:04:58.064620 [INFO] starting
2024-06-18 20:04:58.210628 [INFO] GUI init
2024-06-18 20:04:58.220629 [INFO] Index bg
2024-06-18 20:04:58.251631 [INFO] Index start button
2024-06-18 20:04:58.252631 [INFO] Index settings image
2024-06-18 20:04:58.253631 [INFO] Index head text
2024-06-18 20:04:58.253631 [INFO] Index init
2024-06-18 20:04:58.812663 [INFO] MOUSEBUTTONDOWN_EVENT STARTGAME x: 397, y: 334
2024-06-18 20:04:58.815663 [INFO] start game
2024-06-18 20:04:58.818663 [INFO] GUI init
2024-06-18 20:04:58.829664 [INFO] game gui init
2024-06-18 20:05:52.147713 [INFO] game quit
2024-06-18 20:05:52.194716 [INFO] exiting
2024-06-18 20:07:05.677919 [INFO] starting
2024-06-18 20:07:05.835928 [INFO] GUI init
2024-06-18 20:07:05.846929 [INFO] Index bg
2024-06-18 20:07:05.870930 [INFO] Index start button
2024-06-18 20:07:05.871930 [INFO] Index settings image
2024-06-18 20:07:05.872930 [INFO] Index head text
2024-06-18 20:07:05.872930 [INFO] Index init
2024-06-18 20:07:06.604972 [INFO] MOUSEBUTTONDOWN_EVENT STARTGAME x: 405, y: 334
2024-06-18 20:07:06.607972 [INFO] start game
2024-06-18 20:07:06.612973 [INFO] GUI init
2024-06-18 20:07:06.623973 [INFO] game gui init
2024-06-18 20:07:07.756038 [INFO] MOUSEBUTTONDOWN_EVENT BACKTOINDEX x: 639, y: 9
2024-06-18 20:07:08.084057 [INFO] MOUSEBUTTONDOWN_EVENT BACKTOINDEX x: 638, y: 22
2024-06-18 20:07:08.252066 [INFO] MOUSEBUTTONDOWN_EVENT BACKTOINDEX x: 638, y: 22
2024-06-18 20:07:08.414076 [INFO] MOUSEBUTTONDOWN_EVENT BACKTOINDEX x: 638, y: 22
2024-06-18 20:07:09.115116 [INFO] game quit
2024-06-18 20:07:09.155118 [INFO] exiting
2024-06-18 20:09:13.920254 [INFO] starting
2024-06-18 20:09:14.081263 [INFO] GUI init
2024-06-18 20:09:14.089264 [INFO] Index bg
2024-06-18 20:09:14.112265 [INFO] Index start button
2024-06-18 20:09:14.113265 [INFO] Index settings image
2024-06-18 20:09:14.113265 [INFO] Index head text
2024-06-18 20:09:14.113265 [INFO] Index init
2024-06-18 20:09:14.662297 [INFO] MOUSEBUTTONDOWN_EVENT STARTGAME x: 394, y: 334
2024-06-18 20:09:14.662297 [INFO] start game
2024-06-18 20:09:14.665297 [INFO] GUI init
2024-06-18 20:09:14.675297 [INFO] game gui init
2024-06-18 20:09:15.722357 [INFO] MOUSEBUTTONDOWN_EVENT BACKTOINDEX x: 634, y: 23
2024-06-18 20:09:15.723357 [INFO] exiting
2024-06-18 20:09:22.517746 [INFO] starting
2024-06-18 20:09:22.685755 [INFO] GUI init
2024-06-18 20:09:22.696756 [INFO] Index bg
2024-06-18 20:09:22.720757 [INFO] Index start button
2024-06-18 20:09:22.721758 [INFO] Index settings image
2024-06-18 20:09:22.721758 [INFO] Index head text
2024-06-18 20:09:22.721758 [INFO] Index init
2024-06-18 20:09:23.130781 [INFO] MOUSEBUTTONDOWN_EVENT STARTGAME x: 369, y: 335
2024-06-18 20:09:23.131781 [INFO] start game
2024-06-18 20:09:23.133781 [INFO] GUI init
2024-06-18 20:09:23.141782 [INFO] game gui init
2024-06-18 20:09:23.754817 [INFO] MOUSEBUTTONDOWN_EVENT BACKTOINDEX x: 640, y: 30
2024-06-18 20:09:24.554862 [INFO] MOUSEBUTTONDOWN_EVENT BACKTOINDEX x: 640, y: 30
2024-06-18 20:09:25.490916 [INFO] MOUSEBUTTONDOWN_EVENT BACKTOINDEX x: 638, y: 31
2024-06-18 20:09:25.650925 [INFO] MOUSEBUTTONDOWN_EVENT BACKTOINDEX x: 638, y: 31
2024-06-18 20:09:26.002945 [INFO] MOUSEBUTTONDOWN_EVENT BACKTOINDEX x: 634, y: 36
2024-06-18 20:09:26.218958 [INFO] MOUSEBUTTONDOWN_EVENT BACKTOINDEX x: 634, y: 36
2024-06-18 20:09:26.498974 [INFO] MOUSEBUTTONDOWN_EVENT BACKTOINDEX x: 623, y: 14
2024-06-18 20:09:26.698985 [INFO] MOUSEBUTTONDOWN_EVENT BACKTOINDEX x: 623, y: 14
2024-06-18 20:09:26.946999 [INFO] MOUSEBUTTONDOWN_EVENT BACKTOINDEX x: 614, y: 31
2024-06-18 20:09:27.147011 [INFO] MOUSEBUTTONDOWN_EVENT BACKTOINDEX x: 614, y: 31
2024-06-18 20:09:27.347022 [INFO] MOUSEBUTTONDOWN_EVENT BACKTOINDEX x: 614, y: 23
2024-06-18 20:09:27.531033 [INFO] MOUSEBUTTONDOWN_EVENT BACKTOINDEX x: 614, y: 23
2024-06-18 20:09:27.747045 [INFO] MOUSEBUTTONDOWN_EVENT BACKTOINDEX x: 622, y: 39
2024-06-18 20:09:27.939056 [INFO] MOUSEBUTTONDOWN_EVENT BACKTOINDEX x: 622, y: 40
2024-06-18 20:09:28.123066 [INFO] MOUSEBUTTONDOWN_EVENT BACKTOINDEX x: 622, y: 40
2024-06-18 20:09:28.612094 [INFO] MOUSEBUTTONDOWN_EVENT BACKTOINDEX x: 620, y: 16
2024-06-18 20:09:28.811106 [INFO] MOUSEBUTTONDOWN_EVENT BACKTOINDEX x: 620, y: 16
2024-06-18 20:09:29.043119 [INFO] MOUSEBUTTONDOWN_EVENT BACKTOINDEX x: 641, y: 19
2024-06-18 20:09:29.226130 [INFO] MOUSEBUTTONDOWN_EVENT BACKTOINDEX x: 641, y: 19
2024-06-18 20:09:29.459143 [INFO] MOUSEBUTTONDOWN_EVENT BACKTOINDEX x: 651, y: 24
2024-06-18 20:09:30.146182 [INFO] game quit
2024-06-18 20:09:30.196185 [INFO] exiting
2024-06-18 20:10:48.578668 [INFO] starting
2024-06-18 20:10:48.757678 [INFO] GUI init
2024-06-18 20:10:48.770679 [INFO] Index bg
2024-06-18 20:10:48.802681 [INFO] Index start button
2024-06-18 20:10:48.803681 [INFO] Index settings image
2024-06-18 20:10:48.804681 [INFO] Index head text
2024-06-18 20:10:48.804681 [INFO] Index init
2024-06-18 20:10:49.469719 [INFO] MOUSEBUTTONDOWN_EVENT STARTGAME x: 385, y: 331
2024-06-18 20:10:49.469719 [INFO] start game
2024-06-18 20:10:49.473719 [INFO] GUI init
2024-06-18 20:10:49.483720 [INFO] game gui init
2024-06-18 20:10:51.041809 [INFO] game quit
2024-06-18 20:10:51.078811 [INFO] exiting
2024-06-18 20:11:06.466691 [INFO] starting
2024-06-18 20:11:06.610700 [INFO] GUI init
2024-06-18 20:11:06.619700 [INFO] Index bg
2024-06-18 20:11:06.638701 [INFO] Index start button
2024-06-18 20:11:06.639701 [INFO] Index settings image
2024-06-18 20:11:06.639701 [INFO] Index head text
2024-06-18 20:11:06.640701 [INFO] Index init
2024-06-18 20:11:07.162731 [INFO] MOUSEBUTTONDOWN_EVENT STARTGAME x: 361, y: 344
2024-06-18 20:11:07.162731 [INFO] start game
2024-06-18 20:11:07.165731 [INFO] GUI init
2024-06-18 20:11:07.176732 [INFO] game gui init
2024-06-18 20:11:09.321855 [INFO] game quit
2024-06-18 20:11:09.358857 [INFO] exiting
2024-06-18 20:12:10.287342 [INFO] starting
2024-06-18 20:12:10.461352 [INFO] GUI init
2024-06-18 20:12:10.468352 [INFO] Index bg
2024-06-18 20:12:10.486353 [INFO] Index start button
2024-06-18 20:12:10.488353 [INFO] Index settings image
2024-06-18 20:12:10.488353 [INFO] Index head text
2024-06-18 20:12:10.489353 [INFO] Index init
2024-06-18 20:12:11.665421 [INFO] MOUSEBUTTONDOWN_EVENT STARTGAME x: 397, y: 341
2024-06-18 20:12:11.666421 [INFO] start game
2024-06-18 20:12:11.669421 [INFO] GUI init
2024-06-18 20:12:11.677421 [INFO] game gui init
2024-06-18 20:12:16.081673 [INFO] game quit
2024-06-18 20:12:16.120675 [INFO] exiting
2024-06-18 20:12:34.749741 [INFO] starting
2024-06-18 20:12:34.893749 [INFO] GUI init
2024-06-18 20:12:34.900750 [INFO] Index bg
2024-06-18 20:12:34.923751 [INFO] Index start button
2024-06-18 20:12:34.925751 [INFO] Index settings image
2024-06-18 20:12:34.925751 [INFO] Index head text
2024-06-18 20:12:34.925751 [INFO] Index init
2024-06-18 20:12:35.681794 [INFO] MOUSEBUTTONDOWN_EVENT STARTGAME x: 381, y: 320
2024-06-18 20:12:35.681794 [INFO] start game
2024-06-18 20:12:35.684794 [INFO] GUI init
2024-06-18 20:12:35.693795 [INFO] game gui init
2024-06-18 20:12:37.600904 [INFO] game quit
2024-06-18 20:12:37.655907 [INFO] exiting
2024-06-18 20:12:43.439238 [INFO] starting
2024-06-18 20:12:43.602247 [INFO] GUI init
2024-06-18 20:12:43.611248 [INFO] Index bg
2024-06-18 20:12:43.630249 [INFO] Index start button
2024-06-18 20:12:43.631249 [INFO] Index settings image
2024-06-18 20:12:43.631249 [INFO] Index head text
2024-06-18 20:12:43.632249 [INFO] Index init
2024-06-18 20:12:44.249284 [INFO] MOUSEBUTTONDOWN_EVENT STARTGAME x: 402, y: 328
2024-06-18 20:12:44.250284 [INFO] start game
2024-06-18 20:12:44.254285 [INFO] GUI init
2024-06-18 20:12:44.264285 [INFO] game gui init
2024-06-18 20:12:45.817374 [INFO] game quit
2024-06-18 20:12:45.854376 [INFO] exiting
2024-06-18 20:12:48.442524 [INFO] starting
2024-06-18 20:12:48.591533 [INFO] GUI init
2024-06-18 20:12:48.600533 [INFO] Index bg
2024-06-18 20:12:48.621534 [INFO] Index start button
2024-06-18 20:12:48.622534 [INFO] Index settings image
2024-06-18 20:12:48.622534 [INFO] Index head text
2024-06-18 20:12:48.622534 [INFO] Index init
2024-06-18 20:12:49.601590 [INFO] MOUSEBUTTONDOWN_EVENT STARTGAME x: 383, y: 345
2024-06-18 20:12:49.602590 [INFO] start game
2024-06-18 20:12:49.608591 [INFO] GUI init
2024-06-18 20:12:49.619591 [INFO] game gui init
2024-06-18 20:12:52.544759 [INFO] game quit
2024-06-18 20:12:52.586761 [INFO] exiting
2024-06-18 20:17:48.000658 [INFO] starting
2024-06-18 20:17:48.160667 [INFO] GUI init
2024-06-18 20:17:48.171668 [INFO] Index bg
2024-06-18 20:17:48.197669 [INFO] Index start button
2024-06-18 20:17:48.198669 [INFO] Index settings image
2024-06-18 20:17:48.198669 [INFO] Index head text
2024-06-18 20:17:48.199669 [INFO] Index init
2024-06-18 20:17:49.111721 [INFO] MOUSEBUTTONDOWN_EVENT STARTGAME x: 429, y: 339
2024-06-18 20:17:49.111721 [INFO] start game
2024-06-18 20:17:49.114722 [INFO] GUI init
2024-06-18 20:17:49.123722 [INFO] game gui init
2024-06-18 20:17:51.510859 [INFO] game quit
2024-06-18 20:17:51.540860 [INFO] exiting
2024-06-18 20:18:16.284276 [INFO] starting
2024-06-18 20:18:16.419283 [INFO] GUI init
2024-06-18 20:18:16.427284 [INFO] Index bg
2024-06-18 20:18:16.448285 [INFO] Index start button
2024-06-18 20:18:16.449285 [INFO] Index settings image
2024-06-18 20:18:16.450285 [INFO] Index head text
2024-06-18 20:18:16.450285 [INFO] Index init
2024-06-18 20:18:16.871309 [INFO] MOUSEBUTTONDOWN_EVENT STARTGAME x: 377, y: 343
2024-06-18 20:18:16.872309 [INFO] start game
2024-06-18 20:18:16.874309 [INFO] GUI init
2024-06-18 20:18:16.883310 [INFO] game gui init
2024-06-18 20:18:33.551263 [INFO] game quit
2024-06-18 20:18:33.582265 [INFO] exiting
2024-06-18 20:20:46.612874 [INFO] starting
2024-06-18 20:20:46.747882 [INFO] GUI init
2024-06-18 20:20:46.754882 [INFO] Index bg
2024-06-18 20:20:46.773883 [INFO] Index start button
2024-06-18 20:20:46.774883 [INFO] Index settings image
2024-06-18 20:20:46.774883 [INFO] Index head text
2024-06-18 20:20:46.775883 [INFO] Index init
2024-06-18 20:20:47.829943 [INFO] MOUSEBUTTONDOWN_EVENT STARTGAME x: 418, y: 346
2024-06-18 20:20:47.830944 [INFO] start game
2024-06-18 20:20:47.833944 [INFO] GUI init
2024-06-18 20:20:47.840944 [INFO] game gui init
2024-06-18 20:20:49.558042 [INFO] game quit
2024-06-18 20:20:49.619046 [INFO] exiting
2024-06-18 20:20:54.525326 [INFO] starting
2024-06-18 20:20:54.655334 [INFO] GUI init
2024-06-18 20:20:54.666334 [INFO] Index bg
2024-06-18 20:20:54.693336 [INFO] Index start button
2024-06-18 20:20:54.694336 [INFO] Index settings image
2024-06-18 20:20:54.694336 [INFO] Index head text
2024-06-18 20:20:54.694336 [INFO] Index init
2024-06-18 20:20:55.054357 [INFO] MOUSEBUTTONDOWN_EVENT STARTGAME x: 424, y: 319
2024-06-18 20:20:55.055357 [INFO] start game
2024-06-18 20:20:55.057357 [INFO] GUI init
2024-06-18 20:20:55.065357 [INFO] game gui init
2024-06-18 20:20:56.509440 [INFO] game quit
2024-06-18 20:20:56.541442 [INFO] exiting
2024-06-18 20:21:01.214709 [INFO] starting
2024-06-18 20:21:01.349717 [INFO] GUI init
2024-06-18 20:21:01.359717 [INFO] Index bg
2024-06-18 20:21:01.387719 [INFO] Index start button
2024-06-18 20:21:01.388719 [INFO] Index settings image
2024-06-18 20:21:01.389719 [INFO] Index head text
2024-06-18 20:21:01.389719 [INFO] Index init
2024-06-18 20:21:02.414778 [INFO] MOUSEBUTTONDOWN_EVENT STARTGAME x: 433, y: 354
2024-06-18 20:21:02.414778 [INFO] start game
2024-06-18 20:21:02.418778 [INFO] GUI init
2024-06-18 20:21:02.428778 [INFO] game gui init
2024-06-18 20:21:19.893777 [INFO] game quit
2024-06-18 20:21:19.930780 [INFO] exiting
2024-06-18 20:21:30.693395 [INFO] starting
2024-06-18 20:21:30.823403 [INFO] GUI init
2024-06-18 20:21:30.829403 [INFO] Index bg
2024-06-18 20:21:30.853404 [INFO] Index start button
2024-06-18 20:21:30.854404 [INFO] Index settings image
2024-06-18 20:21:30.855404 [INFO] Index head text
2024-06-18 20:21:30.855404 [INFO] Index init
2024-06-18 20:21:31.254427 [INFO] MOUSEBUTTONDOWN_EVENT STARTGAME x: 441, y: 336
2024-06-18 20:21:31.254427 [INFO] start game
2024-06-18 20:21:31.256427 [INFO] GUI init
2024-06-18 20:21:31.264428 [INFO] game gui init
2024-06-18 20:21:33.638564 [INFO] game quit
2024-06-18 20:21:33.690567 [INFO] exiting
2024-06-18 20:21:38.578846 [INFO] starting
2024-06-18 20:21:38.701853 [INFO] GUI init
2024-06-18 20:21:38.712854 [INFO] Index bg
2024-06-18 20:21:38.734855 [INFO] Index start button
2024-06-18 20:21:38.735855 [INFO] Index settings image
2024-06-18 20:21:38.736855 [INFO] Index head text
2024-06-18 20:21:38.736855 [INFO] Index init
2024-06-18 20:21:39.229883 [INFO] MOUSEBUTTONDOWN_EVENT STARTGAME x: 450, y: 354
2024-06-18 20:21:39.230883 [INFO] start game
2024-06-18 20:21:39.232884 [INFO] GUI init
2024-06-18 20:21:39.240884 [INFO] game gui init
2024-06-18 20:21:44.385178 [INFO] starting
2024-06-18 20:21:44.520186 [INFO] GUI init
2024-06-18 20:21:44.529186 [INFO] Index bg
2024-06-18 20:21:44.558188 [INFO] Index start button
2024-06-18 20:21:44.559188 [INFO] Index settings image
2024-06-18 20:21:44.559188 [INFO] Index head text
2024-06-18 20:21:44.560188 [INFO] Index init
2024-06-18 20:21:44.965211 [INFO] MOUSEBUTTONDOWN_EVENT STARTGAME x: 432, y: 327
2024-06-18 20:21:44.966211 [INFO] start game
2024-06-18 20:21:44.968212 [INFO] GUI init
2024-06-18 20:21:44.975212 [INFO] game gui init
2024-06-18 20:21:47.165337 [INFO] game quit
2024-06-18 20:21:47.211340 [INFO] exiting
2024-06-18 20:21:54.295745 [INFO] starting
2024-06-18 20:21:54.441753 [INFO] GUI init
2024-06-18 20:21:54.449754 [INFO] Index bg
2024-06-18 20:21:54.476755 [INFO] Index start button
2024-06-18 20:21:54.477756 [INFO] Index settings image
2024-06-18 20:21:54.478756 [INFO] Index head text
2024-06-18 20:21:54.478756 [INFO] Index init
2024-06-18 20:21:55.181796 [INFO] MOUSEBUTTONDOWN_EVENT STARTGAME x: 448, y: 335
2024-06-18 20:21:55.181796 [INFO] start game
2024-06-18 20:21:55.183796 [INFO] GUI init
2024-06-18 20:21:55.192796 [INFO] game gui init
2024-06-18 20:22:06.789460 [INFO] game quit
2024-06-18 20:22:06.820461 [INFO] exiting
2024-06-18 20:22:12.867807 [INFO] starting
2024-06-18 20:22:13.024816 [INFO] GUI init
2024-06-18 20:22:13.031817 [INFO] Index bg
2024-06-18 20:22:13.049818 [INFO] Index start button
2024-06-18 20:22:13.050818 [INFO] Index settings image
2024-06-18 20:22:13.051818 [INFO] Index head text
2024-06-18 20:22:13.051818 [INFO] Index init
2024-06-18 20:22:13.372836 [INFO] MOUSEBUTTONDOWN_EVENT STARTGAME x: 454, y: 324
2024-06-18 20:22:13.373836 [INFO] start game
2024-06-18 20:22:13.376836 [INFO] GUI init
2024-06-18 20:22:13.387837 [INFO] game gui init
2024-06-18 20:22:14.605907 [INFO] game quit
2024-06-18 20:22:14.651909 [INFO] exiting
2024-06-18 20:22:23.893438 [INFO] starting
2024-06-18 20:22:24.032446 [INFO] GUI init
2024-06-18 20:22:24.042447 [INFO] Index bg
2024-06-18 20:22:24.069448 [INFO] Index start button
2024-06-18 20:22:24.070448 [INFO] Index settings image
2024-06-18 20:22:24.070448 [INFO] Index head text
2024-06-18 20:22:24.070448 [INFO] Index init
2024-06-18 20:22:24.485472 [INFO] MOUSEBUTTONDOWN_EVENT STARTGAME x: 383, y: 347
2024-06-18 20:22:24.485472 [INFO] start game
2024-06-18 20:22:24.488472 [INFO] GUI init
2024-06-18 20:22:24.496472 [INFO] game gui init
2024-06-18 20:22:25.782546 [INFO] game quit
2024-06-18 20:22:25.840549 [INFO] exiting
2024-06-18 20:22:29.708771 [INFO] starting
2024-06-18 20:22:29.846779 [INFO] GUI init
2024-06-18 20:22:29.856779 [INFO] Index bg
2024-06-18 20:22:29.876780 [INFO] Index start button
2024-06-18 20:22:29.877780 [INFO] Index settings image
2024-06-18 20:22:29.877780 [INFO] Index head text
2024-06-18 20:22:29.878780 [INFO] Index init
2024-06-18 20:22:30.325806 [INFO] MOUSEBUTTONDOWN_EVENT STARTGAME x: 386, y: 341
2024-06-18 20:22:30.326806 [INFO] start game
2024-06-18 20:22:30.328806 [INFO] GUI init
2024-06-18 20:22:30.336807 [INFO] game gui init
2024-06-18 20:22:43.436556 [INFO] game quit
2024-06-18 20:22:43.469558 [INFO] exiting
