2024-06-19 19:57:38.912299 [INFO] starting
2024-06-19 19:57:39.037306 [INFO] GUI init
2024-06-19 19:57:39.045307 [INFO] Index bg
2024-06-19 19:57:39.062308 [INFO] Index start button
2024-06-19 19:57:39.064308 [INFO] Index settings image
2024-06-19 19:57:39.064308 [INFO] Index head text
2024-06-19 19:57:39.065308 [INFO] Index init
2024-06-19 19:57:40.094367 [INFO] MOUSEBUTTONDOWN_EVENT STARTGAME x: 422, y: 348
2024-06-19 19:57:40.095367 [INFO] start game
2024-06-19 19:57:40.098367 [INFO] GUI init
2024-06-19 19:57:40.105367 [INFO] game gui init
2024-06-19 19:57:40.559393 [INFO] MOUSEBUTTONDOWN_WEIGHTEVENT x: 14, y: 5 MOUSEX: 416 MOUSEY: 195
2024-06-19 19:57:40.559393 [INFO] DISPLAY_WEIGHTEVENT x: 14, y: 5
2024-06-19 19:57:40.830409 [INFO] MOUSEBUTTONDOWN_WEIGHTEVENT x: 14, y: 8 MOUSEX: 415 MOUSEY: 289
2024-06-19 19:57:40.831409 [INFO] DISPLAY_WEIGHTEVENT x: 14, y: 8
2024-06-19 19:57:41.070423 [INFO] MOUSEBUTTONDOWN_WEIGHTEVENT x: 15, y: 9 MOUSEX: 423 MOUSEY: 340
2024-06-19 19:57:41.071423 [INFO] DISPLAY_WEIGHTEVENT x: 15, y: 9
2024-06-19 19:57:41.406442 [INFO] MOUSEBUTTONDOWN_WEIGHTEVENT x: 16, y: 9 MOUSEX: 455 MOUSEY: 328
2024-06-19 19:57:41.406442 [INFO] DISPLAY_WEIGHTEVENT x: 16, y: 9
2024-06-19 19:57:41.614454 [INFO] MOUSEBUTTONDOWN_WEIGHTEVENT x: 17, y: 7 MOUSEX: 491 MOUSEY: 244
2024-06-19 19:57:41.614454 [INFO] DISPLAY_WEIGHTEVENT x: 17, y: 7
2024-06-19 19:57:41.854468 [INFO] MOUSEBUTTONDOWN_WEIGHTEVENT x: 14, y: 2 MOUSEX: 419 MOUSEY: 55
2024-06-19 19:57:41.854468 [INFO] DISPLAY_WEIGHTEVENT x: 14, y: 2
2024-06-19 19:57:42.151485 [INFO] MOUSEBUTTONDOWN_WEIGHTEVENT x: 17, y: 6 MOUSEX: 505 MOUSEY: 203
2024-06-19 19:57:42.151485 [INFO] DISPLAY_WEIGHTEVENT x: 17, y: 6
2024-06-19 19:57:42.398499 [INFO] MOUSEBUTTONDOWN_WEIGHTEVENT x: 16, y: 5 MOUSEX: 458 MOUSEY: 190
2024-06-19 19:57:42.399499 [INFO] DISPLAY_WEIGHTEVENT x: 16, y: 5
2024-06-19 19:57:42.662514 [INFO] MOUSEBUTTONDOWN_WEIGHTEVENT x: 16, y: 3 MOUSEX: 469 MOUSEY: 87
2024-06-19 19:57:42.662514 [INFO] DISPLAY_WEIGHTEVENT x: 16, y: 3
2024-06-19 19:57:42.878526 [INFO] MOUSEBUTTONDOWN_WEIGHTEVENT x: 15, y: 2 MOUSEX: 421 MOUSEY: 79
2024-06-19 19:57:42.879526 [INFO] DISPLAY_WEIGHTEVENT x: 15, y: 2
2024-06-19 19:57:43.102539 [INFO] MOUSEBUTTONDOWN_WEIGHTEVENT x: 2, y: 7 MOUSEX: 48 MOUSEY: 243
2024-06-19 19:57:43.102539 [INFO] DISPLAY_WEIGHTEVENT x: 2, y: 7
2024-06-19 19:57:43.366554 [INFO] MOUSEBUTTONDOWN_WEIGHTEVENT x: 1, y: 5 MOUSEX: 0 MOUSEY: 197
2024-06-19 19:57:43.366554 [INFO] DISPLAY_WEIGHTEVENT x: 1, y: 5
2024-06-19 19:57:43.614568 [INFO] MOUSEBUTTONDOWN_WEIGHTEVENT x: 8, y: 6 MOUSEX: 235 MOUSEY: 229
2024-06-19 19:57:43.614568 [INFO] DISPLAY_WEIGHTEVENT x: 8, y: 6
2024-06-19 19:57:43.806579 [INFO] MOUSEBUTTONDOWN_WEIGHTEVENT x: 12, y: 4 MOUSEX: 347 MOUSEY: 122
2024-06-19 19:57:43.806579 [INFO] DISPLAY_WEIGHTEVENT x: 12, y: 4
2024-06-19 19:57:44.182601 [INFO] MOUSEBUTTONDOWN_WEIGHTEVENT x: 5, y: 7 MOUSEX: 138 MOUSEY: 264
2024-06-19 19:57:44.182601 [INFO] DISPLAY_WEIGHTEVENT x: 5, y: 7
2024-06-19 19:57:44.406614 [INFO] MOUSEBUTTONDOWN_WEIGHTEVENT x: 4, y: 1 MOUSEX: 91 MOUSEY: 33
2024-06-19 19:57:44.407614 [INFO] DISPLAY_WEIGHTEVENT x: 4, y: 1
2024-06-19 19:57:44.622626 [INFO] MOUSEBUTTONDOWN_WEIGHTEVENT x: 4, y: 5 MOUSEX: 94 MOUSEY: 186
2024-06-19 19:57:44.622626 [INFO] DISPLAY_WEIGHTEVENT x: 4, y: 5
2024-06-19 19:57:44.838638 [INFO] MOUSEBUTTONDOWN_WEIGHTEVENT x: 4, y: 3 MOUSEX: 111 MOUSEY: 97
2024-06-19 19:57:44.838638 [INFO] DISPLAY_WEIGHTEVENT x: 4, y: 3
2024-06-19 19:57:45.102653 [INFO] MOUSEBUTTONDOWN_WEIGHTEVENT x: 6, y: 6 MOUSEX: 167 MOUSEY: 203
2024-06-19 19:57:45.102653 [INFO] DISPLAY_WEIGHTEVENT x: 6, y: 6
2024-06-19 19:57:45.318666 [INFO] MOUSEBUTTONDOWN_WEIGHTEVENT x: 8, y: 2 MOUSEX: 229 MOUSEY: 54
2024-06-19 19:57:45.318666 [INFO] DISPLAY_WEIGHTEVENT x: 8, y: 2
2024-06-19 19:57:45.558679 [INFO] MOUSEBUTTONDOWN_WEIGHTEVENT x: 7, y: 7 MOUSEX: 194 MOUSEY: 259
2024-06-19 19:57:45.559679 [INFO] DISPLAY_WEIGHTEVENT x: 7, y: 7
2024-06-19 19:57:45.757691 [INFO] MOUSEBUTTONDOWN_WEIGHTEVENT x: 7, y: 3 MOUSEX: 202 MOUSEY: 109
2024-06-19 19:57:45.758691 [INFO] DISPLAY_WEIGHTEVENT x: 7, y: 3
2024-06-19 19:57:45.997705 [INFO] MOUSEBUTTONDOWN_WEIGHTEVENT x: 6, y: 6 MOUSEX: 174 MOUSEY: 204
2024-06-19 19:57:45.998705 [INFO] DISPLAY_WEIGHTEVENT x: 6, y: 6
2024-06-19 19:57:46.181715 [INFO] MOUSEBUTTONDOWN_WEIGHTEVENT x: 6, y: 3 MOUSEX: 175 MOUSEY: 111
2024-06-19 19:57:46.182715 [INFO] DISPLAY_WEIGHTEVENT x: 6, y: 3
2024-06-19 19:57:46.430729 [INFO] MOUSEBUTTONDOWN_WEIGHTEVENT x: 6, y: 4 MOUSEX: 176 MOUSEY: 144
2024-06-19 19:57:46.430729 [INFO] DISPLAY_WEIGHTEVENT x: 6, y: 4
2024-06-19 19:57:46.781749 [INFO] MOUSEBUTTONDOWN_WEIGHTEVENT x: 6, y: 3 MOUSEX: 159 MOUSEY: 115
2024-06-19 19:57:46.782749 [INFO] DISPLAY_WEIGHTEVENT x: 6, y: 3
2024-06-19 19:57:46.981761 [INFO] MOUSEBUTTONDOWN_WEIGHTEVENT x: 6, y: 6 MOUSEX: 159 MOUSEY: 209
2024-06-19 19:57:46.982761 [INFO] DISPLAY_WEIGHTEVENT x: 6, y: 6
2024-06-19 19:57:47.173772 [INFO] MOUSEBUTTONDOWN_WEIGHTEVENT x: 6, y: 4 MOUSEX: 176 MOUSEY: 131
2024-06-19 19:57:47.174772 [INFO] DISPLAY_WEIGHTEVENT x: 6, y: 4
2024-06-19 19:57:47.374783 [INFO] MOUSEBUTTONDOWN_WEIGHTEVENT x: 7, y: 5 MOUSEX: 181 MOUSEY: 186
2024-06-19 19:57:47.374783 [INFO] DISPLAY_WEIGHTEVENT x: 7, y: 5
2024-06-19 19:57:47.534792 [INFO] MOUSEBUTTONDOWN_WEIGHTEVENT x: 7, y: 4 MOUSEX: 189 MOUSEY: 142
2024-06-19 19:57:47.534792 [INFO] DISPLAY_WEIGHTEVENT x: 7, y: 4
2024-06-19 19:57:47.766806 [INFO] MOUSEBUTTONDOWN_WEIGHTEVENT x: 7, y: 4 MOUSEX: 188 MOUSEY: 142
2024-06-19 19:57:47.766806 [INFO] DISPLAY_WEIGHTEVENT x: 7, y: 4
2024-06-19 19:57:47.997819 [INFO] MOUSEBUTTONDOWN_WEIGHTEVENT x: 6, y: 6 MOUSEX: 177 MOUSEY: 222
2024-06-19 19:57:47.998819 [INFO] DISPLAY_WEIGHTEVENT x: 6, y: 6
2024-06-19 19:57:48.517849 [INFO] MOUSEBUTTONDOWN_WEIGHTEVENT x: 7, y: 5 MOUSEX: 202 MOUSEY: 197
2024-06-19 19:57:48.518849 [INFO] DISPLAY_WEIGHTEVENT x: 7, y: 5
2024-06-19 19:57:48.734861 [INFO] MOUSEBUTTONDOWN_WEIGHTEVENT x: 7, y: 6 MOUSEX: 181 MOUSEY: 225
2024-06-19 19:57:48.734861 [INFO] DISPLAY_WEIGHTEVENT x: 7, y: 6
2024-06-19 19:57:48.934873 [INFO] MOUSEBUTTONDOWN_WEIGHTEVENT x: 6, y: 6 MOUSEX: 179 MOUSEY: 234
2024-06-19 19:57:48.934873 [INFO] DISPLAY_WEIGHTEVENT x: 6, y: 6
2024-06-19 19:57:49.133884 [INFO] MOUSEBUTTONDOWN_WEIGHTEVENT x: 5, y: 8 MOUSEX: 141 MOUSEY: 291
2024-06-19 19:57:49.134884 [INFO] DISPLAY_WEIGHTEVENT x: 5, y: 8
2024-06-19 19:57:49.382898 [INFO] MOUSEBUTTONDOWN_WEIGHTEVENT x: 4, y: 10 MOUSEX: 106 MOUSEY: 363
2024-06-19 19:57:49.382898 [INFO] DISPLAY_WEIGHTEVENT x: 4, y: 10
2024-06-19 19:57:49.558908 [INFO] MOUSEBUTTONDOWN_WEIGHTEVENT x: 4, y: 10 MOUSEX: 108 MOUSEY: 367
2024-06-19 19:57:49.558908 [INFO] DISPLAY_WEIGHTEVENT x: 4, y: 10
2024-06-19 19:57:49.773921 [INFO] MOUSEBUTTONDOWN_WEIGHTEVENT x: 6, y: 10 MOUSEX: 154 MOUSEY: 378
2024-06-19 19:57:49.774921 [INFO] DISPLAY_WEIGHTEVENT x: 6, y: 10
2024-06-19 19:57:49.941930 [INFO] MOUSEBUTTONDOWN_WEIGHTEVENT x: 8, y: 9 MOUSEX: 238 MOUSEY: 337
2024-06-19 19:57:49.942930 [INFO] DISPLAY_WEIGHTEVENT x: 8, y: 9
2024-06-19 19:57:50.149942 [INFO] MOUSEBUTTONDOWN_WEIGHTEVENT x: 8, y: 8 MOUSEX: 228 MOUSEY: 310
2024-06-19 19:57:50.150942 [INFO] DISPLAY_WEIGHTEVENT x: 8, y: 8
2024-06-19 19:57:50.381955 [INFO] MOUSEBUTTONDOWN_WEIGHTEVENT x: 8, y: 11 MOUSEX: 229 MOUSEY: 411
2024-06-19 19:57:50.382955 [INFO] DISPLAY_WEIGHTEVENT x: 8, y: 11
2024-06-19 19:57:50.581967 [INFO] MOUSEBUTTONDOWN_WEIGHTEVENT x: 8, y: 11 MOUSEX: 227 MOUSEY: 437
2024-06-19 19:57:50.582967 [INFO] DISPLAY_WEIGHTEVENT x: 8, y: 11
2024-06-19 19:57:50.781978 [INFO] MOUSEBUTTONDOWN_WEIGHTEVENT x: 5, y: 12 MOUSEX: 129 MOUSEY: 460
2024-06-19 19:57:50.781978 [INFO] DISPLAY_WEIGHTEVENT x: 5, y: 12
2024-06-19 19:58:23.413845 [INFO] game quit
2024-06-19 19:58:23.453847 [INFO] exiting
