2024-06-22 08:23:01.650696 [INFO] starting
2024-06-22 08:23:01.783704 [INFO] GUI init
2024-06-22 08:23:01.791704 [INFO] Index bg
2024-06-22 08:23:01.808705 [INFO] Index start button
2024-06-22 08:23:01.809705 [INFO] Index settings image
2024-06-22 08:23:01.809705 [INFO] Index head text
2024-06-22 08:23:01.809705 [INFO] Index init
2024-06-22 08:23:03.425797 [INFO] MOUSEBUTTONDOWN_EVENT SETTINGS x: 21, y: 17
2024-06-22 08:23:04.026832 [INFO] MOUSEBUTTONDOWN_EVENT SETTINGS x: 41, y: 34
2024-06-22 08:23:04.201842 [INFO] MOUSEBUTTONDOWN_EVENT SETTINGS x: 41, y: 34
2024-06-22 08:23:04.409854 [INFO] MOUSEBUTTONDOWN_EVENT SETTINGS x: 41, y: 34
2024-06-22 08:23:05.137895 [INFO] MOUSEBUTTONDOWN_EVENT SETTINGS x: 18, y: 27
2024-06-22 08:23:05.313905 [INFO] MOUSEBUTTONDOWN_EVENT SETTINGS x: 18, y: 27
2024-06-22 08:23:05.617923 [INFO] MOUSEBUTTONDOWN_EVENT SETTINGS x: 8, y: 14
2024-06-22 08:23:05.865937 [INFO] MOUSEBUTTONDOWN_EVENT SETTINGS x: 8, y: 13
2024-06-22 08:23:06.177955 [INFO] MOUSEBUTTONDOWN_EVENT SETTINGS x: 39, y: 30
2024-06-22 08:23:06.906997 [INFO] MOUSEBUTTONDOWN_EVENT STARTGAME x: 366, y: 350
2024-06-22 08:23:06.907997 [INFO] start game
2024-06-22 08:23:06.909997 [INFO] GUI init
2024-06-22 08:23:06.917997 [INFO] game gui init
2024-06-22 08:23:08.082064 [INFO] MOUSEBUTTONDOWN_MASSEVENT x: 24, y: 5 MOUSEX: 708 MOUSEY: 187 TOO BIG OR SMALL
2024-06-22 08:23:08.083064 [INFO] MOUSEBUTTONDOWN_EVENT MASS-CHOOSE-BIG-EVENT x: 708, y: 187
2024-06-22 08:23:08.083064 [INFO] MASS-CHOOSE-BIG
2024-06-22 08:23:08.083064 [INFO] MASS_CHOOSE_B IS TRUE
2024-06-22 08:23:10.506202 [INFO] MOUSEBUTTONDOWN_MASSEVENT x: 20, y: 1 MOUSEX: 576 MOUSEY: 23
2024-06-22 08:23:10.506202 [INFO] DISPLAY_MASSEVENT_BIG x: 20, y: 1
2024-06-22 08:23:11.274246 [INFO] MOUSEBUTTONDOWN_MASSEVENT x: 20, y: 2 MOUSEX: 596 MOUSEY: 68
2024-06-22 08:23:11.274246 [INFO] DISPLAY_MASSEVENT_BIG x: 20, y: 2
2024-06-22 08:23:11.897282 [INFO] MOUSEBUTTONDOWN_MASSEVENT x: 20, y: 3 MOUSEX: 588 MOUSEY: 86
2024-06-22 08:23:11.898282 [INFO] DISPLAY_MASSEVENT_BIG x: 20, y: 3
2024-06-22 08:23:12.361309 [INFO] MOUSEBUTTONDOWN_MASSEVENT x: 20, y: 4 MOUSEX: 584 MOUSEY: 138
2024-06-22 08:23:12.362309 [INFO] DISPLAY_MASSEVENT_BIG x: 20, y: 4
2024-06-22 08:23:12.817335 [INFO] MOUSEBUTTONDOWN_MASSEVENT x: 20, y: 5 MOUSEX: 586 MOUSEY: 179
2024-06-22 08:23:12.818335 [INFO] DISPLAY_MASSEVENT_BIG x: 20, y: 5
2024-06-22 08:23:13.194356 [INFO] MOUSEBUTTONDOWN_MASSEVENT x: 20, y: 6 MOUSEX: 585 MOUSEY: 222
2024-06-22 08:23:13.194356 [INFO] DISPLAY_MASSEVENT_BIG x: 20, y: 6
2024-06-22 08:23:14.425427 [INFO] MOUSEBUTTONDOWN_MASSEVENT x: 20, y: 7 MOUSEX: 585 MOUSEY: 262
2024-06-22 08:23:14.426427 [INFO] DISPLAY_MASSEVENT_BIG x: 20, y: 7
2024-06-22 08:23:15.105466 [INFO] MOUSEBUTTONDOWN_MASSEVENT x: 20, y: 8 MOUSEX: 587 MOUSEY: 296
2024-06-22 08:23:15.106466 [INFO] DISPLAY_MASSEVENT_BIG x: 20, y: 8
2024-06-22 08:23:15.529490 [INFO] MOUSEBUTTONDOWN_MASSEVENT x: 20, y: 9 MOUSEX: 586 MOUSEY: 331
2024-06-22 08:23:15.530490 [INFO] DISPLAY_MASSEVENT_BIG x: 20, y: 9
2024-06-22 08:23:15.993516 [INFO] MOUSEBUTTONDOWN_MASSEVENT x: 20, y: 10 MOUSEX: 588 MOUSEY: 380
2024-06-22 08:23:15.994516 [INFO] DISPLAY_MASSEVENT_BIG x: 20, y: 10
2024-06-22 08:23:16.585550 [INFO] MOUSEBUTTONDOWN_MASSEVENT x: 20, y: 11 MOUSEX: 586 MOUSEY: 407
2024-06-22 08:23:16.586550 [INFO] DISPLAY_MASSEVENT_BIG x: 20, y: 11
2024-06-22 08:23:17.033576 [INFO] MOUSEBUTTONDOWN_MASSEVENT x: 20, y: 12 MOUSEX: 589 MOUSEY: 449
2024-06-22 08:23:17.034576 [INFO] DISPLAY_MASSEVENT_BIG x: 20, y: 12
2024-06-22 08:23:17.449600 [INFO] MOUSEBUTTONDOWN_MASSEVENT x: 20, y: 13 MOUSEX: 580 MOUSEY: 506
2024-06-22 08:23:17.450600 [INFO] DISPLAY_MASSEVENT_BIG x: 20, y: 13
2024-06-22 08:23:17.817621 [INFO] MOUSEBUTTONDOWN_MASSEVENT x: 20, y: 14 MOUSEX: 580 MOUSEY: 529
2024-06-22 08:23:17.818621 [INFO] DISPLAY_MASSEVENT_BIG x: 20, y: 14
2024-06-22 08:23:18.257646 [INFO] MOUSEBUTTONDOWN_MASSEVENT x: 20, y: 15 MOUSEX: 580 MOUSEY: 581
2024-06-22 08:23:18.258646 [INFO] DISPLAY_MASSEVENT_BIG x: 20, y: 15
2024-06-22 08:23:19.201700 [INFO] MOUSEBUTTONDOWN_MASSEVENT x: 24, y: 2 MOUSEX: 719 MOUSEY: 49 TOO BIG OR SMALL
2024-06-22 08:23:19.202700 [INFO] MOUSEBUTTONDOWN_EVENT MASS-CHOOSE-EVENT x: 719, y: 49
2024-06-22 08:23:19.202700 [INFO] MASS-CHOOSE-SMALL
2024-06-22 08:23:19.202700 [INFO] MASS_CHOOSE_S IS TRUE
2024-06-22 08:23:19.203700 [INFO] MASS_CHOOSE_B IS FALSE
2024-06-22 08:23:20.849794 [INFO] MOUSEBUTTONDOWN_MASSEVENT x: 23, y: 4 MOUSEX: 686 MOUSEY: 149 TOO BIG OR SMALL
2024-06-22 08:23:20.850794 [INFO] MOUSEBUTTONDOWN_EVENT MASS-CHOOSE-BIG-EVENT x: 686, y: 149
2024-06-22 08:23:20.850794 [INFO] MASS-CHOOSE-BIG
2024-06-22 08:23:20.850794 [INFO] MASS_CHOOSE_B IS TRUE
2024-06-22 08:23:20.850794 [INFO] MASS_CHOOSE_S IS FALSE
2024-06-22 08:23:21.441828 [INFO] MOUSEBUTTONDOWN_MASSEVENT x: 19, y: 1 MOUSEX: 548 MOUSEY: 23
2024-06-22 08:23:21.441828 [INFO] DISPLAY_MASSEVENT_BIG x: 19, y: 1
2024-06-22 08:23:21.705843 [INFO] MOUSEBUTTONDOWN_MASSEVENT x: 19, y: 2 MOUSEX: 568 MOUSEY: 49
2024-06-22 08:23:21.706843 [INFO] DISPLAY_MASSEVENT_BIG x: 19, y: 2
2024-06-22 08:23:22.289876 [INFO] MOUSEBUTTONDOWN_MASSEVENT x: 19, y: 3 MOUSEX: 562 MOUSEY: 98
2024-06-22 08:23:22.289876 [INFO] DISPLAY_MASSEVENT_BIG x: 19, y: 3
2024-06-22 08:23:22.673898 [INFO] MOUSEBUTTONDOWN_MASSEVENT x: 19, y: 4 MOUSEX: 561 MOUSEY: 133
2024-06-22 08:23:22.673898 [INFO] DISPLAY_MASSEVENT_BIG x: 19, y: 4
2024-06-22 08:23:23.057920 [INFO] MOUSEBUTTONDOWN_MASSEVENT x: 19, y: 5 MOUSEX: 559 MOUSEY: 172
2024-06-22 08:23:23.057920 [INFO] DISPLAY_MASSEVENT_BIG x: 19, y: 5
2024-06-22 08:23:23.513946 [INFO] MOUSEBUTTONDOWN_MASSEVENT x: 19, y: 6 MOUSEX: 554 MOUSEY: 209
2024-06-22 08:23:23.514947 [INFO] DISPLAY_MASSEVENT_BIG x: 19, y: 6
2024-06-22 08:23:24.017975 [INFO] MOUSEBUTTONDOWN_MASSEVENT x: 19, y: 7 MOUSEX: 554 MOUSEY: 268
2024-06-22 08:23:24.017975 [INFO] DISPLAY_MASSEVENT_BIG x: 19, y: 7
2024-06-22 08:23:24.890025 [INFO] MOUSEBUTTONDOWN_MASSEVENT x: 25, y: 2 MOUSEX: 735 MOUSEY: 43 TOO BIG OR SMALL
2024-06-22 08:23:24.890025 [INFO] MOUSEBUTTONDOWN_EVENT MASS-CHOOSE-EVENT x: 735, y: 43
2024-06-22 08:23:24.890025 [INFO] MASS-CHOOSE-SMALL
2024-06-22 08:23:24.891025 [INFO] MASS_CHOOSE_S IS TRUE
2024-06-22 08:23:24.891025 [INFO] MASS_CHOOSE_B IS FALSE
2024-06-22 08:23:25.906083 [INFO] MOUSEBUTTONDOWN_MASSEVENT x: 19, y: 8 MOUSEX: 552 MOUSEY: 295
2024-06-22 08:23:25.906083 [INFO] DISPLAY_MASSEVENT_SMALL x: 19, y: 8
2024-06-22 08:23:27.010146 [INFO] MOUSEBUTTONDOWN_MASSEVENT x: 19, y: 9 MOUSEX: 543 MOUSEY: 333
2024-06-22 08:23:27.010146 [INFO] DISPLAY_MASSEVENT_SMALL x: 19, y: 9
2024-06-22 08:23:27.402169 [INFO] MOUSEBUTTONDOWN_MASSEVENT x: 19, y: 10 MOUSEX: 555 MOUSEY: 388
2024-06-22 08:23:27.402169 [INFO] DISPLAY_MASSEVENT_SMALL x: 19, y: 10
2024-06-22 08:23:27.730188 [INFO] MOUSEBUTTONDOWN_MASSEVENT x: 19, y: 11 MOUSEX: 548 MOUSEY: 414
2024-06-22 08:23:27.730188 [INFO] DISPLAY_MASSEVENT_SMALL x: 19, y: 11
2024-06-22 08:23:28.906255 [INFO] MOUSEBUTTONDOWN_MASSEVENT x: 24, y: 5 MOUSEX: 696 MOUSEY: 199 TOO BIG OR SMALL
2024-06-22 08:23:28.906255 [INFO] MOUSEBUTTONDOWN_EVENT MASS-CHOOSE-BIG-EVENT x: 696, y: 199
2024-06-22 08:23:28.907255 [INFO] MASS-CHOOSE-BIG
2024-06-22 08:23:28.907255 [INFO] MASS_CHOOSE_B IS TRUE
2024-06-22 08:23:28.907255 [INFO] MASS_CHOOSE_S IS FALSE
2024-06-22 08:23:29.850309 [INFO] MOUSEBUTTONDOWN_MASSEVENT x: 19, y: 12 MOUSEX: 548 MOUSEY: 457
2024-06-22 08:23:29.850309 [INFO] DISPLAY_MASSEVENT_BIG x: 19, y: 12
2024-06-22 08:23:30.242331 [INFO] MOUSEBUTTONDOWN_MASSEVENT x: 19, y: 13 MOUSEX: 546 MOUSEY: 488
2024-06-22 08:23:30.242331 [INFO] DISPLAY_MASSEVENT_BIG x: 19, y: 13
2024-06-22 08:23:31.729416 [INFO] MOUSEBUTTONDOWN_MASSEVENT x: 26, y: 3 MOUSEX: 779 MOUSEY: 119 TOO BIG OR SMALL
2024-06-22 08:23:31.730416 [INFO] MOUSEBUTTONDOWN_EVENT CANCE-EVENT x: 779, y: 119
2024-06-22 08:23:31.730416 [INFO] MASS_CHOOSE_B IS FALSE
2024-06-22 08:23:32.929485 [INFO] MOUSEBUTTONDOWN_MASSEVENT x: 26, y: 3 MOUSEX: 755 MOUSEY: 103 TOO BIG OR SMALL
2024-06-22 08:23:32.930485 [INFO] MOUSEBUTTONDOWN_EVENT CANCE-EVENT x: 755, y: 103
2024-06-22 08:23:32.930485 [INFO] CANCE-CHOOSE IS TRUE
2024-06-22 08:23:33.865539 [INFO] MOUSEBUTTONDOWN_MASSEVENT x: 19, y: 4 MOUSEX: 558 MOUSEY: 139
2024-06-22 08:23:33.865539 [INFO] DISPLAY_CANCE-EVENT x: 19, y: 4
2024-06-22 08:23:34.265561 [INFO] MOUSEBUTTONDOWN_MASSEVENT x: 19, y: 5 MOUSEX: 555 MOUSEY: 179
2024-06-22 08:23:34.266561 [INFO] DISPLAY_CANCE-EVENT x: 19, y: 5
2024-06-22 08:23:35.817650 [INFO] MOUSEBUTTONDOWN_MASSEVENT x: 19, y: 3 MOUSEX: 561 MOUSEY: 106
2024-06-22 08:23:35.817650 [INFO] DISPLAY_CANCE-EVENT x: 19, y: 3
2024-06-22 08:23:36.465687 [INFO] MOUSEBUTTONDOWN_MASSEVENT x: 20, y: 4 MOUSEX: 573 MOUSEY: 144
2024-06-22 08:23:36.466687 [INFO] DISPLAY_CANCE-EVENT x: 20, y: 4
2024-06-22 08:23:36.993717 [INFO] MOUSEBUTTONDOWN_MASSEVENT x: 23, y: 5 MOUSEX: 687 MOUSEY: 184 TOO BIG OR SMALL
2024-06-22 08:23:36.993717 [INFO] MOUSEBUTTONDOWN_EVENT MASS-CHOOSE-BIG-EVENT x: 687, y: 184
2024-06-22 08:23:36.994718 [INFO] MASS-CHOOSE-BIG
2024-06-22 08:23:36.994718 [INFO] MASS_CHOOSE_B IS TRUE
2024-06-22 08:23:36.995718 [INFO] CANCE-CHOOSE IS FALSE
2024-06-22 08:23:37.641755 [INFO] MOUSEBUTTONDOWN_MASSEVENT x: 20, y: 4 MOUSEX: 579 MOUSEY: 134
2024-06-22 08:23:37.642755 [INFO] DISPLAY_MASSEVENT_BIG x: 20, y: 4
2024-06-22 08:23:38.393798 [INFO] MOUSEBUTTONDOWN_MASSEVENT x: 19, y: 4 MOUSEX: 546 MOUSEY: 155
2024-06-22 08:23:38.393798 [INFO] DISPLAY_MASSEVENT_BIG x: 19, y: 4
2024-06-22 08:23:38.633811 [INFO] MOUSEBUTTONDOWN_MASSEVENT x: 19, y: 4 MOUSEX: 552 MOUSEY: 135
2024-06-22 08:23:38.633811 [INFO] DISPLAY_MASSEVENT_BIG x: 19, y: 4
2024-06-22 08:23:38.881825 [INFO] MOUSEBUTTONDOWN_MASSEVENT x: 19, y: 5 MOUSEX: 560 MOUSEY: 161
2024-06-22 08:23:38.882826 [INFO] DISPLAY_MASSEVENT_BIG x: 19, y: 5
2024-06-22 08:23:39.153841 [INFO] MOUSEBUTTONDOWN_MASSEVENT x: 19, y: 3 MOUSEX: 562 MOUSEY: 99
2024-06-22 08:23:39.153841 [INFO] DISPLAY_MASSEVENT_BIG x: 19, y: 3
2024-06-22 08:23:40.817936 [INFO] game quit
2024-06-22 08:23:40.868939 [INFO] exiting
2024-06-22 08:27:28.907982 [INFO] starting
2024-06-22 08:27:29.044990 [INFO] GUI init
2024-06-22 08:27:29.052991 [INFO] Index bg
2024-06-22 08:27:29.071992 [INFO] Index start button
2024-06-22 08:27:29.072992 [INFO] Index settings image
2024-06-22 08:27:29.073992 [INFO] Index head text
2024-06-22 08:27:29.073992 [INFO] Index init
2024-06-22 08:27:30.216057 [INFO] MOUSEBUTTONDOWN_EVENT SETTINGS x: 35, y: 25
2024-06-22 08:27:31.448127 [INFO] MOUSEBUTTONDOWN_EVENT SETTINGS x: 31, y: 26
2024-06-22 08:27:31.784147 [INFO] MOUSEBUTTONDOWN_EVENT SETTINGS x: 31, y: 26
2024-06-22 08:27:32.112165 [INFO] MOUSEBUTTONDOWN_EVENT SETTINGS x: 31, y: 26
2024-06-22 08:27:32.296176 [INFO] MOUSEBUTTONDOWN_EVENT SETTINGS x: 31, y: 26
2024-06-22 08:27:32.512188 [INFO] MOUSEBUTTONDOWN_EVENT SETTINGS x: 31, y: 26
2024-06-22 08:27:32.752202 [INFO] MOUSEBUTTONDOWN_EVENT SETTINGS x: 31, y: 26
2024-06-22 08:27:32.952214 [INFO] MOUSEBUTTONDOWN_EVENT SETTINGS x: 31, y: 26
2024-06-22 08:27:33.144225 [INFO] MOUSEBUTTONDOWN_EVENT SETTINGS x: 31, y: 26
2024-06-22 08:27:33.336235 [INFO] MOUSEBUTTONDOWN_EVENT SETTINGS x: 31, y: 26
2024-06-22 08:27:33.512246 [INFO] MOUSEBUTTONDOWN_EVENT SETTINGS x: 31, y: 26
2024-06-22 08:27:34.888324 [INFO] Index quit
2024-06-22 08:27:34.922326 [INFO] exiting
2024-06-22 08:28:07.116168 [INFO] starting
2024-06-22 08:28:07.230174 [INFO] GUI init
2024-06-22 08:28:07.237175 [INFO] Index bg
2024-06-22 08:28:07.257176 [INFO] Index start button
2024-06-22 08:28:07.258176 [INFO] Index settings image
2024-06-22 08:28:07.258176 [INFO] Index head text
2024-06-22 08:28:07.258176 [INFO] Index init
2024-06-22 08:28:08.343238 [INFO] MOUSEBUTTONDOWN_EVENT SETTINGS x: 32, y: 21
2024-06-22 08:28:08.759262 [INFO] MOUSEBUTTONDOWN_EVENT SETTINGS x: 30, y: 21
2024-06-22 08:28:09.015276 [INFO] MOUSEBUTTONDOWN_EVENT SETTINGS x: 36, y: 29
2024-06-22 08:28:09.343295 [INFO] MOUSEBUTTONDOWN_EVENT SETTINGS x: 36, y: 29
2024-06-22 08:28:09.551307 [INFO] MOUSEBUTTONDOWN_EVENT SETTINGS x: 33, y: 28
2024-06-22 08:28:09.767319 [INFO] MOUSEBUTTONDOWN_EVENT SETTINGS x: 33, y: 28
2024-06-22 08:28:09.951330 [INFO] MOUSEBUTTONDOWN_EVENT SETTINGS x: 33, y: 28
2024-06-22 08:28:10.895384 [INFO] MOUSEBUTTONDOWN_EVENT SETTINGS x: 33, y: 28
2024-06-22 08:28:11.063393 [INFO] MOUSEBUTTONDOWN_EVENT SETTINGS x: 33, y: 28
2024-06-22 08:28:11.239403 [INFO] MOUSEBUTTONDOWN_EVENT SETTINGS x: 33, y: 28
2024-06-22 08:28:11.415413 [INFO] MOUSEBUTTONDOWN_EVENT SETTINGS x: 33, y: 28
2024-06-22 08:28:11.599424 [INFO] MOUSEBUTTONDOWN_EVENT SETTINGS x: 33, y: 28
2024-06-22 08:28:11.887440 [INFO] MOUSEBUTTONDOWN_EVENT SETTINGS x: 13, y: 28
2024-06-22 08:28:12.079451 [INFO] MOUSEBUTTONDOWN_EVENT SETTINGS x: 13, y: 28
2024-06-22 08:28:13.199516 [INFO] Index quit
2024-06-22 08:28:13.240518 [INFO] exiting
2024-06-22 08:28:20.574937 [INFO] starting
2024-06-22 08:28:20.687944 [INFO] GUI init
2024-06-22 08:28:20.696944 [INFO] Index bg
2024-06-22 08:28:20.719946 [INFO] Index start button
2024-06-22 08:28:20.720946 [INFO] Index settings image
2024-06-22 08:28:20.721946 [INFO] Index head text
2024-06-22 08:28:20.721946 [INFO] Index init
2024-06-22 08:28:21.952016 [INFO] MOUSEBUTTONDOWN_EVENT SETTINGS x: 28, y: 31
2024-06-22 08:28:27.591339 [INFO] MOUSEBUTTONDOWN_EVENT SETTINGS x: 6, y: 22
2024-06-22 08:28:32.351611 [INFO] Index quit
2024-06-22 08:28:32.396614 [INFO] exiting
2024-06-22 08:28:48.500535 [INFO] starting
2024-06-22 08:28:48.622542 [INFO] GUI init
2024-06-22 08:28:48.629542 [INFO] Index bg
2024-06-22 08:28:48.651543 [INFO] Index start button
2024-06-22 08:28:48.652543 [INFO] Index settings image
2024-06-22 08:28:48.652543 [INFO] Index head text
2024-06-22 08:28:48.653543 [INFO] Index init
2024-06-22 08:28:49.183574 [INFO] MOUSEBUTTONDOWN_EVENT STARTGAME x: 405, y: 332
2024-06-22 08:28:49.184574 [INFO] start game
2024-06-22 08:28:49.192574 [INFO] GUI init
2024-06-22 08:28:49.201575 [INFO] game gui init
2024-06-22 08:28:51.391700 [INFO] game quit
2024-06-22 08:28:51.443703 [INFO] exiting
2024-06-22 08:28:52.945789 [INFO] starting
2024-06-22 08:28:53.063796 [INFO] GUI init
2024-06-22 08:28:53.071796 [INFO] Index bg
2024-06-22 08:28:53.088797 [INFO] Index start button
2024-06-22 08:28:53.089797 [INFO] Index settings image
2024-06-22 08:28:53.089797 [INFO] Index head text
2024-06-22 08:28:53.089797 [INFO] Index init
2024-06-22 08:28:54.122856 [INFO] MOUSEBUTTONDOWN_EVENT SETTINGS x: 22, y: 20
2024-06-22 08:28:57.616056 [INFO] Index quit
2024-06-22 08:28:57.670059 [INFO] exiting
2024-06-22 08:29:04.977477 [INFO] starting
2024-06-22 08:29:05.103484 [INFO] GUI init
2024-06-22 08:29:05.111485 [INFO] Index bg
2024-06-22 08:29:05.131486 [INFO] Index start button
2024-06-22 08:29:05.132486 [INFO] Index settings image
2024-06-22 08:29:05.132486 [INFO] Index head text
2024-06-22 08:29:05.133486 [INFO] Index init
2024-06-22 08:29:06.263551 [INFO] MOUSEBUTTONDOWN_EVENT SETTINGS x: 23, y: 26
2024-06-22 08:29:13.648973 [INFO] Index quit
2024-06-22 08:29:13.679975 [INFO] exiting
2024-06-22 08:30:07.739067 [INFO] starting
2024-06-22 08:30:07.853073 [INFO] GUI init
2024-06-22 08:30:07.861074 [INFO] Index bg
2024-06-22 08:30:07.884075 [INFO] Index start button
2024-06-22 08:30:07.885075 [INFO] Index settings image
2024-06-22 08:30:07.886075 [INFO] Index head text
2024-06-22 08:30:07.886075 [INFO] Index init
2024-06-22 08:30:08.247096 [INFO] MOUSEBUTTONDOWN_EVENT STARTGAME x: 442, y: 351
2024-06-22 08:30:08.247096 [INFO] start game
2024-06-22 08:30:08.250096 [INFO] GUI init
2024-06-22 08:30:08.260097 [INFO] game gui init
2024-06-22 08:30:09.335158 [INFO] MOUSEBUTTONDOWN_MASSEVENT x: 22, y: 2 MOUSEX: 651 MOUSEY: 43 TOO BIG OR SMALL
2024-06-22 08:30:09.335158 [INFO] MOUSEBUTTONDOWN_EVENT BACKTOINDEX x: 651, y: 43
2024-06-22 08:30:09.336158 [INFO] exiting
2024-06-22 08:30:11.511283 [INFO] starting
2024-06-22 08:30:11.624289 [INFO] GUI init
2024-06-22 08:30:11.631289 [INFO] Index bg
2024-06-22 08:30:11.649290 [INFO] Index start button
2024-06-22 08:30:11.650291 [INFO] Index settings image
2024-06-22 08:30:11.650291 [INFO] Index head text
2024-06-22 08:30:11.650291 [INFO] Index init
2024-06-22 08:30:12.727352 [INFO] MOUSEBUTTONDOWN_EVENT SETTINGS x: 25, y: 17
2024-06-22 08:30:15.470509 [INFO] MOUSEBUTTONDOWN_EVENT SETTINGS x: 20, y: 32
2024-06-22 08:30:17.782641 [INFO] MOUSEBUTTONDOWN_EVENT SETTINGS x: 31, y: 19
2024-06-22 08:30:30.711381 [INFO] MOUSEBUTTONDOWN_EVENT STARTGAME x: 375, y: 337
2024-06-22 08:30:30.711381 [INFO] start game
2024-06-22 08:30:30.713381 [INFO] GUI init
2024-06-22 08:30:30.721381 [INFO] game gui init
2024-06-22 08:30:32.055458 [INFO] game quit
2024-06-22 08:30:32.105461 [INFO] exiting
2024-06-22 08:32:04.687756 [INFO] starting
2024-06-22 08:32:04.821764 [INFO] GUI init
2024-06-22 08:32:04.831764 [INFO] Index bg
2024-06-22 08:32:04.854765 [INFO] Index start button
2024-06-22 08:32:04.855766 [INFO] Index settings image
2024-06-22 08:32:04.855766 [INFO] Index head text
2024-06-22 08:32:04.856766 [INFO] Index init
2024-06-22 08:32:05.437799 [INFO] MOUSEBUTTONDOWN_EVENT SETTINGS x: 24, y: 20
2024-06-22 08:32:07.765932 [INFO] Index quit
2024-06-22 08:32:07.806934 [INFO] exiting
2024-06-22 08:33:39.874200 [INFO] starting
2024-06-22 08:33:40.013208 [INFO] GUI init
2024-06-22 08:33:40.023209 [INFO] Index bg
2024-06-22 08:33:40.043210 [INFO] Index start button
2024-06-22 08:33:40.043210 [INFO] Index settings image
2024-06-22 08:33:40.044210 [INFO] Index head text
2024-06-22 08:33:40.044210 [INFO] Index init
2024-06-22 08:33:40.461234 [INFO] MOUSEBUTTONDOWN_EVENT STARTGAME x: 394, y: 343
2024-06-22 08:33:40.462234 [INFO] start game
2024-06-22 08:33:40.464234 [INFO] GUI init
2024-06-22 08:33:40.475235 [INFO] game gui init
2024-06-22 08:33:42.197333 [INFO] game quit
2024-06-22 08:33:42.245336 [INFO] exiting
2024-06-22 08:33:43.733421 [INFO] starting
2024-06-22 08:33:43.848428 [INFO] GUI init
2024-06-22 08:33:43.857428 [INFO] Index bg
2024-06-22 08:33:43.873429 [INFO] Index start button
2024-06-22 08:33:43.874429 [INFO] Index settings image
2024-06-22 08:33:43.874429 [INFO] Index head text
2024-06-22 08:33:43.874429 [INFO] Index init
2024-06-22 08:33:45.018495 [INFO] MOUSEBUTTONDOWN_EVENT SETTINGS x: 27, y: 28
2024-06-22 08:33:56.909175 [INFO] MOUSEBUTTONDOWN_EVENT STARTGAME x: 421, y: 314
2024-06-22 08:33:56.909175 [INFO] start game
2024-06-22 08:33:56.912175 [INFO] GUI init
2024-06-22 08:33:56.919175 [INFO] game gui init
2024-06-22 08:33:58.229250 [INFO] game quit
2024-06-22 08:33:58.274253 [INFO] exiting
2024-06-22 08:35:44.128307 [INFO] starting
2024-06-22 08:35:44.248314 [INFO] GUI init
2024-06-22 08:35:44.258315 [INFO] Index bg
2024-06-22 08:35:44.279316 [INFO] Index start button
2024-06-22 08:35:44.280316 [INFO] Index settings image
2024-06-22 08:35:44.281316 [INFO] Index head text
2024-06-22 08:35:44.281316 [INFO] Index init
2024-06-22 08:35:45.262372 [INFO] MOUSEBUTTONDOWN_EVENT SETTINGS x: 33, y: 16
2024-06-22 08:35:50.852692 [INFO] Index quit
2024-06-22 08:35:50.893694 [INFO] exiting
2024-06-22 08:35:55.180939 [INFO] starting
2024-06-22 08:35:55.312947 [INFO] GUI init
2024-06-22 08:35:55.319947 [INFO] Index bg
2024-06-22 08:35:55.336948 [INFO] Index start button
2024-06-22 08:35:55.337948 [INFO] Index settings image
2024-06-22 08:35:55.337948 [INFO] Index head text
2024-06-22 08:35:55.338948 [INFO] Index init
2024-06-22 08:35:55.884980 [INFO] MOUSEBUTTONDOWN_EVENT STARTGAME x: 397, y: 335
2024-06-22 08:35:55.885980 [INFO] start game
2024-06-22 08:35:55.887980 [INFO] GUI init
2024-06-22 08:35:55.901981 [INFO] game gui init
2024-06-22 08:35:59.772202 [INFO] game quit
2024-06-22 08:35:59.811204 [INFO] exiting
2024-06-22 08:36:01.955327 [INFO] starting
2024-06-22 08:36:02.079334 [INFO] GUI init
2024-06-22 08:36:02.086334 [INFO] Index bg
2024-06-22 08:36:02.102335 [INFO] Index start button
2024-06-22 08:36:02.103335 [INFO] Index settings image
2024-06-22 08:36:02.103335 [INFO] Index head text
2024-06-22 08:36:02.103335 [INFO] Index init
2024-06-22 08:36:03.089392 [INFO] MOUSEBUTTONDOWN_EVENT SETTINGS x: 20, y: 20
2024-06-22 08:36:06.028560 [INFO] Index quit
2024-06-22 08:36:06.070562 [INFO] exiting
2024-06-22 08:36:13.021960 [INFO] starting
2024-06-22 08:36:13.144967 [INFO] GUI init
2024-06-22 08:36:13.150967 [INFO] Index bg
2024-06-22 08:36:13.176969 [INFO] Index start button
2024-06-22 08:36:13.177969 [INFO] Index settings image
2024-06-22 08:36:13.177969 [INFO] Index head text
2024-06-22 08:36:13.178969 [INFO] Index init
2024-06-22 08:36:13.744001 [INFO] MOUSEBUTTONDOWN_EVENT SETTINGS x: 20, y: 27
2024-06-22 08:36:16.412154 [INFO] Index quit
2024-06-22 08:36:16.454156 [INFO] exiting
2024-06-22 08:36:21.769460 [INFO] starting
2024-06-22 08:36:21.888467 [INFO] GUI init
2024-06-22 08:36:21.896467 [INFO] Index bg
2024-06-22 08:36:21.919469 [INFO] Index start button
2024-06-22 08:36:21.921469 [INFO] Index settings image
2024-06-22 08:36:21.921469 [INFO] Index head text
2024-06-22 08:36:21.921469 [INFO] Index init
2024-06-22 08:36:22.804519 [INFO] MOUSEBUTTONDOWN_EVENT SETTINGS x: 15, y: 22
2024-06-22 08:36:30.603965 [INFO] Index quit
2024-06-22 08:36:30.645968 [INFO] exiting
2024-06-22 08:37:50.394529 [INFO] starting
2024-06-22 08:37:50.520536 [INFO] GUI init
2024-06-22 08:37:50.527537 [INFO] Index bg
2024-06-22 08:37:50.547538 [INFO] Index start button
2024-06-22 08:37:50.548538 [INFO] Index settings image
2024-06-22 08:37:50.548538 [INFO] Index head text
2024-06-22 08:37:50.549538 [INFO] Index init
2024-06-22 08:37:52.067625 [INFO] MOUSEBUTTONDOWN_EVENT SETTINGS x: 21, y: 26
2024-06-22 08:38:26.099571 [INFO] Index quit
2024-06-22 08:38:26.149574 [INFO] exiting
2024-06-22 08:38:36.367159 [INFO] starting
2024-06-22 08:38:36.486165 [INFO] GUI init
2024-06-22 08:38:36.493166 [INFO] Index bg
2024-06-22 08:38:36.510167 [INFO] Index start button
2024-06-22 08:38:36.511167 [INFO] Index settings image
2024-06-22 08:38:36.511167 [INFO] Index head text
2024-06-22 08:38:36.512167 [INFO] Index init
2024-06-22 08:38:37.691234 [INFO] MOUSEBUTTONDOWN_EVENT SETTINGS x: 27, y: 21
2024-06-22 08:38:46.499738 [INFO] Index quit
2024-06-22 08:38:46.543741 [INFO] exiting
2024-06-22 08:41:22.069636 [INFO] starting
2024-06-22 08:41:22.220645 [INFO] GUI init
2024-06-22 08:41:22.229645 [INFO] Index bg
2024-06-22 08:41:22.246646 [INFO] Index start button
2024-06-22 08:41:22.247647 [INFO] Index settings image
2024-06-22 08:41:22.247647 [INFO] Index head text
2024-06-22 08:41:22.247647 [INFO] Index init
2024-06-22 08:41:23.369711 [INFO] MOUSEBUTTONDOWN_EVENT SETTINGS x: 27, y: 32
2024-06-22 08:41:38.000548 [INFO] Index quit
2024-06-22 08:41:38.034549 [INFO] exiting
2024-06-22 08:41:43.836881 [INFO] starting
2024-06-22 08:41:43.952888 [INFO] GUI init
2024-06-22 08:41:43.959888 [INFO] Index bg
2024-06-22 08:41:43.976889 [INFO] Index start button
2024-06-22 08:41:43.977889 [INFO] Index settings image
2024-06-22 08:41:43.978889 [INFO] Index head text
2024-06-22 08:41:43.978889 [INFO] Index init
2024-06-22 08:41:45.017949 [INFO] MOUSEBUTTONDOWN_EVENT SETTINGS x: 20, y: 18
2024-06-22 08:41:47.330081 [INFO] MOUSEBUTTONDOWN_EVENT STARTGAME x: 409, y: 338
2024-06-22 08:41:47.331081 [INFO] start game
2024-06-22 08:41:47.333081 [INFO] GUI init
2024-06-22 08:41:47.340082 [INFO] game gui init
2024-06-22 08:41:48.618155 [INFO] game quit
2024-06-22 08:41:48.660157 [INFO] exiting
2024-06-22 08:45:54.758233 [INFO] starting
2024-06-22 08:45:54.888241 [INFO] GUI init
2024-06-22 08:45:54.895241 [INFO] Index bg
2024-06-22 08:45:54.923243 [INFO] Index start button
2024-06-22 08:45:54.924243 [INFO] Index settings image
2024-06-22 08:45:54.924243 [INFO] Index head text
2024-06-22 08:45:54.925243 [INFO] Index init
2024-06-22 08:45:58.600453 [INFO] MOUSEBUTTONDOWN_EVENT SETTINGS x: 18, y: 29
2024-06-22 08:46:03.848753 [INFO] Index quit
2024-06-22 08:46:03.893756 [INFO] exiting
2024-06-22 08:46:15.018392 [INFO] starting
2024-06-22 08:46:15.132399 [INFO] GUI init
2024-06-22 08:46:15.139399 [INFO] Index bg
2024-06-22 08:46:15.156400 [INFO] Index start button
2024-06-22 08:46:15.156400 [INFO] Index settings image
2024-06-22 08:46:15.157400 [INFO] Index head text
2024-06-22 08:46:15.157400 [INFO] Index init
2024-06-22 08:46:16.151457 [INFO] MOUSEBUTTONDOWN_EVENT SETTINGS x: 27, y: 27
2024-06-22 08:46:19.400643 [INFO] Index quit
2024-06-22 08:46:19.461646 [INFO] exiting
2024-06-22 08:46:27.349097 [INFO] starting
2024-06-22 08:46:27.472104 [INFO] GUI init
2024-06-22 08:46:27.479105 [INFO] Index bg
2024-06-22 08:46:27.497106 [INFO] Index start button
2024-06-22 08:46:27.498106 [INFO] Index settings image
2024-06-22 08:46:27.498106 [INFO] Index head text
2024-06-22 08:46:27.498106 [INFO] Index init
2024-06-22 08:46:28.616170 [INFO] MOUSEBUTTONDOWN_EVENT SETTINGS x: 18, y: 26
2024-06-22 08:46:31.048309 [INFO] Index quit
2024-06-22 08:46:31.089311 [INFO] exiting
2024-06-22 08:46:41.271894 [INFO] starting
2024-06-22 08:46:41.411902 [INFO] GUI init
2024-06-22 08:46:41.421902 [INFO] Index bg
2024-06-22 08:46:41.443903 [INFO] Index start button
2024-06-22 08:46:41.444904 [INFO] Index settings image
2024-06-22 08:46:41.444904 [INFO] Index head text
2024-06-22 08:46:41.445904 [INFO] Index init
2024-06-22 08:46:42.495964 [INFO] MOUSEBUTTONDOWN_EVENT SETTINGS x: 30, y: 6
2024-06-22 08:46:45.560139 [INFO] Index quit
2024-06-22 08:46:45.601141 [INFO] exiting
2024-06-22 08:46:50.120400 [INFO] starting
2024-06-22 08:46:50.234406 [INFO] GUI init
2024-06-22 08:46:50.242407 [INFO] Index bg
2024-06-22 08:46:50.259408 [INFO] Index start button
2024-06-22 08:46:50.260408 [INFO] Index settings image
2024-06-22 08:46:50.260408 [INFO] Index head text
2024-06-22 08:46:50.261408 [INFO] Index init
2024-06-22 08:46:51.512479 [INFO] MOUSEBUTTONDOWN_EVENT SETTINGS x: 17, y: 25
2024-06-22 08:46:53.935618 [INFO] Index quit
2024-06-22 08:46:53.976620 [INFO] exiting
