2024-06-23 09:01:25.773282 [INFO] starting
2024-06-23 09:01:25.893288 [INFO] GUI init
2024-06-23 09:01:25.900289 [INFO] Index bg
2024-06-23 09:01:25.916290 [INFO] Index start button
2024-06-23 09:01:25.917290 [INFO] Index settings image
2024-06-23 09:01:25.917290 [INFO] Index head text
2024-06-23 09:01:25.918290 [INFO] Index init
2024-06-23 09:01:26.752338 [INFO] MOUSEBUTTONDOWN_EVENT STARTGAME x: 382, y: 337
2024-06-23 09:01:26.752338 [INFO] start game
2024-06-23 09:01:26.754338 [INFO] GUI init
2024-06-23 09:01:26.762338 [INFO] game gui init
2024-06-23 09:01:27.656389 [INFO] MOUSEBUTTONDOWN_MASSEVENT x: 24, y: 1 MOUSEX: 710 MOUSEY: 32 TOO BIG OR SMALL
2024-06-23 09:01:27.656389 [INFO] MOUSEBUTTONDOWN_EVENT MASS-CHOOSE-EVENT x: 710, y: 32
2024-06-23 09:01:27.657389 [INFO] MASS-CHOOSE-SMALL
2024-06-23 09:01:27.657389 [INFO] MASS_CHOOSE_S IS TRUE
2024-06-23 09:01:29.208478 [INFO] MOUSEBUTTONDOWN_MASSEVENT x: 24, y: 5 MOUSEX: 713 MOUSEY: 173 TOO BIG OR SMALL
2024-06-23 09:01:29.208478 [INFO] MOUSEBUTTONDOWN_EVENT MASS-CHOOSE-BIG-EVENT x: 713, y: 173
2024-06-23 09:01:29.209478 [INFO] MASS-CHOOSE-BIG
2024-06-23 09:01:29.209478 [INFO] MASS_CHOOSE_B IS TRUE
2024-06-23 09:01:29.209478 [INFO] MASS_CHOOSE_S IS FALSE
2024-06-23 09:01:32.472665 [INFO] MOUSEBUTTONDOWN_MASSEVENT x: 16, y: 1 MOUSEX: 464 MOUSEY: 13
2024-06-23 09:01:32.472665 [INFO] DISPLAY_MASSEVENT_BIG x: 16, y: 1
2024-06-23 09:01:32.943692 [INFO] MOUSEBUTTONDOWN_MASSEVENT x: 15, y: 2 MOUSEX: 428 MOUSEY: 50
2024-06-23 09:01:32.944692 [INFO] DISPLAY_MASSEVENT_BIG x: 15, y: 2
2024-06-23 09:01:33.391717 [INFO] MOUSEBUTTONDOWN_MASSEVENT x: 14, y: 3 MOUSEX: 402 MOUSEY: 88
2024-06-23 09:01:33.392717 [INFO] DISPLAY_MASSEVENT_BIG x: 14, y: 3
2024-06-23 09:01:34.391775 [INFO] MOUSEBUTTONDOWN_MASSEVENT x: 13, y: 4 MOUSEX: 374 MOUSEY: 143
2024-06-23 09:01:34.392775 [INFO] DISPLAY_MASSEVENT_BIG x: 13, y: 4
2024-06-23 09:01:34.951807 [INFO] MOUSEBUTTONDOWN_MASSEVENT x: 14, y: 5 MOUSEX: 407 MOUSEY: 178
2024-06-23 09:01:34.952807 [INFO] DISPLAY_MASSEVENT_BIG x: 14, y: 5
2024-06-23 09:01:35.544840 [INFO] MOUSEBUTTONDOWN_MASSEVENT x: 16, y: 6 MOUSEX: 452 MOUSEY: 206
2024-06-23 09:01:35.544840 [INFO] DISPLAY_MASSEVENT_BIG x: 16, y: 6
2024-06-23 09:01:36.303884 [INFO] MOUSEBUTTONDOWN_MASSEVENT x: 15, y: 6 MOUSEX: 438 MOUSEY: 215
2024-06-23 09:01:36.304884 [INFO] DISPLAY_MASSEVENT_BIG x: 15, y: 6
2024-06-23 09:01:37.007924 [INFO] MOUSEBUTTONDOWN_MASSEVENT x: 25, y: 3 MOUSEX: 735 MOUSEY: 114 TOO BIG OR SMALL
2024-06-23 09:01:37.008924 [INFO] MOUSEBUTTONDOWN_EVENT CANCE-EVENT x: 735, y: 114
2024-06-23 09:01:37.008924 [INFO] MASS_CHOOSE_B IS FALSE
2024-06-23 09:01:37.287940 [INFO] MOUSEBUTTONDOWN_MASSEVENT x: 25, y: 3 MOUSEX: 749 MOUSEY: 109 TOO BIG OR SMALL
2024-06-23 09:01:37.288940 [INFO] MOUSEBUTTONDOWN_EVENT CANCE-EVENT x: 749, y: 109
2024-06-23 09:01:37.288940 [INFO] CANCE-CHOOSE IS TRUE
2024-06-23 09:01:38.271996 [INFO] MOUSEBUTTONDOWN_MASSEVENT x: 16, y: 6 MOUSEX: 464 MOUSEY: 218
2024-06-23 09:01:38.272997 [INFO] DISPLAY_CANCE-EVENT x: 16, y: 6
2024-06-23 09:01:38.896032 [INFO] MOUSEBUTTONDOWN_MASSEVENT x: 24, y: 5 MOUSEX: 717 MOUSEY: 171 TOO BIG OR SMALL
2024-06-23 09:01:38.897032 [INFO] MOUSEBUTTONDOWN_EVENT MASS-CHOOSE-BIG-EVENT x: 717, y: 171
2024-06-23 09:01:38.897032 [INFO] MASS-CHOOSE-BIG
2024-06-23 09:01:38.897032 [INFO] MASS_CHOOSE_B IS TRUE
2024-06-23 09:01:38.898032 [INFO] CANCE-CHOOSE IS FALSE
2024-06-23 09:01:39.960093 [INFO] MOUSEBUTTONDOWN_MASSEVENT x: 16, y: 7 MOUSEX: 454 MOUSEY: 270
2024-06-23 09:01:39.961093 [INFO] DISPLAY_MASSEVENT_BIG x: 16, y: 7
2024-06-23 09:01:40.400118 [INFO] MOUSEBUTTONDOWN_MASSEVENT x: 17, y: 7 MOUSEX: 485 MOUSEY: 264
2024-06-23 09:01:40.401118 [INFO] DISPLAY_MASSEVENT_BIG x: 17, y: 7
2024-06-23 09:01:41.064156 [INFO] MOUSEBUTTONDOWN_MASSEVENT x: 18, y: 6 MOUSEX: 523 MOUSEY: 222
2024-06-23 09:01:41.065156 [INFO] DISPLAY_MASSEVENT_BIG x: 18, y: 6
2024-06-23 09:01:41.872202 [INFO] MOUSEBUTTONDOWN_MASSEVENT x: 19, y: 5 MOUSEX: 550 MOUSEY: 178
2024-06-23 09:01:41.873202 [INFO] DISPLAY_MASSEVENT_BIG x: 19, y: 5
2024-06-23 09:01:42.520239 [INFO] MOUSEBUTTONDOWN_MASSEVENT x: 17, y: 4 MOUSEX: 504 MOUSEY: 144
2024-06-23 09:01:42.521239 [INFO] DISPLAY_MASSEVENT_BIG x: 17, y: 4
2024-06-23 09:01:42.832257 [INFO] MOUSEBUTTONDOWN_MASSEVENT x: 18, y: 4 MOUSEX: 524 MOUSEY: 141
2024-06-23 09:01:42.833257 [INFO] DISPLAY_MASSEVENT_BIG x: 18, y: 4
2024-06-23 09:01:43.192278 [INFO] MOUSEBUTTONDOWN_MASSEVENT x: 19, y: 4 MOUSEX: 549 MOUSEY: 136
2024-06-23 09:01:43.192278 [INFO] DISPLAY_MASSEVENT_BIG x: 19, y: 4
2024-06-23 09:01:43.904319 [INFO] MOUSEBUTTONDOWN_MASSEVENT x: 19, y: 6 MOUSEX: 553 MOUSEY: 215
2024-06-23 09:01:43.904319 [INFO] DISPLAY_MASSEVENT_BIG x: 19, y: 6
2024-06-23 09:01:44.352344 [INFO] MOUSEBUTTONDOWN_MASSEVENT x: 19, y: 7 MOUSEX: 548 MOUSEY: 250
2024-06-23 09:01:44.352344 [INFO] DISPLAY_MASSEVENT_BIG x: 19, y: 7
2024-06-23 09:01:53.551870 [INFO] MOUSEBUTTONDOWN_MASSEVENT x: 16, y: 9 MOUSEX: 460 MOUSEY: 338
2024-06-23 09:01:53.552870 [INFO] DISPLAY_MASSEVENT_BIG x: 16, y: 9
2024-06-23 09:01:54.095902 [INFO] MOUSEBUTTONDOWN_MASSEVENT x: 15, y: 10 MOUSEX: 431 MOUSEY: 364
2024-06-23 09:01:54.096902 [INFO] DISPLAY_MASSEVENT_BIG x: 15, y: 10
2024-06-23 09:01:56.096016 [INFO] MOUSEBUTTONDOWN_MASSEVENT x: 14, y: 11 MOUSEX: 402 MOUSEY: 423
2024-06-23 09:01:56.096016 [INFO] DISPLAY_MASSEVENT_BIG x: 14, y: 11
2024-06-23 09:01:56.704051 [INFO] MOUSEBUTTONDOWN_MASSEVENT x: 13, y: 12 MOUSEX: 367 MOUSEY: 458
2024-06-23 09:01:56.704051 [INFO] DISPLAY_MASSEVENT_BIG x: 13, y: 12
2024-06-23 09:01:57.688107 [INFO] MOUSEBUTTONDOWN_MASSEVENT x: 14, y: 13 MOUSEX: 396 MOUSEY: 494
2024-06-23 09:01:57.688107 [INFO] DISPLAY_MASSEVENT_BIG x: 14, y: 13
2024-06-23 09:01:58.600159 [INFO] MOUSEBUTTONDOWN_MASSEVENT x: 15, y: 14 MOUSEX: 438 MOUSEY: 528
2024-06-23 09:01:58.600159 [INFO] DISPLAY_MASSEVENT_BIG x: 15, y: 14
2024-06-23 09:01:59.464209 [INFO] MOUSEBUTTONDOWN_MASSEVENT x: 16, y: 15 MOUSEX: 473 MOUSEY: 567
2024-06-23 09:01:59.465209 [INFO] DISPLAY_MASSEVENT_BIG x: 16, y: 15
2024-06-23 09:01:59.880232 [INFO] MOUSEBUTTONDOWN_MASSEVENT x: 17, y: 15 MOUSEX: 489 MOUSEY: 571
2024-06-23 09:01:59.880232 [INFO] DISPLAY_MASSEVENT_BIG x: 17, y: 15
2024-06-23 09:02:00.968295 [INFO] MOUSEBUTTONDOWN_MASSEVENT x: 18, y: 14 MOUSEX: 524 MOUSEY: 541
2024-06-23 09:02:00.968295 [INFO] DISPLAY_MASSEVENT_BIG x: 18, y: 14
2024-06-23 09:02:05.535556 [INFO] MOUSEBUTTONDOWN_MASSEVENT x: 19, y: 14 MOUSEX: 552 MOUSEY: 541
2024-06-23 09:02:05.536556 [INFO] DISPLAY_MASSEVENT_BIG x: 19, y: 14
2024-06-23 09:02:06.112589 [INFO] MOUSEBUTTONDOWN_MASSEVENT x: 19, y: 15 MOUSEX: 549 MOUSEY: 571
2024-06-23 09:02:06.112589 [INFO] DISPLAY_MASSEVENT_BIG x: 19, y: 15
2024-06-23 09:02:06.903634 [INFO] MOUSEBUTTONDOWN_MASSEVENT x: 19, y: 13 MOUSEX: 550 MOUSEY: 489
2024-06-23 09:02:06.904634 [INFO] DISPLAY_MASSEVENT_BIG x: 19, y: 13
2024-06-23 09:02:07.575673 [INFO] MOUSEBUTTONDOWN_MASSEVENT x: 19, y: 12 MOUSEX: 551 MOUSEY: 463
2024-06-23 09:02:07.576673 [INFO] DISPLAY_MASSEVENT_BIG x: 19, y: 12
2024-06-23 09:02:08.055700 [INFO] MOUSEBUTTONDOWN_MASSEVENT x: 18, y: 12 MOUSEX: 522 MOUSEY: 464
2024-06-23 09:02:08.056700 [INFO] DISPLAY_MASSEVENT_BIG x: 18, y: 12
2024-06-23 09:02:08.479724 [INFO] MOUSEBUTTONDOWN_MASSEVENT x: 17, y: 12 MOUSEX: 499 MOUSEY: 464
2024-06-23 09:02:08.480724 [INFO] DISPLAY_MASSEVENT_BIG x: 17, y: 12
2024-06-23 09:02:14.904092 [INFO] MOUSEBUTTONDOWN_MASSEVENT x: 16, y: 4 MOUSEX: 466 MOUSEY: 128
2024-06-23 09:02:14.905092 [INFO] DISPLAY_MASSEVENT_BIG x: 16, y: 4
2024-06-23 09:02:15.400120 [INFO] MOUSEBUTTONDOWN_MASSEVENT x: 15, y: 4 MOUSEX: 429 MOUSEY: 145
2024-06-23 09:02:15.400120 [INFO] DISPLAY_MASSEVENT_BIG x: 15, y: 4
2024-06-23 09:02:16.344174 [INFO] MOUSEBUTTONDOWN_MASSEVENT x: 14, y: 4 MOUSEX: 403 MOUSEY: 151
2024-06-23 09:02:16.344174 [INFO] DISPLAY_MASSEVENT_BIG x: 14, y: 4
2024-06-23 09:02:17.424236 [INFO] MOUSEBUTTONDOWN_MASSEVENT x: 16, y: 12 MOUSEX: 469 MOUSEY: 452
2024-06-23 09:02:17.424236 [INFO] DISPLAY_MASSEVENT_BIG x: 16, y: 12
2024-06-23 09:02:17.775256 [INFO] MOUSEBUTTONDOWN_MASSEVENT x: 15, y: 12 MOUSEX: 440 MOUSEY: 452
2024-06-23 09:02:17.776256 [INFO] DISPLAY_MASSEVENT_BIG x: 15, y: 12
2024-06-23 09:02:18.047271 [INFO] MOUSEBUTTONDOWN_MASSEVENT x: 14, y: 12 MOUSEX: 399 MOUSEY: 450
2024-06-23 09:02:18.048272 [INFO] DISPLAY_MASSEVENT_BIG x: 14, y: 12
2024-06-23 09:02:29.727940 [INFO] MOUSEBUTTONDOWN_MASSEVENT x: 26, y: 3 MOUSEX: 767 MOUSEY: 114 TOO BIG OR SMALL
2024-06-23 09:02:29.727940 [INFO] MOUSEBUTTONDOWN_EVENT CANCE-EVENT x: 767, y: 114
2024-06-23 09:02:29.728940 [INFO] MASS_CHOOSE_B IS FALSE
2024-06-23 09:02:29.871948 [INFO] MOUSEBUTTONDOWN_MASSEVENT x: 26, y: 3 MOUSEX: 767 MOUSEY: 114 TOO BIG OR SMALL
2024-06-23 09:02:29.871948 [INFO] MOUSEBUTTONDOWN_EVENT CANCE-EVENT x: 767, y: 114
2024-06-23 09:02:29.871948 [INFO] CANCE-CHOOSE IS TRUE
2024-06-23 09:02:31.304030 [INFO] MOUSEBUTTONDOWN_MASSEVENT x: 24, y: 4 MOUSEX: 691 MOUSEY: 150 TOO BIG OR SMALL
2024-06-23 09:02:31.304030 [INFO] MOUSEBUTTONDOWN_EVENT MASS-CHOOSE-BIG-EVENT x: 691, y: 150
2024-06-23 09:02:31.305030 [INFO] MASS-CHOOSE-BIG
2024-06-23 09:02:31.305030 [INFO] MASS_CHOOSE_B IS TRUE
2024-06-23 09:02:31.305030 [INFO] CANCE-CHOOSE IS FALSE
2024-06-23 09:02:33.080131 [INFO] MOUSEBUTTONDOWN_MASSEVENT x: 26, y: 3 MOUSEX: 761 MOUSEY: 116 TOO BIG OR SMALL
2024-06-23 09:02:33.080131 [INFO] MOUSEBUTTONDOWN_EVENT CANCE-EVENT x: 761, y: 116
2024-06-23 09:02:33.080131 [INFO] MASS_CHOOSE_B IS FALSE
2024-06-23 09:02:33.247141 [INFO] MOUSEBUTTONDOWN_MASSEVENT x: 26, y: 3 MOUSEX: 761 MOUSEY: 116 TOO BIG OR SMALL
2024-06-23 09:02:33.248141 [INFO] MOUSEBUTTONDOWN_EVENT CANCE-EVENT x: 761, y: 116
2024-06-23 09:02:33.249141 [INFO] CANCE-CHOOSE IS TRUE
2024-06-23 09:02:34.031186 [INFO] MOUSEBUTTONDOWN_MASSEVENT x: 19, y: 7 MOUSEX: 552 MOUSEY: 260
2024-06-23 09:02:34.032186 [INFO] DISPLAY_CANCE-EVENT x: 19, y: 7
2024-06-23 09:02:35.031243 [INFO] MOUSEBUTTONDOWN_MASSEVENT x: 19, y: 15 MOUSEX: 557 MOUSEY: 582
2024-06-23 09:02:35.032243 [INFO] DISPLAY_CANCE-EVENT x: 19, y: 15
2024-06-23 09:02:37.631392 [INFO] MOUSEBUTTONDOWN_MASSEVENT x: 23, y: 5 MOUSEX: 688 MOUSEY: 199 TOO BIG OR SMALL
2024-06-23 09:02:37.632392 [INFO] MOUSEBUTTONDOWN_EVENT MASS-CHOOSE-BIG-EVENT x: 688, y: 199
2024-06-23 09:02:37.632392 [INFO] MASS-CHOOSE-BIG
2024-06-23 09:02:37.633392 [INFO] MASS_CHOOSE_B IS TRUE
2024-06-23 09:02:37.633392 [INFO] CANCE-CHOOSE IS FALSE
2024-06-23 09:02:38.767457 [INFO] MOUSEBUTTONDOWN_MASSEVENT x: 15, y: 10 MOUSEX: 435 MOUSEY: 398
2024-06-23 09:02:38.768457 [INFO] DISPLAY_MASSEVENT_BIG x: 15, y: 10
2024-06-23 09:02:39.151479 [INFO] MOUSEBUTTONDOWN_MASSEVENT x: 15, y: 11 MOUSEX: 434 MOUSEY: 414
2024-06-23 09:02:39.152479 [INFO] DISPLAY_MASSEVENT_BIG x: 15, y: 11
2024-06-23 09:02:40.151536 [INFO] MOUSEBUTTONDOWN_MASSEVENT x: 26, y: 3 MOUSEX: 778 MOUSEY: 108 TOO BIG OR SMALL
2024-06-23 09:02:40.152536 [INFO] MOUSEBUTTONDOWN_EVENT CANCE-EVENT x: 778, y: 108
2024-06-23 09:02:40.152536 [INFO] MASS_CHOOSE_B IS FALSE
2024-06-23 09:02:40.295544 [INFO] MOUSEBUTTONDOWN_MASSEVENT x: 26, y: 3 MOUSEX: 776 MOUSEY: 108 TOO BIG OR SMALL
2024-06-23 09:02:40.296544 [INFO] MOUSEBUTTONDOWN_EVENT CANCE-EVENT x: 776, y: 108
2024-06-23 09:02:40.296544 [INFO] CANCE-CHOOSE IS TRUE
2024-06-23 09:02:41.135592 [INFO] MOUSEBUTTONDOWN_MASSEVENT x: 15, y: 10 MOUSEX: 428 MOUSEY: 387
2024-06-23 09:02:41.136592 [INFO] DISPLAY_CANCE-EVENT x: 15, y: 10
2024-06-23 09:02:41.631620 [INFO] MOUSEBUTTONDOWN_MASSEVENT x: 14, y: 11 MOUSEX: 405 MOUSEY: 422
2024-06-23 09:02:41.632620 [INFO] DISPLAY_CANCE-EVENT x: 14, y: 11
2024-06-23 09:02:42.631678 [INFO] MOUSEBUTTONDOWN_MASSEVENT x: 13, y: 12 MOUSEX: 367 MOUSEY: 461
2024-06-23 09:02:42.632678 [INFO] DISPLAY_CANCE-EVENT x: 13, y: 12
2024-06-23 09:02:43.919751 [INFO] MOUSEBUTTONDOWN_MASSEVENT x: 24, y: 5 MOUSEX: 705 MOUSEY: 174 TOO BIG OR SMALL
2024-06-23 09:02:43.920751 [INFO] MOUSEBUTTONDOWN_EVENT MASS-CHOOSE-BIG-EVENT x: 705, y: 174
2024-06-23 09:02:43.920751 [INFO] MASS-CHOOSE-BIG
2024-06-23 09:02:43.920751 [INFO] MASS_CHOOSE_B IS TRUE
2024-06-23 09:02:43.921751 [INFO] CANCE-CHOOSE IS FALSE
2024-06-23 09:02:44.759799 [INFO] MOUSEBUTTONDOWN_MASSEVENT x: 16, y: 10 MOUSEX: 451 MOUSEY: 378
2024-06-23 09:02:44.760799 [INFO] DISPLAY_MASSEVENT_BIG x: 16, y: 10
2024-06-23 09:02:46.535901 [INFO] MOUSEBUTTONDOWN_MASSEVENT x: 15, y: 10 MOUSEX: 443 MOUSEY: 370
2024-06-23 09:02:46.536901 [INFO] DISPLAY_MASSEVENT_BIG x: 15, y: 10
2024-06-23 09:02:47.951982 [INFO] MOUSEBUTTONDOWN_MASSEVENT x: 14, y: 11 MOUSEX: 406 MOUSEY: 411
2024-06-23 09:02:47.951982 [INFO] DISPLAY_MASSEVENT_BIG x: 14, y: 11
2024-06-23 09:02:48.783029 [INFO] MOUSEBUTTONDOWN_MASSEVENT x: 26, y: 3 MOUSEX: 778 MOUSEY: 115 TOO BIG OR SMALL
2024-06-23 09:02:48.784030 [INFO] MOUSEBUTTONDOWN_EVENT CANCE-EVENT x: 778, y: 115
2024-06-23 09:02:48.784030 [INFO] MASS_CHOOSE_B IS FALSE
2024-06-23 09:02:48.944039 [INFO] MOUSEBUTTONDOWN_MASSEVENT x: 26, y: 3 MOUSEX: 778 MOUSEY: 115 TOO BIG OR SMALL
2024-06-23 09:02:48.944039 [INFO] MOUSEBUTTONDOWN_EVENT CANCE-EVENT x: 778, y: 115
2024-06-23 09:02:48.945039 [INFO] CANCE-CHOOSE IS TRUE
2024-06-23 09:02:49.968097 [INFO] MOUSEBUTTONDOWN_MASSEVENT x: 16, y: 10 MOUSEX: 464 MOUSEY: 381
2024-06-23 09:02:49.968097 [INFO] DISPLAY_CANCE-EVENT x: 16, y: 10
2024-06-23 09:02:50.319117 [INFO] MOUSEBUTTONDOWN_MASSEVENT x: 15, y: 11 MOUSEX: 431 MOUSEY: 418
2024-06-23 09:02:50.320117 [INFO] DISPLAY_CANCE-EVENT x: 15, y: 11
2024-06-23 09:02:52.839261 [INFO] MOUSEBUTTONDOWN_MASSEVENT x: 23, y: 4 MOUSEX: 673 MOUSEY: 157 TOO BIG OR SMALL
2024-06-23 09:02:52.840262 [INFO] MOUSEBUTTONDOWN_EVENT MASS-CHOOSE-BIG-EVENT x: 673, y: 157
2024-06-23 09:02:52.840262 [INFO] MASS-CHOOSE-BIG
2024-06-23 09:02:52.840262 [INFO] MASS_CHOOSE_B IS TRUE
2024-06-23 09:02:52.841262 [INFO] CANCE-CHOOSE IS FALSE
2024-06-23 09:02:55.551417 [INFO] MOUSEBUTTONDOWN_MASSEVENT x: 16, y: 2 MOUSEX: 464 MOUSEY: 51
2024-06-23 09:02:55.552417 [INFO] DISPLAY_MASSEVENT_BIG x: 16, y: 2
2024-06-23 09:02:56.271458 [INFO] MOUSEBUTTONDOWN_MASSEVENT x: 15, y: 3 MOUSEX: 429 MOUSEY: 83
2024-06-23 09:02:56.272458 [INFO] DISPLAY_MASSEVENT_BIG x: 15, y: 3
2024-06-23 09:02:57.303517 [INFO] MOUSEBUTTONDOWN_MASSEVENT x: 25, y: 3 MOUSEX: 747 MOUSEY: 109 TOO BIG OR SMALL
2024-06-23 09:02:57.304517 [INFO] MOUSEBUTTONDOWN_EVENT CANCE-EVENT x: 747, y: 109
2024-06-23 09:02:57.304517 [INFO] MASS_CHOOSE_B IS FALSE
2024-06-23 09:02:57.471526 [INFO] MOUSEBUTTONDOWN_MASSEVENT x: 26, y: 3 MOUSEX: 751 MOUSEY: 109 TOO BIG OR SMALL
2024-06-23 09:02:57.472526 [INFO] MOUSEBUTTONDOWN_EVENT CANCE-EVENT x: 751, y: 109
2024-06-23 09:02:57.472526 [INFO] CANCE-CHOOSE IS TRUE
2024-06-23 09:02:59.263629 [INFO] MOUSEBUTTONDOWN_MASSEVENT x: 15, y: 3 MOUSEX: 430 MOUSEY: 109
2024-06-23 09:02:59.263629 [INFO] DISPLAY_CANCE-EVENT x: 15, y: 3
2024-06-23 09:02:59.807660 [INFO] MOUSEBUTTONDOWN_MASSEVENT x: 16, y: 2 MOUSEX: 459 MOUSEY: 66
2024-06-23 09:02:59.807660 [INFO] DISPLAY_CANCE-EVENT x: 16, y: 2
2024-06-23 09:03:00.263686 [INFO] MOUSEBUTTONDOWN_MASSEVENT x: 16, y: 1 MOUSEX: 462 MOUSEY: 25
2024-06-23 09:03:00.263686 [INFO] DISPLAY_CANCE-EVENT x: 16, y: 1
2024-06-23 09:03:02.383807 [INFO] MOUSEBUTTONDOWN_MASSEVENT x: 13, y: 4 MOUSEX: 369 MOUSEY: 138
2024-06-23 09:03:02.383807 [INFO] DISPLAY_CANCE-EVENT x: 13, y: 4
2024-06-23 09:03:03.927896 [INFO] MOUSEBUTTONDOWN_MASSEVENT x: 24, y: 4 MOUSEX: 692 MOUSEY: 152 TOO BIG OR SMALL
2024-06-23 09:03:03.927896 [INFO] MOUSEBUTTONDOWN_EVENT MASS-CHOOSE-BIG-EVENT x: 692, y: 152
2024-06-23 09:03:03.927896 [INFO] MASS-CHOOSE-BIG
2024-06-23 09:03:03.928896 [INFO] MASS_CHOOSE_B IS TRUE
2024-06-23 09:03:03.928896 [INFO] CANCE-CHOOSE IS FALSE
2024-06-23 09:03:04.695940 [INFO] MOUSEBUTTONDOWN_MASSEVENT x: 15, y: 3 MOUSEX: 424 MOUSEY: 105
2024-06-23 09:03:04.695940 [INFO] DISPLAY_MASSEVENT_BIG x: 15, y: 3
2024-06-23 09:03:05.158966 [INFO] MOUSEBUTTONDOWN_MASSEVENT x: 16, y: 2 MOUSEX: 456 MOUSEY: 63
2024-06-23 09:03:05.159966 [INFO] DISPLAY_MASSEVENT_BIG x: 16, y: 2
2024-06-23 09:03:06.383036 [INFO] MOUSEBUTTONDOWN_MASSEVENT x: 17, y: 1 MOUSEX: 500 MOUSEY: 20
2024-06-23 09:03:06.384036 [INFO] DISPLAY_MASSEVENT_BIG x: 17, y: 1
2024-06-23 09:03:06.960069 [INFO] MOUSEBUTTONDOWN_MASSEVENT x: 26, y: 3 MOUSEX: 777 MOUSEY: 101 TOO BIG OR SMALL
2024-06-23 09:03:06.960069 [INFO] MOUSEBUTTONDOWN_EVENT CANCE-EVENT x: 777, y: 101
2024-06-23 09:03:06.960069 [INFO] MASS_CHOOSE_B IS FALSE
2024-06-23 09:03:07.111078 [INFO] MOUSEBUTTONDOWN_MASSEVENT x: 27, y: 3 MOUSEX: 784 MOUSEY: 101 TOO BIG OR SMALL
2024-06-23 09:03:07.568104 [INFO] MOUSEBUTTONDOWN_MASSEVENT x: 25, y: 3 MOUSEX: 736 MOUSEY: 108 TOO BIG OR SMALL
2024-06-23 09:03:07.568104 [INFO] MOUSEBUTTONDOWN_EVENT CANCE-EVENT x: 736, y: 108
2024-06-23 09:03:07.568104 [INFO] CANCE-CHOOSE IS TRUE
2024-06-23 09:03:08.495157 [INFO] MOUSEBUTTONDOWN_MASSEVENT x: 15, y: 2 MOUSEX: 425 MOUSEY: 64
2024-06-23 09:03:08.496157 [INFO] DISPLAY_CANCE-EVENT x: 15, y: 2
2024-06-23 09:03:08.975184 [INFO] MOUSEBUTTONDOWN_MASSEVENT x: 14, y: 3 MOUSEX: 402 MOUSEY: 94
2024-06-23 09:03:08.976184 [INFO] DISPLAY_CANCE-EVENT x: 14, y: 3
2024-06-23 09:03:18.879751 [INFO] MOUSEBUTTONDOWN_MASSEVENT x: 17, y: 1 MOUSEX: 493 MOUSEY: 19
2024-06-23 09:03:18.880751 [INFO] DISPLAY_CANCE-EVENT x: 17, y: 1
2024-06-23 09:03:24.335063 [INFO] MOUSEBUTTONDOWN_MASSEVENT x: 24, y: 4 MOUSEX: 699 MOUSEY: 140 TOO BIG OR SMALL
2024-06-23 09:03:24.336063 [INFO] MOUSEBUTTONDOWN_EVENT MASS-CHOOSE-BIG-EVENT x: 699, y: 140
2024-06-23 09:03:24.336063 [INFO] MASS-CHOOSE-BIG
2024-06-23 09:03:24.337063 [INFO] MASS_CHOOSE_B IS TRUE
2024-06-23 09:03:24.337063 [INFO] CANCE-CHOOSE IS FALSE
2024-06-23 09:03:25.391123 [INFO] MOUSEBUTTONDOWN_MASSEVENT x: 14, y: 3 MOUSEX: 396 MOUSEY: 93
2024-06-23 09:03:25.392123 [INFO] DISPLAY_MASSEVENT_BIG x: 14, y: 3
2024-06-23 09:03:25.903153 [INFO] MOUSEBUTTONDOWN_MASSEVENT x: 15, y: 2 MOUSEX: 441 MOUSEY: 62
2024-06-23 09:03:25.904153 [INFO] DISPLAY_MASSEVENT_BIG x: 15, y: 2
2024-06-23 09:03:26.239172 [INFO] MOUSEBUTTONDOWN_MASSEVENT x: 16, y: 1 MOUSEX: 464 MOUSEY: 32
2024-06-23 09:03:26.240172 [INFO] DISPLAY_MASSEVENT_BIG x: 16, y: 1
2024-06-23 09:03:26.919211 [INFO] MOUSEBUTTONDOWN_MASSEVENT x: 27, y: 3 MOUSEX: 784 MOUSEY: 91 TOO BIG OR SMALL
2024-06-23 09:03:27.047218 [INFO] MOUSEBUTTONDOWN_MASSEVENT x: 27, y: 3 MOUSEX: 784 MOUSEY: 91 TOO BIG OR SMALL
2024-06-23 09:03:28.159282 [INFO] MOUSEBUTTONDOWN_MASSEVENT x: 26, y: 3 MOUSEX: 778 MOUSEY: 102 TOO BIG OR SMALL
2024-06-23 09:03:28.159282 [INFO] MOUSEBUTTONDOWN_EVENT CANCE-EVENT x: 778, y: 102
2024-06-23 09:03:28.160282 [INFO] MASS_CHOOSE_B IS FALSE
2024-06-23 09:03:28.367294 [INFO] MOUSEBUTTONDOWN_MASSEVENT x: 26, y: 3 MOUSEX: 778 MOUSEY: 102 TOO BIG OR SMALL
2024-06-23 09:03:28.368294 [INFO] MOUSEBUTTONDOWN_EVENT CANCE-EVENT x: 778, y: 102
2024-06-23 09:03:28.368294 [INFO] CANCE-CHOOSE IS TRUE
2024-06-23 09:03:29.775374 [INFO] MOUSEBUTTONDOWN_MASSEVENT x: 15, y: 3 MOUSEX: 438 MOUSEY: 95
2024-06-23 09:03:29.775374 [INFO] DISPLAY_CANCE-EVENT x: 15, y: 3
2024-06-23 09:03:30.183397 [INFO] MOUSEBUTTONDOWN_MASSEVENT x: 16, y: 2 MOUSEX: 475 MOUSEY: 63
2024-06-23 09:03:30.184397 [INFO] DISPLAY_CANCE-EVENT x: 16, y: 2
2024-06-23 09:03:40.880009 [INFO] MOUSEBUTTONDOWN_MASSEVENT x: 24, y: 4 MOUSEX: 697 MOUSEY: 155 TOO BIG OR SMALL
2024-06-23 09:03:40.880009 [INFO] MOUSEBUTTONDOWN_EVENT MASS-CHOOSE-BIG-EVENT x: 697, y: 155
2024-06-23 09:03:40.880009 [INFO] MASS-CHOOSE-BIG
2024-06-23 09:03:40.881009 [INFO] MASS_CHOOSE_B IS TRUE
2024-06-23 09:03:40.881009 [INFO] CANCE-CHOOSE IS FALSE
2024-06-23 09:03:41.495044 [INFO] MOUSEBUTTONDOWN_MASSEVENT x: 24, y: 3 MOUSEX: 702 MOUSEY: 87 TOO BIG OR SMALL
2024-06-23 09:03:41.496044 [INFO] MOUSEBUTTONDOWN_EVENT MASS-CHOOSE-EVENT x: 702, y: 87
2024-06-23 09:03:41.496044 [INFO] MASS-CHOOSE-SMALL
2024-06-23 09:03:41.496044 [INFO] MASS_CHOOSE_S IS TRUE
2024-06-23 09:03:41.497045 [INFO] MASS_CHOOSE_B IS FALSE
2024-06-23 09:03:43.191141 [INFO] MOUSEBUTTONDOWN_MASSEVENT x: 20, y: 8 MOUSEX: 581 MOUSEY: 304
2024-06-23 09:03:43.192141 [INFO] DISPLAY_MASSEVENT_SMALL x: 20, y: 8
2024-06-23 09:03:43.591164 [INFO] MOUSEBUTTONDOWN_MASSEVENT x: 20, y: 9 MOUSEX: 577 MOUSEY: 328
2024-06-23 09:03:43.591164 [INFO] DISPLAY_MASSEVENT_SMALL x: 20, y: 9
2024-06-23 09:03:44.023189 [INFO] MOUSEBUTTONDOWN_MASSEVENT x: 20, y: 10 MOUSEX: 580 MOUSEY: 368
2024-06-23 09:03:44.024189 [INFO] DISPLAY_MASSEVENT_SMALL x: 20, y: 10
2024-06-23 09:03:44.471215 [INFO] MOUSEBUTTONDOWN_MASSEVENT x: 20, y: 11 MOUSEX: 574 MOUSEY: 407
2024-06-23 09:03:44.471215 [INFO] DISPLAY_MASSEVENT_SMALL x: 20, y: 11
2024-06-23 09:03:44.927241 [INFO] MOUSEBUTTONDOWN_MASSEVENT x: 19, y: 10 MOUSEX: 555 MOUSEY: 379
2024-06-23 09:03:44.928241 [INFO] DISPLAY_MASSEVENT_SMALL x: 19, y: 10
2024-06-23 09:03:45.343265 [INFO] MOUSEBUTTONDOWN_MASSEVENT x: 18, y: 9 MOUSEX: 527 MOUSEY: 346
2024-06-23 09:03:45.344265 [INFO] DISPLAY_MASSEVENT_SMALL x: 18, y: 9
2024-06-23 09:03:46.031304 [INFO] MOUSEBUTTONDOWN_MASSEVENT x: 17, y: 8 MOUSEX: 497 MOUSEY: 300
2024-06-23 09:03:46.032304 [INFO] DISPLAY_MASSEVENT_SMALL x: 17, y: 8
2024-06-23 09:03:46.263317 [INFO] MOUSEBUTTONDOWN_MASSEVENT x: 17, y: 9 MOUSEX: 507 MOUSEY: 332
2024-06-23 09:03:46.263317 [INFO] DISPLAY_MASSEVENT_SMALL x: 17, y: 9
2024-06-23 09:03:46.647339 [INFO] MOUSEBUTTONDOWN_MASSEVENT x: 17, y: 10 MOUSEX: 502 MOUSEY: 389
2024-06-23 09:03:46.648339 [INFO] DISPLAY_MASSEVENT_SMALL x: 17, y: 10
2024-06-23 09:03:46.999359 [INFO] MOUSEBUTTONDOWN_MASSEVENT x: 17, y: 11 MOUSEX: 501 MOUSEY: 411
2024-06-23 09:03:47.000359 [INFO] DISPLAY_MASSEVENT_SMALL x: 17, y: 11
2024-06-23 09:03:52.695685 [INFO] MOUSEBUTTONDOWN_MASSEVENT x: 12, y: 6 MOUSEX: 347 MOUSEY: 226
2024-06-23 09:03:52.695685 [INFO] DISPLAY_MASSEVENT_SMALL x: 12, y: 6
2024-06-23 09:03:53.062706 [INFO] MOUSEBUTTONDOWN_MASSEVENT x: 12, y: 7 MOUSEX: 352 MOUSEY: 260
2024-06-23 09:03:53.063706 [INFO] DISPLAY_MASSEVENT_SMALL x: 12, y: 7
2024-06-23 09:03:53.470729 [INFO] MOUSEBUTTONDOWN_MASSEVENT x: 12, y: 8 MOUSEX: 347 MOUSEY: 292
2024-06-23 09:03:53.471729 [INFO] DISPLAY_MASSEVENT_SMALL x: 12, y: 8
2024-06-23 09:03:53.887753 [INFO] MOUSEBUTTONDOWN_MASSEVENT x: 12, y: 9 MOUSEX: 342 MOUSEY: 324
2024-06-23 09:03:53.887753 [INFO] DISPLAY_MASSEVENT_SMALL x: 12, y: 9
2024-06-23 09:03:54.455786 [INFO] MOUSEBUTTONDOWN_MASSEVENT x: 13, y: 6 MOUSEX: 373 MOUSEY: 222
2024-06-23 09:03:54.455786 [INFO] DISPLAY_MASSEVENT_SMALL x: 13, y: 6
2024-06-23 09:03:54.918812 [INFO] MOUSEBUTTONDOWN_MASSEVENT x: 14, y: 7 MOUSEX: 403 MOUSEY: 254
2024-06-23 09:03:54.919812 [INFO] DISPLAY_MASSEVENT_SMALL x: 14, y: 7
2024-06-23 09:03:55.503846 [INFO] MOUSEBUTTONDOWN_MASSEVENT x: 13, y: 8 MOUSEX: 371 MOUSEY: 298
2024-06-23 09:03:55.503846 [INFO] DISPLAY_MASSEVENT_SMALL x: 13, y: 8
2024-06-23 09:03:55.943871 [INFO] MOUSEBUTTONDOWN_MASSEVENT x: 14, y: 9 MOUSEX: 398 MOUSEY: 331
2024-06-23 09:03:55.943871 [INFO] DISPLAY_MASSEVENT_SMALL x: 14, y: 9
2024-06-23 09:03:56.447900 [INFO] MOUSEBUTTONDOWN_MASSEVENT x: 13, y: 10 MOUSEX: 370 MOUSEY: 362
2024-06-23 09:03:56.447900 [INFO] DISPLAY_MASSEVENT_SMALL x: 13, y: 10
2024-06-23 09:03:56.894925 [INFO] MOUSEBUTTONDOWN_MASSEVENT x: 12, y: 10 MOUSEX: 338 MOUSEY: 369
2024-06-23 09:03:56.895925 [INFO] DISPLAY_MASSEVENT_SMALL x: 12, y: 10
2024-06-23 09:03:59.191057 [INFO] MOUSEBUTTONDOWN_MASSEVENT x: 13, y: 6 MOUSEX: 389 MOUSEY: 219
2024-06-23 09:03:59.192057 [INFO] DISPLAY_MASSEVENT_SMALL x: 13, y: 6
2024-06-23 09:03:59.911098 [INFO] MOUSEBUTTONDOWN_MASSEVENT x: 14, y: 6 MOUSEX: 393 MOUSEY: 227
2024-06-23 09:03:59.911098 [INFO] DISPLAY_MASSEVENT_SMALL x: 14, y: 6
2024-06-23 09:04:00.439128 [INFO] MOUSEBUTTONDOWN_MASSEVENT x: 14, y: 8 MOUSEX: 402 MOUSEY: 302
2024-06-23 09:04:00.440128 [INFO] DISPLAY_MASSEVENT_SMALL x: 14, y: 8
2024-06-23 09:04:00.967158 [INFO] MOUSEBUTTONDOWN_MASSEVENT x: 14, y: 10 MOUSEX: 394 MOUSEY: 369
2024-06-23 09:04:00.967158 [INFO] DISPLAY_MASSEVENT_SMALL x: 14, y: 10
2024-06-23 09:04:09.687657 [INFO] MOUSEBUTTONDOWN_MASSEVENT x: 24, y: 5 MOUSEX: 708 MOUSEY: 173 TOO BIG OR SMALL
2024-06-23 09:04:09.687657 [INFO] MOUSEBUTTONDOWN_EVENT MASS-CHOOSE-BIG-EVENT x: 708, y: 173
2024-06-23 09:04:09.688657 [INFO] MASS-CHOOSE-BIG
2024-06-23 09:04:09.688657 [INFO] MASS_CHOOSE_B IS TRUE
2024-06-23 09:04:09.688657 [INFO] MASS_CHOOSE_S IS FALSE
2024-06-23 09:04:10.423699 [INFO] MOUSEBUTTONDOWN_MASSEVENT x: 26, y: 3 MOUSEX: 769 MOUSEY: 115 TOO BIG OR SMALL
2024-06-23 09:04:10.423699 [INFO] MOUSEBUTTONDOWN_EVENT CANCE-EVENT x: 769, y: 115
2024-06-23 09:04:10.423699 [INFO] MASS_CHOOSE_B IS FALSE
2024-06-23 09:04:10.902726 [INFO] MOUSEBUTTONDOWN_MASSEVENT x: 26, y: 3 MOUSEX: 773 MOUSEY: 113 TOO BIG OR SMALL
2024-06-23 09:04:10.903726 [INFO] MOUSEBUTTONDOWN_EVENT CANCE-EVENT x: 773, y: 113
2024-06-23 09:04:10.904727 [INFO] CANCE-CHOOSE IS TRUE
2024-06-23 09:04:12.342809 [INFO] MOUSEBUTTONDOWN_MASSEVENT x: 14, y: 6 MOUSEX: 406 MOUSEY: 225
2024-06-23 09:04:12.343809 [INFO] DISPLAY_CANCE-EVENT x: 14, y: 6
2024-06-23 09:04:13.222859 [INFO] MOUSEBUTTONDOWN_MASSEVENT x: 14, y: 8 MOUSEX: 400 MOUSEY: 305
2024-06-23 09:04:13.223859 [INFO] DISPLAY_CANCE-EVENT x: 14, y: 8
2024-06-23 09:04:17.983131 [INFO] MOUSEBUTTONDOWN_MASSEVENT x: 22, y: 5 MOUSEX: 655 MOUSEY: 163 TOO BIG OR SMALL
2024-06-23 09:04:18.223145 [INFO] MOUSEBUTTONDOWN_MASSEVENT x: 22, y: 5 MOUSEX: 655 MOUSEY: 163 TOO BIG OR SMALL
2024-06-23 09:04:18.903184 [INFO] MOUSEBUTTONDOWN_MASSEVENT x: 24, y: 5 MOUSEX: 698 MOUSEY: 173 TOO BIG OR SMALL
2024-06-23 09:04:18.903184 [INFO] MOUSEBUTTONDOWN_EVENT MASS-CHOOSE-BIG-EVENT x: 698, y: 173
2024-06-23 09:04:18.903184 [INFO] MASS-CHOOSE-BIG
2024-06-23 09:04:18.904184 [INFO] MASS_CHOOSE_B IS TRUE
2024-06-23 09:04:18.904184 [INFO] CANCE-CHOOSE IS FALSE
2024-06-23 09:04:22.903413 [INFO] MOUSEBUTTONDOWN_MASSEVENT x: 27, y: 4 MOUSEX: 794 MOUSEY: 123 TOO BIG OR SMALL
2024-06-23 09:04:23.294435 [INFO] MOUSEBUTTONDOWN_MASSEVENT x: 27, y: 3 MOUSEX: 786 MOUSEY: 112 TOO BIG OR SMALL
2024-06-23 09:04:23.471445 [INFO] MOUSEBUTTONDOWN_MASSEVENT x: 27, y: 3 MOUSEX: 785 MOUSEY: 112 TOO BIG OR SMALL
2024-06-23 09:04:23.799464 [INFO] MOUSEBUTTONDOWN_MASSEVENT x: 26, y: 3 MOUSEX: 769 MOUSEY: 102 TOO BIG OR SMALL
2024-06-23 09:04:23.799464 [INFO] MOUSEBUTTONDOWN_EVENT CANCE-EVENT x: 769, y: 102
2024-06-23 09:04:23.799464 [INFO] MASS_CHOOSE_B IS FALSE
2024-06-23 09:04:24.118482 [INFO] MOUSEBUTTONDOWN_MASSEVENT x: 26, y: 3 MOUSEX: 769 MOUSEY: 102 TOO BIG OR SMALL
2024-06-23 09:04:24.119482 [INFO] MOUSEBUTTONDOWN_EVENT CANCE-EVENT x: 769, y: 102
2024-06-23 09:04:24.119482 [INFO] CANCE-CHOOSE IS TRUE
2024-06-23 09:04:25.503562 [INFO] MOUSEBUTTONDOWN_MASSEVENT x: 14, y: 10 MOUSEX: 408 MOUSEY: 378
2024-06-23 09:04:25.503562 [INFO] DISPLAY_CANCE-EVENT x: 14, y: 10
2024-06-23 09:04:26.630626 [INFO] MOUSEBUTTONDOWN_MASSEVENT x: 24, y: 5 MOUSEX: 710 MOUSEY: 161 TOO BIG OR SMALL
2024-06-23 09:04:26.631626 [INFO] MOUSEBUTTONDOWN_EVENT MASS-CHOOSE-BIG-EVENT x: 710, y: 161
2024-06-23 09:04:26.631626 [INFO] MASS-CHOOSE-BIG
2024-06-23 09:04:26.632626 [INFO] MASS_CHOOSE_B IS TRUE
2024-06-23 09:04:26.632626 [INFO] CANCE-CHOOSE IS FALSE
2024-06-23 09:04:26.775634 [INFO] MOUSEBUTTONDOWN_MASSEVENT x: 24, y: 5 MOUSEX: 710 MOUSEY: 161 TOO BIG OR SMALL
2024-06-23 09:04:26.775634 [INFO] MOUSEBUTTONDOWN_EVENT MASS-CHOOSE-BIG-EVENT x: 710, y: 161
2024-06-23 09:04:26.775634 [INFO] MASS-CHOOSE-BIG
2024-06-23 09:04:26.776634 [INFO] MASS_CHOOSE_B IS FALSE
2024-06-23 09:04:27.222660 [INFO] MOUSEBUTTONDOWN_MASSEVENT x: 24, y: 5 MOUSEX: 705 MOUSEY: 170 TOO BIG OR SMALL
2024-06-23 09:04:27.223660 [INFO] MOUSEBUTTONDOWN_EVENT MASS-CHOOSE-BIG-EVENT x: 705, y: 170
2024-06-23 09:04:27.223660 [INFO] MASS-CHOOSE-BIG
2024-06-23 09:04:27.224660 [INFO] MASS_CHOOSE_B IS TRUE
2024-06-23 09:04:28.974760 [INFO] MOUSEBUTTONDOWN_MASSEVENT x: 12, y: 13 MOUSEX: 341 MOUSEY: 495
2024-06-23 09:04:28.974760 [INFO] DISPLAY_MASSEVENT_BIG x: 12, y: 13
2024-06-23 09:04:29.446787 [INFO] MOUSEBUTTONDOWN_MASSEVENT x: 12, y: 13 MOUSEX: 359 MOUSEY: 493
2024-06-23 09:04:29.446787 [INFO] DISPLAY_MASSEVENT_BIG x: 12, y: 13
2024-06-23 09:04:30.118826 [INFO] MOUSEBUTTONDOWN_MASSEVENT x: 13, y: 13 MOUSEX: 372 MOUSEY: 501
2024-06-23 09:04:30.119826 [INFO] DISPLAY_MASSEVENT_BIG x: 13, y: 13
2024-06-23 09:04:30.470846 [INFO] MOUSEBUTTONDOWN_MASSEVENT x: 13, y: 14 MOUSEX: 374 MOUSEY: 539
2024-06-23 09:04:30.471846 [INFO] DISPLAY_MASSEVENT_BIG x: 13, y: 14
2024-06-23 09:04:30.830866 [INFO] MOUSEBUTTONDOWN_MASSEVENT x: 13, y: 15 MOUSEX: 372 MOUSEY: 569
2024-06-23 09:04:30.831866 [INFO] DISPLAY_MASSEVENT_BIG x: 13, y: 15
2024-06-23 09:04:31.214888 [INFO] MOUSEBUTTONDOWN_MASSEVENT x: 12, y: 15 MOUSEX: 353 MOUSEY: 570
2024-06-23 09:04:31.215888 [INFO] DISPLAY_MASSEVENT_BIG x: 12, y: 15
2024-06-23 09:04:31.566908 [INFO] MOUSEBUTTONDOWN_MASSEVENT x: 14, y: 15 MOUSEX: 404 MOUSEY: 572
2024-06-23 09:04:31.567908 [INFO] DISPLAY_MASSEVENT_BIG x: 14, y: 15
2024-06-23 09:04:41.023449 [INFO] game quit
2024-06-23 09:04:41.055451 [INFO] exiting
2024-06-23 09:29:22.083161 [INFO] starting
2024-06-23 09:29:22.326175 [INFO] GUI init
2024-06-23 09:29:22.358177 [INFO] Index bg
2024-06-23 09:29:22.459183 [INFO] Index start button
2024-06-23 09:29:22.501185 [INFO] Index settings image
2024-06-23 09:29:22.501185 [INFO] Index head text
2024-06-23 09:29:22.502185 [INFO] Index init
2024-06-23 09:29:25.051331 [INFO] MOUSEBUTTONDOWN_EVENT STARTGAME x: 412, y: 317
2024-06-23 09:29:25.052331 [INFO] start game
2024-06-23 09:29:25.054331 [INFO] GUI init
2024-06-23 09:29:25.165337 [INFO] game gui init
2024-06-23 09:29:27.836490 [INFO] game quit
2024-06-23 09:29:27.934496 [INFO] exiting
2024-06-23 09:32:48.738981 [INFO] starting
2024-06-23 09:32:48.914991 [INFO] GUI init
2024-06-23 09:32:48.920991 [INFO] Index bg
2024-06-23 09:32:48.938992 [INFO] Index start button
2024-06-23 09:32:48.938992 [INFO] Index settings image
2024-06-23 09:32:48.939993 [INFO] Index head text
2024-06-23 09:32:48.939993 [INFO] Index init
2024-06-23 09:32:51.083115 [INFO] MOUSEBUTTONDOWN_EVENT STARTGAME x: 375, y: 320
2024-06-23 09:32:51.083115 [INFO] start game
2024-06-23 09:32:51.086115 [INFO] GUI init
2024-06-23 09:32:51.094116 [INFO] game gui init
2024-06-23 09:32:51.763154 [INFO] MOUSEBUTTONDOWN_MASSEVENT x: 5, y: 3 MOUSEX: 136 MOUSEY: 118 TOO BIG OR SMALL
2024-06-23 09:32:51.947165 [INFO] MOUSEBUTTONDOWN_MASSEVENT x: 5, y: 3 MOUSEX: 136 MOUSEY: 118 TOO BIG OR SMALL
2024-06-23 09:32:52.747210 [INFO] MOUSEBUTTONDOWN_MASSEVENT x: 23, y: 5 MOUSEX: 672 MOUSEY: 166 TOO BIG OR SMALL
2024-06-23 09:32:52.747210 [INFO] MOUSEBUTTONDOWN_EVENT MASS-CHOOSE-BIG-EVENT x: 672, y: 166
2024-06-23 09:32:52.748210 [INFO] MASS-CHOOSE-BIG
2024-06-23 09:32:52.748210 [INFO] MASS_CHOOSE_B IS TRUE
2024-06-23 09:32:53.027226 [INFO] MOUSEBUTTONDOWN_MASSEVENT x: 18, y: 6 MOUSEX: 525 MOUSEY: 213
2024-06-23 09:32:53.027226 [INFO] DISPLAY_MASSEVENT_BIG x: 18, y: 6
2024-06-23 09:32:53.243239 [INFO] MOUSEBUTTONDOWN_MASSEVENT x: 17, y: 11 MOUSEX: 481 MOUSEY: 417
2024-06-23 09:32:53.243239 [INFO] DISPLAY_MASSEVENT_BIG x: 17, y: 11
2024-06-23 09:32:53.475252 [INFO] MOUSEBUTTONDOWN_MASSEVENT x: 15, y: 13 MOUSEX: 438 MOUSEY: 512
2024-06-23 09:32:53.475252 [INFO] DISPLAY_MASSEVENT_BIG x: 15, y: 13
