2024-06-28 21:52:40.832324 [INFO] starting
2024-06-28 21:52:41.088339 [INFO] GUI init
2024-06-28 21:52:41.121341 [INFO] Index bg
2024-06-28 21:52:41.239347 [INFO] Index start button
2024-06-28 21:52:41.303351 [INFO] Index settings image
2024-06-28 21:52:41.304351 [INFO] Index head text
2024-06-28 21:52:41.304351 [INFO] Index init
2024-06-28 21:52:43.138545 [INFO] MOUSEBUTTONDOWN_EVENT STARTGAME x: 382, y: 350
2024-06-28 21:52:43.139045 [INFO] start game
2024-06-28 21:52:43.320068 [INFO] GUI init
2024-06-28 21:52:43.489581 [INFO] game gui init
2024-06-28 21:52:47.633826 [INFO] MOUSEBUTTONDOWN_MASSEVENT x: 24, y: 5 MOUSEX: 692 MOUSEY: 180 TOO BIG OR SMALL
2024-06-28 21:52:47.634826 [INFO] MOUSEBUTTONDOWN_EVENT MASS-CHOOSE-BIG-EVENT x: 692, y: 180
2024-06-28 21:52:47.634826 [INFO] MASS-CHOOSE-BIG
2024-06-28 21:52:47.634826 [INFO] MASS_CHOOSE_B IS TRUE
2024-06-28 21:52:48.697887 [INFO] MOUSEBUTTONDOWN_MASSEVENT x: 20, y: 1 MOUSEX: 580 MOUSEY: 24
2024-06-28 21:52:48.698887 [INFO] DISPLAY_MASSEVENT_BIG x: 20, y: 1
2024-06-28 21:52:48.702887 [INFO] DISPLAY_MASSEVENT_BIG x: 1, y: 1
2024-06-28 21:52:49.513934 [INFO] MOUSEBUTTONDOWN_MASSEVENT x: 20, y: 2 MOUSEX: 583 MOUSEY: 55
2024-06-28 21:52:49.514934 [INFO] DISPLAY_MASSEVENT_BIG x: 20, y: 2
2024-06-28 21:52:49.517934 [INFO] DISPLAY_MASSEVENT_BIG x: 1, y: 2
2024-06-28 21:52:50.241975 [INFO] MOUSEBUTTONDOWN_MASSEVENT x: 20, y: 3 MOUSEX: 576 MOUSEY: 101
2024-06-28 21:52:50.242975 [INFO] DISPLAY_MASSEVENT_BIG x: 20, y: 3
2024-06-28 21:52:50.246976 [INFO] DISPLAY_MASSEVENT_BIG x: 1, y: 3
2024-06-28 21:52:51.434043 [INFO] MOUSEBUTTONDOWN_MASSEVENT x: 19, y: 3 MOUSEX: 559 MOUSEY: 102
2024-06-28 21:52:51.435043 [INFO] DISPLAY_MASSEVENT_BIG x: 19, y: 3
2024-06-28 21:52:51.438044 [INFO] DISPLAY_MASSEVENT_BIG x: 1, y: 4
2024-06-28 21:52:52.378097 [INFO] MOUSEBUTTONDOWN_MASSEVENT x: 20, y: 4 MOUSEX: 581 MOUSEY: 144
2024-06-28 21:52:52.378097 [INFO] DISPLAY_MASSEVENT_BIG x: 20, y: 4
2024-06-28 21:52:52.382098 [INFO] DISPLAY_MASSEVENT_BIG x: 1, y: 5
2024-06-28 21:52:52.970131 [INFO] MOUSEBUTTONDOWN_MASSEVENT x: 20, y: 5 MOUSEX: 580 MOUSEY: 181
2024-06-28 21:52:52.970131 [INFO] DISPLAY_MASSEVENT_BIG x: 20, y: 5
2024-06-28 21:52:52.974131 [INFO] DISPLAY_MASSEVENT_BIG x: 1, y: 6
2024-06-28 21:52:53.418157 [INFO] MOUSEBUTTONDOWN_MASSEVENT x: 20, y: 6 MOUSEX: 577 MOUSEY: 206
2024-06-28 21:52:53.418157 [INFO] DISPLAY_MASSEVENT_BIG x: 20, y: 6
2024-06-28 21:52:53.421157 [INFO] DISPLAY_MASSEVENT_BIG x: 1, y: 7
2024-06-28 21:52:53.802179 [INFO] MOUSEBUTTONDOWN_MASSEVENT x: 20, y: 7 MOUSEX: 582 MOUSEY: 245
2024-06-28 21:52:53.803179 [INFO] DISPLAY_MASSEVENT_BIG x: 20, y: 7
2024-06-28 21:52:53.806179 [INFO] DISPLAY_MASSEVENT_BIG x: 1, y: 8
2024-06-28 21:53:01.257605 [INFO] MOUSEBUTTONDOWN_MASSEVENT x: 13, y: 7 MOUSEX: 368 MOUSEY: 259
2024-06-28 21:53:01.258605 [INFO] DISPLAY_MASSEVENT_BIG x: 13, y: 7
2024-06-28 21:53:01.261606 [INFO] DISPLAY_MASSEVENT_BIG x: 1, y: 9
2024-06-28 21:53:03.721746 [INFO] MOUSEBUTTONDOWN_MASSEVENT x: 15, y: 7 MOUSEX: 438 MOUSEY: 262
2024-06-28 21:53:03.722746 [INFO] DISPLAY_MASSEVENT_BIG x: 15, y: 7
2024-06-28 21:53:03.726747 [INFO] DISPLAY_MASSEVENT_BIG x: 1, y: 10
2024-06-28 21:53:04.113769 [INFO] MOUSEBUTTONDOWN_MASSEVENT x: 15, y: 5 MOUSEX: 432 MOUSEY: 197
2024-06-28 21:53:04.114769 [INFO] DISPLAY_MASSEVENT_BIG x: 15, y: 5
2024-06-28 21:53:04.116769 [INFO] DISPLAY_MASSEVENT_BIG x: 1, y: 11
2024-06-28 21:53:05.153828 [INFO] MOUSEBUTTONDOWN_MASSEVENT x: 20, y: 8 MOUSEX: 583 MOUSEY: 291
2024-06-28 21:53:05.154828 [INFO] DISPLAY_MASSEVENT_BIG x: 20, y: 8
2024-06-28 21:53:05.157828 [INFO] DISPLAY_MASSEVENT_BIG x: 1, y: 12
2024-06-28 21:53:05.433844 [INFO] MOUSEBUTTONDOWN_MASSEVENT x: 20, y: 9 MOUSEX: 583 MOUSEY: 338
2024-06-28 21:53:05.434844 [INFO] DISPLAY_MASSEVENT_BIG x: 20, y: 9
2024-06-28 21:53:05.437844 [INFO] DISPLAY_MASSEVENT_BIG x: 1, y: 13
2024-06-28 21:53:05.721861 [INFO] MOUSEBUTTONDOWN_MASSEVENT x: 20, y: 10 MOUSEX: 598 MOUSEY: 379
2024-06-28 21:53:05.722861 [INFO] DISPLAY_MASSEVENT_BIG x: 20, y: 10
2024-06-28 21:53:05.725861 [INFO] DISPLAY_MASSEVENT_BIG x: 1, y: 14
2024-06-28 21:53:06.233890 [INFO] MOUSEBUTTONDOWN_MASSEVENT x: 20, y: 11 MOUSEX: 577 MOUSEY: 407
2024-06-28 21:53:06.233890 [INFO] DISPLAY_MASSEVENT_BIG x: 20, y: 11
2024-06-28 21:53:06.237890 [INFO] DISPLAY_MASSEVENT_BIG x: 1, y: 15
2024-06-28 21:53:06.537907 [INFO] MOUSEBUTTONDOWN_MASSEVENT x: 20, y: 11 MOUSEX: 585 MOUSEY: 429
2024-06-28 21:53:06.793922 [INFO] MOUSEBUTTONDOWN_MASSEVENT x: 20, y: 12 MOUSEX: 580 MOUSEY: 461
2024-06-28 21:53:06.793922 [INFO] DISPLAY_MASSEVENT_BIG x: 20, y: 12
2024-06-28 21:53:06.797922 [INFO] DISPLAY_MASSEVENT_BIG x: 2, y: 1
2024-06-28 21:53:07.161943 [INFO] MOUSEBUTTONDOWN_MASSEVENT x: 20, y: 13 MOUSEX: 580 MOUSEY: 489
2024-06-28 21:53:07.162943 [INFO] DISPLAY_MASSEVENT_BIG x: 20, y: 13
2024-06-28 21:53:07.165943 [INFO] DISPLAY_MASSEVENT_BIG x: 2, y: 2
2024-06-28 21:53:07.537965 [INFO] MOUSEBUTTONDOWN_MASSEVENT x: 20, y: 14 MOUSEX: 580 MOUSEY: 521
2024-06-28 21:53:07.537965 [INFO] DISPLAY_MASSEVENT_BIG x: 20, y: 14
2024-06-28 21:53:07.540965 [INFO] DISPLAY_MASSEVENT_BIG x: 2, y: 3
2024-06-28 21:53:07.833981 [INFO] MOUSEBUTTONDOWN_MASSEVENT x: 20, y: 14 MOUSEX: 582 MOUSEY: 556
2024-06-28 21:53:08.290008 [INFO] MOUSEBUTTONDOWN_MASSEVENT x: 20, y: 15 MOUSEX: 581 MOUSEY: 573
2024-06-28 21:53:08.290008 [INFO] DISPLAY_MASSEVENT_BIG x: 20, y: 15
2024-06-28 21:53:08.294008 [INFO] DISPLAY_MASSEVENT_BIG x: 2, y: 4
2024-06-28 21:53:36.425617 [INFO] MOUSEBUTTONDOWN_MASSEVENT x: 25, y: 2 MOUSEX: 726 MOUSEY: 56 TOO BIG OR SMALL
2024-06-28 21:53:36.427617 [INFO] MOUSEBUTTONDOWN_EVENT MASS-CHOOSE-EVENT x: 726, y: 56
2024-06-28 21:53:36.427617 [INFO] MASS-CHOOSE-SMALL
2024-06-28 21:53:36.428617 [INFO] MASS_CHOOSE_S IS TRUE
2024-06-28 21:53:36.428617 [INFO] MASS_CHOOSE_B IS FALSE
2024-06-28 21:53:58.418129 [INFO] MOUSEBUTTONDOWN_MASSEVENT x: 18, y: 4 MOUSEX: 529 MOUSEY: 151
2024-06-28 21:53:58.446130 [INFO] DISPLAY_MASSEVENT_SMALL x: 18, y: 4
2024-06-28 21:53:58.451131 [INFO] DISPLAY_MASSEVENT_BIG x: 2, y: 5
2024-06-28 21:53:58.746148 [INFO] MOUSEBUTTONDOWN_MASSEVENT x: 17, y: 5 MOUSEX: 506 MOUSEY: 197
2024-06-28 21:53:58.747148 [INFO] DISPLAY_MASSEVENT_SMALL x: 17, y: 5
2024-06-28 21:53:58.751148 [INFO] DISPLAY_MASSEVENT_BIG x: 2, y: 6
2024-06-28 21:53:59.066166 [INFO] MOUSEBUTTONDOWN_MASSEVENT x: 17, y: 7 MOUSEX: 508 MOUSEY: 264
2024-06-28 21:53:59.067166 [INFO] DISPLAY_MASSEVENT_SMALL x: 17, y: 7
2024-06-28 21:53:59.072166 [INFO] DISPLAY_MASSEVENT_BIG x: 2, y: 7
2024-06-28 21:53:59.377184 [INFO] MOUSEBUTTONDOWN_MASSEVENT x: 17, y: 8 MOUSEX: 498 MOUSEY: 304
2024-06-28 21:53:59.378184 [INFO] DISPLAY_MASSEVENT_SMALL x: 17, y: 8
2024-06-28 21:53:59.386184 [INFO] DISPLAY_MASSEVENT_BIG x: 2, y: 8
2024-06-28 21:53:59.665200 [INFO] MOUSEBUTTONDOWN_MASSEVENT x: 17, y: 9 MOUSEX: 481 MOUSEY: 340
2024-06-28 21:53:59.667200 [INFO] DISPLAY_MASSEVENT_SMALL x: 17, y: 9
2024-06-28 21:53:59.675201 [INFO] DISPLAY_MASSEVENT_BIG x: 2, y: 9
2024-06-28 21:54:00.041222 [INFO] MOUSEBUTTONDOWN_MASSEVENT x: 15, y: 9 MOUSEX: 426 MOUSEY: 325
2024-06-28 21:54:00.042222 [INFO] DISPLAY_MASSEVENT_SMALL x: 15, y: 9
2024-06-28 21:54:00.048222 [INFO] DISPLAY_MASSEVENT_BIG x: 2, y: 10
2024-06-28 21:54:00.409243 [INFO] MOUSEBUTTONDOWN_MASSEVENT x: 13, y: 9 MOUSEX: 372 MOUSEY: 327
2024-06-28 21:54:00.410243 [INFO] DISPLAY_MASSEVENT_SMALL x: 13, y: 9
2024-06-28 21:54:00.416243 [INFO] DISPLAY_MASSEVENT_BIG x: 2, y: 11
2024-06-28 21:54:01.001276 [INFO] MOUSEBUTTONDOWN_MASSEVENT x: 13, y: 5 MOUSEX: 383 MOUSEY: 193
2024-06-28 21:54:01.002277 [INFO] DISPLAY_MASSEVENT_SMALL x: 13, y: 5
2024-06-28 21:54:01.009277 [INFO] DISPLAY_MASSEVENT_BIG x: 2, y: 12
2024-06-28 21:54:01.394299 [INFO] MOUSEBUTTONDOWN_MASSEVENT x: 14, y: 3 MOUSEX: 390 MOUSEY: 103
2024-06-28 21:54:01.395299 [INFO] DISPLAY_MASSEVENT_SMALL x: 14, y: 3
2024-06-28 21:54:01.403299 [INFO] DISPLAY_MASSEVENT_BIG x: 2, y: 13
2024-06-28 21:54:01.721318 [INFO] MOUSEBUTTONDOWN_MASSEVENT x: 17, y: 2 MOUSEX: 508 MOUSEY: 71
2024-06-28 21:54:01.722318 [INFO] DISPLAY_MASSEVENT_SMALL x: 17, y: 2
2024-06-28 21:54:01.729318 [INFO] DISPLAY_MASSEVENT_BIG x: 2, y: 14
2024-06-28 21:54:03.857440 [INFO] MOUSEBUTTONDOWN_MASSEVENT x: 15, y: 6 MOUSEX: 441 MOUSEY: 227
2024-06-28 21:54:03.859440 [INFO] DISPLAY_MASSEVENT_SMALL x: 15, y: 6
2024-06-28 21:54:03.867440 [INFO] DISPLAY_MASSEVENT_BIG x: 2, y: 15
2024-06-28 21:54:06.201574 [INFO] MOUSEBUTTONDOWN_MASSEVENT x: 15, y: 11 MOUSEX: 444 MOUSEY: 406
2024-06-28 21:54:06.202574 [INFO] DISPLAY_MASSEVENT_SMALL x: 15, y: 11
2024-06-28 21:54:06.208574 [INFO] DISPLAY_MASSEVENT_BIG x: 3, y: 1
2024-06-28 21:54:06.593596 [INFO] MOUSEBUTTONDOWN_MASSEVENT x: 14, y: 11 MOUSEX: 403 MOUSEY: 435
2024-06-28 21:54:06.594596 [INFO] DISPLAY_MASSEVENT_SMALL x: 14, y: 11
2024-06-28 21:54:06.599597 [INFO] DISPLAY_MASSEVENT_BIG x: 3, y: 2
2024-06-28 21:54:06.946617 [INFO] MOUSEBUTTONDOWN_MASSEVENT x: 14, y: 13 MOUSEX: 410 MOUSEY: 493
2024-06-28 21:54:06.947617 [INFO] DISPLAY_MASSEVENT_SMALL x: 14, y: 13
2024-06-28 21:54:06.953617 [INFO] DISPLAY_MASSEVENT_BIG x: 3, y: 3
2024-06-28 21:54:07.321638 [INFO] MOUSEBUTTONDOWN_MASSEVENT x: 14, y: 14 MOUSEX: 413 MOUSEY: 534
2024-06-28 21:54:07.323638 [INFO] DISPLAY_MASSEVENT_SMALL x: 14, y: 14
2024-06-28 21:54:07.333639 [INFO] DISPLAY_MASSEVENT_BIG x: 3, y: 4
2024-06-28 21:54:08.225690 [INFO] MOUSEBUTTONDOWN_MASSEVENT x: 13, y: 12 MOUSEX: 365 MOUSEY: 462
2024-06-28 21:54:08.227690 [INFO] DISPLAY_MASSEVENT_SMALL x: 13, y: 12
2024-06-28 21:54:08.236690 [INFO] DISPLAY_MASSEVENT_BIG x: 3, y: 5
2024-06-28 21:54:08.866726 [INFO] MOUSEBUTTONDOWN_MASSEVENT x: 13, y: 11 MOUSEX: 367 MOUSEY: 404
2024-06-28 21:54:08.868726 [INFO] DISPLAY_MASSEVENT_SMALL x: 13, y: 11
2024-06-28 21:54:08.878727 [INFO] DISPLAY_MASSEVENT_BIG x: 3, y: 6
2024-06-28 21:54:09.306752 [INFO] MOUSEBUTTONDOWN_MASSEVENT x: 13, y: 10 MOUSEX: 369 MOUSEY: 369
2024-06-28 21:54:09.307752 [INFO] DISPLAY_MASSEVENT_SMALL x: 13, y: 10
2024-06-28 21:54:09.319752 [INFO] DISPLAY_MASSEVENT_BIG x: 3, y: 7
2024-06-28 21:54:10.097797 [INFO] MOUSEBUTTONDOWN_MASSEVENT x: 13, y: 9 MOUSEX: 387 MOUSEY: 340
2024-06-28 21:54:10.569824 [INFO] MOUSEBUTTONDOWN_MASSEVENT x: 14, y: 9 MOUSEX: 400 MOUSEY: 358
2024-06-28 21:54:10.570824 [INFO] DISPLAY_MASSEVENT_SMALL x: 14, y: 9
2024-06-28 21:54:10.576824 [INFO] DISPLAY_MASSEVENT_BIG x: 3, y: 8
2024-06-28 21:54:10.961846 [INFO] MOUSEBUTTONDOWN_MASSEVENT x: 14, y: 10 MOUSEX: 404 MOUSEY: 388
2024-06-28 21:54:10.962846 [INFO] DISPLAY_MASSEVENT_SMALL x: 14, y: 10
2024-06-28 21:54:10.970847 [INFO] DISPLAY_MASSEVENT_BIG x: 3, y: 9
2024-06-28 21:54:11.553880 [INFO] MOUSEBUTTONDOWN_MASSEVENT x: 15, y: 10 MOUSEX: 435 MOUSEY: 364
2024-06-28 21:54:11.554880 [INFO] DISPLAY_MASSEVENT_SMALL x: 15, y: 10
2024-06-28 21:54:11.562881 [INFO] DISPLAY_MASSEVENT_BIG x: 3, y: 10
2024-06-28 21:54:12.321924 [INFO] MOUSEBUTTONDOWN_MASSEVENT x: 14, y: 8 MOUSEX: 399 MOUSEY: 313
2024-06-28 21:54:12.322924 [INFO] DISPLAY_MASSEVENT_SMALL x: 14, y: 8
2024-06-28 21:54:12.332925 [INFO] DISPLAY_MASSEVENT_BIG x: 3, y: 11
2024-06-28 21:54:12.633942 [INFO] MOUSEBUTTONDOWN_MASSEVENT x: 15, y: 8 MOUSEX: 425 MOUSEY: 305
2024-06-28 21:54:12.635942 [INFO] DISPLAY_MASSEVENT_SMALL x: 15, y: 8
2024-06-28 21:54:12.644942 [INFO] DISPLAY_MASSEVENT_BIG x: 3, y: 12
2024-06-28 21:54:14.002020 [INFO] MOUSEBUTTONDOWN_MASSEVENT x: 8, y: 7 MOUSEX: 234 MOUSEY: 273 TOO BIG OR SMALL
2024-06-28 21:54:14.186031 [INFO] MOUSEBUTTONDOWN_MASSEVENT x: 8, y: 7 MOUSEX: 234 MOUSEY: 273 TOO BIG OR SMALL
2024-06-28 21:54:14.434045 [INFO] MOUSEBUTTONDOWN_MASSEVENT x: 10, y: 9 MOUSEX: 281 MOUSEY: 327 TOO BIG OR SMALL
2024-06-28 21:54:14.642057 [INFO] MOUSEBUTTONDOWN_MASSEVENT x: 10, y: 9 MOUSEX: 281 MOUSEY: 328 TOO BIG OR SMALL
2024-06-28 21:54:14.842068 [INFO] MOUSEBUTTONDOWN_MASSEVENT x: 10, y: 9 MOUSEX: 299 MOUSEY: 329 TOO BIG OR SMALL
2024-06-28 21:54:15.298094 [INFO] MOUSEBUTTONDOWN_MASSEVENT x: 11, y: 9 MOUSEX: 310 MOUSEY: 330 TOO BIG OR SMALL
2024-06-28 21:54:21.953475 [INFO] MOUSEBUTTONDOWN_MASSEVENT x: 12, y: 10 MOUSEX: 347 MOUSEY: 373
2024-06-28 21:54:21.954475 [INFO] DISPLAY_MASSEVENT_SMALL x: 12, y: 10
2024-06-28 21:54:21.964476 [INFO] DISPLAY_MASSEVENT_BIG x: 3, y: 13
2024-06-28 21:54:24.369613 [INFO] MOUSEBUTTONDOWN_MASSEVENT x: 12, y: 11 MOUSEX: 342 MOUSEY: 412
2024-06-28 21:54:24.370613 [INFO] DISPLAY_MASSEVENT_SMALL x: 12, y: 11
2024-06-28 21:54:24.380614 [INFO] DISPLAY_MASSEVENT_BIG x: 3, y: 14
2024-06-28 21:54:24.777636 [INFO] MOUSEBUTTONDOWN_MASSEVENT x: 12, y: 12 MOUSEX: 337 MOUSEY: 465
2024-06-28 21:54:24.779637 [INFO] DISPLAY_MASSEVENT_SMALL x: 12, y: 12
2024-06-28 21:54:24.786637 [INFO] DISPLAY_MASSEVENT_BIG x: 3, y: 15
2024-06-28 21:54:25.153658 [INFO] MOUSEBUTTONDOWN_MASSEVENT x: 12, y: 14 MOUSEX: 336 MOUSEY: 523
2024-06-28 21:54:25.154658 [INFO] DISPLAY_MASSEVENT_SMALL x: 12, y: 14
2024-06-28 21:54:25.161658 [INFO] DISPLAY_MASSEVENT_BIG x: 4, y: 1
2024-06-28 21:54:26.097712 [INFO] MOUSEBUTTONDOWN_MASSEVENT x: 12, y: 15 MOUSEX: 344 MOUSEY: 580
2024-06-28 21:54:26.098712 [INFO] DISPLAY_MASSEVENT_SMALL x: 12, y: 15
2024-06-28 21:54:26.106712 [INFO] DISPLAY_MASSEVENT_BIG x: 4, y: 2
2024-06-28 21:54:27.065767 [INFO] MOUSEBUTTONDOWN_MASSEVENT x: 13, y: 15 MOUSEX: 385 MOUSEY: 576
2024-06-28 21:54:27.066767 [INFO] DISPLAY_MASSEVENT_SMALL x: 13, y: 15
2024-06-28 21:54:27.073768 [INFO] DISPLAY_MASSEVENT_BIG x: 4, y: 3
2024-06-28 21:54:27.649801 [INFO] MOUSEBUTTONDOWN_MASSEVENT x: 14, y: 15 MOUSEX: 400 MOUSEY: 572
2024-06-28 21:54:27.649801 [INFO] DISPLAY_MASSEVENT_SMALL x: 14, y: 15
2024-06-28 21:54:27.657801 [INFO] DISPLAY_MASSEVENT_BIG x: 4, y: 4
2024-06-28 21:54:28.649858 [INFO] MOUSEBUTTONDOWN_MASSEVENT x: 19, y: 15 MOUSEX: 557 MOUSEY: 571
2024-06-28 21:54:28.650858 [INFO] DISPLAY_MASSEVENT_SMALL x: 19, y: 15
2024-06-28 21:54:28.657858 [INFO] DISPLAY_MASSEVENT_BIG x: 4, y: 5
2024-06-28 21:54:32.761619 [INFO] game quit
2024-06-28 21:54:32.844124 [INFO] exiting
2024-06-28 21:57:25.330054 [INFO] starting
2024-06-28 21:57:25.486063 [INFO] GUI init
2024-06-28 21:57:25.496063 [INFO] Index bg
2024-06-28 21:57:25.524065 [INFO] Index start button
2024-06-28 21:57:25.525065 [INFO] Index settings image
2024-06-28 21:57:25.525065 [INFO] Index head text
2024-06-28 21:57:25.526065 [INFO] Index init
2024-06-28 21:57:29.358286 [INFO] starting
2024-06-28 21:57:29.487293 [INFO] GUI init
2024-06-28 21:57:29.496294 [INFO] Index bg
2024-06-28 21:57:29.520295 [INFO] Index start button
2024-06-28 21:57:29.521295 [INFO] Index settings image
2024-06-28 21:57:29.521295 [INFO] Index head text
2024-06-28 21:57:29.522295 [INFO] Index init
2024-06-28 21:57:33.640531 [INFO] MOUSEBUTTONDOWN_EVENT STARTGAME x: 408, y: 339
2024-06-28 21:57:33.640531 [INFO] start game
2024-06-28 21:57:33.644531 [INFO] GUI init
2024-06-28 21:57:33.654531 [INFO] game gui init
2024-06-28 21:57:51.424548 [INFO] MOUSEBUTTONDOWN_MASSEVENT x: 23, y: 5 MOUSEX: 683 MOUSEY: 175 TOO BIG OR SMALL
2024-06-28 21:57:51.424548 [INFO] MOUSEBUTTONDOWN_EVENT MASS-CHOOSE-BIG-EVENT x: 683, y: 175
2024-06-28 21:57:51.425548 [INFO] MASS-CHOOSE-BIG
2024-06-28 21:57:51.425548 [INFO] MASS_CHOOSE_B IS TRUE
2024-06-28 21:57:56.679848 [INFO] MOUSEBUTTONDOWN_MASSEVENT x: 20, y: 1 MOUSEX: 580 MOUSEY: 19
2024-06-28 21:57:56.680849 [INFO] DISPLAY_MASSEVENT_BIG x: 20, y: 1
2024-06-28 21:57:56.684849 [INFO] DISPLAY_MASSEVENT_BIG x: 1, y: 1
2024-06-28 21:57:58.791969 [INFO] MOUSEBUTTONDOWN_MASSEVENT x: 20, y: 2 MOUSEX: 581 MOUSEY: 62
2024-06-28 21:57:58.792969 [INFO] DISPLAY_MASSEVENT_BIG x: 20, y: 2
2024-06-28 21:57:58.797970 [INFO] DISPLAY_MASSEVENT_BIG x: 1, y: 2
2024-06-28 21:57:59.271997 [INFO] MOUSEBUTTONDOWN_MASSEVENT x: 20, y: 3 MOUSEX: 584 MOUSEY: 99
2024-06-28 21:57:59.272997 [INFO] DISPLAY_MASSEVENT_BIG x: 20, y: 3
2024-06-28 21:57:59.277997 [INFO] DISPLAY_MASSEVENT_BIG x: 1, y: 3
2024-06-28 21:57:59.648018 [INFO] MOUSEBUTTONDOWN_MASSEVENT x: 20, y: 4 MOUSEX: 583 MOUSEY: 127
2024-06-28 21:57:59.649018 [INFO] DISPLAY_MASSEVENT_BIG x: 20, y: 4
2024-06-28 21:57:59.654019 [INFO] DISPLAY_MASSEVENT_BIG x: 1, y: 4
2024-06-28 21:58:00.384060 [INFO] MOUSEBUTTONDOWN_MASSEVENT x: 20, y: 5 MOUSEX: 588 MOUSEY: 179
2024-06-28 21:58:00.385060 [INFO] DISPLAY_MASSEVENT_BIG x: 20, y: 5
2024-06-28 21:58:00.391061 [INFO] DISPLAY_MASSEVENT_BIG x: 1, y: 5
2024-06-28 21:58:00.953093 [INFO] MOUSEBUTTONDOWN_MASSEVENT x: 20, y: 6 MOUSEX: 583 MOUSEY: 225
2024-06-28 21:58:00.953093 [INFO] DISPLAY_MASSEVENT_BIG x: 20, y: 6
2024-06-28 21:58:00.959093 [INFO] DISPLAY_MASSEVENT_BIG x: 1, y: 6
2024-06-28 21:58:01.328114 [INFO] MOUSEBUTTONDOWN_MASSEVENT x: 20, y: 7 MOUSEX: 582 MOUSEY: 251
2024-06-28 21:58:01.328114 [INFO] DISPLAY_MASSEVENT_BIG x: 20, y: 7
2024-06-28 21:58:01.334115 [INFO] DISPLAY_MASSEVENT_BIG x: 1, y: 7
2024-06-28 21:58:01.768139 [INFO] MOUSEBUTTONDOWN_MASSEVENT x: 20, y: 8 MOUSEX: 580 MOUSEY: 287
2024-06-28 21:58:01.769140 [INFO] DISPLAY_MASSEVENT_BIG x: 20, y: 8
2024-06-28 21:58:01.774140 [INFO] DISPLAY_MASSEVENT_BIG x: 1, y: 8
2024-06-28 21:58:02.160162 [INFO] MOUSEBUTTONDOWN_MASSEVENT x: 20, y: 9 MOUSEX: 581 MOUSEY: 332
2024-06-28 21:58:02.161162 [INFO] DISPLAY_MASSEVENT_BIG x: 20, y: 9
2024-06-28 21:58:02.167162 [INFO] DISPLAY_MASSEVENT_BIG x: 1, y: 9
2024-06-28 21:58:02.584186 [INFO] MOUSEBUTTONDOWN_MASSEVENT x: 20, y: 10 MOUSEX: 584 MOUSEY: 377
2024-06-28 21:58:02.584186 [INFO] DISPLAY_MASSEVENT_BIG x: 20, y: 10
2024-06-28 21:58:02.589186 [INFO] DISPLAY_MASSEVENT_BIG x: 1, y: 10
2024-06-28 21:58:02.976209 [INFO] MOUSEBUTTONDOWN_MASSEVENT x: 20, y: 11 MOUSEX: 584 MOUSEY: 406
2024-06-28 21:58:02.977209 [INFO] DISPLAY_MASSEVENT_BIG x: 20, y: 11
2024-06-28 21:58:02.981209 [INFO] DISPLAY_MASSEVENT_BIG x: 1, y: 11
2024-06-28 21:58:03.368231 [INFO] MOUSEBUTTONDOWN_MASSEVENT x: 20, y: 12 MOUSEX: 588 MOUSEY: 457
2024-06-28 21:58:03.368231 [INFO] DISPLAY_MASSEVENT_BIG x: 20, y: 12
2024-06-28 21:58:03.374231 [INFO] DISPLAY_MASSEVENT_BIG x: 1, y: 12
2024-06-28 21:58:03.815257 [INFO] MOUSEBUTTONDOWN_MASSEVENT x: 20, y: 13 MOUSEX: 584 MOUSEY: 486
2024-06-28 21:58:03.816257 [INFO] DISPLAY_MASSEVENT_BIG x: 20, y: 13
2024-06-28 21:58:03.824257 [INFO] DISPLAY_MASSEVENT_BIG x: 1, y: 13
2024-06-28 21:58:04.384289 [INFO] MOUSEBUTTONDOWN_MASSEVENT x: 20, y: 14 MOUSEX: 575 MOUSEY: 547
2024-06-28 21:58:04.384289 [INFO] DISPLAY_MASSEVENT_BIG x: 20, y: 14
2024-06-28 21:58:04.389289 [INFO] DISPLAY_MASSEVENT_BIG x: 1, y: 14
2024-06-28 21:58:04.888318 [INFO] MOUSEBUTTONDOWN_MASSEVENT x: 20, y: 15 MOUSEX: 581 MOUSEY: 579
2024-06-28 21:58:04.888318 [INFO] DISPLAY_MASSEVENT_BIG x: 20, y: 15
2024-06-28 21:58:04.894318 [INFO] DISPLAY_MASSEVENT_BIG x: 1, y: 15
2024-06-28 21:58:08.775540 [INFO] MOUSEBUTTONDOWN_MASSEVENT x: 12, y: 10 MOUSEX: 352 MOUSEY: 366
2024-06-28 21:58:08.776540 [INFO] DISPLAY_MASSEVENT_BIG x: 12, y: 10
2024-06-28 21:58:08.781541 [INFO] DISPLAY_MASSEVENT_BIG x: 2, y: 1
2024-06-28 21:58:21.232258 [INFO] MOUSEBUTTONDOWN_MASSEVENT x: 19, y: 2 MOUSEX: 554 MOUSEY: 49
2024-06-28 21:58:21.233258 [INFO] DISPLAY_MASSEVENT_BIG x: 19, y: 2
2024-06-28 21:58:21.239258 [INFO] DISPLAY_MASSEVENT_BIG x: 2, y: 2
2024-06-28 21:58:21.648282 [INFO] MOUSEBUTTONDOWN_MASSEVENT x: 19, y: 3 MOUSEX: 552 MOUSEY: 85
2024-06-28 21:58:21.649282 [INFO] DISPLAY_MASSEVENT_BIG x: 19, y: 3
2024-06-28 21:58:21.656282 [INFO] DISPLAY_MASSEVENT_BIG x: 2, y: 3
2024-06-28 21:58:21.983301 [INFO] MOUSEBUTTONDOWN_MASSEVENT x: 19, y: 4 MOUSEX: 559 MOUSEY: 135
2024-06-28 21:58:21.984301 [INFO] DISPLAY_MASSEVENT_BIG x: 19, y: 4
2024-06-28 21:58:21.992301 [INFO] DISPLAY_MASSEVENT_BIG x: 2, y: 4
2024-06-28 21:58:22.593336 [INFO] MOUSEBUTTONDOWN_MASSEVENT x: 19, y: 5 MOUSEX: 562 MOUSEY: 172
2024-06-28 21:58:22.594336 [INFO] DISPLAY_MASSEVENT_BIG x: 19, y: 5
2024-06-28 21:58:22.603336 [INFO] DISPLAY_MASSEVENT_BIG x: 2, y: 5
2024-06-28 21:58:56.775310 [INFO] MOUSEBUTTONDOWN_MASSEVENT x: 23, y: 2 MOUSEX: 677 MOUSEY: 63 TOO BIG OR SMALL
2024-06-28 21:58:56.776310 [INFO] MOUSEBUTTONDOWN_EVENT MASS-CHOOSE-EVENT x: 677, y: 63
2024-06-28 21:58:56.777310 [INFO] MASS-CHOOSE-SMALL
2024-06-28 21:58:56.778310 [INFO] MASS_CHOOSE_S IS TRUE
2024-06-28 21:58:56.778310 [INFO] MASS_CHOOSE_B IS FALSE
2024-06-28 21:58:58.855429 [INFO] MOUSEBUTTONDOWN_MASSEVENT x: 19, y: 6 MOUSEX: 553 MOUSEY: 204
2024-06-28 21:58:58.857429 [INFO] DISPLAY_MASSEVENT_SMALL x: 19, y: 6
2024-06-28 21:58:58.866430 [INFO] DISPLAY_MASSEVENT_BIG x: 2, y: 6
2024-06-28 21:58:59.607472 [INFO] MOUSEBUTTONDOWN_MASSEVENT x: 19, y: 1 MOUSEX: 553 MOUSEY: 17
2024-06-28 21:58:59.608472 [INFO] DISPLAY_MASSEVENT_SMALL x: 19, y: 1
2024-06-28 21:58:59.615472 [INFO] DISPLAY_MASSEVENT_BIG x: 2, y: 7
2024-06-28 21:59:00.304512 [INFO] MOUSEBUTTONDOWN_MASSEVENT x: 19, y: 7 MOUSEX: 562 MOUSEY: 265
2024-06-28 21:59:00.305512 [INFO] DISPLAY_MASSEVENT_SMALL x: 19, y: 7
2024-06-28 21:59:00.314512 [INFO] DISPLAY_MASSEVENT_BIG x: 2, y: 8
2024-06-28 21:59:00.687534 [INFO] MOUSEBUTTONDOWN_MASSEVENT x: 19, y: 8 MOUSEX: 553 MOUSEY: 300
2024-06-28 21:59:00.688534 [INFO] DISPLAY_MASSEVENT_SMALL x: 19, y: 8
2024-06-28 21:59:00.694534 [INFO] DISPLAY_MASSEVENT_BIG x: 2, y: 9
2024-06-28 21:59:00.991551 [INFO] MOUSEBUTTONDOWN_MASSEVENT x: 19, y: 9 MOUSEX: 565 MOUSEY: 337
2024-06-28 21:59:00.992551 [INFO] DISPLAY_MASSEVENT_SMALL x: 19, y: 9
2024-06-28 21:59:00.998551 [INFO] DISPLAY_MASSEVENT_BIG x: 2, y: 10
2024-06-28 21:59:01.407575 [INFO] MOUSEBUTTONDOWN_MASSEVENT x: 19, y: 10 MOUSEX: 564 MOUSEY: 374
2024-06-28 21:59:01.408575 [INFO] DISPLAY_MASSEVENT_SMALL x: 19, y: 10
2024-06-28 21:59:01.415575 [INFO] DISPLAY_MASSEVENT_BIG x: 2, y: 11
2024-06-28 21:59:01.831599 [INFO] MOUSEBUTTONDOWN_MASSEVENT x: 19, y: 11 MOUSEX: 556 MOUSEY: 419
2024-06-28 21:59:01.832599 [INFO] DISPLAY_MASSEVENT_SMALL x: 19, y: 11
2024-06-28 21:59:01.839600 [INFO] DISPLAY_MASSEVENT_BIG x: 2, y: 12
2024-06-28 21:59:02.191620 [INFO] MOUSEBUTTONDOWN_MASSEVENT x: 19, y: 12 MOUSEX: 560 MOUSEY: 461
2024-06-28 21:59:02.193620 [INFO] DISPLAY_MASSEVENT_SMALL x: 19, y: 12
2024-06-28 21:59:02.200620 [INFO] DISPLAY_MASSEVENT_BIG x: 2, y: 13
2024-06-28 21:59:02.648646 [INFO] MOUSEBUTTONDOWN_MASSEVENT x: 19, y: 13 MOUSEX: 555 MOUSEY: 519
2024-06-28 21:59:02.649646 [INFO] DISPLAY_MASSEVENT_SMALL x: 19, y: 13
2024-06-28 21:59:02.658646 [INFO] DISPLAY_MASSEVENT_BIG x: 2, y: 14
2024-06-28 21:59:03.304683 [INFO] MOUSEBUTTONDOWN_MASSEVENT x: 19, y: 14 MOUSEX: 549 MOUSEY: 553
2024-06-28 21:59:03.305683 [INFO] DISPLAY_MASSEVENT_SMALL x: 19, y: 14
2024-06-28 21:59:03.310684 [INFO] DISPLAY_MASSEVENT_BIG x: 2, y: 15
2024-06-28 21:59:03.608701 [INFO] MOUSEBUTTONDOWN_MASSEVENT x: 19, y: 15 MOUSEX: 549 MOUSEY: 576
2024-06-28 21:59:03.609701 [INFO] DISPLAY_MASSEVENT_SMALL x: 19, y: 15
2024-06-28 21:59:03.618701 [INFO] DISPLAY_MASSEVENT_BIG x: 3, y: 1
2024-06-28 21:59:06.511867 [INFO] MOUSEBUTTONDOWN_MASSEVENT x: 24, y: 5 MOUSEX: 691 MOUSEY: 163 TOO BIG OR SMALL
2024-06-28 21:59:06.513867 [INFO] MOUSEBUTTONDOWN_EVENT MASS-CHOOSE-BIG-EVENT x: 691, y: 163
2024-06-28 21:59:06.514867 [INFO] MASS-CHOOSE-BIG
2024-06-28 21:59:06.515867 [INFO] MASS_CHOOSE_B IS TRUE
2024-06-28 21:59:06.516867 [INFO] MASS_CHOOSE_S IS FALSE
2024-06-28 21:59:06.815884 [INFO] MOUSEBUTTONDOWN_MASSEVENT x: 13, y: 5 MOUSEX: 375 MOUSEY: 181
2024-06-28 21:59:06.816884 [INFO] DISPLAY_MASSEVENT_BIG x: 13, y: 5
2024-06-28 21:59:06.825885 [INFO] DISPLAY_MASSEVENT_BIG x: 3, y: 2
2024-06-28 21:59:07.071899 [INFO] MOUSEBUTTONDOWN_MASSEVENT x: 14, y: 8 MOUSEX: 413 MOUSEY: 288
2024-06-28 21:59:07.072899 [INFO] DISPLAY_MASSEVENT_BIG x: 14, y: 8
2024-06-28 21:59:07.078899 [INFO] DISPLAY_MASSEVENT_BIG x: 3, y: 3
2024-06-28 21:59:07.406918 [INFO] MOUSEBUTTONDOWN_MASSEVENT x: 16, y: 4 MOUSEX: 473 MOUSEY: 152
2024-06-28 21:59:07.407918 [INFO] DISPLAY_MASSEVENT_BIG x: 16, y: 4
2024-06-28 21:59:07.415919 [INFO] DISPLAY_MASSEVENT_BIG x: 3, y: 4
2024-06-28 21:59:07.711935 [INFO] MOUSEBUTTONDOWN_MASSEVENT x: 12, y: 7 MOUSEX: 359 MOUSEY: 262
2024-06-28 21:59:07.712936 [INFO] DISPLAY_MASSEVENT_BIG x: 12, y: 7
2024-06-28 21:59:07.718936 [INFO] DISPLAY_MASSEVENT_BIG x: 3, y: 5
2024-06-28 21:59:09.288026 [INFO] MOUSEBUTTONDOWN_MASSEVENT x: 11, y: 3 MOUSEX: 310 MOUSEY: 115 TOO BIG OR SMALL
2024-06-28 21:59:09.488037 [INFO] MOUSEBUTTONDOWN_MASSEVENT x: 11, y: 6 MOUSEX: 302 MOUSEY: 235 TOO BIG OR SMALL
2024-06-28 21:59:09.800055 [INFO] MOUSEBUTTONDOWN_MASSEVENT x: 5, y: 7 MOUSEX: 137 MOUSEY: 260 TOO BIG OR SMALL
2024-06-28 21:59:09.992066 [INFO] MOUSEBUTTONDOWN_MASSEVENT x: 5, y: 7 MOUSEX: 138 MOUSEY: 259 TOO BIG OR SMALL
2024-06-28 21:59:10.808113 [INFO] MOUSEBUTTONDOWN_MASSEVENT x: 24, y: 7 MOUSEX: 719 MOUSEY: 267 TOO BIG OR SMALL
2024-06-28 21:59:11.016124 [INFO] MOUSEBUTTONDOWN_MASSEVENT x: 24, y: 10 MOUSEX: 718 MOUSEY: 389 TOO BIG OR SMALL
2024-06-28 21:59:12.976237 [INFO] MOUSEBUTTONDOWN_MASSEVENT x: 15, y: 5 MOUSEX: 426 MOUSEY: 192
2024-06-28 21:59:12.977237 [INFO] DISPLAY_MASSEVENT_BIG x: 15, y: 5
2024-06-28 21:59:12.986237 [INFO] DISPLAY_MASSEVENT_BIG x: 3, y: 6
2024-06-28 21:59:13.320256 [INFO] MOUSEBUTTONDOWN_MASSEVENT x: 15, y: 6 MOUSEX: 436 MOUSEY: 229
2024-06-28 21:59:13.321256 [INFO] DISPLAY_MASSEVENT_BIG x: 15, y: 6
2024-06-28 21:59:13.333257 [INFO] DISPLAY_MASSEVENT_BIG x: 3, y: 7
2024-06-28 21:59:13.704278 [INFO] MOUSEBUTTONDOWN_MASSEVENT x: 16, y: 8 MOUSEX: 460 MOUSEY: 286
2024-06-28 21:59:13.704278 [INFO] DISPLAY_MASSEVENT_BIG x: 16, y: 8
2024-06-28 21:59:13.712279 [INFO] DISPLAY_MASSEVENT_BIG x: 3, y: 8
2024-06-28 21:59:14.439320 [INFO] MOUSEBUTTONDOWN_MASSEVENT x: 24, y: 6 MOUSEX: 719 MOUSEY: 234 TOO BIG OR SMALL
2024-06-28 21:59:15.143361 [INFO] MOUSEBUTTONDOWN_MASSEVENT x: 7, y: 5 MOUSEX: 202 MOUSEY: 164 TOO BIG OR SMALL
2024-06-28 21:59:15.464379 [INFO] MOUSEBUTTONDOWN_MASSEVENT x: 10, y: 4 MOUSEX: 280 MOUSEY: 149 TOO BIG OR SMALL
2024-06-28 21:59:16.383431 [INFO] MOUSEBUTTONDOWN_MASSEVENT x: 11, y: 5 MOUSEX: 321 MOUSEY: 175 TOO BIG OR SMALL
2024-06-28 21:59:16.551441 [INFO] MOUSEBUTTONDOWN_MASSEVENT x: 11, y: 5 MOUSEX: 320 MOUSEY: 175 TOO BIG OR SMALL
2024-06-28 21:59:16.784454 [INFO] MOUSEBUTTONDOWN_MASSEVENT x: 13, y: 5 MOUSEX: 361 MOUSEY: 193
2024-06-28 21:59:17.343486 [INFO] MOUSEBUTTONDOWN_MASSEVENT x: 23, y: 6 MOUSEX: 672 MOUSEY: 206 TOO BIG OR SMALL
2024-06-28 21:59:17.344486 [INFO] MOUSEBUTTONDOWN_EVENT MASS-CHOOSE-BIG-EVENT x: 672, y: 206
2024-06-28 21:59:17.346487 [INFO] MASS-CHOOSE-BIG
2024-06-28 21:59:17.347487 [INFO] MASS_CHOOSE_B IS FALSE
2024-06-28 21:59:17.503496 [INFO] MOUSEBUTTONDOWN_MASSEVENT x: 23, y: 6 MOUSEX: 672 MOUSEY: 206 TOO BIG OR SMALL
2024-06-28 21:59:17.504496 [INFO] MOUSEBUTTONDOWN_EVENT MASS-CHOOSE-BIG-EVENT x: 672, y: 206
2024-06-28 21:59:17.505496 [INFO] MASS-CHOOSE-BIG
2024-06-28 21:59:17.506496 [INFO] MASS_CHOOSE_B IS TRUE
2024-06-28 21:59:17.711507 [INFO] MOUSEBUTTONDOWN_MASSEVENT x: 21, y: 6 MOUSEX: 628 MOUSEY: 202 TOO BIG OR SMALL
2024-06-28 21:59:17.927520 [INFO] MOUSEBUTTONDOWN_MASSEVENT x: 21, y: 6 MOUSEX: 629 MOUSEY: 202 TOO BIG OR SMALL
2024-06-28 21:59:18.207536 [INFO] MOUSEBUTTONDOWN_MASSEVENT x: 21, y: 5 MOUSEX: 614 MOUSEY: 196 TOO BIG OR SMALL
2024-06-28 21:59:18.448550 [INFO] MOUSEBUTTONDOWN_MASSEVENT x: 21, y: 5 MOUSEX: 619 MOUSEY: 190 TOO BIG OR SMALL
2024-06-28 21:59:19.343601 [INFO] MOUSEBUTTONDOWN_MASSEVENT x: 26, y: 3 MOUSEX: 772 MOUSEY: 111 TOO BIG OR SMALL
2024-06-28 21:59:19.344601 [INFO] MOUSEBUTTONDOWN_EVENT CANCE-EVENT x: 772, y: 111
2024-06-28 21:59:19.345601 [INFO] MASS_CHOOSE_B IS FALSE
2024-06-28 21:59:19.680620 [INFO] MOUSEBUTTONDOWN_MASSEVENT x: 26, y: 3 MOUSEX: 772 MOUSEY: 111 TOO BIG OR SMALL
2024-06-28 21:59:19.681620 [INFO] MOUSEBUTTONDOWN_EVENT CANCE-EVENT x: 772, y: 111
2024-06-28 21:59:19.682620 [INFO] CANCE-CHOOSE IS TRUE
2024-06-28 21:59:20.951693 [INFO] MOUSEBUTTONDOWN_MASSEVENT x: 19, y: 1 MOUSEX: 557 MOUSEY: 11
2024-06-28 21:59:20.952693 [INFO] DISPLAY_CANCE-EVENT x: 19, y: 1
2024-06-28 21:59:20.963693 [INFO] DISPLAY_MASSEVENT_BIG x: 3, y: 9
2024-06-28 21:59:21.679734 [INFO] MOUSEBUTTONDOWN_MASSEVENT x: 23, y: 5 MOUSEX: 681 MOUSEY: 173 TOO BIG OR SMALL
2024-06-28 21:59:21.680734 [INFO] MOUSEBUTTONDOWN_EVENT MASS-CHOOSE-BIG-EVENT x: 681, y: 173
2024-06-28 21:59:21.681735 [INFO] MASS-CHOOSE-BIG
2024-06-28 21:59:21.682735 [INFO] MASS_CHOOSE_B IS TRUE
2024-06-28 21:59:21.683735 [INFO] CANCE-CHOOSE IS FALSE
2024-06-28 21:59:22.569785 [INFO] MOUSEBUTTONDOWN_MASSEVENT x: 19, y: 1 MOUSEX: 552 MOUSEY: 18
2024-06-28 21:59:22.571785 [INFO] DISPLAY_MASSEVENT_BIG x: 19, y: 1
2024-06-28 21:59:22.584786 [INFO] DISPLAY_MASSEVENT_BIG x: 3, y: 10
2024-06-28 21:59:22.999810 [INFO] MOUSEBUTTONDOWN_MASSEVENT x: 18, y: 1 MOUSEX: 533 MOUSEY: 28
2024-06-28 21:59:23.001810 [INFO] DISPLAY_MASSEVENT_BIG x: 18, y: 1
2024-06-28 21:59:23.010811 [INFO] DISPLAY_MASSEVENT_BIG x: 3, y: 11
2024-06-28 21:59:23.271825 [INFO] MOUSEBUTTONDOWN_MASSEVENT x: 18, y: 2 MOUSEX: 535 MOUSEY: 56
2024-06-28 21:59:23.273826 [INFO] DISPLAY_MASSEVENT_BIG x: 18, y: 2
2024-06-28 21:59:23.282826 [INFO] DISPLAY_MASSEVENT_BIG x: 3, y: 12
2024-06-28 21:59:23.558842 [INFO] MOUSEBUTTONDOWN_MASSEVENT x: 18, y: 3 MOUSEX: 535 MOUSEY: 88
2024-06-28 21:59:23.560842 [INFO] DISPLAY_MASSEVENT_BIG x: 18, y: 3
2024-06-28 21:59:23.572843 [INFO] DISPLAY_MASSEVENT_BIG x: 3, y: 13
2024-06-28 21:59:23.840858 [INFO] MOUSEBUTTONDOWN_MASSEVENT x: 19, y: 4 MOUSEX: 540 MOUSEY: 135
2024-06-28 21:59:24.183878 [INFO] MOUSEBUTTONDOWN_MASSEVENT x: 18, y: 6 MOUSEX: 533 MOUSEY: 205
2024-06-28 21:59:24.185878 [INFO] DISPLAY_MASSEVENT_BIG x: 18, y: 6
2024-06-28 21:59:24.197878 [INFO] DISPLAY_MASSEVENT_BIG x: 3, y: 14
2024-06-28 21:59:25.103930 [INFO] MOUSEBUTTONDOWN_MASSEVENT x: 18, y: 7 MOUSEX: 513 MOUSEY: 252
2024-06-28 21:59:25.104930 [INFO] DISPLAY_MASSEVENT_BIG x: 18, y: 7
2024-06-28 21:59:25.113931 [INFO] DISPLAY_MASSEVENT_BIG x: 3, y: 15
2024-06-28 21:59:25.599959 [INFO] MOUSEBUTTONDOWN_MASSEVENT x: 18, y: 5 MOUSEX: 533 MOUSEY: 181
2024-06-28 21:59:25.602959 [INFO] DISPLAY_MASSEVENT_BIG x: 18, y: 5
2024-06-28 21:59:25.612959 [INFO] DISPLAY_MASSEVENT_BIG x: 4, y: 1
2024-06-28 21:59:26.014982 [INFO] MOUSEBUTTONDOWN_MASSEVENT x: 18, y: 4 MOUSEX: 535 MOUSEY: 155
2024-06-28 21:59:26.016982 [INFO] DISPLAY_MASSEVENT_BIG x: 18, y: 4
2024-06-28 21:59:26.025983 [INFO] DISPLAY_MASSEVENT_BIG x: 4, y: 2
2024-06-28 21:59:29.217166 [INFO] MOUSEBUTTONDOWN_MASSEVENT x: 18, y: 8 MOUSEX: 528 MOUSEY: 302
2024-06-28 21:59:29.219166 [INFO] DISPLAY_MASSEVENT_BIG x: 18, y: 8
2024-06-28 21:59:29.233166 [INFO] DISPLAY_MASSEVENT_BIG x: 4, y: 3
2024-06-28 21:59:29.528183 [INFO] MOUSEBUTTONDOWN_MASSEVENT x: 18, y: 9 MOUSEX: 518 MOUSEY: 325
2024-06-28 21:59:29.529183 [INFO] DISPLAY_MASSEVENT_BIG x: 18, y: 9
2024-06-28 21:59:29.537184 [INFO] DISPLAY_MASSEVENT_BIG x: 4, y: 4
2024-06-28 21:59:29.832201 [INFO] MOUSEBUTTONDOWN_MASSEVENT x: 18, y: 9 MOUSEX: 518 MOUSEY: 358
2024-06-28 21:59:30.056213 [INFO] MOUSEBUTTONDOWN_MASSEVENT x: 17, y: 10 MOUSEX: 506 MOUSEY: 386
2024-06-28 21:59:30.057214 [INFO] DISPLAY_MASSEVENT_BIG x: 17, y: 10
2024-06-28 21:59:30.068214 [INFO] DISPLAY_MASSEVENT_BIG x: 4, y: 5
2024-06-28 21:59:30.239224 [INFO] MOUSEBUTTONDOWN_MASSEVENT x: 17, y: 11 MOUSEX: 503 MOUSEY: 423
2024-06-28 21:59:30.241224 [INFO] DISPLAY_MASSEVENT_BIG x: 17, y: 11
2024-06-28 21:59:30.252225 [INFO] DISPLAY_MASSEVENT_BIG x: 4, y: 6
2024-06-28 21:59:30.760254 [INFO] MOUSEBUTTONDOWN_MASSEVENT x: 17, y: 14 MOUSEX: 509 MOUSEY: 523
2024-06-28 21:59:30.763254 [INFO] DISPLAY_MASSEVENT_BIG x: 17, y: 14
2024-06-28 21:59:30.775255 [INFO] DISPLAY_MASSEVENT_BIG x: 4, y: 7
2024-06-28 21:59:32.136334 [INFO] MOUSEBUTTONDOWN_MASSEVENT x: 21, y: 1 MOUSEX: 627 MOUSEY: 30 TOO BIG OR SMALL
2024-06-28 21:59:32.137334 [INFO] MOUSEBUTTONDOWN_EVENT BACKTOINDEX x: 627, y: 30
2024-06-28 21:59:32.138334 [INFO] back yes
2024-06-28 21:59:32.144334 [INFO] GUI init
2024-06-28 21:59:32.170336 [INFO] Index bg
2024-06-28 21:59:32.180336 [INFO] Index start button
2024-06-28 21:59:32.183337 [INFO] Index settings image
2024-06-28 21:59:32.185337 [INFO] Index head text
2024-06-28 21:59:32.186337 [INFO] Index init
2024-06-28 21:59:33.880434 [INFO] MOUSEBUTTONDOWN_EVENT STARTGAME x: 419, y: 340
2024-06-28 21:59:33.882434 [INFO] start game
2024-06-28 21:59:33.890434 [INFO] GUI init
2024-06-28 21:59:33.936437 [INFO] game gui init
2024-06-28 21:59:36.127562 [INFO] MOUSEBUTTONDOWN_MASSEVENT x: 21, y: 1 MOUSEX: 628 MOUSEY: 34 TOO BIG OR SMALL
2024-06-28 21:59:36.129562 [INFO] MOUSEBUTTONDOWN_EVENT BACKTOINDEX x: 628, y: 34
2024-06-28 21:59:36.131562 [INFO] back yes
2024-06-28 21:59:36.144563 [INFO] GUI init
2024-06-28 21:59:36.192566 [INFO] Index bg
2024-06-28 21:59:36.210567 [INFO] Index start button
2024-06-28 21:59:36.214567 [INFO] Index settings image
2024-06-28 21:59:36.215567 [INFO] Index head text
2024-06-28 21:59:36.217567 [INFO] Index init
2024-06-28 21:59:37.632648 [INFO] MOUSEBUTTONDOWN_EVENT SETTINGS x: 25, y: 11
2024-06-28 21:59:57.574789 [INFO] MOUSEBUTTONDOWN_EVENT STARTGAME x: 454, y: 318
2024-06-28 21:59:57.575789 [INFO] start game
2024-06-28 21:59:57.579789 [INFO] GUI init
2024-06-28 21:59:57.594790 [INFO] game gui init
2024-06-28 22:00:01.863034 [INFO] game quit
2024-06-28 22:00:01.903036 [INFO] exiting
2024-06-28 22:00:12.843662 [INFO] starting
2024-06-28 22:00:13.003671 [INFO] GUI init
2024-06-28 22:00:13.013672 [INFO] Index bg
2024-06-28 22:00:13.046674 [INFO] Index start button
2024-06-28 22:00:13.047674 [INFO] Index settings image
2024-06-28 22:00:13.047674 [INFO] Index head text
2024-06-28 22:00:13.048674 [INFO] Index init
2024-06-28 22:00:26.439440 [INFO] MOUSEBUTTONDOWN_EVENT STARTGAME x: 406, y: 320
2024-06-28 22:00:26.440440 [INFO] start game
2024-06-28 22:00:26.445440 [INFO] GUI init
2024-06-28 22:00:26.469442 [INFO] game gui init
2024-06-28 22:00:27.983528 [INFO] MOUSEBUTTONDOWN_MASSEVENT x: 22, y: 1 MOUSEX: 644 MOUSEY: 18 TOO BIG OR SMALL
2024-06-28 22:00:27.984528 [INFO] MOUSEBUTTONDOWN_EVENT BACKTOINDEX x: 644, y: 18
2024-06-28 22:00:27.984528 [INFO] back yes
2024-06-28 22:00:27.990529 [INFO] GUI init
2024-06-28 22:00:28.005529 [INFO] Index bg
2024-06-28 22:00:28.014530 [INFO] Index start button
2024-06-28 22:00:28.015530 [INFO] Index settings image
2024-06-28 22:00:28.016530 [INFO] Index head text
2024-06-28 22:00:28.017530 [INFO] Index init
2024-06-28 22:00:38.743144 [INFO] MOUSEBUTTONDOWN_EVENT STARTGAME x: 427, y: 325
2024-06-28 22:00:38.745144 [INFO] start game
2024-06-28 22:00:38.749144 [INFO] GUI init
2024-06-28 22:00:38.780146 [INFO] game gui init
2024-06-28 22:00:48.694713 [INFO] MOUSEBUTTONDOWN_MASSEVENT x: 24, y: 5 MOUSEX: 693 MOUSEY: 177 TOO BIG OR SMALL
2024-06-28 22:00:48.695713 [INFO] MOUSEBUTTONDOWN_EVENT MASS-CHOOSE-BIG-EVENT x: 693, y: 177
2024-06-28 22:00:48.696713 [INFO] MASS-CHOOSE-BIG
2024-06-28 22:00:48.697713 [INFO] MASS_CHOOSE_B IS TRUE
2024-06-28 22:00:49.302748 [INFO] MOUSEBUTTONDOWN_MASSEVENT x: 20, y: 4 MOUSEX: 588 MOUSEY: 141
2024-06-28 22:00:49.303748 [INFO] DISPLAY_MASSEVENT_BIG x: 20, y: 4
2024-06-28 22:00:49.315748 [INFO] DISPLAY_MASSEVENT_BIG x: 1, y: 1
2024-06-28 22:00:49.815284 [INFO] MOUSEBUTTONDOWN_MASSEVENT x: 20, y: 5 MOUSEX: 597 MOUSEY: 181
2024-06-28 22:00:49.819284 [INFO] DISPLAY_MASSEVENT_BIG x: 20, y: 5
2024-06-28 22:00:49.840286 [INFO] DISPLAY_MASSEVENT_BIG x: 1, y: 2
2024-06-28 22:00:50.671334 [INFO] MOUSEBUTTONDOWN_MASSEVENT x: 20, y: 3 MOUSEX: 588 MOUSEY: 98
2024-06-28 22:00:50.672335 [INFO] DISPLAY_MASSEVENT_BIG x: 20, y: 3
2024-06-28 22:00:50.683335 [INFO] DISPLAY_MASSEVENT_BIG x: 1, y: 3
2024-06-28 22:00:51.895405 [INFO] MOUSEBUTTONDOWN_MASSEVENT x: 19, y: 3 MOUSEX: 543 MOUSEY: 97
2024-06-28 22:00:51.896405 [INFO] DISPLAY_MASSEVENT_BIG x: 19, y: 3
2024-06-28 22:00:51.904405 [INFO] DISPLAY_MASSEVENT_BIG x: 1, y: 4
2024-06-28 22:00:53.192479 [INFO] MOUSEBUTTONDOWN_MASSEVENT x: 18, y: 3 MOUSEX: 517 MOUSEY: 97
2024-06-28 22:00:53.193479 [INFO] DISPLAY_MASSEVENT_BIG x: 18, y: 3
2024-06-28 22:00:53.206480 [INFO] DISPLAY_MASSEVENT_BIG x: 1, y: 5
2024-06-28 22:00:53.591502 [INFO] MOUSEBUTTONDOWN_MASSEVENT x: 18, y: 4 MOUSEX: 521 MOUSEY: 142
2024-06-28 22:00:53.594502 [INFO] DISPLAY_MASSEVENT_BIG x: 18, y: 4
2024-06-28 22:00:53.609503 [INFO] DISPLAY_MASSEVENT_BIG x: 1, y: 6
2024-06-28 22:00:53.912520 [INFO] MOUSEBUTTONDOWN_MASSEVENT x: 18, y: 5 MOUSEX: 526 MOUSEY: 171
2024-06-28 22:00:53.913520 [INFO] DISPLAY_MASSEVENT_BIG x: 18, y: 5
2024-06-28 22:00:53.923521 [INFO] DISPLAY_MASSEVENT_BIG x: 1, y: 7
2024-06-28 22:00:54.183535 [INFO] MOUSEBUTTONDOWN_MASSEVENT x: 18, y: 6 MOUSEX: 526 MOUSEY: 209
2024-06-28 22:00:54.185536 [INFO] DISPLAY_MASSEVENT_BIG x: 18, y: 6
2024-06-28 22:00:54.200536 [INFO] DISPLAY_MASSEVENT_BIG x: 1, y: 8
2024-06-28 22:00:54.431550 [INFO] MOUSEBUTTONDOWN_MASSEVENT x: 18, y: 7 MOUSEX: 526 MOUSEY: 254
2024-06-28 22:00:54.433550 [INFO] DISPLAY_MASSEVENT_BIG x: 18, y: 7
2024-06-28 22:00:54.446550 [INFO] DISPLAY_MASSEVENT_BIG x: 1, y: 9
2024-06-28 22:00:54.655562 [INFO] MOUSEBUTTONDOWN_MASSEVENT x: 18, y: 9 MOUSEX: 525 MOUSEY: 325
2024-06-28 22:00:54.656562 [INFO] DISPLAY_MASSEVENT_BIG x: 18, y: 9
2024-06-28 22:00:54.666563 [INFO] DISPLAY_MASSEVENT_BIG x: 1, y: 10
2024-06-28 22:00:54.986581 [INFO] MOUSEBUTTONDOWN_MASSEVENT x: 18, y: 10 MOUSEX: 520 MOUSEY: 383
2024-06-28 22:00:54.991582 [INFO] DISPLAY_MASSEVENT_BIG x: 18, y: 10
2024-06-28 22:00:55.035584 [INFO] DISPLAY_MASSEVENT_BIG x: 1, y: 11
2024-06-28 22:00:55.191595 [INFO] MOUSEBUTTONDOWN_MASSEVENT x: 18, y: 12 MOUSEX: 510 MOUSEY: 445
2024-06-28 22:00:55.193595 [INFO] DISPLAY_MASSEVENT_BIG x: 18, y: 12
2024-06-28 22:00:55.204595 [INFO] DISPLAY_MASSEVENT_BIG x: 1, y: 12
2024-06-28 22:00:55.491612 [INFO] MOUSEBUTTONDOWN_MASSEVENT x: 17, y: 11 MOUSEX: 485 MOUSEY: 438
2024-06-28 22:00:55.496612 [INFO] DISPLAY_MASSEVENT_BIG x: 17, y: 11
2024-06-28 22:00:55.527614 [INFO] DISPLAY_MASSEVENT_BIG x: 1, y: 13
2024-06-28 22:00:55.712624 [INFO] MOUSEBUTTONDOWN_MASSEVENT x: 15, y: 9 MOUSEX: 436 MOUSEY: 337
2024-06-28 22:00:55.713624 [INFO] DISPLAY_MASSEVENT_BIG x: 15, y: 9
2024-06-28 22:00:55.726625 [INFO] DISPLAY_MASSEVENT_BIG x: 1, y: 14
2024-06-28 22:00:56.087646 [INFO] MOUSEBUTTONDOWN_MASSEVENT x: 14, y: 6 MOUSEX: 411 MOUSEY: 204
2024-06-28 22:00:56.089646 [INFO] DISPLAY_MASSEVENT_BIG x: 14, y: 6
2024-06-28 22:00:56.102647 [INFO] DISPLAY_MASSEVENT_BIG x: 1, y: 15
2024-06-28 22:00:56.258656 [INFO] MOUSEBUTTONDOWN_MASSEVENT x: 14, y: 4 MOUSEX: 407 MOUSEY: 148
2024-06-28 22:00:56.261656 [INFO] DISPLAY_MASSEVENT_BIG x: 14, y: 4
2024-06-28 22:00:56.290657 [INFO] DISPLAY_MASSEVENT_BIG x: 2, y: 1
2024-06-28 22:00:56.463667 [INFO] MOUSEBUTTONDOWN_MASSEVENT x: 16, y: 5 MOUSEX: 463 MOUSEY: 194
2024-06-28 22:00:56.466667 [INFO] DISPLAY_MASSEVENT_BIG x: 16, y: 5
2024-06-28 22:00:56.481668 [INFO] DISPLAY_MASSEVENT_BIG x: 2, y: 2
2024-06-28 22:00:56.654678 [INFO] MOUSEBUTTONDOWN_MASSEVENT x: 15, y: 7 MOUSEX: 447 MOUSEY: 251
2024-06-28 22:00:56.656678 [INFO] DISPLAY_MASSEVENT_BIG x: 15, y: 7
2024-06-28 22:00:56.667679 [INFO] DISPLAY_MASSEVENT_BIG x: 2, y: 3
2024-06-28 22:00:56.911693 [INFO] MOUSEBUTTONDOWN_MASSEVENT x: 15, y: 4 MOUSEX: 440 MOUSEY: 137
2024-06-28 22:00:56.912693 [INFO] DISPLAY_MASSEVENT_BIG x: 15, y: 4
2024-06-28 22:00:56.923694 [INFO] DISPLAY_MASSEVENT_BIG x: 2, y: 4
2024-06-28 22:00:57.118705 [INFO] MOUSEBUTTONDOWN_MASSEVENT x: 16, y: 5 MOUSEX: 472 MOUSEY: 185
2024-06-28 22:00:57.351718 [INFO] MOUSEBUTTONDOWN_MASSEVENT x: 15, y: 3 MOUSEX: 447 MOUSEY: 80
2024-06-28 22:00:57.353718 [INFO] DISPLAY_MASSEVENT_BIG x: 15, y: 3
2024-06-28 22:00:57.369719 [INFO] DISPLAY_MASSEVENT_BIG x: 2, y: 5
2024-06-28 22:00:57.535729 [INFO] MOUSEBUTTONDOWN_MASSEVENT x: 17, y: 4 MOUSEX: 507 MOUSEY: 131
2024-06-28 22:00:57.536729 [INFO] DISPLAY_MASSEVENT_BIG x: 17, y: 4
2024-06-28 22:00:57.545729 [INFO] DISPLAY_MASSEVENT_BIG x: 2, y: 6
2024-06-28 22:00:57.894749 [INFO] MOUSEBUTTONDOWN_MASSEVENT x: 16, y: 4 MOUSEX: 477 MOUSEY: 142
2024-06-28 22:00:57.895749 [INFO] DISPLAY_MASSEVENT_BIG x: 16, y: 4
2024-06-28 22:00:57.903750 [INFO] DISPLAY_MASSEVENT_BIG x: 2, y: 7
2024-06-28 22:00:58.110761 [INFO] MOUSEBUTTONDOWN_MASSEVENT x: 19, y: 7 MOUSEX: 544 MOUSEY: 261
2024-06-28 22:00:58.112762 [INFO] DISPLAY_MASSEVENT_BIG x: 19, y: 7
2024-06-28 22:00:58.120762 [INFO] DISPLAY_MASSEVENT_BIG x: 2, y: 8
2024-06-28 22:00:58.303773 [INFO] MOUSEBUTTONDOWN_MASSEVENT x: 17, y: 8 MOUSEX: 504 MOUSEY: 290
2024-06-28 22:00:58.305773 [INFO] DISPLAY_MASSEVENT_BIG x: 17, y: 8
2024-06-28 22:00:58.328774 [INFO] DISPLAY_MASSEVENT_BIG x: 2, y: 9
2024-06-28 22:00:58.527787 [INFO] MOUSEBUTTONDOWN_MASSEVENT x: 17, y: 9 MOUSEX: 502 MOUSEY: 350
2024-06-28 22:00:58.528787 [INFO] DISPLAY_MASSEVENT_BIG x: 17, y: 9
2024-06-28 22:00:58.538787 [INFO] DISPLAY_MASSEVENT_BIG x: 2, y: 10
2024-06-28 22:00:58.718798 [INFO] MOUSEBUTTONDOWN_MASSEVENT x: 16, y: 10 MOUSEX: 474 MOUSEY: 390
2024-06-28 22:00:58.720798 [INFO] DISPLAY_MASSEVENT_BIG x: 16, y: 10
2024-06-28 22:00:58.731798 [INFO] DISPLAY_MASSEVENT_BIG x: 2, y: 11
2024-06-28 22:00:58.958811 [INFO] MOUSEBUTTONDOWN_MASSEVENT x: 15, y: 8 MOUSEX: 420 MOUSEY: 305
2024-06-28 22:00:58.959812 [INFO] DISPLAY_MASSEVENT_BIG x: 15, y: 8
2024-06-28 22:00:58.968812 [INFO] DISPLAY_MASSEVENT_BIG x: 2, y: 12
2024-06-28 22:00:59.135822 [INFO] MOUSEBUTTONDOWN_MASSEVENT x: 14, y: 8 MOUSEX: 413 MOUSEY: 311
2024-06-28 22:00:59.136822 [INFO] DISPLAY_MASSEVENT_BIG x: 14, y: 8
2024-06-28 22:00:59.147822 [INFO] DISPLAY_MASSEVENT_BIG x: 2, y: 13
2024-06-28 22:00:59.401837 [INFO] MOUSEBUTTONDOWN_MASSEVENT x: 13, y: 6 MOUSEX: 374 MOUSEY: 231
2024-06-28 22:00:59.404837 [INFO] DISPLAY_MASSEVENT_BIG x: 13, y: 6
2024-06-28 22:00:59.429838 [INFO] DISPLAY_MASSEVENT_BIG x: 2, y: 14
2024-06-28 22:00:59.583847 [INFO] MOUSEBUTTONDOWN_MASSEVENT x: 13, y: 5 MOUSEX: 374 MOUSEY: 164
2024-06-28 22:00:59.584847 [INFO] DISPLAY_MASSEVENT_BIG x: 13, y: 5
2024-06-28 22:00:59.598848 [INFO] DISPLAY_MASSEVENT_BIG x: 2, y: 15
2024-06-28 22:00:59.775858 [INFO] MOUSEBUTTONDOWN_MASSEVENT x: 13, y: 3 MOUSEX: 369 MOUSEY: 81
2024-06-28 22:00:59.776858 [INFO] DISPLAY_MASSEVENT_BIG x: 13, y: 3
2024-06-28 22:00:59.784859 [INFO] DISPLAY_MASSEVENT_BIG x: 3, y: 1
2024-06-28 22:00:59.958869 [INFO] MOUSEBUTTONDOWN_MASSEVENT x: 13, y: 2 MOUSEX: 375 MOUSEY: 53
2024-06-28 22:00:59.959869 [INFO] DISPLAY_MASSEVENT_BIG x: 13, y: 2
2024-06-28 22:00:59.968869 [INFO] DISPLAY_MASSEVENT_BIG x: 3, y: 2
2024-06-28 22:01:00.192882 [INFO] MOUSEBUTTONDOWN_MASSEVENT x: 14, y: 1 MOUSEX: 391 MOUSEY: 19
2024-06-28 22:01:00.196882 [INFO] DISPLAY_MASSEVENT_BIG x: 14, y: 1
2024-06-28 22:01:00.218884 [INFO] DISPLAY_MASSEVENT_BIG x: 3, y: 3
2024-06-28 22:01:00.438896 [INFO] MOUSEBUTTONDOWN_MASSEVENT x: 17, y: 1 MOUSEX: 499 MOUSEY: 22
2024-06-28 22:01:00.440896 [INFO] DISPLAY_MASSEVENT_BIG x: 17, y: 1
2024-06-28 22:01:00.454897 [INFO] DISPLAY_MASSEVENT_BIG x: 3, y: 4
2024-06-28 22:01:00.679910 [INFO] MOUSEBUTTONDOWN_MASSEVENT x: 18, y: 1 MOUSEX: 524 MOUSEY: 36
2024-06-28 22:01:00.681910 [INFO] DISPLAY_MASSEVENT_BIG x: 18, y: 1
2024-06-28 22:01:00.695911 [INFO] DISPLAY_MASSEVENT_BIG x: 3, y: 5
2024-06-28 22:01:00.855920 [INFO] MOUSEBUTTONDOWN_MASSEVENT x: 18, y: 3 MOUSEX: 539 MOUSEY: 86
2024-06-28 22:01:01.071932 [INFO] MOUSEBUTTONDOWN_MASSEVENT x: 19, y: 5 MOUSEX: 562 MOUSEY: 160
2024-06-28 22:01:01.074932 [INFO] DISPLAY_MASSEVENT_BIG x: 19, y: 5
2024-06-28 22:01:01.094934 [INFO] DISPLAY_MASSEVENT_BIG x: 3, y: 6
2024-06-28 22:01:01.262943 [INFO] MOUSEBUTTONDOWN_MASSEVENT x: 20, y: 6 MOUSEX: 571 MOUSEY: 201
2024-06-28 22:01:01.264943 [INFO] DISPLAY_MASSEVENT_BIG x: 20, y: 6
2024-06-28 22:01:01.274944 [INFO] DISPLAY_MASSEVENT_BIG x: 3, y: 7
2024-06-28 22:01:01.439953 [INFO] MOUSEBUTTONDOWN_MASSEVENT x: 19, y: 7 MOUSEX: 549 MOUSEY: 266
2024-06-28 22:01:01.623967 [INFO] MOUSEBUTTONDOWN_MASSEVENT x: 19, y: 9 MOUSEX: 545 MOUSEY: 343
2024-06-28 22:01:01.626967 [INFO] DISPLAY_MASSEVENT_BIG x: 19, y: 9
2024-06-28 22:01:01.649968 [INFO] DISPLAY_MASSEVENT_BIG x: 3, y: 8
2024-06-28 22:01:01.808977 [INFO] MOUSEBUTTONDOWN_MASSEVENT x: 18, y: 11 MOUSEX: 512 MOUSEY: 416
2024-06-28 22:01:01.811978 [INFO] DISPLAY_MASSEVENT_BIG x: 18, y: 11
2024-06-28 22:01:01.828978 [INFO] DISPLAY_MASSEVENT_BIG x: 3, y: 9
2024-06-28 22:01:02.031990 [INFO] MOUSEBUTTONDOWN_MASSEVENT x: 15, y: 12 MOUSEX: 442 MOUSEY: 454
2024-06-28 22:01:02.032990 [INFO] DISPLAY_MASSEVENT_BIG x: 15, y: 12
2024-06-28 22:01:02.042991 [INFO] DISPLAY_MASSEVENT_BIG x: 3, y: 10
2024-06-28 22:01:02.223001 [INFO] MOUSEBUTTONDOWN_MASSEVENT x: 14, y: 11 MOUSEX: 418 MOUSEY: 403
2024-06-28 22:01:02.225001 [INFO] DISPLAY_MASSEVENT_BIG x: 14, y: 11
2024-06-28 22:01:02.239002 [INFO] DISPLAY_MASSEVENT_BIG x: 3, y: 11
2024-06-28 22:01:02.455014 [INFO] MOUSEBUTTONDOWN_MASSEVENT x: 11, y: 8 MOUSEX: 327 MOUSEY: 316 TOO BIG OR SMALL
2024-06-28 22:01:02.720029 [INFO] MOUSEBUTTONDOWN_MASSEVENT x: 12, y: 8 MOUSEX: 333 MOUSEY: 290
2024-06-28 22:01:02.721029 [INFO] DISPLAY_MASSEVENT_BIG x: 12, y: 8
2024-06-28 22:01:02.732030 [INFO] DISPLAY_MASSEVENT_BIG x: 3, y: 12
2024-06-28 22:01:02.954043 [INFO] MOUSEBUTTONDOWN_MASSEVENT x: 13, y: 6 MOUSEX: 380 MOUSEY: 224
2024-06-28 22:01:03.248060 [INFO] MOUSEBUTTONDOWN_MASSEVENT x: 12, y: 4 MOUSEX: 337 MOUSEY: 125
2024-06-28 22:01:03.250060 [INFO] DISPLAY_MASSEVENT_BIG x: 12, y: 4
2024-06-28 22:01:03.264061 [INFO] DISPLAY_MASSEVENT_BIG x: 3, y: 13
2024-06-28 22:01:03.480073 [INFO] MOUSEBUTTONDOWN_MASSEVENT x: 12, y: 2 MOUSEX: 342 MOUSEY: 76
2024-06-28 22:01:03.482073 [INFO] DISPLAY_MASSEVENT_BIG x: 12, y: 2
2024-06-28 22:01:03.493074 [INFO] DISPLAY_MASSEVENT_BIG x: 3, y: 14
2024-06-28 22:01:03.695085 [INFO] MOUSEBUTTONDOWN_MASSEVENT x: 12, y: 1 MOUSEX: 343 MOUSEY: 24
2024-06-28 22:01:03.696085 [INFO] DISPLAY_MASSEVENT_BIG x: 12, y: 1
2024-06-28 22:01:03.705086 [INFO] DISPLAY_MASSEVENT_BIG x: 3, y: 15
2024-06-28 22:01:03.951100 [INFO] MOUSEBUTTONDOWN_MASSEVENT x: 14, y: 1 MOUSEX: 404 MOUSEY: 22
2024-06-28 22:01:04.151111 [INFO] MOUSEBUTTONDOWN_MASSEVENT x: 15, y: 1 MOUSEX: 438 MOUSEY: 38
2024-06-28 22:01:04.154111 [INFO] DISPLAY_MASSEVENT_BIG x: 15, y: 1
2024-06-28 22:01:04.168112 [INFO] DISPLAY_MASSEVENT_BIG x: 4, y: 1
2024-06-28 22:01:04.303120 [INFO] MOUSEBUTTONDOWN_MASSEVENT x: 16, y: 2 MOUSEX: 465 MOUSEY: 45
2024-06-28 22:01:04.305120 [INFO] DISPLAY_MASSEVENT_BIG x: 16, y: 2
2024-06-28 22:01:04.319121 [INFO] DISPLAY_MASSEVENT_BIG x: 4, y: 2
2024-06-28 22:01:04.544134 [INFO] MOUSEBUTTONDOWN_MASSEVENT x: 18, y: 2 MOUSEX: 523 MOUSEY: 47
2024-06-28 22:01:04.545134 [INFO] DISPLAY_MASSEVENT_BIG x: 18, y: 2
2024-06-28 22:01:04.557135 [INFO] DISPLAY_MASSEVENT_BIG x: 4, y: 3
2024-06-28 22:01:04.769147 [INFO] MOUSEBUTTONDOWN_MASSEVENT x: 19, y: 2 MOUSEX: 540 MOUSEY: 57
2024-06-28 22:01:04.770147 [INFO] DISPLAY_MASSEVENT_BIG x: 19, y: 2
2024-06-28 22:01:04.786148 [INFO] DISPLAY_MASSEVENT_BIG x: 4, y: 4
2024-06-28 22:01:04.951157 [INFO] MOUSEBUTTONDOWN_MASSEVENT x: 19, y: 2 MOUSEX: 541 MOUSEY: 66
2024-06-28 22:01:05.159169 [INFO] MOUSEBUTTONDOWN_MASSEVENT x: 19, y: 7 MOUSEX: 549 MOUSEY: 264
2024-06-28 22:01:05.343179 [INFO] MOUSEBUTTONDOWN_MASSEVENT x: 18, y: 8 MOUSEX: 530 MOUSEY: 300
2024-06-28 22:01:05.344180 [INFO] DISPLAY_MASSEVENT_BIG x: 18, y: 8
2024-06-28 22:01:05.358180 [INFO] DISPLAY_MASSEVENT_BIG x: 4, y: 5
2024-06-28 22:01:05.575193 [INFO] MOUSEBUTTONDOWN_MASSEVENT x: 17, y: 11 MOUSEX: 504 MOUSEY: 419
2024-06-28 22:01:05.751203 [INFO] MOUSEBUTTONDOWN_MASSEVENT x: 18, y: 11 MOUSEX: 510 MOUSEY: 438
2024-06-28 22:01:05.969215 [INFO] MOUSEBUTTONDOWN_MASSEVENT x: 18, y: 12 MOUSEX: 538 MOUSEY: 472
2024-06-28 22:01:06.167227 [INFO] MOUSEBUTTONDOWN_MASSEVENT x: 18, y: 14 MOUSEX: 533 MOUSEY: 524
2024-06-28 22:01:06.169227 [INFO] DISPLAY_MASSEVENT_BIG x: 18, y: 14
2024-06-28 22:01:06.179227 [INFO] DISPLAY_MASSEVENT_BIG x: 4, y: 6
2024-06-28 22:01:06.350237 [INFO] MOUSEBUTTONDOWN_MASSEVENT x: 17, y: 15 MOUSEX: 481 MOUSEY: 561
2024-06-28 22:01:06.352237 [INFO] DISPLAY_MASSEVENT_BIG x: 17, y: 15
2024-06-28 22:01:06.360238 [INFO] DISPLAY_MASSEVENT_BIG x: 4, y: 7
2024-06-28 22:01:06.551249 [INFO] MOUSEBUTTONDOWN_MASSEVENT x: 14, y: 15 MOUSEX: 402 MOUSEY: 563
2024-06-28 22:01:06.552249 [INFO] DISPLAY_MASSEVENT_BIG x: 14, y: 15
2024-06-28 22:01:06.562249 [INFO] DISPLAY_MASSEVENT_BIG x: 4, y: 8
2024-06-28 22:01:06.790262 [INFO] MOUSEBUTTONDOWN_MASSEVENT x: 13, y: 13 MOUSEX: 369 MOUSEY: 499
2024-06-28 22:01:06.791262 [INFO] DISPLAY_MASSEVENT_BIG x: 13, y: 13
2024-06-28 22:01:06.799263 [INFO] DISPLAY_MASSEVENT_BIG x: 4, y: 9
2024-06-28 22:01:07.016275 [INFO] MOUSEBUTTONDOWN_MASSEVENT x: 13, y: 12 MOUSEX: 370 MOUSEY: 477
2024-06-28 22:01:07.017275 [INFO] DISPLAY_MASSEVENT_BIG x: 13, y: 12
2024-06-28 22:01:07.028276 [INFO] DISPLAY_MASSEVENT_BIG x: 4, y: 10
2024-06-28 22:01:09.071395 [INFO] MOUSEBUTTONDOWN_MASSEVENT x: 12, y: 9 MOUSEX: 356 MOUSEY: 337
2024-06-28 22:01:09.073395 [INFO] DISPLAY_MASSEVENT_BIG x: 12, y: 9
2024-06-28 22:01:09.085396 [INFO] DISPLAY_MASSEVENT_BIG x: 4, y: 11
2024-06-28 22:01:09.295408 [INFO] MOUSEBUTTONDOWN_MASSEVENT x: 12, y: 10 MOUSEX: 336 MOUSEY: 398
2024-06-28 22:01:09.297408 [INFO] DISPLAY_MASSEVENT_BIG x: 12, y: 10
2024-06-28 22:01:09.308408 [INFO] DISPLAY_MASSEVENT_BIG x: 4, y: 12
2024-06-28 22:01:09.511420 [INFO] MOUSEBUTTONDOWN_MASSEVENT x: 12, y: 11 MOUSEX: 330 MOUSEY: 404
2024-06-28 22:01:09.513420 [INFO] DISPLAY_MASSEVENT_BIG x: 12, y: 11
2024-06-28 22:01:09.522421 [INFO] DISPLAY_MASSEVENT_BIG x: 4, y: 13
2024-06-28 22:01:11.639542 [INFO] MOUSEBUTTONDOWN_MASSEVENT x: 20, y: 8 MOUSEX: 585 MOUSEY: 293
2024-06-28 22:01:11.640542 [INFO] DISPLAY_MASSEVENT_BIG x: 20, y: 8
2024-06-28 22:01:11.652543 [INFO] DISPLAY_MASSEVENT_BIG x: 4, y: 14
2024-06-28 22:01:11.910557 [INFO] MOUSEBUTTONDOWN_MASSEVENT x: 20, y: 8 MOUSEX: 579 MOUSEY: 317
2024-06-28 22:01:12.078567 [INFO] MOUSEBUTTONDOWN_MASSEVENT x: 20, y: 9 MOUSEX: 579 MOUSEY: 335
2024-06-28 22:01:12.079567 [INFO] DISPLAY_MASSEVENT_BIG x: 20, y: 9
2024-06-28 22:01:12.088567 [INFO] DISPLAY_MASSEVENT_BIG x: 4, y: 15
2024-06-28 22:01:12.255577 [INFO] MOUSEBUTTONDOWN_MASSEVENT x: 20, y: 10 MOUSEX: 576 MOUSEY: 372
2024-06-28 22:01:12.256577 [INFO] DISPLAY_MASSEVENT_BIG x: 20, y: 10
2024-06-28 22:01:12.269578 [INFO] DISPLAY_MASSEVENT_BIG x: 5, y: 1
2024-06-28 22:01:12.470589 [INFO] MOUSEBUTTONDOWN_MASSEVENT x: 19, y: 10 MOUSEX: 561 MOUSEY: 396
2024-06-28 22:01:12.472589 [INFO] DISPLAY_MASSEVENT_BIG x: 19, y: 10
2024-06-28 22:01:12.484590 [INFO] DISPLAY_MASSEVENT_BIG x: 5, y: 2
2024-06-28 22:01:12.680601 [INFO] MOUSEBUTTONDOWN_MASSEVENT x: 18, y: 11 MOUSEX: 535 MOUSEY: 419
2024-06-28 22:01:14.799729 [INFO] MOUSEBUTTONDOWN_MASSEVENT x: 19, y: 10 MOUSEX: 548 MOUSEY: 381
2024-06-28 22:01:14.983739 [INFO] MOUSEBUTTONDOWN_MASSEVENT x: 19, y: 10 MOUSEX: 547 MOUSEY: 381
2024-06-28 22:01:15.150749 [INFO] MOUSEBUTTONDOWN_MASSEVENT x: 19, y: 10 MOUSEX: 547 MOUSEY: 381
2024-06-28 22:01:15.470767 [INFO] MOUSEBUTTONDOWN_MASSEVENT x: 19, y: 10 MOUSEX: 547 MOUSEY: 381
2024-06-28 22:01:15.671779 [INFO] MOUSEBUTTONDOWN_MASSEVENT x: 19, y: 10 MOUSEX: 547 MOUSEY: 381
2024-06-28 22:01:51.653853 [INFO] game quit
2024-06-28 22:01:51.689855 [INFO] exiting
