2024-06-30 19:47:31.098934 [INFO] starting
2024-06-30 19:47:31.342948 [INFO] GUI init
2024-06-30 19:47:31.420953 [INFO] Index bg
2024-06-30 19:47:31.638965 [INFO] Index start button
2024-06-30 19:47:31.713970 [INFO] Index settings image
2024-06-30 19:47:31.713970 [INFO] Index head text
2024-06-30 19:47:31.714970 [INFO] Index init
2024-06-30 19:47:32.165008 [INFO] MOUSEBUTTONDOWN_EVENT STARTGAME x: 431, y: 340
2024-06-30 19:47:32.165508 [INFO] start game
2024-06-30 19:47:32.169508 [INFO] GUI init
2024-06-30 19:47:32.284015 [INFO] game gui init
2024-06-30 19:47:33.956131 [INFO] MOUSEBUTTONDOWN_MASSEVENT x: 24, y: 5 MOUSEX: 692 MOUSEY: 170 TOO BIG OR SMALL
2024-06-30 19:47:33.956131 [INFO] MOUSEBUTTONDOWN_EVENT MASS-CHOOSE-BIG-EVENT x: 692, y: 170
2024-06-30 19:47:33.957131 [INFO] MASS-CHOOSE-BIG
2024-06-30 19:47:33.957131 [INFO] MASS_CHOOSE_B IS TRUE
2024-06-30 19:47:34.956188 [INFO] MOUSEBUTTONDOWN_MASSEVENT x: 12, y: 1 MOUSEX: 345 MOUSEY: 18
2024-06-30 19:48:10.380397 [INFO] starting
2024-06-30 19:48:10.525406 [INFO] GUI init
2024-06-30 19:48:10.535407 [INFO] Index bg
2024-06-30 19:48:10.556408 [INFO] Index start button
2024-06-30 19:48:10.558408 [INFO] Index settings image
2024-06-30 19:48:10.558408 [INFO] Index head text
2024-06-30 19:48:10.559408 [INFO] Index init
2024-06-30 19:48:10.996438 [INFO] MOUSEBUTTONDOWN_EVENT STARTGAME x: 404, y: 331
2024-06-30 19:48:10.996438 [INFO] start game
2024-06-30 19:48:10.999438 [INFO] GUI init
2024-06-30 19:48:11.010438 [INFO] game gui init
2024-06-30 19:48:11.636006 [INFO] MOUSEBUTTONDOWN_MASSEVENT x: 24, y: 5 MOUSEX: 716 MOUSEY: 163 TOO BIG OR SMALL
2024-06-30 19:48:11.636506 [INFO] MOUSEBUTTONDOWN_EVENT MASS-CHOOSE-BIG-EVENT x: 716, y: 163
2024-06-30 19:48:11.636506 [INFO] MASS-CHOOSE-BIG
2024-06-30 19:48:11.637006 [INFO] MASS_CHOOSE_B IS TRUE
2024-06-30 19:48:12.430583 [INFO] MOUSEBUTTONDOWN_MASSEVENT x: 20, y: 1 MOUSEX: 578 MOUSEY: 17
2024-06-30 19:48:12.430583 [INFO] DISPLAY_MASSEVENT_BIG x: 20, y: 1
2024-06-30 19:48:12.434584 [INFO] DISPLAY_MASSEVENT_BIG x: 1, y: 1
2024-06-30 19:48:13.843673 [INFO] MOUSEBUTTONDOWN_MASSEVENT x: 20, y: 2 MOUSEX: 581 MOUSEY: 44
2024-06-30 19:48:13.844673 [INFO] DISPLAY_MASSEVENT_BIG x: 20, y: 2
2024-06-30 19:48:13.847673 [INFO] DISPLAY_MASSEVENT_BIG x: 1, y: 2
2024-06-30 19:48:14.395704 [INFO] MOUSEBUTTONDOWN_MASSEVENT x: 20, y: 3 MOUSEX: 581 MOUSEY: 108
2024-06-30 19:48:14.396704 [INFO] DISPLAY_MASSEVENT_BIG x: 20, y: 3
2024-06-30 19:48:14.399705 [INFO] DISPLAY_MASSEVENT_BIG x: 1, y: 3
2024-06-30 19:48:15.011740 [INFO] MOUSEBUTTONDOWN_MASSEVENT x: 20, y: 5 MOUSEX: 573 MOUSEY: 178
2024-06-30 19:48:15.012740 [INFO] DISPLAY_MASSEVENT_BIG x: 20, y: 5
2024-06-30 19:48:15.015740 [INFO] DISPLAY_MASSEVENT_BIG x: 1, y: 4
2024-06-30 19:48:15.669777 [INFO] MOUSEBUTTONDOWN_MASSEVENT x: 20, y: 4 MOUSEX: 576 MOUSEY: 140
2024-06-30 19:48:15.669777 [INFO] DISPLAY_MASSEVENT_BIG x: 20, y: 4
2024-06-30 19:48:15.672777 [INFO] DISPLAY_MASSEVENT_BIG x: 1, y: 5
2024-06-30 19:48:16.851845 [INFO] MOUSEBUTTONDOWN_MASSEVENT x: 21, y: 6 MOUSEX: 600 MOUSEY: 217 TOO BIG OR SMALL
2024-06-30 19:48:17.315871 [INFO] MOUSEBUTTONDOWN_MASSEVENT x: 20, y: 6 MOUSEX: 599 MOUSEY: 210
2024-06-30 19:48:17.316871 [INFO] DISPLAY_MASSEVENT_BIG x: 20, y: 6
2024-06-30 19:48:17.318871 [INFO] DISPLAY_MASSEVENT_BIG x: 1, y: 6
2024-06-30 19:48:17.971909 [INFO] MOUSEBUTTONDOWN_MASSEVENT x: 24, y: 2 MOUSEX: 696 MOUSEY: 67 TOO BIG OR SMALL
2024-06-30 19:48:17.971909 [INFO] MOUSEBUTTONDOWN_EVENT MASS-CHOOSE-EVENT x: 696, y: 67
2024-06-30 19:48:17.972909 [INFO] MASS-CHOOSE-SMALL
2024-06-30 19:48:17.972909 [INFO] MASS_CHOOSE_S IS TRUE
2024-06-30 19:48:17.972909 [INFO] MASS_CHOOSE_B IS FALSE
2024-06-30 19:48:18.619946 [INFO] MOUSEBUTTONDOWN_MASSEVENT x: 15, y: 6 MOUSEX: 442 MOUSEY: 223
2024-06-30 19:48:18.619946 [INFO] DISPLAY_MASSEVENT_SMALL x: 15, y: 6
2024-06-30 19:48:18.623946 [INFO] DISPLAY_MASSEVENT_BIG x: 1, y: 7
2024-06-30 19:48:19.315986 [INFO] MOUSEBUTTONDOWN_MASSEVENT x: 16, y: 8 MOUSEX: 472 MOUSEY: 293
2024-06-30 19:48:19.315986 [INFO] DISPLAY_MASSEVENT_SMALL x: 16, y: 8
2024-06-30 19:48:19.318986 [INFO] DISPLAY_MASSEVENT_BIG x: 1, y: 8
2024-06-30 19:48:19.684007 [INFO] MOUSEBUTTONDOWN_MASSEVENT x: 17, y: 9 MOUSEX: 480 MOUSEY: 352
2024-06-30 19:48:19.684007 [INFO] DISPLAY_MASSEVENT_SMALL x: 17, y: 9
2024-06-30 19:48:19.688007 [INFO] DISPLAY_MASSEVENT_BIG x: 1, y: 9
2024-06-30 19:48:19.964023 [INFO] MOUSEBUTTONDOWN_MASSEVENT x: 15, y: 11 MOUSEX: 425 MOUSEY: 413
2024-06-30 19:48:19.964023 [INFO] DISPLAY_MASSEVENT_SMALL x: 15, y: 11
2024-06-30 19:48:19.967023 [INFO] DISPLAY_MASSEVENT_BIG x: 1, y: 10
2024-06-30 19:48:20.212037 [INFO] MOUSEBUTTONDOWN_MASSEVENT x: 13, y: 8 MOUSEX: 380 MOUSEY: 280
2024-06-30 19:48:20.212037 [INFO] DISPLAY_MASSEVENT_SMALL x: 13, y: 8
2024-06-30 19:48:20.215037 [INFO] DISPLAY_MASSEVENT_BIG x: 1, y: 11
2024-06-30 19:48:20.492053 [INFO] MOUSEBUTTONDOWN_MASSEVENT x: 13, y: 5 MOUSEX: 367 MOUSEY: 182
2024-06-30 19:48:20.492053 [INFO] DISPLAY_MASSEVENT_SMALL x: 13, y: 5
2024-06-30 19:48:20.496053 [INFO] DISPLAY_MASSEVENT_BIG x: 1, y: 12
2024-06-30 19:48:20.692064 [INFO] MOUSEBUTTONDOWN_MASSEVENT x: 11, y: 3 MOUSEX: 325 MOUSEY: 90 TOO BIG OR SMALL
2024-06-30 19:48:20.939079 [INFO] MOUSEBUTTONDOWN_MASSEVENT x: 13, y: 3 MOUSEX: 380 MOUSEY: 105
2024-06-30 19:48:20.940079 [INFO] DISPLAY_MASSEVENT_SMALL x: 13, y: 3
2024-06-30 19:48:20.942079 [INFO] DISPLAY_MASSEVENT_BIG x: 1, y: 13
2024-06-30 19:48:21.180092 [INFO] MOUSEBUTTONDOWN_MASSEVENT x: 18, y: 6 MOUSEX: 528 MOUSEY: 218
2024-06-30 19:48:21.181092 [INFO] DISPLAY_MASSEVENT_SMALL x: 18, y: 6
2024-06-30 19:48:21.183093 [INFO] DISPLAY_MASSEVENT_BIG x: 1, y: 14
2024-06-30 19:48:21.380104 [INFO] MOUSEBUTTONDOWN_MASSEVENT x: 18, y: 8 MOUSEX: 527 MOUSEY: 299
2024-06-30 19:48:21.380104 [INFO] DISPLAY_MASSEVENT_SMALL x: 18, y: 8
2024-06-30 19:48:21.383104 [INFO] DISPLAY_MASSEVENT_BIG x: 1, y: 15
2024-06-30 19:48:21.597116 [INFO] MOUSEBUTTONDOWN_MASSEVENT x: 18, y: 11 MOUSEX: 534 MOUSEY: 412
2024-06-30 19:48:21.598116 [INFO] DISPLAY_MASSEVENT_SMALL x: 18, y: 11
2024-06-30 19:48:21.601116 [INFO] DISPLAY_MASSEVENT_BIG x: 2, y: 1
2024-06-30 19:48:21.819129 [INFO] MOUSEBUTTONDOWN_MASSEVENT x: 17, y: 13 MOUSEX: 489 MOUSEY: 491
2024-06-30 19:48:21.820129 [INFO] DISPLAY_MASSEVENT_SMALL x: 17, y: 13
2024-06-30 19:48:21.823129 [INFO] DISPLAY_MASSEVENT_BIG x: 2, y: 2
2024-06-30 19:48:22.044142 [INFO] MOUSEBUTTONDOWN_MASSEVENT x: 13, y: 13 MOUSEX: 371 MOUSEY: 514
2024-06-30 19:48:22.044142 [INFO] DISPLAY_MASSEVENT_SMALL x: 13, y: 13
2024-06-30 19:48:22.048142 [INFO] DISPLAY_MASSEVENT_BIG x: 2, y: 3
2024-06-30 19:48:22.252154 [INFO] MOUSEBUTTONDOWN_MASSEVENT x: 13, y: 12 MOUSEX: 376 MOUSEY: 451
2024-06-30 19:48:22.253154 [INFO] DISPLAY_MASSEVENT_SMALL x: 13, y: 12
2024-06-30 19:48:22.255154 [INFO] DISPLAY_MASSEVENT_BIG x: 2, y: 4
2024-06-30 19:48:22.460166 [INFO] MOUSEBUTTONDOWN_MASSEVENT x: 12, y: 10 MOUSEX: 354 MOUSEY: 372
2024-06-30 19:48:22.460166 [INFO] DISPLAY_MASSEVENT_SMALL x: 12, y: 10
2024-06-30 19:48:22.464166 [INFO] DISPLAY_MASSEVENT_BIG x: 2, y: 5
2024-06-30 19:48:22.804185 [INFO] MOUSEBUTTONDOWN_MASSEVENT x: 12, y: 7 MOUSEX: 344 MOUSEY: 275
2024-06-30 19:48:22.804185 [INFO] DISPLAY_MASSEVENT_SMALL x: 12, y: 7
2024-06-30 19:48:22.807185 [INFO] DISPLAY_MASSEVENT_BIG x: 2, y: 6
2024-06-30 19:48:23.028198 [INFO] MOUSEBUTTONDOWN_MASSEVENT x: 12, y: 5 MOUSEX: 341 MOUSEY: 193
2024-06-30 19:48:23.268212 [INFO] MOUSEBUTTONDOWN_MASSEVENT x: 12, y: 4 MOUSEX: 342 MOUSEY: 124
2024-06-30 19:48:23.508225 [INFO] MOUSEBUTTONDOWN_MASSEVENT x: 12, y: 3 MOUSEX: 345 MOUSEY: 80
2024-06-30 19:48:23.867246 [INFO] MOUSEBUTTONDOWN_MASSEVENT x: 16, y: 2 MOUSEX: 455 MOUSEY: 75
2024-06-30 19:48:24.164263 [INFO] MOUSEBUTTONDOWN_MASSEVENT x: 17, y: 5 MOUSEX: 484 MOUSEY: 185
2024-06-30 19:48:24.867303 [INFO] MOUSEBUTTONDOWN_MASSEVENT x: 16, y: 4 MOUSEX: 454 MOUSEY: 123
2024-06-30 19:48:25.043313 [INFO] MOUSEBUTTONDOWN_MASSEVENT x: 16, y: 4 MOUSEX: 455 MOUSEY: 123
2024-06-30 19:48:25.227324 [INFO] MOUSEBUTTONDOWN_MASSEVENT x: 16, y: 4 MOUSEX: 455 MOUSEY: 123
2024-06-30 19:48:25.476338 [INFO] MOUSEBUTTONDOWN_MASSEVENT x: 17, y: 3 MOUSEX: 481 MOUSEY: 116
2024-06-30 19:48:26.195379 [INFO] game quit
2024-06-30 19:48:26.251382 [INFO] exiting
2024-06-30 19:48:51.045823 [INFO] starting
2024-06-30 19:48:51.141829 [INFO] GUI init
2024-06-30 19:48:51.152829 [INFO] Index bg
2024-06-30 19:48:51.180831 [INFO] Index start button
2024-06-30 19:48:51.181831 [INFO] Index settings image
2024-06-30 19:48:51.182831 [INFO] Index head text
2024-06-30 19:48:51.182831 [INFO] Index init
2024-06-30 19:48:51.923885 [INFO] MOUSEBUTTONDOWN_EVENT STARTGAME x: 472, y: 338
2024-06-30 19:48:51.924885 [INFO] start game
2024-06-30 19:48:51.930886 [INFO] GUI init
2024-06-30 19:48:51.947888 [INFO] game gui init
2024-06-30 19:48:52.499941 [INFO] MOUSEBUTTONDOWN_MASSEVENT x: 23, y: 5 MOUSEX: 679 MOUSEY: 173 TOO BIG OR SMALL
2024-06-30 19:48:52.499941 [INFO] MOUSEBUTTONDOWN_EVENT MASS-CHOOSE-BIG-EVENT x: 679, y: 173
2024-06-30 19:48:52.499941 [INFO] MASS-CHOOSE-BIG
2024-06-30 19:48:52.500941 [INFO] MASS_CHOOSE_B IS TRUE
2024-06-30 19:48:52.859961 [INFO] MOUSEBUTTONDOWN_MASSEVENT x: 18, y: 5 MOUSEX: 530 MOUSEY: 191
2024-06-30 19:48:52.859961 [INFO] DISPLAY_MASSEVENT_BIG x: 18, y: 5
2024-06-30 19:48:52.862961 [INFO] DISPLAY_MASSEVENT_BIG x: 1, y: 1
2024-06-30 19:48:53.131977 [INFO] MOUSEBUTTONDOWN_MASSEVENT x: 15, y: 6 MOUSEX: 441 MOUSEY: 208
2024-06-30 19:48:53.131977 [INFO] DISPLAY_MASSEVENT_BIG x: 15, y: 6
2024-06-30 19:48:53.134977 [INFO] DISPLAY_MASSEVENT_BIG x: 1, y: 2
2024-06-30 19:48:53.347989 [INFO] MOUSEBUTTONDOWN_MASSEVENT x: 15, y: 3 MOUSEX: 435 MOUSEY: 116
2024-06-30 19:48:53.347989 [INFO] DISPLAY_MASSEVENT_BIG x: 15, y: 3
2024-06-30 19:48:53.350989 [INFO] DISPLAY_MASSEVENT_BIG x: 1, y: 3
2024-06-30 19:48:53.572002 [INFO] MOUSEBUTTONDOWN_MASSEVENT x: 16, y: 5 MOUSEX: 463 MOUSEY: 194
2024-06-30 19:48:53.572002 [INFO] DISPLAY_MASSEVENT_BIG x: 16, y: 5
2024-06-30 19:48:53.575002 [INFO] DISPLAY_MASSEVENT_BIG x: 1, y: 4
2024-06-30 19:48:53.812016 [INFO] MOUSEBUTTONDOWN_MASSEVENT x: 16, y: 6 MOUSEX: 473 MOUSEY: 221
2024-06-30 19:48:53.812016 [INFO] DISPLAY_MASSEVENT_BIG x: 16, y: 6
2024-06-30 19:48:53.816016 [INFO] DISPLAY_MASSEVENT_BIG x: 1, y: 5
2024-06-30 19:48:54.028028 [INFO] MOUSEBUTTONDOWN_MASSEVENT x: 16, y: 9 MOUSEX: 463 MOUSEY: 338
2024-06-30 19:48:54.029028 [INFO] DISPLAY_MASSEVENT_BIG x: 16, y: 9
2024-06-30 19:48:54.033028 [INFO] DISPLAY_MASSEVENT_BIG x: 1, y: 6
2024-06-30 19:48:54.219039 [INFO] MOUSEBUTTONDOWN_MASSEVENT x: 11, y: 10 MOUSEX: 322 MOUSEY: 388 TOO BIG OR SMALL
2024-06-30 19:48:54.484054 [INFO] MOUSEBUTTONDOWN_MASSEVENT x: 11, y: 5 MOUSEX: 326 MOUSEY: 198 TOO BIG OR SMALL
2024-06-30 19:48:54.731068 [INFO] MOUSEBUTTONDOWN_MASSEVENT x: 13, y: 5 MOUSEX: 361 MOUSEY: 168
2024-06-30 19:48:54.732068 [INFO] DISPLAY_MASSEVENT_BIG x: 13, y: 5
2024-06-30 19:48:54.735068 [INFO] DISPLAY_MASSEVENT_BIG x: 1, y: 7
2024-06-30 19:48:54.916079 [INFO] MOUSEBUTTONDOWN_MASSEVENT x: 13, y: 5 MOUSEX: 375 MOUSEY: 180
2024-06-30 19:48:55.219096 [INFO] MOUSEBUTTONDOWN_MASSEVENT x: 14, y: 10 MOUSEX: 392 MOUSEY: 386
2024-06-30 19:48:55.220096 [INFO] DISPLAY_MASSEVENT_BIG x: 14, y: 10
2024-06-30 19:48:55.223096 [INFO] DISPLAY_MASSEVENT_BIG x: 1, y: 8
2024-06-30 19:48:55.435108 [INFO] MOUSEBUTTONDOWN_MASSEVENT x: 14, y: 13 MOUSEX: 414 MOUSEY: 480
2024-06-30 19:48:55.436109 [INFO] DISPLAY_MASSEVENT_BIG x: 14, y: 13
2024-06-30 19:48:55.440109 [INFO] DISPLAY_MASSEVENT_BIG x: 1, y: 9
2024-06-30 19:48:55.667122 [INFO] MOUSEBUTTONDOWN_MASSEVENT x: 15, y: 13 MOUSEX: 421 MOUSEY: 499
2024-06-30 19:48:55.668122 [INFO] DISPLAY_MASSEVENT_BIG x: 15, y: 13
2024-06-30 19:48:55.672122 [INFO] DISPLAY_MASSEVENT_BIG x: 1, y: 10
2024-06-30 19:48:55.899135 [INFO] MOUSEBUTTONDOWN_MASSEVENT x: 19, y: 11 MOUSEX: 568 MOUSEY: 425
2024-06-30 19:48:55.900135 [INFO] DISPLAY_MASSEVENT_BIG x: 19, y: 11
2024-06-30 19:48:55.903135 [INFO] DISPLAY_MASSEVENT_BIG x: 1, y: 11
2024-06-30 19:48:56.091146 [INFO] MOUSEBUTTONDOWN_MASSEVENT x: 20, y: 10 MOUSEX: 592 MOUSEY: 384
2024-06-30 19:48:56.092146 [INFO] DISPLAY_MASSEVENT_BIG x: 20, y: 10
2024-06-30 19:48:56.095146 [INFO] DISPLAY_MASSEVENT_BIG x: 1, y: 12
2024-06-30 19:48:56.372162 [INFO] MOUSEBUTTONDOWN_MASSEVENT x: 20, y: 8 MOUSEX: 577 MOUSEY: 306
2024-06-30 19:48:56.373162 [INFO] DISPLAY_MASSEVENT_BIG x: 20, y: 8
2024-06-30 19:48:56.376162 [INFO] DISPLAY_MASSEVENT_BIG x: 1, y: 13
2024-06-30 19:48:56.588174 [INFO] MOUSEBUTTONDOWN_MASSEVENT x: 19, y: 6 MOUSEX: 564 MOUSEY: 201
2024-06-30 19:48:56.589175 [INFO] DISPLAY_MASSEVENT_BIG x: 19, y: 6
2024-06-30 19:48:56.592175 [INFO] DISPLAY_MASSEVENT_BIG x: 1, y: 14
2024-06-30 19:48:56.771185 [INFO] MOUSEBUTTONDOWN_MASSEVENT x: 19, y: 5 MOUSEX: 563 MOUSEY: 168
2024-06-30 19:48:56.772185 [INFO] DISPLAY_MASSEVENT_BIG x: 19, y: 5
2024-06-30 19:48:56.774185 [INFO] DISPLAY_MASSEVENT_BIG x: 1, y: 15
2024-06-30 19:48:56.979197 [INFO] MOUSEBUTTONDOWN_MASSEVENT x: 18, y: 3 MOUSEX: 528 MOUSEY: 94
2024-06-30 19:48:56.980197 [INFO] DISPLAY_MASSEVENT_BIG x: 18, y: 3
2024-06-30 19:48:56.983197 [INFO] DISPLAY_MASSEVENT_BIG x: 2, y: 1
2024-06-30 19:48:57.219211 [INFO] MOUSEBUTTONDOWN_MASSEVENT x: 17, y: 2 MOUSEX: 498 MOUSEY: 66
2024-06-30 19:48:57.220211 [INFO] DISPLAY_MASSEVENT_BIG x: 17, y: 2
2024-06-30 19:48:57.223211 [INFO] DISPLAY_MASSEVENT_BIG x: 2, y: 2
2024-06-30 19:48:57.515227 [INFO] MOUSEBUTTONDOWN_MASSEVENT x: 16, y: 3 MOUSEX: 455 MOUSEY: 91
2024-06-30 19:48:57.516228 [INFO] DISPLAY_MASSEVENT_BIG x: 16, y: 3
2024-06-30 19:48:57.518228 [INFO] DISPLAY_MASSEVENT_BIG x: 2, y: 3
2024-06-30 19:48:57.747241 [INFO] MOUSEBUTTONDOWN_MASSEVENT x: 14, y: 2 MOUSEX: 393 MOUSEY: 64
2024-06-30 19:48:57.748241 [INFO] DISPLAY_MASSEVENT_BIG x: 14, y: 2
2024-06-30 19:48:57.750241 [INFO] DISPLAY_MASSEVENT_BIG x: 2, y: 4
2024-06-30 19:48:57.955253 [INFO] MOUSEBUTTONDOWN_MASSEVENT x: 13, y: 3 MOUSEX: 389 MOUSEY: 112
2024-06-30 19:48:57.956253 [INFO] DISPLAY_MASSEVENT_BIG x: 13, y: 3
2024-06-30 19:48:57.960253 [INFO] DISPLAY_MASSEVENT_BIG x: 2, y: 5
2024-06-30 19:48:58.147264 [INFO] MOUSEBUTTONDOWN_MASSEVENT x: 14, y: 5 MOUSEX: 403 MOUSEY: 199
2024-06-30 19:48:58.148264 [INFO] DISPLAY_MASSEVENT_BIG x: 14, y: 5
2024-06-30 19:48:58.151264 [INFO] DISPLAY_MASSEVENT_BIG x: 2, y: 6
2024-06-30 19:48:58.331274 [INFO] MOUSEBUTTONDOWN_MASSEVENT x: 14, y: 9 MOUSEX: 391 MOUSEY: 326
2024-06-30 19:48:58.332274 [INFO] DISPLAY_MASSEVENT_BIG x: 14, y: 9
2024-06-30 19:48:58.334274 [INFO] DISPLAY_MASSEVENT_BIG x: 2, y: 7
2024-06-30 19:48:58.531286 [INFO] MOUSEBUTTONDOWN_MASSEVENT x: 13, y: 10 MOUSEX: 378 MOUSEY: 372
2024-06-30 19:48:58.532286 [INFO] DISPLAY_MASSEVENT_BIG x: 13, y: 10
2024-06-30 19:48:58.534286 [INFO] DISPLAY_MASSEVENT_BIG x: 2, y: 8
2024-06-30 19:48:58.771299 [INFO] MOUSEBUTTONDOWN_MASSEVENT x: 13, y: 11 MOUSEX: 377 MOUSEY: 432
2024-06-30 19:48:58.772299 [INFO] DISPLAY_MASSEVENT_BIG x: 13, y: 11
2024-06-30 19:48:58.775300 [INFO] DISPLAY_MASSEVENT_BIG x: 2, y: 9
2024-06-30 19:48:58.979311 [INFO] MOUSEBUTTONDOWN_MASSEVENT x: 13, y: 13 MOUSEX: 379 MOUSEY: 502
2024-06-30 19:48:58.980311 [INFO] DISPLAY_MASSEVENT_BIG x: 13, y: 13
2024-06-30 19:48:58.983311 [INFO] DISPLAY_MASSEVENT_BIG x: 2, y: 10
2024-06-30 19:48:59.419336 [INFO] MOUSEBUTTONDOWN_MASSEVENT x: 18, y: 13 MOUSEX: 518 MOUSEY: 513
2024-06-30 19:48:59.420336 [INFO] DISPLAY_MASSEVENT_BIG x: 18, y: 13
2024-06-30 19:48:59.422337 [INFO] DISPLAY_MASSEVENT_BIG x: 2, y: 11
2024-06-30 19:48:59.804358 [INFO] MOUSEBUTTONDOWN_MASSEVENT x: 17, y: 12 MOUSEX: 502 MOUSEY: 468
2024-06-30 19:48:59.804358 [INFO] DISPLAY_MASSEVENT_BIG x: 17, y: 12
2024-06-30 19:48:59.807359 [INFO] DISPLAY_MASSEVENT_BIG x: 2, y: 12
2024-06-30 19:49:00.507399 [INFO] MOUSEBUTTONDOWN_MASSEVENT x: 17, y: 11 MOUSEX: 481 MOUSEY: 417
2024-06-30 19:49:00.508399 [INFO] DISPLAY_MASSEVENT_BIG x: 17, y: 11
2024-06-30 19:49:00.510399 [INFO] DISPLAY_MASSEVENT_BIG x: 2, y: 13
2024-06-30 19:49:00.987426 [INFO] MOUSEBUTTONDOWN_MASSEVENT x: 16, y: 9 MOUSEX: 477 MOUSEY: 354
2024-06-30 19:49:01.571459 [INFO] MOUSEBUTTONDOWN_MASSEVENT x: 18, y: 7 MOUSEX: 539 MOUSEY: 279
2024-06-30 19:49:01.572460 [INFO] DISPLAY_MASSEVENT_BIG x: 18, y: 7
2024-06-30 19:49:01.575460 [INFO] DISPLAY_MASSEVENT_BIG x: 2, y: 14
2024-06-30 19:49:02.067488 [INFO] MOUSEBUTTONDOWN_MASSEVENT x: 19, y: 9 MOUSEX: 541 MOUSEY: 323
2024-06-30 19:49:02.067488 [INFO] DISPLAY_MASSEVENT_BIG x: 19, y: 9
2024-06-30 19:49:02.070488 [INFO] DISPLAY_MASSEVENT_BIG x: 2, y: 15
2024-06-30 19:49:02.499513 [INFO] MOUSEBUTTONDOWN_MASSEVENT x: 18, y: 9 MOUSEX: 531 MOUSEY: 355
2024-06-30 19:49:02.499513 [INFO] DISPLAY_MASSEVENT_BIG x: 18, y: 9
2024-06-30 19:49:02.502513 [INFO] DISPLAY_MASSEVENT_BIG x: 3, y: 1
2024-06-30 19:49:02.891535 [INFO] MOUSEBUTTONDOWN_MASSEVENT x: 18, y: 11 MOUSEX: 531 MOUSEY: 401
2024-06-30 19:49:02.891535 [INFO] DISPLAY_MASSEVENT_BIG x: 18, y: 11
2024-06-30 19:49:02.894535 [INFO] DISPLAY_MASSEVENT_BIG x: 3, y: 2
2024-06-30 19:49:03.283557 [INFO] MOUSEBUTTONDOWN_MASSEVENT x: 19, y: 12 MOUSEX: 548 MOUSEY: 441
2024-06-30 19:49:03.283557 [INFO] DISPLAY_MASSEVENT_BIG x: 19, y: 12
2024-06-30 19:49:03.286558 [INFO] DISPLAY_MASSEVENT_BIG x: 3, y: 3
2024-06-30 19:49:03.643578 [INFO] MOUSEBUTTONDOWN_MASSEVENT x: 19, y: 12 MOUSEX: 553 MOUSEY: 479
2024-06-30 19:49:04.051601 [INFO] MOUSEBUTTONDOWN_MASSEVENT x: 19, y: 14 MOUSEX: 547 MOUSEY: 527
2024-06-30 19:49:04.051601 [INFO] DISPLAY_MASSEVENT_BIG x: 19, y: 14
2024-06-30 19:49:04.054602 [INFO] DISPLAY_MASSEVENT_BIG x: 3, y: 4
2024-06-30 19:49:04.659636 [INFO] MOUSEBUTTONDOWN_MASSEVENT x: 15, y: 14 MOUSEX: 445 MOUSEY: 530
2024-06-30 19:49:04.660636 [INFO] DISPLAY_MASSEVENT_BIG x: 15, y: 14
2024-06-30 19:49:04.663636 [INFO] DISPLAY_MASSEVENT_BIG x: 3, y: 5
2024-06-30 19:49:05.067659 [INFO] MOUSEBUTTONDOWN_MASSEVENT x: 14, y: 13 MOUSEX: 397 MOUSEY: 511
2024-06-30 19:49:05.450681 [INFO] MOUSEBUTTONDOWN_MASSEVENT x: 14, y: 14 MOUSEX: 396 MOUSEY: 532
2024-06-30 19:49:05.451681 [INFO] DISPLAY_MASSEVENT_BIG x: 14, y: 14
2024-06-30 19:49:05.453682 [INFO] DISPLAY_MASSEVENT_BIG x: 3, y: 6
2024-06-30 19:49:06.691752 [INFO] game quit
2024-06-30 19:49:06.737755 [INFO] exiting
2024-06-30 19:49:19.998537 [INFO] starting
2024-06-30 19:49:20.114543 [INFO] GUI init
2024-06-30 19:49:20.121544 [INFO] Index bg
2024-06-30 19:49:20.139545 [INFO] Index start button
2024-06-30 19:49:20.141545 [INFO] Index settings image
2024-06-30 19:49:20.141545 [INFO] Index head text
2024-06-30 19:49:20.141545 [INFO] Index init
2024-06-30 19:49:20.995612 [INFO] MOUSEBUTTONDOWN_EVENT STARTGAME x: 422, y: 333
2024-06-30 19:49:20.996112 [INFO] start game
2024-06-30 19:49:21.000113 [INFO] GUI init
2024-06-30 19:49:21.015615 [INFO] game gui init
2024-06-30 19:49:21.547672 [INFO] MOUSEBUTTONDOWN_MASSEVENT x: 23, y: 5 MOUSEX: 687 MOUSEY: 173 TOO BIG OR SMALL
2024-06-30 19:49:21.549172 [INFO] MOUSEBUTTONDOWN_EVENT MASS-CHOOSE-BIG-EVENT x: 687, y: 173
2024-06-30 19:49:21.551172 [INFO] MASS-CHOOSE-BIG
2024-06-30 19:49:21.552172 [INFO] MASS_CHOOSE_B IS TRUE
2024-06-30 19:49:21.818696 [INFO] MOUSEBUTTONDOWN_MASSEVENT x: 15, y: 4 MOUSEX: 422 MOUSEY: 128
2024-06-30 19:49:21.819696 [INFO] DISPLAY_MASSEVENT_BIG x: 15, y: 4
2024-06-30 19:49:21.822697 [INFO] DISPLAY_MASSEVENT_BIG x: 1, y: 1
2024-06-30 19:49:21.995706 [INFO] MOUSEBUTTONDOWN_MASSEVENT x: 15, y: 5 MOUSEX: 434 MOUSEY: 165
2024-06-30 19:49:21.995706 [INFO] DISPLAY_MASSEVENT_BIG x: 15, y: 5
2024-06-30 19:49:21.999707 [INFO] DISPLAY_MASSEVENT_BIG x: 1, y: 2
2024-06-30 19:49:22.187717 [INFO] MOUSEBUTTONDOWN_MASSEVENT x: 15, y: 6 MOUSEX: 441 MOUSEY: 214
2024-06-30 19:49:22.187717 [INFO] DISPLAY_MASSEVENT_BIG x: 15, y: 6
2024-06-30 19:49:22.191718 [INFO] DISPLAY_MASSEVENT_BIG x: 1, y: 3
2024-06-30 19:49:22.347727 [INFO] MOUSEBUTTONDOWN_MASSEVENT x: 15, y: 7 MOUSEX: 434 MOUSEY: 262
2024-06-30 19:49:22.347727 [INFO] DISPLAY_MASSEVENT_BIG x: 15, y: 7
2024-06-30 19:49:22.351727 [INFO] DISPLAY_MASSEVENT_BIG x: 1, y: 4
2024-06-30 19:49:22.563739 [INFO] MOUSEBUTTONDOWN_MASSEVENT x: 15, y: 10 MOUSEX: 431 MOUSEY: 370
2024-06-30 19:49:22.563739 [INFO] DISPLAY_MASSEVENT_BIG x: 15, y: 10
2024-06-30 19:49:22.567739 [INFO] DISPLAY_MASSEVENT_BIG x: 1, y: 5
2024-06-30 19:49:22.779751 [INFO] MOUSEBUTTONDOWN_MASSEVENT x: 15, y: 12 MOUSEX: 444 MOUSEY: 457
2024-06-30 19:49:22.780751 [INFO] DISPLAY_MASSEVENT_BIG x: 15, y: 12
2024-06-30 19:49:22.784752 [INFO] DISPLAY_MASSEVENT_BIG x: 1, y: 6
2024-06-30 19:49:22.995764 [INFO] MOUSEBUTTONDOWN_MASSEVENT x: 17, y: 9 MOUSEX: 496 MOUSEY: 345
2024-06-30 19:49:22.996764 [INFO] DISPLAY_MASSEVENT_BIG x: 17, y: 9
2024-06-30 19:49:23.000764 [INFO] DISPLAY_MASSEVENT_BIG x: 1, y: 7
2024-06-30 19:49:23.195775 [INFO] MOUSEBUTTONDOWN_MASSEVENT x: 17, y: 9 MOUSEX: 498 MOUSEY: 336
2024-06-30 19:49:23.515793 [INFO] MOUSEBUTTONDOWN_MASSEVENT x: 17, y: 12 MOUSEX: 499 MOUSEY: 447
2024-06-30 19:49:23.515793 [INFO] DISPLAY_MASSEVENT_BIG x: 17, y: 12
2024-06-30 19:49:23.518794 [INFO] DISPLAY_MASSEVENT_BIG x: 1, y: 8
2024-06-30 19:49:23.707804 [INFO] MOUSEBUTTONDOWN_MASSEVENT x: 17, y: 13 MOUSEX: 493 MOUSEY: 511
2024-06-30 19:49:23.707804 [INFO] DISPLAY_MASSEVENT_BIG x: 17, y: 13
2024-06-30 19:49:23.711805 [INFO] DISPLAY_MASSEVENT_BIG x: 1, y: 9
2024-06-30 19:49:23.914816 [INFO] MOUSEBUTTONDOWN_MASSEVENT x: 15, y: 13 MOUSEX: 425 MOUSEY: 519
2024-06-30 19:49:23.915816 [INFO] DISPLAY_MASSEVENT_BIG x: 15, y: 13
2024-06-30 19:49:23.918816 [INFO] DISPLAY_MASSEVENT_BIG x: 1, y: 10
2024-06-30 19:49:24.163830 [INFO] MOUSEBUTTONDOWN_MASSEVENT x: 14, y: 13 MOUSEX: 409 MOUSEY: 492
2024-06-30 19:49:24.164830 [INFO] DISPLAY_MASSEVENT_BIG x: 14, y: 13
2024-06-30 19:49:24.167831 [INFO] DISPLAY_MASSEVENT_BIG x: 1, y: 11
2024-06-30 19:49:24.370842 [INFO] MOUSEBUTTONDOWN_MASSEVENT x: 13, y: 10 MOUSEX: 379 MOUSEY: 387
2024-06-30 19:49:24.371842 [INFO] DISPLAY_MASSEVENT_BIG x: 13, y: 10
2024-06-30 19:49:24.375843 [INFO] DISPLAY_MASSEVENT_BIG x: 1, y: 12
2024-06-30 19:49:24.562853 [INFO] MOUSEBUTTONDOWN_MASSEVENT x: 13, y: 9 MOUSEX: 385 MOUSEY: 344
2024-06-30 19:49:24.563853 [INFO] DISPLAY_MASSEVENT_BIG x: 13, y: 9
2024-06-30 19:49:24.566853 [INFO] DISPLAY_MASSEVENT_BIG x: 1, y: 13
2024-06-30 19:49:24.803867 [INFO] MOUSEBUTTONDOWN_MASSEVENT x: 13, y: 7 MOUSEX: 385 MOUSEY: 263
2024-06-30 19:49:24.803867 [INFO] DISPLAY_MASSEVENT_BIG x: 13, y: 7
2024-06-30 19:49:24.806867 [INFO] DISPLAY_MASSEVENT_BIG x: 1, y: 14
2024-06-30 19:49:25.018879 [INFO] MOUSEBUTTONDOWN_MASSEVENT x: 13, y: 5 MOUSEX: 386 MOUSEY: 186
2024-06-30 19:49:25.019879 [INFO] DISPLAY_MASSEVENT_BIG x: 13, y: 5
2024-06-30 19:49:25.023880 [INFO] DISPLAY_MASSEVENT_BIG x: 1, y: 15
2024-06-30 19:49:25.226891 [INFO] MOUSEBUTTONDOWN_MASSEVENT x: 14, y: 5 MOUSEX: 392 MOUSEY: 168
2024-06-30 19:49:25.227891 [INFO] DISPLAY_MASSEVENT_BIG x: 14, y: 5
2024-06-30 19:49:25.230891 [INFO] DISPLAY_MASSEVENT_BIG x: 2, y: 1
2024-06-30 19:49:25.418902 [INFO] MOUSEBUTTONDOWN_MASSEVENT x: 16, y: 5 MOUSEX: 458 MOUSEY: 198
2024-06-30 19:49:25.419902 [INFO] DISPLAY_MASSEVENT_BIG x: 16, y: 5
2024-06-30 19:49:25.422902 [INFO] DISPLAY_MASSEVENT_BIG x: 2, y: 2
2024-06-30 19:49:25.610913 [INFO] MOUSEBUTTONDOWN_MASSEVENT x: 17, y: 6 MOUSEX: 481 MOUSEY: 239
2024-06-30 19:49:25.611913 [INFO] DISPLAY_MASSEVENT_BIG x: 17, y: 6
2024-06-30 19:49:25.614913 [INFO] DISPLAY_MASSEVENT_BIG x: 2, y: 3
2024-06-30 19:49:25.802924 [INFO] MOUSEBUTTONDOWN_MASSEVENT x: 17, y: 8 MOUSEX: 485 MOUSEY: 302
2024-06-30 19:49:25.803924 [INFO] DISPLAY_MASSEVENT_BIG x: 17, y: 8
2024-06-30 19:49:25.806924 [INFO] DISPLAY_MASSEVENT_BIG x: 2, y: 4
2024-06-30 19:49:26.026937 [INFO] MOUSEBUTTONDOWN_MASSEVENT x: 15, y: 10 MOUSEX: 449 MOUSEY: 399
2024-06-30 19:49:26.274951 [INFO] MOUSEBUTTONDOWN_MASSEVENT x: 16, y: 13 MOUSEX: 466 MOUSEY: 514
2024-06-30 19:49:26.275951 [INFO] DISPLAY_MASSEVENT_BIG x: 16, y: 13
2024-06-30 19:49:26.278951 [INFO] DISPLAY_MASSEVENT_BIG x: 2, y: 5
2024-06-30 19:49:26.635972 [INFO] MOUSEBUTTONDOWN_MASSEVENT x: 16, y: 14 MOUSEX: 475 MOUSEY: 545
2024-06-30 19:49:27.315012 [INFO] MOUSEBUTTONDOWN_MASSEVENT x: 18, y: 14 MOUSEX: 513 MOUSEY: 532
2024-06-30 19:49:27.483022 [INFO] MOUSEBUTTONDOWN_MASSEVENT x: 18, y: 14 MOUSEX: 513 MOUSEY: 532
2024-06-30 19:49:27.643031 [INFO] MOUSEBUTTONDOWN_MASSEVENT x: 18, y: 14 MOUSEX: 513 MOUSEY: 532
2024-06-30 19:49:27.843042 [INFO] MOUSEBUTTONDOWN_MASSEVENT x: 17, y: 13 MOUSEX: 503 MOUSEY: 519
2024-06-30 19:49:28.075056 [INFO] MOUSEBUTTONDOWN_MASSEVENT x: 18, y: 12 MOUSEX: 520 MOUSEY: 478
2024-06-30 19:49:28.292068 [INFO] MOUSEBUTTONDOWN_MASSEVENT x: 18, y: 11 MOUSEX: 528 MOUSEY: 422
2024-06-30 19:49:28.475078 [INFO] MOUSEBUTTONDOWN_MASSEVENT x: 19, y: 8 MOUSEX: 555 MOUSEY: 304
2024-06-30 19:49:28.707092 [INFO] MOUSEBUTTONDOWN_MASSEVENT x: 19, y: 4 MOUSEX: 553 MOUSEY: 140
2024-06-30 19:49:28.907103 [INFO] MOUSEBUTTONDOWN_MASSEVENT x: 19, y: 3 MOUSEX: 549 MOUSEY: 81
2024-06-30 19:49:29.171118 [INFO] MOUSEBUTTONDOWN_MASSEVENT x: 17, y: 2 MOUSEX: 496 MOUSEY: 56
2024-06-30 19:49:29.371130 [INFO] MOUSEBUTTONDOWN_MASSEVENT x: 16, y: 2 MOUSEX: 475 MOUSEY: 57
2024-06-30 19:49:31.140231 [INFO] game quit
2024-06-30 19:49:31.186234 [INFO] exiting
2024-06-30 19:52:06.251488 [INFO] starting
2024-06-30 19:52:06.375496 [INFO] GUI init
2024-06-30 19:52:06.384496 [INFO] Index bg
2024-06-30 19:52:06.405497 [INFO] Index start button
2024-06-30 19:52:06.406497 [INFO] Index settings image
2024-06-30 19:52:06.407497 [INFO] Index head text
2024-06-30 19:52:06.407497 [INFO] Index init
2024-06-30 19:52:07.250563 [INFO] MOUSEBUTTONDOWN_EVENT STARTGAME x: 379, y: 361
2024-06-30 19:52:07.252064 [INFO] start game
2024-06-30 19:52:07.256564 [INFO] GUI init
2024-06-30 19:52:07.274566 [INFO] game gui init
2024-06-30 19:52:07.946617 [INFO] MOUSEBUTTONDOWN_MASSEVENT x: 24, y: 5 MOUSEX: 704 MOUSEY: 174 TOO BIG OR SMALL
2024-06-30 19:52:07.947617 [INFO] MOUSEBUTTONDOWN_EVENT MASS-CHOOSE-BIG-EVENT x: 704, y: 174
2024-06-30 19:52:07.947617 [INFO] MASS-CHOOSE-BIG
2024-06-30 19:52:07.947617 [INFO] MASS_CHOOSE_B IS TRUE
2024-06-30 19:52:08.770664 [INFO] MOUSEBUTTONDOWN_MASSEVENT x: 20, y: 1 MOUSEX: 587 MOUSEY: 21
2024-06-30 19:52:08.770664 [INFO] DISPLAY_MASSEVENT_BIG x: 20, y: 1
2024-06-30 19:52:08.773664 [INFO] DISPLAY_MASSEVENT_BIG x: 1, y: 1
2024-06-30 19:52:08.986676 [INFO] MOUSEBUTTONDOWN_MASSEVENT x: 20, y: 3 MOUSEX: 588 MOUSEY: 84
2024-06-30 19:52:08.986676 [INFO] DISPLAY_MASSEVENT_BIG x: 20, y: 3
2024-06-30 19:52:08.990677 [INFO] DISPLAY_MASSEVENT_BIG x: 1, y: 2
2024-06-30 19:52:09.257692 [INFO] MOUSEBUTTONDOWN_MASSEVENT x: 20, y: 4 MOUSEX: 585 MOUSEY: 131
2024-06-30 19:52:09.258692 [INFO] DISPLAY_MASSEVENT_BIG x: 20, y: 4
2024-06-30 19:52:09.261692 [INFO] DISPLAY_MASSEVENT_BIG x: 1, y: 3
2024-06-30 19:52:09.705718 [INFO] MOUSEBUTTONDOWN_MASSEVENT x: 20, y: 2 MOUSEX: 588 MOUSEY: 54
2024-06-30 19:52:09.706718 [INFO] DISPLAY_MASSEVENT_BIG x: 20, y: 2
2024-06-30 19:52:09.709718 [INFO] DISPLAY_MASSEVENT_BIG x: 1, y: 4
2024-06-30 19:52:10.258749 [INFO] MOUSEBUTTONDOWN_MASSEVENT x: 20, y: 5 MOUSEX: 592 MOUSEY: 190
2024-06-30 19:52:10.258749 [INFO] DISPLAY_MASSEVENT_BIG x: 20, y: 5
2024-06-30 19:52:10.261749 [INFO] DISPLAY_MASSEVENT_BIG x: 1, y: 5
2024-06-30 19:52:10.601769 [INFO] MOUSEBUTTONDOWN_MASSEVENT x: 20, y: 6 MOUSEX: 590 MOUSEY: 215
2024-06-30 19:52:10.602769 [INFO] DISPLAY_MASSEVENT_BIG x: 20, y: 6
2024-06-30 19:52:10.604769 [INFO] DISPLAY_MASSEVENT_BIG x: 1, y: 6
2024-06-30 19:52:10.961789 [INFO] MOUSEBUTTONDOWN_MASSEVENT x: 20, y: 7 MOUSEX: 592 MOUSEY: 252
2024-06-30 19:52:10.962789 [INFO] DISPLAY_MASSEVENT_BIG x: 20, y: 7
2024-06-30 19:52:10.964790 [INFO] DISPLAY_MASSEVENT_BIG x: 1, y: 7
2024-06-30 19:52:11.282808 [INFO] MOUSEBUTTONDOWN_MASSEVENT x: 20, y: 8 MOUSEX: 591 MOUSEY: 309
2024-06-30 19:52:11.282808 [INFO] DISPLAY_MASSEVENT_BIG x: 20, y: 8
2024-06-30 19:52:11.285808 [INFO] DISPLAY_MASSEVENT_BIG x: 1, y: 8
2024-06-30 19:52:11.673830 [INFO] MOUSEBUTTONDOWN_MASSEVENT x: 20, y: 9 MOUSEX: 593 MOUSEY: 356
2024-06-30 19:52:11.674830 [INFO] DISPLAY_MASSEVENT_BIG x: 20, y: 9
2024-06-30 19:52:11.676830 [INFO] DISPLAY_MASSEVENT_BIG x: 1, y: 9
2024-06-30 19:52:12.009849 [INFO] MOUSEBUTTONDOWN_MASSEVENT x: 20, y: 10 MOUSEX: 596 MOUSEY: 392
2024-06-30 19:52:12.010849 [INFO] DISPLAY_MASSEVENT_BIG x: 20, y: 10
2024-06-30 19:52:12.013850 [INFO] DISPLAY_MASSEVENT_BIG x: 1, y: 10
2024-06-30 19:52:12.297866 [INFO] MOUSEBUTTONDOWN_MASSEVENT x: 20, y: 12 MOUSEX: 591 MOUSEY: 452
2024-06-30 19:52:12.298866 [INFO] DISPLAY_MASSEVENT_BIG x: 20, y: 12
2024-06-30 19:52:12.301866 [INFO] DISPLAY_MASSEVENT_BIG x: 1, y: 11
2024-06-30 19:52:12.561881 [INFO] MOUSEBUTTONDOWN_MASSEVENT x: 20, y: 12 MOUSEX: 590 MOUSEY: 473
2024-06-30 19:52:12.945903 [INFO] MOUSEBUTTONDOWN_MASSEVENT x: 20, y: 13 MOUSEX: 586 MOUSEY: 518
2024-06-30 19:52:12.946903 [INFO] DISPLAY_MASSEVENT_BIG x: 20, y: 13
2024-06-30 19:52:12.949903 [INFO] DISPLAY_MASSEVENT_BIG x: 1, y: 12
2024-06-30 19:52:13.313924 [INFO] MOUSEBUTTONDOWN_MASSEVENT x: 20, y: 14 MOUSEX: 596 MOUSEY: 540
2024-06-30 19:52:13.314924 [INFO] DISPLAY_MASSEVENT_BIG x: 20, y: 14
2024-06-30 19:52:13.318924 [INFO] DISPLAY_MASSEVENT_BIG x: 1, y: 13
2024-06-30 19:52:13.737948 [INFO] MOUSEBUTTONDOWN_MASSEVENT x: 20, y: 15 MOUSEX: 593 MOUSEY: 579
2024-06-30 19:52:13.737948 [INFO] DISPLAY_MASSEVENT_BIG x: 20, y: 15
2024-06-30 19:52:13.740948 [INFO] DISPLAY_MASSEVENT_BIG x: 1, y: 14
2024-06-30 19:52:14.473990 [INFO] MOUSEBUTTONDOWN_MASSEVENT x: 20, y: 11 MOUSEX: 577 MOUSEY: 404
2024-06-30 19:52:14.473990 [INFO] DISPLAY_MASSEVENT_BIG x: 20, y: 11
2024-06-30 19:52:14.476990 [INFO] DISPLAY_MASSEVENT_BIG x: 1, y: 15
2024-06-30 19:52:15.306038 [INFO] MOUSEBUTTONDOWN_MASSEVENT x: 19, y: 15 MOUSEX: 555 MOUSEY: 568
2024-06-30 19:52:15.307038 [INFO] DISPLAY_MASSEVENT_BIG x: 19, y: 15
2024-06-30 19:52:15.309038 [INFO] DISPLAY_MASSEVENT_BIG x: 2, y: 1
2024-06-30 19:52:15.594054 [INFO] MOUSEBUTTONDOWN_MASSEVENT x: 19, y: 14 MOUSEX: 564 MOUSEY: 527
2024-06-30 19:52:15.595054 [INFO] DISPLAY_MASSEVENT_BIG x: 19, y: 14
2024-06-30 19:52:15.598055 [INFO] DISPLAY_MASSEVENT_BIG x: 2, y: 2
2024-06-30 19:52:15.962075 [INFO] MOUSEBUTTONDOWN_MASSEVENT x: 19, y: 13 MOUSEX: 559 MOUSEY: 492
2024-06-30 19:52:15.963075 [INFO] DISPLAY_MASSEVENT_BIG x: 19, y: 13
2024-06-30 19:52:15.966076 [INFO] DISPLAY_MASSEVENT_BIG x: 2, y: 3
2024-06-30 19:52:16.306095 [INFO] MOUSEBUTTONDOWN_MASSEVENT x: 19, y: 12 MOUSEX: 554 MOUSEY: 445
2024-06-30 19:52:16.307095 [INFO] DISPLAY_MASSEVENT_BIG x: 19, y: 12
2024-06-30 19:52:16.310095 [INFO] DISPLAY_MASSEVENT_BIG x: 2, y: 4
2024-06-30 19:52:16.634114 [INFO] MOUSEBUTTONDOWN_MASSEVENT x: 19, y: 11 MOUSEX: 547 MOUSEY: 401
2024-06-30 19:52:16.635114 [INFO] DISPLAY_MASSEVENT_BIG x: 19, y: 11
2024-06-30 19:52:16.639114 [INFO] DISPLAY_MASSEVENT_BIG x: 2, y: 5
2024-06-30 19:52:17.170145 [INFO] MOUSEBUTTONDOWN_MASSEVENT x: 19, y: 10 MOUSEX: 548 MOUSEY: 377
2024-06-30 19:52:19.282265 [INFO] MOUSEBUTTONDOWN_MASSEVENT x: 24, y: 2 MOUSEX: 696 MOUSEY: 43 TOO BIG OR SMALL
2024-06-30 19:52:19.282265 [INFO] MOUSEBUTTONDOWN_EVENT MASS-CHOOSE-EVENT x: 696, y: 43
2024-06-30 19:52:19.282265 [INFO] MASS-CHOOSE-SMALL
2024-06-30 19:52:19.283265 [INFO] MASS_CHOOSE_S IS TRUE
2024-06-30 19:52:19.283265 [INFO] MASS_CHOOSE_B IS FALSE
2024-06-30 19:52:20.234320 [INFO] MOUSEBUTTONDOWN_MASSEVENT x: 19, y: 10 MOUSEX: 555 MOUSEY: 370
2024-06-30 19:52:20.954361 [INFO] MOUSEBUTTONDOWN_MASSEVENT x: 19, y: 10 MOUSEX: 547 MOUSEY: 373
2024-06-30 19:52:21.201375 [INFO] MOUSEBUTTONDOWN_MASSEVENT x: 19, y: 10 MOUSEX: 546 MOUSEY: 374
2024-06-30 19:52:21.370385 [INFO] MOUSEBUTTONDOWN_MASSEVENT x: 19, y: 10 MOUSEX: 546 MOUSEY: 374
2024-06-30 19:52:21.546395 [INFO] MOUSEBUTTONDOWN_MASSEVENT x: 19, y: 10 MOUSEX: 546 MOUSEY: 374
2024-06-30 19:52:21.706404 [INFO] MOUSEBUTTONDOWN_MASSEVENT x: 19, y: 10 MOUSEX: 546 MOUSEY: 374
2024-06-30 19:52:23.458504 [INFO] game quit
2024-06-30 19:52:23.523508 [INFO] exiting
2024-06-30 19:54:26.117388 [INFO] starting
2024-06-30 19:54:26.281907 [INFO] GUI init
2024-06-30 19:54:26.290907 [INFO] Index bg
2024-06-30 19:54:26.315909 [INFO] Index start button
2024-06-30 19:54:26.316909 [INFO] Index settings image
2024-06-30 19:54:26.316909 [INFO] Index head text
2024-06-30 19:54:26.317909 [INFO] Index init
2024-06-30 19:54:27.137490 [INFO] MOUSEBUTTONDOWN_EVENT STARTGAME x: 355, y: 355
2024-06-30 19:54:27.137991 [INFO] start game
2024-06-30 19:54:27.141991 [INFO] GUI init
2024-06-30 19:54:27.157993 [INFO] game gui init
2024-06-30 19:54:28.063587 [INFO] MOUSEBUTTONDOWN_MASSEVENT x: 21, y: 4 MOUSEX: 620 MOUSEY: 135 TOO BIG OR SMALL
2024-06-30 19:54:29.041211 [INFO] MOUSEBUTTONDOWN_MASSEVENT x: 24, y: 5 MOUSEX: 701 MOUSEY: 175 TOO BIG OR SMALL
2024-06-30 19:54:29.042711 [INFO] MOUSEBUTTONDOWN_EVENT MASS-CHOOSE-BIG-EVENT x: 701, y: 175
2024-06-30 19:54:29.044212 [INFO] MASS-CHOOSE-BIG
2024-06-30 19:54:29.045212 [INFO] MASS_CHOOSE_B IS TRUE
2024-06-30 19:54:29.769258 [INFO] MOUSEBUTTONDOWN_MASSEVENT x: 20, y: 1 MOUSEX: 571 MOUSEY: 26
2024-06-30 19:54:29.769258 [INFO] DISPLAY_MASSEVENT_BIG x: 20, y: 1
2024-06-30 19:54:29.772258 [INFO] DISPLAY_MASSEVENT_BIG x: 1, y: 1
2024-06-30 19:54:30.001271 [INFO] MOUSEBUTTONDOWN_MASSEVENT x: 20, y: 3 MOUSEX: 578 MOUSEY: 82
2024-06-30 19:54:30.002271 [INFO] DISPLAY_MASSEVENT_BIG x: 20, y: 3
2024-06-30 19:54:30.005272 [INFO] DISPLAY_MASSEVENT_BIG x: 1, y: 2
2024-06-30 19:54:30.681310 [INFO] MOUSEBUTTONDOWN_MASSEVENT x: 20, y: 2 MOUSEX: 576 MOUSEY: 61
2024-06-30 19:54:30.681310 [INFO] DISPLAY_MASSEVENT_BIG x: 20, y: 2
2024-06-30 19:54:30.685310 [INFO] DISPLAY_MASSEVENT_BIG x: 1, y: 3
2024-06-30 19:54:31.145337 [INFO] MOUSEBUTTONDOWN_MASSEVENT x: 20, y: 4 MOUSEX: 587 MOUSEY: 138
2024-06-30 19:54:31.145337 [INFO] DISPLAY_MASSEVENT_BIG x: 20, y: 4
2024-06-30 19:54:31.149337 [INFO] DISPLAY_MASSEVENT_BIG x: 1, y: 4
2024-06-30 19:54:31.377350 [INFO] MOUSEBUTTONDOWN_MASSEVENT x: 20, y: 5 MOUSEX: 596 MOUSEY: 189
2024-06-30 19:54:31.377350 [INFO] DISPLAY_MASSEVENT_BIG x: 20, y: 5
2024-06-30 19:54:31.380350 [INFO] DISPLAY_MASSEVENT_BIG x: 1, y: 5
2024-06-30 19:54:31.577361 [INFO] MOUSEBUTTONDOWN_MASSEVENT x: 20, y: 6 MOUSEX: 591 MOUSEY: 204
2024-06-30 19:54:31.577361 [INFO] DISPLAY_MASSEVENT_BIG x: 20, y: 6
2024-06-30 19:54:31.581362 [INFO] DISPLAY_MASSEVENT_BIG x: 1, y: 6
2024-06-30 19:54:31.793374 [INFO] MOUSEBUTTONDOWN_MASSEVENT x: 20, y: 7 MOUSEX: 590 MOUSEY: 243
2024-06-30 19:54:31.793374 [INFO] DISPLAY_MASSEVENT_BIG x: 20, y: 7
2024-06-30 19:54:31.797374 [INFO] DISPLAY_MASSEVENT_BIG x: 1, y: 7
2024-06-30 19:54:32.105392 [INFO] MOUSEBUTTONDOWN_MASSEVENT x: 20, y: 8 MOUSEX: 589 MOUSEY: 318
2024-06-30 19:54:32.106392 [INFO] DISPLAY_MASSEVENT_BIG x: 20, y: 8
2024-06-30 19:54:32.108392 [INFO] DISPLAY_MASSEVENT_BIG x: 1, y: 8
2024-06-30 19:54:32.289402 [INFO] MOUSEBUTTONDOWN_MASSEVENT x: 20, y: 9 MOUSEX: 589 MOUSEY: 349
2024-06-30 19:54:32.289402 [INFO] DISPLAY_MASSEVENT_BIG x: 20, y: 9
2024-06-30 19:54:32.293402 [INFO] DISPLAY_MASSEVENT_BIG x: 1, y: 9
2024-06-30 19:54:32.473415 [INFO] MOUSEBUTTONDOWN_MASSEVENT x: 20, y: 10 MOUSEX: 588 MOUSEY: 381
2024-06-30 19:54:32.473415 [INFO] DISPLAY_MASSEVENT_BIG x: 20, y: 10
2024-06-30 19:54:32.477415 [INFO] DISPLAY_MASSEVENT_BIG x: 1, y: 10
2024-06-30 19:54:32.673426 [INFO] MOUSEBUTTONDOWN_MASSEVENT x: 20, y: 11 MOUSEX: 586 MOUSEY: 434
2024-06-30 19:54:32.673426 [INFO] DISPLAY_MASSEVENT_BIG x: 20, y: 11
2024-06-30 19:54:32.677427 [INFO] DISPLAY_MASSEVENT_BIG x: 1, y: 11
2024-06-30 19:54:32.969443 [INFO] MOUSEBUTTONDOWN_MASSEVENT x: 20, y: 12 MOUSEX: 582 MOUSEY: 473
2024-06-30 19:54:32.969443 [INFO] DISPLAY_MASSEVENT_BIG x: 20, y: 12
2024-06-30 19:54:32.972443 [INFO] DISPLAY_MASSEVENT_BIG x: 1, y: 12
2024-06-30 19:54:33.153454 [INFO] MOUSEBUTTONDOWN_MASSEVENT x: 20, y: 13 MOUSEX: 582 MOUSEY: 490
2024-06-30 19:54:33.153454 [INFO] DISPLAY_MASSEVENT_BIG x: 20, y: 13
2024-06-30 19:54:33.157454 [INFO] DISPLAY_MASSEVENT_BIG x: 1, y: 13
2024-06-30 19:54:33.361466 [INFO] MOUSEBUTTONDOWN_MASSEVENT x: 20, y: 14 MOUSEX: 582 MOUSEY: 521
2024-06-30 19:54:33.361466 [INFO] DISPLAY_MASSEVENT_BIG x: 20, y: 14
2024-06-30 19:54:33.364466 [INFO] DISPLAY_MASSEVENT_BIG x: 1, y: 14
2024-06-30 19:54:33.633483 [INFO] MOUSEBUTTONDOWN_MASSEVENT x: 20, y: 15 MOUSEX: 582 MOUSEY: 565
2024-06-30 19:54:33.633483 [INFO] DISPLAY_MASSEVENT_BIG x: 20, y: 15
2024-06-30 19:54:33.637483 [INFO] DISPLAY_MASSEVENT_BIG x: 1, y: 15
2024-06-30 19:54:33.857495 [INFO] MOUSEBUTTONDOWN_MASSEVENT x: 20, y: 15 MOUSEX: 581 MOUSEY: 584
2024-06-30 19:54:34.145512 [INFO] MOUSEBUTTONDOWN_MASSEVENT x: 19, y: 15 MOUSEX: 560 MOUSEY: 566
2024-06-30 19:54:34.145512 [INFO] DISPLAY_MASSEVENT_BIG x: 19, y: 15
2024-06-30 19:54:34.148512 [INFO] DISPLAY_MASSEVENT_BIG x: 2, y: 1
2024-06-30 19:54:34.321522 [INFO] MOUSEBUTTONDOWN_MASSEVENT x: 19, y: 14 MOUSEX: 559 MOUSEY: 559
2024-06-30 19:54:34.322522 [INFO] DISPLAY_MASSEVENT_BIG x: 19, y: 14
2024-06-30 19:54:34.325522 [INFO] DISPLAY_MASSEVENT_BIG x: 2, y: 2
2024-06-30 19:54:34.497532 [INFO] MOUSEBUTTONDOWN_MASSEVENT x: 19, y: 14 MOUSEX: 558 MOUSEY: 539
2024-06-30 19:54:34.849552 [INFO] MOUSEBUTTONDOWN_MASSEVENT x: 19, y: 13 MOUSEX: 556 MOUSEY: 503
2024-06-30 19:54:34.849552 [INFO] DISPLAY_MASSEVENT_BIG x: 19, y: 13
2024-06-30 19:54:34.852552 [INFO] DISPLAY_MASSEVENT_BIG x: 2, y: 3
2024-06-30 19:54:35.025562 [INFO] MOUSEBUTTONDOWN_MASSEVENT x: 19, y: 13 MOUSEX: 554 MOUSEY: 487
2024-06-30 19:54:35.345581 [INFO] MOUSEBUTTONDOWN_MASSEVENT x: 19, y: 11 MOUSEX: 550 MOUSEY: 439
2024-06-30 19:54:35.345581 [INFO] DISPLAY_MASSEVENT_BIG x: 19, y: 11
2024-06-30 19:54:35.348581 [INFO] DISPLAY_MASSEVENT_BIG x: 2, y: 4
2024-06-30 19:54:35.560593 [INFO] MOUSEBUTTONDOWN_MASSEVENT x: 19, y: 11 MOUSEX: 548 MOUSEY: 426
2024-06-30 19:54:36.097624 [INFO] MOUSEBUTTONDOWN_MASSEVENT x: 18, y: 11 MOUSEX: 535 MOUSEY: 438
2024-06-30 19:54:36.097624 [INFO] DISPLAY_MASSEVENT_BIG x: 18, y: 11
2024-06-30 19:54:36.100624 [INFO] DISPLAY_MASSEVENT_BIG x: 2, y: 5
2024-06-30 19:54:36.473645 [INFO] MOUSEBUTTONDOWN_MASSEVENT x: 19, y: 12 MOUSEX: 548 MOUSEY: 450
2024-06-30 19:54:37.201687 [INFO] MOUSEBUTTONDOWN_MASSEVENT x: 19, y: 12 MOUSEX: 543 MOUSEY: 452
2024-06-30 19:54:37.480703 [INFO] MOUSEBUTTONDOWN_MASSEVENT x: 19, y: 12 MOUSEX: 555 MOUSEY: 452
2024-06-30 19:54:38.272748 [INFO] MOUSEBUTTONDOWN_MASSEVENT x: 24, y: 1 MOUSEX: 690 MOUSEY: 24 TOO BIG OR SMALL
2024-06-30 19:54:38.273748 [INFO] MOUSEBUTTONDOWN_EVENT MASS-CHOOSE-EVENT x: 690, y: 24
2024-06-30 19:54:38.273748 [INFO] MASS-CHOOSE-SMALL
2024-06-30 19:54:38.273748 [INFO] MASS_CHOOSE_S IS TRUE
2024-06-30 19:54:38.274748 [INFO] MASS_CHOOSE_B IS FALSE
2024-06-30 19:54:39.440815 [INFO] MOUSEBUTTONDOWN_MASSEVENT x: 19, y: 12 MOUSEX: 561 MOUSEY: 457
2024-06-30 19:54:39.441815 [INFO] DISPLAY_MASSEVENT_SMALL x: 19, y: 12
2024-06-30 19:54:39.444815 [INFO] DISPLAY_MASSEVENT_SMALL x: 2, y: 6
2024-06-30 19:54:39.968845 [INFO] MOUSEBUTTONDOWN_MASSEVENT x: 19, y: 10 MOUSEX: 559 MOUSEY: 367
2024-06-30 19:54:39.969845 [INFO] DISPLAY_MASSEVENT_SMALL x: 19, y: 10
2024-06-30 19:54:39.971845 [INFO] DISPLAY_MASSEVENT_SMALL x: 2, y: 7
2024-06-30 19:54:40.344867 [INFO] MOUSEBUTTONDOWN_MASSEVENT x: 19, y: 9 MOUSEX: 559 MOUSEY: 335
2024-06-30 19:54:40.345867 [INFO] DISPLAY_MASSEVENT_SMALL x: 19, y: 9
2024-06-30 19:54:40.348867 [INFO] DISPLAY_MASSEVENT_SMALL x: 2, y: 8
2024-06-30 19:54:40.608882 [INFO] MOUSEBUTTONDOWN_MASSEVENT x: 19, y: 8 MOUSEX: 554 MOUSEY: 298
2024-06-30 19:54:40.609882 [INFO] DISPLAY_MASSEVENT_SMALL x: 19, y: 8
2024-06-30 19:54:40.612882 [INFO] DISPLAY_MASSEVENT_SMALL x: 2, y: 9
2024-06-30 19:54:41.048907 [INFO] MOUSEBUTTONDOWN_MASSEVENT x: 19, y: 7 MOUSEX: 553 MOUSEY: 254
2024-06-30 19:54:41.049907 [INFO] DISPLAY_MASSEVENT_SMALL x: 19, y: 7
2024-06-30 19:54:41.052907 [INFO] DISPLAY_MASSEVENT_SMALL x: 2, y: 10
2024-06-30 19:54:41.305922 [INFO] MOUSEBUTTONDOWN_MASSEVENT x: 19, y: 6 MOUSEX: 555 MOUSEY: 225
2024-06-30 19:54:41.306922 [INFO] DISPLAY_MASSEVENT_SMALL x: 19, y: 6
2024-06-30 19:54:41.309922 [INFO] DISPLAY_MASSEVENT_SMALL x: 2, y: 11
2024-06-30 19:54:41.744947 [INFO] MOUSEBUTTONDOWN_MASSEVENT x: 19, y: 5 MOUSEX: 556 MOUSEY: 162
2024-06-30 19:54:41.745947 [INFO] DISPLAY_MASSEVENT_SMALL x: 19, y: 5
2024-06-30 19:54:41.748947 [INFO] DISPLAY_MASSEVENT_SMALL x: 2, y: 12
2024-06-30 19:54:42.040964 [INFO] MOUSEBUTTONDOWN_MASSEVENT x: 19, y: 4 MOUSEX: 554 MOUSEY: 127
2024-06-30 19:54:42.041964 [INFO] DISPLAY_MASSEVENT_SMALL x: 19, y: 4
2024-06-30 19:54:42.044964 [INFO] DISPLAY_MASSEVENT_SMALL x: 2, y: 13
2024-06-30 19:54:42.376983 [INFO] MOUSEBUTTONDOWN_MASSEVENT x: 19, y: 3 MOUSEX: 554 MOUSEY: 109
2024-06-30 19:54:42.377983 [INFO] DISPLAY_MASSEVENT_SMALL x: 19, y: 3
2024-06-30 19:54:42.379983 [INFO] DISPLAY_MASSEVENT_SMALL x: 2, y: 14
2024-06-30 19:54:42.777006 [INFO] MOUSEBUTTONDOWN_MASSEVENT x: 19, y: 2 MOUSEX: 553 MOUSEY: 61
2024-06-30 19:54:42.778006 [INFO] DISPLAY_MASSEVENT_SMALL x: 19, y: 2
2024-06-30 19:54:42.780006 [INFO] DISPLAY_MASSEVENT_SMALL x: 2, y: 15
2024-06-30 19:54:43.201030 [INFO] MOUSEBUTTONDOWN_MASSEVENT x: 19, y: 1 MOUSEX: 548 MOUSEY: 23
2024-06-30 19:54:43.201030 [INFO] DISPLAY_MASSEVENT_SMALL x: 19, y: 1
2024-06-30 19:54:43.204030 [INFO] DISPLAY_MASSEVENT_SMALL x: 3, y: 1
2024-06-30 19:54:43.489046 [INFO] MOUSEBUTTONDOWN_MASSEVENT x: 18, y: 1 MOUSEX: 531 MOUSEY: 24
2024-06-30 19:54:43.489046 [INFO] DISPLAY_MASSEVENT_SMALL x: 18, y: 1
2024-06-30 19:54:43.493047 [INFO] DISPLAY_MASSEVENT_SMALL x: 3, y: 2
2024-06-30 19:54:43.761062 [INFO] MOUSEBUTTONDOWN_MASSEVENT x: 18, y: 2 MOUSEX: 529 MOUSEY: 60
2024-06-30 19:54:43.762062 [INFO] DISPLAY_MASSEVENT_SMALL x: 18, y: 2
2024-06-30 19:54:43.765062 [INFO] DISPLAY_MASSEVENT_SMALL x: 3, y: 3
2024-06-30 19:54:44.001076 [INFO] MOUSEBUTTONDOWN_MASSEVENT x: 18, y: 3 MOUSEX: 528 MOUSEY: 86
2024-06-30 19:54:44.002076 [INFO] DISPLAY_MASSEVENT_SMALL x: 18, y: 3
2024-06-30 19:54:44.004076 [INFO] DISPLAY_MASSEVENT_SMALL x: 3, y: 4
2024-06-30 19:54:44.217095 [INFO] MOUSEBUTTONDOWN_MASSEVENT x: 18, y: 4 MOUSEX: 528 MOUSEY: 126
2024-06-30 19:54:44.218095 [INFO] DISPLAY_MASSEVENT_SMALL x: 18, y: 4
2024-06-30 19:54:44.221095 [INFO] DISPLAY_MASSEVENT_SMALL x: 3, y: 5
2024-06-30 19:54:44.426107 [INFO] MOUSEBUTTONDOWN_MASSEVENT x: 18, y: 5 MOUSEX: 526 MOUSEY: 161
2024-06-30 19:54:44.427107 [INFO] DISPLAY_MASSEVENT_SMALL x: 18, y: 5
2024-06-30 19:54:44.430107 [INFO] DISPLAY_MASSEVENT_SMALL x: 3, y: 6
2024-06-30 19:54:44.617118 [INFO] MOUSEBUTTONDOWN_MASSEVENT x: 18, y: 5 MOUSEX: 524 MOUSEY: 194
2024-06-30 19:54:44.801128 [INFO] MOUSEBUTTONDOWN_MASSEVENT x: 18, y: 6 MOUSEX: 524 MOUSEY: 215
2024-06-30 19:54:44.801128 [INFO] DISPLAY_MASSEVENT_SMALL x: 18, y: 6
2024-06-30 19:54:44.804129 [INFO] DISPLAY_MASSEVENT_SMALL x: 3, y: 7
2024-06-30 19:54:44.985139 [INFO] MOUSEBUTTONDOWN_MASSEVENT x: 18, y: 7 MOUSEX: 524 MOUSEY: 244
2024-06-30 19:54:44.985139 [INFO] DISPLAY_MASSEVENT_SMALL x: 18, y: 7
2024-06-30 19:54:44.988139 [INFO] DISPLAY_MASSEVENT_SMALL x: 3, y: 8
2024-06-30 19:54:45.193151 [INFO] MOUSEBUTTONDOWN_MASSEVENT x: 18, y: 7 MOUSEX: 524 MOUSEY: 278
2024-06-30 19:54:45.409163 [INFO] MOUSEBUTTONDOWN_MASSEVENT x: 18, y: 8 MOUSEX: 525 MOUSEY: 316
2024-06-30 19:54:45.409163 [INFO] DISPLAY_MASSEVENT_SMALL x: 18, y: 8
2024-06-30 19:54:45.413163 [INFO] DISPLAY_MASSEVENT_SMALL x: 3, y: 9
2024-06-30 19:54:45.617175 [INFO] MOUSEBUTTONDOWN_MASSEVENT x: 18, y: 9 MOUSEX: 524 MOUSEY: 343
2024-06-30 19:54:45.618175 [INFO] DISPLAY_MASSEVENT_SMALL x: 18, y: 9
2024-06-30 19:54:45.621175 [INFO] DISPLAY_MASSEVENT_SMALL x: 3, y: 10
2024-06-30 19:54:45.857189 [INFO] MOUSEBUTTONDOWN_MASSEVENT x: 18, y: 10 MOUSEX: 523 MOUSEY: 366
2024-06-30 19:54:46.257212 [INFO] MOUSEBUTTONDOWN_MASSEVENT x: 18, y: 10 MOUSEX: 521 MOUSEY: 396
2024-06-30 19:54:47.561286 [INFO] MOUSEBUTTONDOWN_MASSEVENT x: 18, y: 10 MOUSEX: 517 MOUSEY: 387
2024-06-30 19:54:47.793300 [INFO] MOUSEBUTTONDOWN_MASSEVENT x: 18, y: 10 MOUSEX: 517 MOUSEY: 387
2024-06-30 19:55:08.984516 [INFO] game quit
2024-06-30 19:55:09.034519 [INFO] exiting
2024-06-30 19:57:05.990916 [INFO] starting
2024-06-30 19:57:06.117924 [INFO] GUI init
2024-06-30 19:57:06.124924 [INFO] Index bg
2024-06-30 19:57:06.143925 [INFO] Index start button
2024-06-30 19:57:06.145925 [INFO] Index settings image
2024-06-30 19:57:06.145925 [INFO] Index head text
2024-06-30 19:57:06.145925 [INFO] Index init
2024-06-30 19:57:06.768465 [INFO] MOUSEBUTTONDOWN_EVENT STARTGAME x: 452, y: 329
2024-06-30 19:57:06.769466 [INFO] start game
2024-06-30 19:57:06.773466 [INFO] GUI init
2024-06-30 19:57:06.790468 [INFO] game gui init
2024-06-30 19:57:07.296532 [INFO] MOUSEBUTTONDOWN_MASSEVENT x: 23, y: 5 MOUSEX: 661 MOUSEY: 161 TOO BIG OR SMALL
2024-06-30 19:57:07.297533 [INFO] MOUSEBUTTONDOWN_EVENT MASS-CHOOSE-BIG-EVENT x: 661, y: 161
2024-06-30 19:57:07.298533 [INFO] MASS-CHOOSE-BIG
2024-06-30 19:57:07.299533 [INFO] MASS_CHOOSE_B IS TRUE
2024-06-30 19:57:08.000105 [INFO] MOUSEBUTTONDOWN_MASSEVENT x: 20, y: 1 MOUSEX: 584 MOUSEY: 14
2024-06-30 19:57:08.001105 [INFO] DISPLAY_MASSEVENT_BIG x: 20, y: 1
2024-06-30 19:57:08.004106 [INFO] DISPLAY_MASSEVENT_BIG x: 1, y: 1
2024-06-30 19:57:08.200117 [INFO] MOUSEBUTTONDOWN_MASSEVENT x: 20, y: 1 MOUSEX: 582 MOUSEY: 22
2024-06-30 19:57:08.400128 [INFO] MOUSEBUTTONDOWN_MASSEVENT x: 20, y: 2 MOUSEX: 583 MOUSEY: 55
2024-06-30 19:57:08.401128 [INFO] DISPLAY_MASSEVENT_BIG x: 20, y: 2
2024-06-30 19:57:08.404128 [INFO] DISPLAY_MASSEVENT_BIG x: 1, y: 2
2024-06-30 19:57:08.568138 [INFO] MOUSEBUTTONDOWN_MASSEVENT x: 20, y: 3 MOUSEX: 585 MOUSEY: 81
2024-06-30 19:57:08.568138 [INFO] DISPLAY_MASSEVENT_BIG x: 20, y: 3
2024-06-30 19:57:08.571138 [INFO] DISPLAY_MASSEVENT_BIG x: 1, y: 3
2024-06-30 19:57:08.760149 [INFO] MOUSEBUTTONDOWN_MASSEVENT x: 20, y: 4 MOUSEX: 589 MOUSEY: 122
2024-06-30 19:57:08.760149 [INFO] DISPLAY_MASSEVENT_BIG x: 20, y: 4
2024-06-30 19:57:08.763149 [INFO] DISPLAY_MASSEVENT_BIG x: 1, y: 4
2024-06-30 19:57:08.992162 [INFO] MOUSEBUTTONDOWN_MASSEVENT x: 20, y: 5 MOUSEX: 594 MOUSEY: 178
2024-06-30 19:57:08.992162 [INFO] DISPLAY_MASSEVENT_BIG x: 20, y: 5
2024-06-30 19:57:08.995162 [INFO] DISPLAY_MASSEVENT_BIG x: 1, y: 5
2024-06-30 19:57:09.224175 [INFO] MOUSEBUTTONDOWN_MASSEVENT x: 20, y: 6 MOUSEX: 596 MOUSEY: 227
2024-06-30 19:57:09.224175 [INFO] DISPLAY_MASSEVENT_BIG x: 20, y: 6
2024-06-30 19:57:09.227175 [INFO] DISPLAY_MASSEVENT_BIG x: 1, y: 6
2024-06-30 19:57:09.424187 [INFO] MOUSEBUTTONDOWN_MASSEVENT x: 20, y: 7 MOUSEX: 596 MOUSEY: 264
2024-06-30 19:57:09.425187 [INFO] DISPLAY_MASSEVENT_BIG x: 20, y: 7
2024-06-30 19:57:09.428187 [INFO] DISPLAY_MASSEVENT_BIG x: 1, y: 7
2024-06-30 19:57:09.648200 [INFO] MOUSEBUTTONDOWN_MASSEVENT x: 20, y: 8 MOUSEX: 592 MOUSEY: 301
2024-06-30 19:57:09.648200 [INFO] DISPLAY_MASSEVENT_BIG x: 20, y: 8
2024-06-30 19:57:09.651200 [INFO] DISPLAY_MASSEVENT_BIG x: 1, y: 8
2024-06-30 19:57:09.880213 [INFO] MOUSEBUTTONDOWN_MASSEVENT x: 20, y: 9 MOUSEX: 591 MOUSEY: 336
2024-06-30 19:57:09.880213 [INFO] DISPLAY_MASSEVENT_BIG x: 20, y: 9
2024-06-30 19:57:09.883213 [INFO] DISPLAY_MASSEVENT_BIG x: 1, y: 9
2024-06-30 19:57:10.080224 [INFO] MOUSEBUTTONDOWN_MASSEVENT x: 20, y: 10 MOUSEX: 592 MOUSEY: 387
2024-06-30 19:57:10.080224 [INFO] DISPLAY_MASSEVENT_BIG x: 20, y: 10
2024-06-30 19:57:10.083224 [INFO] DISPLAY_MASSEVENT_BIG x: 1, y: 10
2024-06-30 19:57:10.328238 [INFO] MOUSEBUTTONDOWN_MASSEVENT x: 20, y: 12 MOUSEX: 590 MOUSEY: 448
2024-06-30 19:57:10.328238 [INFO] DISPLAY_MASSEVENT_BIG x: 20, y: 12
2024-06-30 19:57:10.331239 [INFO] DISPLAY_MASSEVENT_BIG x: 1, y: 11
2024-06-30 19:57:10.560252 [INFO] MOUSEBUTTONDOWN_MASSEVENT x: 20, y: 13 MOUSEX: 581 MOUSEY: 487
2024-06-30 19:57:10.561252 [INFO] DISPLAY_MASSEVENT_BIG x: 20, y: 13
2024-06-30 19:57:10.564252 [INFO] DISPLAY_MASSEVENT_BIG x: 1, y: 12
2024-06-30 19:57:10.856269 [INFO] MOUSEBUTTONDOWN_MASSEVENT x: 20, y: 14 MOUSEX: 573 MOUSEY: 534
2024-06-30 19:57:10.856269 [INFO] DISPLAY_MASSEVENT_BIG x: 20, y: 14
2024-06-30 19:57:10.859269 [INFO] DISPLAY_MASSEVENT_BIG x: 1, y: 13
2024-06-30 19:57:11.216289 [INFO] MOUSEBUTTONDOWN_MASSEVENT x: 20, y: 15 MOUSEX: 573 MOUSEY: 569
2024-06-30 19:57:11.216289 [INFO] DISPLAY_MASSEVENT_BIG x: 20, y: 15
2024-06-30 19:57:11.219289 [INFO] DISPLAY_MASSEVENT_BIG x: 1, y: 14
2024-06-30 19:57:11.992334 [INFO] MOUSEBUTTONDOWN_MASSEVENT x: 20, y: 11 MOUSEX: 586 MOUSEY: 416
2024-06-30 19:57:11.993334 [INFO] DISPLAY_MASSEVENT_BIG x: 20, y: 11
2024-06-30 19:57:11.996334 [INFO] DISPLAY_MASSEVENT_BIG x: 1, y: 15
2024-06-30 19:57:12.752377 [INFO] MOUSEBUTTONDOWN_MASSEVENT x: 19, y: 1 MOUSEX: 561 MOUSEY: 29
2024-06-30 19:57:12.752377 [INFO] DISPLAY_MASSEVENT_BIG x: 19, y: 1
2024-06-30 19:57:12.755377 [INFO] DISPLAY_MASSEVENT_BIG x: 2, y: 1
2024-06-30 19:57:12.952389 [INFO] MOUSEBUTTONDOWN_MASSEVENT x: 19, y: 1 MOUSEX: 561 MOUSEY: 31
2024-06-30 19:57:13.112398 [INFO] MOUSEBUTTONDOWN_MASSEVENT x: 19, y: 2 MOUSEX: 558 MOUSEY: 58
2024-06-30 19:57:13.113398 [INFO] DISPLAY_MASSEVENT_BIG x: 19, y: 2
2024-06-30 19:57:13.117398 [INFO] DISPLAY_MASSEVENT_BIG x: 2, y: 2
2024-06-30 19:57:13.288408 [INFO] MOUSEBUTTONDOWN_MASSEVENT x: 19, y: 3 MOUSEX: 555 MOUSEY: 92
2024-06-30 19:57:13.288408 [INFO] DISPLAY_MASSEVENT_BIG x: 19, y: 3
2024-06-30 19:57:13.291408 [INFO] DISPLAY_MASSEVENT_BIG x: 2, y: 3
2024-06-30 19:57:13.471418 [INFO] MOUSEBUTTONDOWN_MASSEVENT x: 19, y: 4 MOUSEX: 556 MOUSEY: 140
2024-06-30 19:57:13.472418 [INFO] DISPLAY_MASSEVENT_BIG x: 19, y: 4
2024-06-30 19:57:13.475418 [INFO] DISPLAY_MASSEVENT_BIG x: 2, y: 4
2024-06-30 19:57:13.696431 [INFO] MOUSEBUTTONDOWN_MASSEVENT x: 19, y: 6 MOUSEX: 559 MOUSEY: 200
2024-06-30 19:57:13.696431 [INFO] DISPLAY_MASSEVENT_BIG x: 19, y: 6
2024-06-30 19:57:13.700431 [INFO] DISPLAY_MASSEVENT_BIG x: 2, y: 5
2024-06-30 19:57:13.912443 [INFO] MOUSEBUTTONDOWN_MASSEVENT x: 19, y: 6 MOUSEX: 559 MOUSEY: 231
2024-06-30 19:57:14.144457 [INFO] MOUSEBUTTONDOWN_MASSEVENT x: 19, y: 7 MOUSEX: 560 MOUSEY: 255
2024-06-30 19:57:15.751549 [INFO] MOUSEBUTTONDOWN_MASSEVENT x: 26, y: 3 MOUSEX: 765 MOUSEY: 102 TOO BIG OR SMALL
2024-06-30 19:57:15.752549 [INFO] MOUSEBUTTONDOWN_EVENT CANCE-EVENT x: 765, y: 102
2024-06-30 19:57:15.752549 [INFO] MASS_CHOOSE_B IS FALSE
2024-06-30 19:57:15.927559 [INFO] MOUSEBUTTONDOWN_MASSEVENT x: 26, y: 3 MOUSEX: 765 MOUSEY: 102 TOO BIG OR SMALL
2024-06-30 19:57:15.928559 [INFO] MOUSEBUTTONDOWN_EVENT CANCE-EVENT x: 765, y: 102
2024-06-30 19:57:15.928559 [INFO] CANCE-CHOOSE IS TRUE
2024-06-30 19:57:16.656600 [INFO] MOUSEBUTTONDOWN_MASSEVENT x: 19, y: 6 MOUSEX: 551 MOUSEY: 209
2024-06-30 19:57:16.656600 [INFO] DISPLAY_CANCE-EVENT x: 19, y: 6
2024-06-30 19:57:16.659601 [INFO] DISPLAY_MASSEVENT_SMALL x: 2, y: 6
2024-06-30 19:57:17.143628 [INFO] MOUSEBUTTONDOWN_MASSEVENT x: 24, y: 5 MOUSEX: 699 MOUSEY: 164 TOO BIG OR SMALL
2024-06-30 19:57:17.143628 [INFO] MOUSEBUTTONDOWN_EVENT MASS-CHOOSE-BIG-EVENT x: 699, y: 164
2024-06-30 19:57:17.144628 [INFO] MASS-CHOOSE-BIG
2024-06-30 19:57:17.144628 [INFO] MASS_CHOOSE_B IS TRUE
2024-06-30 19:57:17.144628 [INFO] CANCE-CHOOSE IS FALSE
2024-06-30 19:57:17.823667 [INFO] MOUSEBUTTONDOWN_MASSEVENT x: 19, y: 5 MOUSEX: 558 MOUSEY: 177
2024-06-30 19:57:17.824667 [INFO] DISPLAY_MASSEVENT_BIG x: 19, y: 5
2024-06-30 19:57:17.827667 [INFO] DISPLAY_MASSEVENT_SMALL x: 2, y: 7
2024-06-30 19:57:18.471704 [INFO] MOUSEBUTTONDOWN_MASSEVENT x: 19, y: 6 MOUSEX: 560 MOUSEY: 221
2024-06-30 19:57:18.839725 [INFO] MOUSEBUTTONDOWN_MASSEVENT x: 19, y: 7 MOUSEX: 560 MOUSEY: 264
2024-06-30 19:57:19.775779 [INFO] MOUSEBUTTONDOWN_MASSEVENT x: 24, y: 2 MOUSEX: 701 MOUSEY: 44 TOO BIG OR SMALL
2024-06-30 19:57:19.775779 [INFO] MOUSEBUTTONDOWN_EVENT MASS-CHOOSE-EVENT x: 701, y: 44
2024-06-30 19:57:19.776779 [INFO] MASS-CHOOSE-SMALL
2024-06-30 19:57:19.776779 [INFO] MASS_CHOOSE_S IS TRUE
2024-06-30 19:57:19.776779 [INFO] MASS_CHOOSE_B IS FALSE
2024-06-30 19:57:20.600826 [INFO] MOUSEBUTTONDOWN_MASSEVENT x: 20, y: 6 MOUSEX: 573 MOUSEY: 221
2024-06-30 19:57:21.207861 [INFO] MOUSEBUTTONDOWN_MASSEVENT x: 19, y: 6 MOUSEX: 560 MOUSEY: 222
2024-06-30 19:57:21.207861 [INFO] DISPLAY_MASSEVENT_SMALL x: 19, y: 6
2024-06-30 19:57:21.211861 [INFO] DISPLAY_MASSEVENT_SMALL x: 2, y: 8
2024-06-30 19:57:21.863898 [INFO] MOUSEBUTTONDOWN_MASSEVENT x: 19, y: 7 MOUSEX: 559 MOUSEY: 250
2024-06-30 19:57:21.864898 [INFO] DISPLAY_MASSEVENT_SMALL x: 19, y: 7
2024-06-30 19:57:21.867898 [INFO] DISPLAY_MASSEVENT_SMALL x: 2, y: 9
2024-06-30 19:57:22.311924 [INFO] MOUSEBUTTONDOWN_MASSEVENT x: 19, y: 8 MOUSEX: 557 MOUSEY: 285
2024-06-30 19:57:22.311924 [INFO] DISPLAY_MASSEVENT_SMALL x: 19, y: 8
2024-06-30 19:57:22.314924 [INFO] DISPLAY_MASSEVENT_SMALL x: 2, y: 10
2024-06-30 19:57:22.519936 [INFO] MOUSEBUTTONDOWN_MASSEVENT x: 19, y: 8 MOUSEX: 557 MOUSEY: 289
2024-06-30 19:57:22.751949 [INFO] MOUSEBUTTONDOWN_MASSEVENT x: 19, y: 8 MOUSEX: 555 MOUSEY: 312
2024-06-30 19:57:23.127971 [INFO] MOUSEBUTTONDOWN_MASSEVENT x: 19, y: 9 MOUSEX: 551 MOUSEY: 339
2024-06-30 19:57:23.128971 [INFO] DISPLAY_MASSEVENT_SMALL x: 19, y: 9
2024-06-30 19:57:23.130971 [INFO] DISPLAY_MASSEVENT_SMALL x: 2, y: 11
2024-06-30 19:57:23.599998 [INFO] MOUSEBUTTONDOWN_MASSEVENT x: 19, y: 10 MOUSEX: 553 MOUSEY: 388
2024-06-30 19:57:23.600998 [INFO] DISPLAY_MASSEVENT_SMALL x: 19, y: 10
2024-06-30 19:57:23.603998 [INFO] DISPLAY_MASSEVENT_SMALL x: 2, y: 12
2024-06-30 19:57:24.096026 [INFO] MOUSEBUTTONDOWN_MASSEVENT x: 19, y: 11 MOUSEX: 553 MOUSEY: 408
2024-06-30 19:57:24.096026 [INFO] DISPLAY_MASSEVENT_SMALL x: 19, y: 11
2024-06-30 19:57:24.099026 [INFO] DISPLAY_MASSEVENT_SMALL x: 2, y: 13
2024-06-30 19:57:24.576053 [INFO] MOUSEBUTTONDOWN_MASSEVENT x: 19, y: 12 MOUSEX: 553 MOUSEY: 445
2024-06-30 19:57:24.576053 [INFO] DISPLAY_MASSEVENT_SMALL x: 19, y: 12
2024-06-30 19:57:24.579054 [INFO] DISPLAY_MASSEVENT_SMALL x: 2, y: 14
2024-06-30 19:57:26.000135 [INFO] MOUSEBUTTONDOWN_MASSEVENT x: 19, y: 13 MOUSEX: 558 MOUSEY: 485
2024-06-30 19:57:26.001135 [INFO] DISPLAY_MASSEVENT_SMALL x: 19, y: 13
2024-06-30 19:57:26.004135 [INFO] DISPLAY_MASSEVENT_SMALL x: 2, y: 15
2024-06-30 19:57:26.264150 [INFO] MOUSEBUTTONDOWN_MASSEVENT x: 19, y: 13 MOUSEX: 558 MOUSEY: 517
2024-06-30 19:57:26.472162 [INFO] MOUSEBUTTONDOWN_MASSEVENT x: 19, y: 14 MOUSEX: 555 MOUSEY: 523
2024-06-30 19:57:26.472162 [INFO] DISPLAY_MASSEVENT_SMALL x: 19, y: 14
2024-06-30 19:57:26.475162 [INFO] DISPLAY_MASSEVENT_SMALL x: 3, y: 1
2024-06-30 19:57:26.696175 [INFO] MOUSEBUTTONDOWN_MASSEVENT x: 19, y: 15 MOUSEX: 555 MOUSEY: 568
2024-06-30 19:57:26.697175 [INFO] DISPLAY_MASSEVENT_SMALL x: 19, y: 15
2024-06-30 19:57:26.701175 [INFO] DISPLAY_MASSEVENT_SMALL x: 3, y: 2
2024-06-30 19:57:27.047195 [INFO] MOUSEBUTTONDOWN_MASSEVENT x: 19, y: 15 MOUSEX: 552 MOUSEY: 573
2024-06-30 19:57:27.288209 [INFO] MOUSEBUTTONDOWN_MASSEVENT x: 18, y: 15 MOUSEX: 527 MOUSEY: 574
2024-06-30 19:57:27.288209 [INFO] DISPLAY_MASSEVENT_SMALL x: 18, y: 15
2024-06-30 19:57:27.291209 [INFO] DISPLAY_MASSEVENT_SMALL x: 3, y: 3
2024-06-30 19:57:27.456218 [INFO] MOUSEBUTTONDOWN_MASSEVENT x: 18, y: 15 MOUSEX: 527 MOUSEY: 574
2024-06-30 19:57:27.920245 [INFO] MOUSEBUTTONDOWN_MASSEVENT x: 18, y: 14 MOUSEX: 525 MOUSEY: 540
2024-06-30 19:57:27.920245 [INFO] DISPLAY_MASSEVENT_SMALL x: 18, y: 14
2024-06-30 19:57:27.923245 [INFO] DISPLAY_MASSEVENT_SMALL x: 3, y: 4
2024-06-30 19:57:28.328268 [INFO] MOUSEBUTTONDOWN_MASSEVENT x: 18, y: 13 MOUSEX: 522 MOUSEY: 519
2024-06-30 19:57:28.328268 [INFO] DISPLAY_MASSEVENT_SMALL x: 18, y: 13
2024-06-30 19:57:28.331268 [INFO] DISPLAY_MASSEVENT_SMALL x: 3, y: 5
2024-06-30 19:57:28.592283 [INFO] MOUSEBUTTONDOWN_MASSEVENT x: 18, y: 13 MOUSEX: 522 MOUSEY: 499
2024-06-30 19:57:28.864299 [INFO] MOUSEBUTTONDOWN_MASSEVENT x: 18, y: 13 MOUSEX: 527 MOUSEY: 480
2024-06-30 19:57:29.087311 [INFO] MOUSEBUTTONDOWN_MASSEVENT x: 18, y: 12 MOUSEX: 522 MOUSEY: 463
2024-06-30 19:57:29.088311 [INFO] DISPLAY_MASSEVENT_SMALL x: 18, y: 12
2024-06-30 19:57:29.091312 [INFO] DISPLAY_MASSEVENT_SMALL x: 3, y: 6
2024-06-30 19:57:29.271322 [INFO] MOUSEBUTTONDOWN_MASSEVENT x: 18, y: 12 MOUSEX: 519 MOUSEY: 449
2024-06-30 19:57:29.527337 [INFO] MOUSEBUTTONDOWN_MASSEVENT x: 18, y: 11 MOUSEX: 518 MOUSEY: 427
2024-06-30 19:57:29.528337 [INFO] DISPLAY_MASSEVENT_SMALL x: 18, y: 11
2024-06-30 19:57:29.531337 [INFO] DISPLAY_MASSEVENT_SMALL x: 3, y: 7
2024-06-30 19:57:29.759350 [INFO] MOUSEBUTTONDOWN_MASSEVENT x: 18, y: 11 MOUSEX: 518 MOUSEY: 402
2024-06-30 19:57:30.087369 [INFO] MOUSEBUTTONDOWN_MASSEVENT x: 18, y: 9 MOUSEX: 510 MOUSEY: 355
2024-06-30 19:57:30.088369 [INFO] DISPLAY_MASSEVENT_SMALL x: 18, y: 9
2024-06-30 19:57:30.091369 [INFO] DISPLAY_MASSEVENT_SMALL x: 3, y: 8
2024-06-30 19:57:30.320382 [INFO] MOUSEBUTTONDOWN_MASSEVENT x: 17, y: 9 MOUSEX: 508 MOUSEY: 341
2024-06-30 19:57:30.320382 [INFO] DISPLAY_MASSEVENT_SMALL x: 17, y: 9
2024-06-30 19:57:30.323382 [INFO] DISPLAY_MASSEVENT_SMALL x: 3, y: 9
2024-06-30 19:57:30.808410 [INFO] MOUSEBUTTONDOWN_MASSEVENT x: 18, y: 10 MOUSEX: 530 MOUSEY: 360
2024-06-30 19:57:30.808410 [INFO] DISPLAY_MASSEVENT_SMALL x: 18, y: 10
2024-06-30 19:57:30.811410 [INFO] DISPLAY_MASSEVENT_SMALL x: 3, y: 10
2024-06-30 19:57:31.151429 [INFO] MOUSEBUTTONDOWN_MASSEVENT x: 17, y: 8 MOUSEX: 506 MOUSEY: 306
2024-06-30 19:57:31.152430 [INFO] DISPLAY_MASSEVENT_SMALL x: 17, y: 8
2024-06-30 19:57:31.155430 [INFO] DISPLAY_MASSEVENT_SMALL x: 3, y: 11
2024-06-30 19:57:31.752464 [INFO] MOUSEBUTTONDOWN_MASSEVENT x: 18, y: 8 MOUSEX: 516 MOUSEY: 289
2024-06-30 19:57:31.752464 [INFO] DISPLAY_MASSEVENT_SMALL x: 18, y: 8
2024-06-30 19:57:32.063482 [INFO] MOUSEBUTTONDOWN_MASSEVENT x: 18, y: 7 MOUSEX: 519 MOUSEY: 265
2024-06-30 19:57:32.263493 [INFO] MOUSEBUTTONDOWN_MASSEVENT x: 18, y: 7 MOUSEX: 518 MOUSEY: 254
2024-06-30 19:57:32.487506 [INFO] MOUSEBUTTONDOWN_MASSEVENT x: 18, y: 6 MOUSEX: 510 MOUSEY: 203
2024-06-30 19:57:32.983534 [INFO] MOUSEBUTTONDOWN_MASSEVENT x: 19, y: 7 MOUSEX: 544 MOUSEY: 263
2024-06-30 19:57:33.335554 [INFO] MOUSEBUTTONDOWN_MASSEVENT x: 18, y: 7 MOUSEX: 539 MOUSEY: 263
2024-06-30 19:57:33.647572 [INFO] MOUSEBUTTONDOWN_MASSEVENT x: 18, y: 7 MOUSEX: 539 MOUSEY: 263
2024-06-30 19:57:33.919588 [INFO] MOUSEBUTTONDOWN_MASSEVENT x: 18, y: 7 MOUSEX: 539 MOUSEY: 262
2024-06-30 19:57:34.079597 [INFO] MOUSEBUTTONDOWN_MASSEVENT x: 18, y: 7 MOUSEX: 515 MOUSEY: 258
2024-06-30 19:57:34.975648 [INFO] MOUSEBUTTONDOWN_MASSEVENT x: 26, y: 3 MOUSEX: 767 MOUSEY: 87 TOO BIG OR SMALL
2024-06-30 19:57:34.976648 [INFO] MOUSEBUTTONDOWN_EVENT CANCE-EVENT x: 767, y: 87
2024-06-30 19:57:34.976648 [INFO] MASS_CHOOSE_S IS FALSE
2024-06-30 19:57:35.111656 [INFO] MOUSEBUTTONDOWN_MASSEVENT x: 26, y: 3 MOUSEX: 767 MOUSEY: 87 TOO BIG OR SMALL
2024-06-30 19:57:35.112656 [INFO] MOUSEBUTTONDOWN_EVENT CANCE-EVENT x: 767, y: 87
2024-06-30 19:57:35.112656 [INFO] CANCE-CHOOSE IS TRUE
2024-06-30 19:57:36.719748 [INFO] MOUSEBUTTONDOWN_MASSEVENT x: 17, y: 8 MOUSEX: 492 MOUSEY: 294
2024-06-30 19:57:36.720748 [INFO] DISPLAY_CANCE-EVENT x: 17, y: 8
2024-06-30 19:57:36.723748 [INFO] DISPLAY_MASSEVENT_SMALL x: 3, y: 13
2024-06-30 19:57:37.087769 [INFO] MOUSEBUTTONDOWN_MASSEVENT x: 17, y: 9 MOUSEX: 486 MOUSEY: 352
2024-06-30 19:57:37.088769 [INFO] DISPLAY_CANCE-EVENT x: 17, y: 9
2024-06-30 19:57:37.090769 [INFO] DISPLAY_MASSEVENT_SMALL x: 3, y: 14
2024-06-30 19:57:38.631857 [INFO] MOUSEBUTTONDOWN_MASSEVENT x: 24, y: 5 MOUSEX: 708 MOUSEY: 193 TOO BIG OR SMALL
2024-06-30 19:57:38.631857 [INFO] MOUSEBUTTONDOWN_EVENT MASS-CHOOSE-BIG-EVENT x: 708, y: 193
2024-06-30 19:57:38.631857 [INFO] MASS-CHOOSE-BIG
2024-06-30 19:57:38.632857 [INFO] MASS_CHOOSE_B IS TRUE
2024-06-30 19:57:38.632857 [INFO] CANCE-CHOOSE IS FALSE
2024-06-30 19:57:39.455904 [INFO] MOUSEBUTTONDOWN_MASSEVENT x: 18, y: 7 MOUSEX: 515 MOUSEY: 264
2024-06-30 19:57:39.839926 [INFO] MOUSEBUTTONDOWN_MASSEVENT x: 18, y: 6 MOUSEX: 522 MOUSEY: 232
2024-06-30 19:57:44.288181 [INFO] MOUSEBUTTONDOWN_MASSEVENT x: 26, y: 3 MOUSEX: 778 MOUSEY: 96 TOO BIG OR SMALL
2024-06-30 19:57:44.288181 [INFO] MOUSEBUTTONDOWN_EVENT CANCE-EVENT x: 778, y: 96
2024-06-30 19:57:44.288181 [INFO] MASS_CHOOSE_B IS FALSE
2024-06-30 19:57:44.456190 [INFO] MOUSEBUTTONDOWN_MASSEVENT x: 26, y: 3 MOUSEX: 778 MOUSEY: 96 TOO BIG OR SMALL
2024-06-30 19:57:44.456190 [INFO] MOUSEBUTTONDOWN_EVENT CANCE-EVENT x: 778, y: 96
2024-06-30 19:57:44.457191 [INFO] CANCE-CHOOSE IS TRUE
2024-06-30 19:57:45.680260 [INFO] MOUSEBUTTONDOWN_MASSEVENT x: 18, y: 8 MOUSEX: 527 MOUSEY: 298
2024-06-30 19:57:45.680260 [INFO] DISPLAY_CANCE-EVENT x: 18, y: 8
2024-06-30 19:57:45.683261 [INFO] DISPLAY_MASSEVENT_SMALL x: 3, y: 15
2024-06-30 19:57:46.743321 [INFO] MOUSEBUTTONDOWN_MASSEVENT x: 18, y: 9 MOUSEX: 530 MOUSEY: 323
2024-06-30 19:57:46.744321 [INFO] DISPLAY_CANCE-EVENT x: 18, y: 9
2024-06-30 19:57:46.747322 [INFO] DISPLAY_MASSEVENT_SMALL x: 4, y: 1
2024-06-30 19:57:46.975335 [INFO] MOUSEBUTTONDOWN_MASSEVENT x: 18, y: 9 MOUSEX: 527 MOUSEY: 345
2024-06-30 19:57:47.191347 [INFO] MOUSEBUTTONDOWN_MASSEVENT x: 18, y: 10 MOUSEX: 526 MOUSEY: 371
2024-06-30 19:57:47.192347 [INFO] DISPLAY_CANCE-EVENT x: 18, y: 10
2024-06-30 19:57:47.195347 [INFO] DISPLAY_MASSEVENT_SMALL x: 4, y: 2
2024-06-30 19:57:47.391358 [INFO] MOUSEBUTTONDOWN_MASSEVENT x: 18, y: 10 MOUSEX: 526 MOUSEY: 388
2024-06-30 19:57:47.639373 [INFO] MOUSEBUTTONDOWN_MASSEVENT x: 18, y: 11 MOUSEX: 528 MOUSEY: 427
2024-06-30 19:57:47.640373 [INFO] DISPLAY_CANCE-EVENT x: 18, y: 11
2024-06-30 19:57:47.643373 [INFO] DISPLAY_MASSEVENT_SMALL x: 4, y: 3
2024-06-30 19:57:47.896387 [INFO] MOUSEBUTTONDOWN_MASSEVENT x: 18, y: 12 MOUSEX: 528 MOUSEY: 443
2024-06-30 19:57:47.896387 [INFO] DISPLAY_CANCE-EVENT x: 18, y: 12
2024-06-30 19:57:47.899387 [INFO] DISPLAY_MASSEVENT_SMALL x: 4, y: 4
2024-06-30 19:57:48.136401 [INFO] MOUSEBUTTONDOWN_MASSEVENT x: 18, y: 12 MOUSEX: 526 MOUSEY: 477
2024-06-30 19:57:48.320411 [INFO] MOUSEBUTTONDOWN_MASSEVENT x: 18, y: 13 MOUSEX: 522 MOUSEY: 502
2024-06-30 19:57:48.320411 [INFO] DISPLAY_CANCE-EVENT x: 18, y: 13
2024-06-30 19:57:48.323412 [INFO] DISPLAY_MASSEVENT_SMALL x: 4, y: 5
2024-06-30 19:57:48.559425 [INFO] MOUSEBUTTONDOWN_MASSEVENT x: 18, y: 14 MOUSEX: 518 MOUSEY: 532
2024-06-30 19:57:48.560425 [INFO] DISPLAY_CANCE-EVENT x: 18, y: 14
2024-06-30 19:57:48.563425 [INFO] DISPLAY_MASSEVENT_SMALL x: 4, y: 6
2024-06-30 19:57:50.623543 [INFO] game quit
2024-06-30 19:57:50.678546 [INFO] exiting
